1513942774|Freitag 22 Dezember 2017 12:39:34|DDX|0,015629|1,887179|0,285226|0,091281|11,091304|1,666110|0,469160|81,392738
1513942774|Freitag 22 Dezember 2017 12:39:34|DDX|0,007814|1,887179|0,293040|0,045640|11,091304|1,711771|0,234439|81,170541
1513942774|Freitag 22 Dezember 2017 12:39:34|DDX|0,011722|1,887179|0,300855|0,068461|11,091304|1,757432|0,351432|80,935354
1513942774|Freitag 22 Dezember 2017 12:39:34|DDX|0,003907|1,894994|0,304762|0,022820|11,137817|1,780263|0,116637|80,862916
1513942774|Freitag 22 Dezember 2017 12:39:34|DDX|0,003907|1,887179|0,289133|0,022820|11,091304|1,688940|0,117256|81,288714
1513942774|Freitag 22 Dezember 2017 12:39:34|DDX|0,039072|1,887179|0,261783|0,228203|11,091304|1,529136|1,174832|82,016178
1513942774|Freitag 22 Dezember 2017 12:39:34|DDX|0,003907|1,891087|0,359463|0,022820|11,114560|2,099930|0,116297|79,236842
1513942774|Freitag 22 Dezember 2017 12:39:34|DDX|0,023443|1,887179|0,285226|0,136921|11,091304|1,666110|0,703721|81,376891
1513942774|Freitag 22 Dezember 2017 12:39:34|DDX|0,007814|1,894994|0,289133|0,045640|11,137817|1,688940|0,233567|81,321750
1513942775|Freitag 22 Dezember 2017 12:39:35|DDX|0,011722|1,893040|0,289133|0,068461|11,126188|1,688940|0,350701|81,309029
1513942775|Freitag 22 Dezember 2017 12:39:35|DDX|0,021490|1,906716|0,271551|0,125511|11,207600|1,586207|0,639274|81,869552
1513942775|Freitag 22 Dezember 2017 12:39:35|DDX|0,003907|1,889133|0,345788|0,022820|11,102932|2,020007|0,116565|79,626737
1513942775|Freitag 22 Dezember 2017 12:39:35|DDX|0,007814|1,904762|0,302808|0,045640|11,195969|1,768848|0,232143|80,964073
1513942775|Freitag 22 Dezember 2017 12:39:35|DDX|-0,015629|1,898901|0,271551|-0,091281|11,161076|1,586207|-0,466811|81,848358
1513942775|Freitag 22 Dezember 2017 12:39:35|DDX|0,035165|1,902808|0,332112|0,205382|11,184338|1,940089|1,042970|80,045202
1513942775|Freitag 22 Dezember 2017 12:39:35|DDX|0,019536|1,879365|0,285226|0,114101|11,044799|1,666110|0,588827|81,350325
1513942775|Freitag 22 Dezember 2017 12:39:35|DDX|0,015629|1,879365|0,300855|0,091281|11,044799|1,757432|0,470471|80,893019
1513942775|Freitag 22 Dezember 2017 12:39:35|DDX|0,003907|1,887179|0,316484|0,022820|11,091304|1,848758|0,116991|80,479266
1513942775|Freitag 22 Dezember 2017 12:39:35|DDX|0,003907|1,887179|0,293040|0,022820|11,091304|1,711771|0,117220|81,172857
1513942775|Freitag 22 Dezember 2017 12:39:35|DDX|0,003907|1,898901|0,296947|0,022820|11,161076|1,734601|0,116477|81,111391
1513942775|Freitag 22 Dezember 2017 12:39:35|DDX|0,007814|1,891087|0,293040|0,045640|11,114560|1,711771|0,233966|81,188497
1513942775|Freitag 22 Dezember 2017 12:39:35|DDX|0,011722|1,887179|0,300855|0,068461|11,091304|1,757432|0,351432|80,935354
1513942775|Freitag 22 Dezember 2017 12:39:35|DDX|0,023443|1,898901|0,218803|0,136921|11,161076|1,278038|0,702671|83,389717
1513942775|Freitag 22 Dezember 2017 12:39:35|DDX|0,023443|1,898901|0,347741|0,136921|11,161076|2,031425|0,695750|79,599507
1513942775|Freitag 22 Dezember 2017 12:39:35|DDX|0,019536|1,891087|0,210989|0,114101|11,114560|1,232387|0,588228|83,606817
1513942775|Freitag 22 Dezember 2017 12:39:35|DDX|-0,003907|1,887179|0,304762|-0,022820|11,091304|1,780263|-0,117107|80,825724
1513942775|Freitag 22 Dezember 2017 12:39:35|DDX|0,015629|1,883272|0,289133|0,091281|11,068051|1,688940|0,469967|81,259158
1513942775|Freitag 22 Dezember 2017 12:39:35|DDX|0,033211|1,863736|0,326252|0,193972|10,951810|1,905839|1,005598|80,020557
1513942775|Freitag 22 Dezember 2017 12:39:35|DDX|-0,015629|1,891087|0,332112|-0,091281|11,114560|1,940089|-0,466371|80,028498
1513942776|Freitag 22 Dezember 2017 12:39:36|DDX|0,023443|1,875458|0,283272|0,136921|11,021549|1,654695|0,708129|81,381951
1513942776|Freitag 22 Dezember 2017 12:39:36|DDX|0,035165|1,891087|0,298901|0,205382|11,114560|1,746017|1,052235|80,957332
1513942776|Freitag 22 Dezember 2017 12:39:36|DDX|0,019536|1,875458|0,347741|0,114101|11,021549|2,031425|0,586808|79,479506
1513942776|Freitag 22 Dezember 2017 12:39:36|DDX|-0,007814|1,875458|0,332112|-0,045640|11,021549|1,940089|-0,235074|79,955254
1513942776|Freitag 22 Dezember 2017 12:39:36|DDX|0,011722|1,891087|0,296947|0,068461|11,114560|1,734601|0,350836|81,069174
1513942776|Freitag 22 Dezember 2017 12:39:36|DDX|0,007814|1,879365|0,300855|0,045640|11,044799|1,757432|0,235240|80,902061
1513942776|Freitag 22 Dezember 2017 12:39:36|DDX|0,011722|1,891087|0,289133|0,068461|11,114560|1,688940|0,351055|81,300188
1513942776|Freitag 22 Dezember 2017 12:39:36|DDX|0,003907|1,891087|0,304762|0,022820|11,114560|1,780263|0,116872|80,844357
1513942776|Freitag 22 Dezember 2017 12:39:36|DDX|0,000000|1,887179|0,304762|0,000000|11,091304|1,780263|0,000000|80,826465
1513942776|Freitag 22 Dezember 2017 12:39:36|DDX|0,000000|1,883272|0,296947|0,000000|11,068051|1,734601|0,000000|81,039582
1513942776|Freitag 22 Dezember 2017 12:39:36|DDX|-0,011722|1,891087|0,308669|-0,068461|11,114560|1,803094|-0,350496|80,723186
1513942776|Freitag 22 Dezember 2017 12:39:36|DDX|0,019536|1,891087|0,250061|0,114101|11,114560|1,460652|0,586770|82,444711
1513942776|Freitag 22 Dezember 2017 12:39:36|DDX|0,003907|1,891087|0,378999|0,022820|11,114560|2,214112|0,116071|78,666717
1513942776|Freitag 22 Dezember 2017 12:39:36|DDX|0,025397|1,894994|0,230525|0,148332|11,137817|1,346517|0,762217|83,022526
1513942776|Freitag 22 Dezember 2017 12:39:36|DDX|0,054701|1,885226|0,285226|0,319485|11,079677|1,666110|1,643311|81,242287
1513942776|Freitag 22 Dezember 2017 12:39:36|DDX|0,025397|1,871551|0,334066|0,148332|10,998301|1,951506|0,765357|79,850871
1513942776|Freitag 22 Dezember 2017 12:39:36|DDX|0,025397|1,893040|0,261783|0,148332|11,126188|1,529136|0,761383|82,090181
1513942776|Freitag 22 Dezember 2017 12:39:36|DDX|0,027350|1,894994|0,304762|0,159742|11,137817|1,780263|0,816403|80,827559
1513942776|Freitag 22 Dezember 2017 12:39:36|DDX|0,023443|1,887179|0,302808|0,136921|11,091304|1,768848|0,702724|80,857461
1513942777|Freitag 22 Dezember 2017 12:39:37|DDX|0,007814|1,898901|0,324298|0,045640|11,161076|1,894423|0,232419|80,305660
1513942777|Freitag 22 Dezember 2017 12:39:37|DDX|0,019536|1,898901|0,320391|0,114101|11,161076|1,871590|0,581227|80,405553
1513942777|Freitag 22 Dezember 2017 12:39:37|DDX|0,000000|1,879365|0,261783|0,000000|11,044799|1,529136|0,000000|82,070115
1513942777|Freitag 22 Dezember 2017 12:39:37|DDX|0,003907|1,891087|0,300855|0,022820|11,114560|1,757432|0,116909|80,959768
1513942777|Freitag 22 Dezember 2017 12:39:37|DDX|0,000000|1,891087|0,296947|0,000000|11,114560|1,734601|0,000000|81,076012
1513942777|Freitag 22 Dezember 2017 12:39:37|DDX|0,007814|1,887179|0,300855|0,045640|11,091304|1,757432|0,234290|80,939108
1513942777|Freitag 22 Dezember 2017 12:39:37|DDX|0,000000|1,879365|0,293040|0,000000|11,044799|1,711771|0,000000|81,137510
1513942777|Freitag 22 Dezember 2017 12:39:37|DDX|0,003907|1,887179|0,293040|0,022820|11,091304|1,711771|0,117220|81,172857
1513942777|Freitag 22 Dezember 2017 12:39:37|DDX|0,007814|1,902808|0,300855|0,045640|11,184338|1,757432|0,232413|81,012310
1513942777|Freitag 22 Dezember 2017 12:39:37|DDX|0,003907|1,883272|0,293040|0,022820|11,068051|1,711771|0,117457|81,154833
1513942777|Freitag 22 Dezember 2017 12:39:37|DDX|0,019536|1,883272|0,269597|0,114101|11,068051|1,574793|0,588336|81,832183
1513942777|Freitag 22 Dezember 2017 12:39:37|DDX|0,023443|1,879365|0,300855|0,136921|11,044799|1,757432|0,705687|80,877971
1513942777|Freitag 22 Dezember 2017 12:39:37|DDX|0,007814|1,887179|0,363370|0,045640|11,091304|2,122765|0,232969|79,098815
1513942777|Freitag 22 Dezember 2017 12:39:37|DDX|0,011722|1,877411|0,316484|0,068461|11,033174|1,848758|0,352745|80,424921
1513942777|Freitag 22 Dezember 2017 12:39:37|DDX|0,017582|1,894994|0,267643|0,102691|11,137817|1,563379|0,526371|81,943782
1513942777|Freitag 22 Dezember 2017 12:39:37|DDX|0,031258|1,885226|0,304762|0,182562|11,079677|1,780263|0,937723|80,769775
1513942777|Freitag 22 Dezember 2017 12:39:37|DDX|0,000000|1,877411|0,298901|0,000000|11,033174|1,746017|0,000000|80,953910
1513942777|Freitag 22 Dezember 2017 12:39:37|DDX|-0,003907|1,879365|0,324298|-0,022820|11,044799|1,894423|-0,117383|80,208919
1513942777|Freitag 22 Dezember 2017 12:39:37|DDX|0,027350|1,883272|0,293040|0,159742|11,068051|1,711771|0,822146|81,117779
1513942777|Freitag 22 Dezember 2017 12:39:37|DDX|0,015629|1,910623|0,304762|0,091281|11,230865|1,780263|0,462816|80,925433
1513942778|Freitag 22 Dezember 2017 12:39:38|DDX|0,007814|1,894994|0,293040|0,045640|11,137817|1,711771|0,233495|81,206381
1513942778|Freitag 22 Dezember 2017 12:39:38|DDX|0,007814|1,883272|0,277411|0,045640|11,068051|1,620451|0,235202|81,617149
1513942778|Freitag 22 Dezember 2017 12:39:38|DDX|0,003907|1,883272|0,304762|0,022820|11,068051|1,780263|0,117344|80,807014
1513942778|Freitag 22 Dezember 2017 12:39:38|DDX|0,007814|1,875458|0,296947|0,045640|11,021549|1,734601|0,235794|80,999793
1513942778|Freitag 22 Dezember 2017 12:39:38|DDX|0,011722|1,891087|0,304762|0,068461|11,114560|1,780263|0,350611|80,838443
1513942778|Freitag 22 Dezember 2017 12:39:38|DDX|0,015629|1,879365|0,300855|0,091281|11,044799|1,757432|0,470471|80,893019
1513942778|Freitag 22 Dezember 2017 12:39:38|DDX|0,011722|1,894994|0,250061|0,068461|11,137817|1,460652|0,351357|82,474592
1513942778|Freitag 22 Dezember 2017 12:39:38|DDX|0,027350|1,894994|0,339927|0,159742|11,137817|1,985756|0,813903|79,798183
1513942778|Freitag 22 Dezember 2017 12:39:38|DDX|-0,019536|1,894994|0,308669|-0,114101|11,137817|1,803094|-0,582975|80,730345
1513942778|Freitag 22 Dezember 2017 12:39:38|DDX|0,035165|1,887179|0,246154|0,205382|11,091304|1,437824|1,058535|82,494000
1513942778|Freitag 22 Dezember 2017 12:39:38|DDX|0,046886|1,887179|0,277411|0,273844|11,091304|1,620451|1,408079|81,520642
1513942778|Freitag 22 Dezember 2017 12:39:38|DDX|0,001954|1,904762|0,343834|0,011410|11,195969|2,008590|0,057830|79,767407
1513942778|Freitag 22 Dezember 2017 12:39:38|DDX|0,003907|1,889133|0,252015|0,022820|11,102932|1,472066|0,117461|82,400573
1513942778|Freitag 22 Dezember 2017 12:39:38|DDX|0,015629|1,889133|0,337973|0,091281|11,102932|1,974339|0,466590|79,846259
1513942778|Freitag 22 Dezember 2017 12:39:38|DDX|0,035165|1,871551|0,304762|0,205382|10,998301|1,780263|1,062422|80,690884
1513942778|Freitag 22 Dezember 2017 12:39:38|DDX|0,019536|1,879365|0,312576|0,114101|11,044799|1,825926|0,587499|80,538903
1513942778|Freitag 22 Dezember 2017 12:39:38|DDX|-0,011722|1,887179|0,371184|-0,068461|11,091304|2,168438|-0,349180|78,867275
1513942778|Freitag 22 Dezember 2017 12:39:38|DDX|0,003907|1,891087|0,293040|0,022820|11,114560|1,711771|0,116983|81,190809
1513942778|Freitag 22 Dezember 2017 12:39:38|DDX|0,003907|1,894994|0,304762|0,022820|11,137817|1,780263|0,116637|80,862916
1513942778|Freitag 22 Dezember 2017 12:39:38|DDX|0,000000|1,883272|0,293040|0,000000|11,068051|1,711771|0,000000|81,155606
1513942779|Freitag 22 Dezember 2017 12:39:39|DDX|0,019536|1,894994|0,293040|0,114101|11,137817|1,711771|0,583720|81,190250
1513942779|Freitag 22 Dezember 2017 12:39:39|DDX|0,003907|1,894994|0,316484|0,022820|11,137817|1,848758|0,116522|80,517812
1513942779|Freitag 22 Dezember 2017 12:39:39|DDX|0,007814|1,891087|0,308669|0,045640|11,114560|1,803094|0,233666|80,726833
1513942779|Freitag 22 Dezember 2017 12:39:39|DDX|0,039072|1,891087|0,257875|0,228203|11,114560|1,506308|1,172778|82,147308
1513942779|Freitag 22 Dezember 2017 12:39:39|DDX|0,007814|1,894994|0,343834|0,045640|11,137817|2,008590|0,232474|79,713348
1513942779|Freitag 22 Dezember 2017 12:39:39|DDX|-0,007814|1,898901|0,355556|-0,045640|11,161076|2,077094|-0,231756|79,392079
1513942779|Freitag 22 Dezember 2017 12:39:39|DDX|0,003907|1,887179|0,367277|0,022820|11,091304|2,145602|0,116440|78,986326
1513942779|Freitag 22 Dezember 2017 12:39:39|DDX|0,009768|1,879365|0,242247|0,057051|11,044799|1,414997|0,295349|82,649277
1513942779|Freitag 22 Dezember 2017 12:39:39|DDX|0,019536|1,885226|0,359463|0,114101|11,079677|2,099930|0,583211|79,189233
1513942779|Freitag 22 Dezember 2017 12:39:39|DDX|0,025397|1,869597|0,285226|0,148332|10,986678|1,666110|0,769364|81,292042
1513942779|Freitag 22 Dezember 2017 12:39:39|DDX|0,011722|1,881319|0,332112|0,068461|11,056425|1,940089|0,351543|79,982519
1513942779|Freitag 22 Dezember 2017 12:39:39|DDX|0,003907|1,906716|0,255922|0,022820|11,207600|1,494894|0,116366|82,354493
1513942779|Freitag 22 Dezember 2017 12:39:39|DDX|0,042979|1,898901|0,277411|0,251023|11,161076|1,620451|1,282983|81,590675
1513942779|Freitag 22 Dezember 2017 12:39:39|DDX|0,015629|1,883272|0,293040|0,091281|11,068051|1,711771|0,469819|81,143236
1513942779|Freitag 22 Dezember 2017 12:39:39|DDX|0,011722|1,902808|0,300855|0,068461|11,184338|1,757432|0,348616|81,008586
1513942779|Freitag 22 Dezember 2017 12:39:39|DDX|0,003907|1,875458|0,296947|0,022820|11,021549|1,734601|0,117897|81,002091
1513942779|Freitag 22 Dezember 2017 12:39:39|DDX|0,003907|1,891087|0,300855|0,022820|11,114560|1,757432|0,116909|80,959768
1513942779|Freitag 22 Dezember 2017 12:39:39|DDX|0,011722|1,891087|0,320391|0,068461|11,114560|1,871590|0,350145|80,377860
1513942779|Freitag 22 Dezember 2017 12:39:39|DDX|0,015629|1,883272|0,300855|0,091281|11,068051|1,757432|0,469520|80,911598
1513942779|Freitag 22 Dezember 2017 12:39:39|DDX|0,011722|1,879365|0,304762|0,068461|11,044799|1,780263|0,352742|80,782280
1513942780|Freitag 22 Dezember 2017 12:39:40|DDX|0,015629|1,887179|0,261783|0,091281|11,091304|1,529136|0,469988|82,088652
1513942780|Freitag 22 Dezember 2017 12:39:40|DDX|0,027350|1,891087|0,328205|0,159742|11,114560|1,917256|0,816398|80,120721
1513942780|Freitag 22 Dezember 2017 12:39:40|DDX|0,015629|1,894994|0,304762|0,091281|11,137817|1,780263|0,466537|80,851852
1513942780|Freitag 22 Dezember 2017 12:39:40|DDX|0,031258|1,894994|0,293040|0,182562|11,137817|1,711771|0,933901|81,160375
1513942780|Freitag 22 Dezember 2017 12:39:40|DDX|0,042979|1,908669|0,347741|0,251023|11,219233|2,031425|1,269080|79,597655
1513942780|Freitag 22 Dezember 2017 12:39:40|DDX|0,007814|1,865690|0,336020|0,045640|10,963432|1,962922|0,236181|79,787513
1513942780|Freitag 22 Dezember 2017 12:39:40|DDX|-0,001954|1,873504|0,316484|-0,011410|11,009925|1,848758|-0,058911|80,411595
1513942780|Freitag 22 Dezember 2017 12:39:40|DDX|0,027350|1,891087|0,322344|0,159742|11,114560|1,883007|0,816821|80,292547
1513942780|Freitag 22 Dezember 2017 12:39:40|DDX|0,039072|1,883272|0,255922|0,228203|11,068051|1,494894|1,177717|82,172795
1513942780|Freitag 22 Dezember 2017 12:39:40|DDX|0,015629|1,891087|0,291087|0,091281|11,114560|1,700355|0,467997|81,236982
1513942780|Freitag 22 Dezember 2017 12:39:40|DDX|-0,011722|1,894994|0,330159|-0,068461|11,137817|1,928672|-0,349143|80,110641
1513942780|Freitag 22 Dezember 2017 12:39:40|DDX|0,015629|1,883272|0,336020|0,091281|11,068051|1,962922|0,468081|79,872847
1513942780|Freitag 22 Dezember 2017 12:39:40|DDX|0,003907|1,891087|0,308669|0,022820|11,114560|1,803094|0,116833|80,729022
1513942780|Freitag 22 Dezember 2017 12:39:40|DDX|0,011722|1,875458|0,300855|0,068461|11,021549|1,757432|0,353574|80,879649
1513942780|Freitag 22 Dezember 2017 12:39:40|DDX|0,011722|1,894994|0,289133|0,068461|11,137817|1,688940|0,350348|81,317852
1513942780|Freitag 22 Dezember 2017 12:39:40|DDX|0,011722|1,887179|0,308669|0,068461|11,091304|1,803094|0,351203|80,704314
1513942780|Freitag 22 Dezember 2017 12:39:40|DDX|0,003907|1,894994|0,296947|0,022820|11,137817|1,734601|0,116711|81,093358
1513942780|Freitag 22 Dezember 2017 12:39:40|DDX|0,011722|1,883272|0,289133|0,068461|11,068051|1,688940|0,352478|81,264645
1513942780|Freitag 22 Dezember 2017 12:39:40|DDX|-0,007814|1,902808|0,304762|-0,045640|11,184338|1,780263|-0,232338|80,897606
1513942781|Freitag 22 Dezember 2017 12:39:41|DDX|0,027350|1,879365|0,336020|0,159742|11,044799|1,962922|0,820754|79,830135
1513942781|Freitag 22 Dezember 2017 12:39:41|DDX|0,025397|1,883272|0,336020|0,148332|11,068051|1,962922|0,760604|79,855301
1513942781|Freitag 22 Dezember 2017 12:39:41|DDX|0,003907|1,906716|0,300855|0,022820|11,207600|1,757432|0,115974|81,032659
1513942781|Freitag 22 Dezember 2017 12:39:41|DDX|0,007814|1,891087|0,285226|0,045640|11,114560|1,666110|0,234110|81,419760
1513942781|Freitag 22 Dezember 2017 12:39:41|DDX|0,011722|1,885226|0,336020|0,068461|11,079677|1,962922|0,350711|79,887804
1513942781|Freitag 22 Dezember 2017 12:39:41|DDX|0,023443|1,875458|0,283272|0,136921|11,021549|1,654695|0,708129|81,381951
1513942781|Freitag 22 Dezember 2017 12:39:41|DDX|-0,003907|1,885226|0,257875|-0,022820|11,079677|1,506308|-0,117652|82,210107
1513942781|Freitag 22 Dezember 2017 12:39:41|DDX|0,019536|1,871551|0,312576|0,114101|10,998301|1,825926|0,589885|80,500118
1513942781|Freitag 22 Dezember 2017 12:39:41|DDX|-0,007814|1,906716|0,296947|-0,045640|11,207600|1,734601|-0,232021|81,144980
1513942781|Freitag 22 Dezember 2017 12:39:41|DDX|0,007814|1,891087|0,351648|0,045640|11,114560|2,054259|0,232768|79,463596
1513942781|Freitag 22 Dezember 2017 12:39:41|DDX|0,003907|1,894994|0,304762|0,022820|11,137817|1,780263|0,116637|80,862916
1513942781|Freitag 22 Dezember 2017 12:39:41|DDX|0,000000|1,875458|0,300855|0,000000|11,021549|1,757432|0,000000|80,886447
1513942781|Freitag 22 Dezember 2017 12:39:41|DDX|0,000000|1,891087|0,308669|0,000000|11,114560|1,803094|0,000000|80,729752
1513942781|Freitag 22 Dezember 2017 12:39:41|DDX|0,000000|1,891087|0,293040|0,000000|11,114560|1,711771|0,000000|81,191579
1513942781|Freitag 22 Dezember 2017 12:39:41|DDX|0,007814|1,883272|0,300855|0,045640|11,068051|1,757432|0,234764|80,920622
1513942781|Freitag 22 Dezember 2017 12:39:41|DDX|0,003907|1,879365|0,304762|0,022820|11,044799|1,780263|0,117582|80,788230
1513942781|Freitag 22 Dezember 2017 12:39:41|DDX|0,019536|1,906716|0,293040|0,114101|11,207600|1,711771|0,580214|81,243566
1513942781|Freitag 22 Dezember 2017 12:39:41|DDX|0,019536|1,879365|0,336020|0,114101|11,044799|1,962922|0,586272|79,846198
1513942781|Freitag 22 Dezember 2017 12:39:41|DDX|0,007814|1,894994|0,300855|0,045640|11,137817|1,757432|0,233347|80,975856
1513942781|Freitag 22 Dezember 2017 12:39:41|DDX|0,011722|1,887179|0,355556|0,068461|11,091304|2,077094|0,349717|79,324554
1513942782|Freitag 22 Dezember 2017 12:39:42|DDX|0,011722|1,885226|0,343834|0,068461|11,079677|2,008590|0,350458|79,657932
1513942782|Freitag 22 Dezember 2017 12:39:42|DDX|0,048840|1,889133|0,234432|0,285254|11,102932|1,369343|1,469679|82,775740
1513942782|Freitag 22 Dezember 2017 12:39:42|DDX|-0,001954|1,900855|0,285226|-0,011410|11,172707|1,666110|-0,058234|81,466158
1513942782|Freitag 22 Dezember 2017 12:39:42|DDX|0,050794|1,875458|0,273504|0,296664|11,021549|1,597622|1,535151|81,563010
1513942782|Freitag 22 Dezember 2017 12:39:42|DDX|-0,011722|1,859829|0,273504|-0,068461|10,928568|1,597622|-0,357261|81,626543
1513942782|Freitag 22 Dezember 2017 12:39:42|DDX|0,000000|1,906716|0,250061|0,000000|11,207600|1,460652|0,000000|82,528441
1513942782|Freitag 22 Dezember 2017 12:39:42|DDX|0,000000|1,883272|0,300855|0,000000|11,068051|1,757432|0,000000|80,923632
1513942782|Freitag 22 Dezember 2017 12:39:42|DDX|0,003907|1,887179|0,296947|0,022820|11,091304|1,734601|0,117183|81,057072
1513942782|Freitag 22 Dezember 2017 12:39:42|DDX|0,003907|1,879365|0,308669|0,022820|11,044799|1,803094|0,117543|80,672212
1513942782|Freitag 22 Dezember 2017 12:39:42|DDX|0,015629|1,891087|0,300855|0,091281|11,114560|1,757432|0,467627|80,948530
1513942782|Freitag 22 Dezember 2017 12:39:42|DDX|0,003907|1,891087|0,304762|0,022820|11,114560|1,780263|0,116872|80,844357
1513942782|Freitag 22 Dezember 2017 12:39:42|DDX|0,007814|1,875458|0,308669|0,045640|11,021549|1,803094|0,235562|80,650915
1513942782|Freitag 22 Dezember 2017 12:39:42|DDX|0,007814|1,891087|0,293040|0,045640|11,114560|1,711771|0,233966|81,188497
1513942782|Freitag 22 Dezember 2017 12:39:42|DDX|0,007814|1,894994|0,300855|0,045640|11,137817|1,757432|0,233347|80,975856
1513942782|Freitag 22 Dezember 2017 12:39:42|DDX|0,019536|1,887179|0,320391|0,114101|11,091304|1,871590|0,584736|80,347078
1513942782|Freitag 22 Dezember 2017 12:39:42|DDX|0,027350|1,879365|0,316484|0,159742|11,044799|1,848758|0,822193|80,406156
1513942782|Freitag 22 Dezember 2017 12:39:42|DDX|0,029304|1,879365|0,347741|0,171152|11,044799|2,031425|0,878405|79,480726
1513942782|Freitag 22 Dezember 2017 12:39:42|DDX|0,027350|1,902808|0,289133|0,159742|11,184338|1,688940|0,814153|81,321973
1513942782|Freitag 22 Dezember 2017 12:39:42|DDX|0,011722|1,871551|0,316484|0,068461|10,998301|1,848758|0,353818|80,395494
1513942782|Freitag 22 Dezember 2017 12:39:42|DDX|-0,013675|1,896947|0,293040|-0,079871|11,149447|1,711771|-0,408200|81,208961
1513942783|Freitag 22 Dezember 2017 12:39:43|DDX|0,015629|1,887179|0,273504|0,091281|11,091304|1,597622|0,469583|81,740412
1513942783|Freitag 22 Dezember 2017 12:39:43|DDX|-0,003907|1,887179|0,261783|-0,022820|11,091304|1,529136|-0,117500|82,101667
1513942783|Freitag 22 Dezember 2017 12:39:43|DDX|0,019536|1,883272|0,294994|0,114101|11,068051|1,723186|0,587174|81,078398
1513942783|Freitag 22 Dezember 2017 12:39:43|DDX|0,015629|1,906716|0,316484|0,091281|11,207600|1,848758|0,463289|80,564483
1513942783|Freitag 22 Dezember 2017 12:39:43|DDX|0,035165|1,875458|0,312576|0,205382|11,021549|1,825926|1,059558|80,479077
1513942783|Freitag 22 Dezember 2017 12:39:43|DDX|0,003907|1,883272|0,296947|0,022820|11,068051|1,734601|0,117420|81,038819
1513942783|Freitag 22 Dezember 2017 12:39:43|DDX|0,003907|1,891087|0,293040|0,022820|11,114560|1,711771|0,116983|81,190809
1513942783|Freitag 22 Dezember 2017 12:39:43|DDX|0,003907|1,894994|0,304762|0,022820|11,137817|1,780263|0,116637|80,862916
1513942783|Freitag 22 Dezember 2017 12:39:43|DDX|0,011722|1,879365|0,296947|0,068461|11,044799|1,734601|0,352971|81,014378
1513942783|Freitag 22 Dezember 2017 12:39:43|DDX|0,003907|1,891087|0,285226|0,022820|11,114560|1,666110|0,117056|81,422137
1513942783|Freitag 22 Dezember 2017 12:39:43|DDX|0,007814|1,883272|0,308669|0,045640|11,068051|1,803094|0,234610|80,689027
1513942783|Freitag 22 Dezember 2017 12:39:43|DDX|0,015629|1,879365|0,359463|0,091281|11,044799|2,099930|0,467978|79,161932
1513942783|Freitag 22 Dezember 2017 12:39:43|DDX|0,000000|1,879365|0,402442|0,000000|11,044799|2,351142|0,000000|77,913378
1513942783|Freitag 22 Dezember 2017 12:39:43|DDX|-0,011722|1,887179|0,324298|-0,068461|11,091304|1,894423|-0,350729|80,243131
1513942783|Freitag 22 Dezember 2017 12:39:43|DDX|0,009768|1,887179|0,308669|0,057051|11,091304|1,803094|0,292670|80,706324
1513942783|Freitag 22 Dezember 2017 12:39:43|DDX|0,005861|1,885226|0,351648|0,034230|11,079677|2,054259|0,175101|79,432692
1513942783|Freitag 22 Dezember 2017 12:39:43|DDX|0,007814|1,873504|0,289133|0,045640|11,009925|1,688940|0,236184|81,223749
1513942783|Freitag 22 Dezember 2017 12:39:43|DDX|0,029304|1,877411|0,320391|0,171152|11,033174|1,871590|0,881500|80,275799
1513942783|Freitag 22 Dezember 2017 12:39:43|DDX|-0,011722|1,887179|0,371184|-0,068461|11,091304|2,168438|-0,349180|78,867275
1513942783|Freitag 22 Dezember 2017 12:39:43|DDX|0,023443|1,883272|0,291087|0,136921|11,068051|1,700355|0,704820|81,185643
1513942784|Freitag 22 Dezember 2017 12:39:44|DDX|0,007814|1,898901|0,277411|0,045640|11,161076|1,620451|0,233307|81,685175
1513942784|Freitag 22 Dezember 2017 12:39:44|DDX|0,007814|1,883272|0,332112|0,045640|11,068051|1,940089|0,234128|79,996089
1513942784|Freitag 22 Dezember 2017 12:39:44|DDX|0,007814|1,887179|0,296947|0,045640|11,091304|1,734601|0,234365|81,054788
1513942784|Freitag 22 Dezember 2017 12:39:44|DDX|0,003907|1,875458|0,312576|0,022820|11,021549|1,825926|0,117742|80,536952
1513942784|Freitag 22 Dezember 2017 12:39:44|DDX|0,007814|1,887179|0,281319|0,045640|11,091304|1,643281|0,234655|81,518225
1513942784|Freitag 22 Dezember 2017 12:39:44|DDX|0,003907|1,879365|0,300855|0,022820|11,044799|1,757432|0,117620|80,904323
1513942784|Freitag 22 Dezember 2017 12:39:44|DDX|0,003907|1,894994|0,296947|0,022820|11,137817|1,734601|0,116711|81,093358
1513942784|Freitag 22 Dezember 2017 12:39:44|DDX|0,003907|1,883272|0,304762|0,022820|11,068051|1,780263|0,117344|80,807014
1513942784|Freitag 22 Dezember 2017 12:39:44|DDX|0,011722|1,891087|0,273504|0,068461|11,114560|1,597622|0,351478|81,763033
1513942784|Freitag 22 Dezember 2017 12:39:44|DDX|0,023443|1,898901|0,316484|0,136921|11,161076|1,848758|0,697696|80,512224
1513942784|Freitag 22 Dezember 2017 12:39:44|DDX|0,031258|1,891087|0,351648|0,182562|11,114560|2,054259|0,930995|79,425540
1513942784|Freitag 22 Dezember 2017 12:39:44|DDX|0,013675|1,891087|0,285226|0,079871|11,114560|1,666110|0,409688|81,413224
1513942784|Freitag 22 Dezember 2017 12:39:44|DDX|0,025397|1,893040|0,293040|0,148332|11,126188|1,711771|0,759582|81,168061
1513942784|Freitag 22 Dezember 2017 12:39:44|DDX|0,056654|1,875458|0,277411|0,330895|11,021549|1,620451|1,711671|81,414899
1513942784|Freitag 22 Dezember 2017 12:39:44|DDX|-0,001954|1,887179|0,302808|-0,011410|11,091304|1,768848|-0,058563|80,884092
1513942784|Freitag 22 Dezember 2017 12:39:44|DDX|0,011722|1,881319|0,308669|0,068461|11,056425|1,803094|0,352269|80,675863
1513942784|Freitag 22 Dezember 2017 12:39:44|DDX|0,000000|1,894994|0,296947|0,000000|11,137817|1,734601|0,000000|81,094116
1513942784|Freitag 22 Dezember 2017 12:39:44|DDX|0,000000|1,867643|0,291087|0,000000|10,975055|1,700355|0,000000|81,141281
1513942784|Freitag 22 Dezember 2017 12:39:44|DDX|-0,003907|1,894994|0,304762|-0,022820|11,137817|1,780263|-0,116637|80,862916
1513942785|Freitag 22 Dezember 2017 12:39:45|DDX|0,019536|1,894994|0,246154|0,114101|11,137817|1,437824|0,585737|82,575883
1513942785|Freitag 22 Dezember 2017 12:39:45|DDX|0,003907|1,879365|0,300855|0,022820|11,044799|1,757432|0,117620|80,904323
1513942785|Freitag 22 Dezember 2017 12:39:45|DDX|0,007814|1,883272|0,304762|0,045640|11,068051|1,780263|0,234687|80,804787
1513942785|Freitag 22 Dezember 2017 12:39:45|DDX|0,015629|1,879365|0,285226|0,091281|11,044799|1,666110|0,471067|81,357488
1513942785|Freitag 22 Dezember 2017 12:39:45|DDX|0,003907|1,898901|0,296947|0,022820|11,161076|1,734601|0,116477|81,111391
1513942785|Freitag 22 Dezember 2017 12:39:45|DDX|0,000000|1,867643|0,296947|0,000000|10,975055|1,734601|0,000000|80,965831
1513942785|Freitag 22 Dezember 2017 12:39:45|DDX|0,007814|1,883272|0,296947|0,045640|11,068051|1,734601|0,234839|81,036531
1513942785|Freitag 22 Dezember 2017 12:39:45|DDX|0,035165|1,867643|0,316484|0,205382|10,975055|1,848758|1,063506|80,324176
1513942785|Freitag 22 Dezember 2017 12:39:45|DDX|0,011722|1,891087|0,394628|0,068461|11,114560|2,305464|0,347646|78,207750
1513942785|Freitag 22 Dezember 2017 12:39:45|DDX|0,037118|1,875458|0,308669|0,216793|11,021549|1,803094|1,118783|80,587724
1513942785|Freitag 22 Dezember 2017 12:39:45|DDX|-0,019536|1,898901|0,359463|-0,114101|11,161076|2,099930|-0,579157|79,265273
1513942785|Freitag 22 Dezember 2017 12:39:45|DDX|-0,021490|1,898901|0,246154|-0,125511|11,161076|1,437824|-0,643002|82,586176
1513942785|Freitag 22 Dezember 2017 12:39:45|DDX|0,013675|1,875458|0,324298|0,079871|11,021549|1,894423|0,411665|80,181066
1513942785|Freitag 22 Dezember 2017 12:39:45|DDX|0,027350|1,887179|0,355556|0,159742|11,091304|2,077094|0,815962|79,299423
1513942785|Freitag 22 Dezember 2017 12:39:45|DDX|0,015629|1,877411|0,285226|0,091281|11,033174|1,666110|0,471546|81,348631
1513942785|Freitag 22 Dezember 2017 12:39:45|DDX|0,015629|1,883272|0,314530|0,091281|11,068051|1,837342|0,468977|80,506917
1513942785|Freitag 22 Dezember 2017 12:39:45|DDX|0,007814|1,894994|0,304762|0,045640|11,137817|1,780263|0,233272|80,860702
1513942785|Freitag 22 Dezember 2017 12:39:45|DDX|0,039072|1,875458|0,261783|0,228203|11,021549|1,529136|1,182033|81,966928
1513942785|Freitag 22 Dezember 2017 12:39:45|DDX|0,007814|1,902808|0,293040|0,045640|11,184338|1,711771|0,232558|81,241933
1513942785|Freitag 22 Dezember 2017 12:39:45|DDX|0,007814|1,883272|0,300855|0,045640|11,068051|1,757432|0,234764|80,920622
1513942786|Freitag 22 Dezember 2017 12:39:46|DDX|0,007814|1,891087|0,289133|0,045640|11,114560|1,688940|0,234038|81,304093
1513942786|Freitag 22 Dezember 2017 12:39:46|DDX|0,011722|1,887179|0,308669|0,068461|11,091304|1,803094|0,351203|80,704314
1513942786|Freitag 22 Dezember 2017 12:39:46|DDX|0,007814|1,898901|0,300855|0,045640|11,161076|1,757432|0,232879|80,994120
1513942786|Freitag 22 Dezember 2017 12:39:46|DDX|0,011722|1,898901|0,293040|0,068461|11,161076|1,711771|0,349536|81,220357
1513942786|Freitag 22 Dezember 2017 12:39:46|DDX|0,011722|1,883272|0,218803|0,068461|11,068051|1,278038|0,354225|83,363523
1513942786|Freitag 22 Dezember 2017 12:39:46|DDX|0,011722|1,902808|0,265690|0,068461|11,184338|1,551964|0,349556|82,043528
1513942786|Freitag 22 Dezember 2017 12:39:46|DDX|0,035165|1,879365|0,312576|0,205382|11,044799|1,825926|1,057415|80,498510
1513942786|Freitag 22 Dezember 2017 12:39:46|DDX|0,029304|1,879365|0,316484|0,171152|11,044799|1,848758|0,880912|80,400994
1513942786|Freitag 22 Dezember 2017 12:39:46|DDX|0,017582|1,873504|0,320391|0,102691|11,009925|1,871590|0,529999|80,281315
1513942786|Freitag 22 Dezember 2017 12:39:46|DDX|0,019536|1,891087|0,279365|0,114101|11,114560|1,631866|0,585523|81,576401
1513942786|Freitag 22 Dezember 2017 12:39:46|DDX|0,011722|1,894994|0,289133|0,068461|11,137817|1,688940|0,350348|81,317852
1513942786|Freitag 22 Dezember 2017 12:39:46|DDX|0,027350|1,896947|0,273504|0,159742|11,149447|1,597622|0,817587|81,755204
1513942786|Freitag 22 Dezember 2017 12:39:46|DDX|0,023443|1,891087|0,283272|0,136921|11,114560|1,654695|0,702406|81,452118
1513942786|Freitag 22 Dezember 2017 12:39:46|DDX|0,039072|1,875458|0,308669|0,228203|11,021549|1,803094|1,177651|80,580609
1513942786|Freitag 22 Dezember 2017 12:39:46|DDX|0,000000|1,879365|0,277411|0,000000|11,044799|1,620451|0,000000|81,603253
1513942786|Freitag 22 Dezember 2017 12:39:46|DDX|0,007814|1,894994|0,312576|0,045640|11,137817|1,825926|0,233120|80,630615
1513942786|Freitag 22 Dezember 2017 12:39:46|DDX|0,007814|1,883272|0,304762|0,045640|11,068051|1,780263|0,234687|80,804787
1513942786|Freitag 22 Dezember 2017 12:39:46|DDX|0,003907|1,894994|0,289133|0,022820|11,137817|1,688940|0,116784|81,324089
1513942786|Freitag 22 Dezember 2017 12:39:46|DDX|0,007814|1,894994|0,304762|0,045640|11,137817|1,780263|0,233272|80,860702
1513942786|Freitag 22 Dezember 2017 12:39:46|DDX|0,000000|1,883272|0,308669|0,000000|11,068051|1,803094|0,000000|80,691958
1513942787|Freitag 22 Dezember 2017 12:39:47|DDX|0,000000|1,883272|0,293040|0,000000|11,068051|1,711771|0,000000|81,155606
1513942787|Freitag 22 Dezember 2017 12:39:47|DDX|0,011722|1,883272|0,265690|0,068461|11,068051|1,551964|0,353112|81,962065
1513942787|Freitag 22 Dezember 2017 12:39:47|DDX|0,015629|1,898901|0,281319|0,091281|11,161076|1,643281|0,466469|81,560224
1513942787|Freitag 22 Dezember 2017 12:39:47|DDX|-0,003907|1,867643|0,347741|-0,022820|10,975055|2,031425|-0,117840|79,452083
1513942787|Freitag 22 Dezember 2017 12:39:47|DDX|0,033211|1,894994|0,242247|0,193972|11,137817|1,414997|0,995947|82,647702
1513942787|Freitag 22 Dezember 2017 12:39:47|DDX|0,054701|1,881319|0,277411|0,319485|11,056425|1,620451|1,647645|81,452696
1513942787|Freitag 22 Dezember 2017 12:39:47|DDX|0,011722|1,904762|0,300855|0,068461|11,195969|1,757432|0,348268|81,017657
1513942787|Freitag 22 Dezember 2017 12:39:47|DDX|0,000000|1,883272|0,328205|0,000000|11,068051|1,917256|0,000000|80,114128
1513942787|Freitag 22 Dezember 2017 12:39:47|DDX|0,027350|1,896947|0,294994|0,159742|11,149447|1,723186|0,816231|81,123438
1513942787|Freitag 22 Dezember 2017 12:39:47|DDX|-0,023443|1,894994|0,300855|-0,136921|11,137817|1,757432|-0,700011|80,951954
1513942787|Freitag 22 Dezember 2017 12:39:47|DDX|0,031258|1,883272|0,293040|0,182562|11,068051|1,711771|0,939576|81,106234
1513942787|Freitag 22 Dezember 2017 12:39:47|DDX|0,039072|1,891087|0,267643|0,228203|11,114560|1,563379|1,171953|81,860243
1513942787|Freitag 22 Dezember 2017 12:39:47|DDX|0,031258|1,891087|0,296947|0,182562|11,114560|1,734601|0,935491|81,027507
1513942787|Freitag 22 Dezember 2017 12:39:47|DDX|0,011722|1,887179|0,308669|0,068461|11,091304|1,803094|0,351203|80,704314
1513942787|Freitag 22 Dezember 2017 12:39:47|DDX|0,011722|1,887179|0,304762|0,068461|11,091304|1,780263|0,351318|80,819797
1513942787|Freitag 22 Dezember 2017 12:39:47|DDX|0,011722|1,891087|0,300855|0,068461|11,114560|1,757432|0,350724|80,953772
1513942787|Freitag 22 Dezember 2017 12:39:47|DDX|0,011722|1,891087|0,300855|0,068461|11,114560|1,757432|0,350724|80,953772
1513942787|Freitag 22 Dezember 2017 12:39:47|DDX|0,003907|1,898901|0,289133|0,022820|11,161076|1,688940|0,116549|81,341670
1513942787|Freitag 22 Dezember 2017 12:39:47|DDX|0,007814|1,883272|0,316484|0,045640|11,068051|1,848758|0,234453|80,457736
1513942787|Freitag 22 Dezember 2017 12:39:47|DDX|0,015629|1,887179|0,328205|0,091281|11,091304|1,917256|0,467472|80,123234
1513942788|Freitag 22 Dezember 2017 12:39:48|DDX|0,000000|1,894994|0,339927|0,000000|11,137817|1,985756|0,000000|79,830359
1513942788|Freitag 22 Dezember 2017 12:39:48|DDX|0,021490|1,894994|0,281319|0,125511|11,137817|1,643281|0,642676|81,531661
1513942788|Freitag 22 Dezember 2017 12:39:48|DDX|0,005861|1,902808|0,304762|0,034230|11,184338|1,780263|0,174254|80,898892
1513942788|Freitag 22 Dezember 2017 12:39:48|DDX|-0,007814|1,881319|0,363370|-0,045640|11,056425|2,122765|-0,233669|79,065672
1513942788|Freitag 22 Dezember 2017 12:39:48|DDX|0,009768|1,896947|0,277411|0,057051|11,149447|1,620451|0,291927|81,674902
1513942788|Freitag 22 Dezember 2017 12:39:48|DDX|0,003907|1,902808|0,294994|0,022820|11,184338|1,723186|0,116261|81,186783
1513942788|Freitag 22 Dezember 2017 12:39:48|DDX|0,050794|1,894994|0,281319|0,296664|11,137817|1,643281|1,518759|81,421386
1513942788|Freitag 22 Dezember 2017 12:39:48|DDX|0,039072|1,887179|0,289133|0,228203|11,091304|1,688940|1,172402|81,211554
1513942788|Freitag 22 Dezember 2017 12:39:48|DDX|0,031258|1,902808|0,336020|0,182562|11,184338|1,962922|0,926782|79,942953
1513942788|Freitag 22 Dezember 2017 12:39:48|DDX|0,007814|1,887179|0,308669|0,045640|11,091304|1,803094|0,234137|80,707968
1513942788|Freitag 22 Dezember 2017 12:39:48|DDX|0,011722|1,883272|0,300855|0,068461|11,068051|1,757432|0,352143|80,916861
1513942788|Freitag 22 Dezember 2017 12:39:48|DDX|0,003907|1,891087|0,316484|0,022820|11,114560|1,848758|0,116756|80,498578
1513942788|Freitag 22 Dezember 2017 12:39:48|DDX|0,007814|1,887179|0,304762|0,045640|11,091304|1,780263|0,234214|80,823501
1513942788|Freitag 22 Dezember 2017 12:39:48|DDX|0,011722|1,887179|0,304762|0,068461|11,091304|1,780263|0,351318|80,819797
1513942788|Freitag 22 Dezember 2017 12:39:48|DDX|0,003907|1,891087|0,304762|0,022820|11,114560|1,780263|0,116872|80,844357
1513942788|Freitag 22 Dezember 2017 12:39:48|DDX|0,011722|1,891087|0,296947|0,068461|11,114560|1,734601|0,350836|81,069174
1513942788|Freitag 22 Dezember 2017 12:39:48|DDX|0,000000|1,894994|0,296947|0,000000|11,137817|1,734601|0,000000|81,094116
1513942788|Freitag 22 Dezember 2017 12:39:48|DDX|0,007814|1,894994|0,238339|0,045640|11,137817|1,392170|0,234423|82,827557
1513942788|Freitag 22 Dezember 2017 12:39:48|DDX|0,019536|1,875458|0,257875|0,114101|11,021549|1,506308|0,591247|82,148769
1513942789|Freitag 22 Dezember 2017 12:39:49|DDX|0,033211|1,879365|0,359463|0,193972|11,044799|2,099930|0,994376|79,126899
1513942789|Freitag 22 Dezember 2017 12:39:49|DDX|-0,009768|1,889133|0,277411|-0,057051|11,102932|1,620451|-0,293109|81,640951
1513942789|Freitag 22 Dezember 2017 12:39:49|DDX|0,009768|1,885226|0,277411|0,057051|11,079677|1,620451|0,293704|81,623872
1513942789|Freitag 22 Dezember 2017 12:39:49|DDX|0,046886|1,883272|0,312576|0,273844|11,068051|1,825926|1,406917|80,472730
1513942789|Freitag 22 Dezember 2017 12:39:49|DDX|0,027350|1,881319|0,316484|0,159742|11,056425|1,848758|0,821362|80,415933
1513942789|Freitag 22 Dezember 2017 12:39:49|DDX|0,011722|1,902808|0,289133|0,068461|11,184338|1,688940|0,348942|81,352967
1513942789|Freitag 22 Dezember 2017 12:39:49|DDX|0,000000|1,891087|0,293040|0,000000|11,114560|1,711771|0,000000|81,191579
1513942789|Freitag 22 Dezember 2017 12:39:49|DDX|0,019536|1,887179|0,300855|0,114101|11,091304|1,757432|0,585707|80,923353
1513942789|Freitag 22 Dezember 2017 12:39:49|DDX|0,003907|1,891087|0,316484|0,022820|11,114560|1,848758|0,116756|80,498578
1513942789|Freitag 22 Dezember 2017 12:39:49|DDX|0,003907|1,902808|0,293040|0,022820|11,184338|1,711771|0,116279|81,244231
1513942789|Freitag 22 Dezember 2017 12:39:49|DDX|0,003907|1,902808|0,300855|0,022820|11,184338|1,757432|0,116207|81,014546
1513942789|Freitag 22 Dezember 2017 12:39:49|DDX|0,003907|1,887179|0,293040|0,022820|11,091304|1,711771|0,117220|81,172857
1513942789|Freitag 22 Dezember 2017 12:39:49|DDX|0,011722|1,891087|0,285226|0,068461|11,114560|1,666110|0,351163|81,415798
1513942789|Freitag 22 Dezember 2017 12:39:49|DDX|0,000000|1,898901|0,304762|0,000000|11,161076|1,780263|0,000000|80,882137
1513942789|Freitag 22 Dezember 2017 12:39:49|DDX|0,019536|1,887179|0,265690|0,114101|11,091304|1,551964|0,587311|81,964831
1513942789|Freitag 22 Dezember 2017 12:39:49|DDX|0,046886|1,883272|0,339927|0,273844|11,068051|1,985756|1,403486|79,673600
1513942789|Freitag 22 Dezember 2017 12:39:49|DDX|0,007814|1,875458|0,296947|0,045640|11,021549|1,734601|0,235794|80,999793
1513942789|Freitag 22 Dezember 2017 12:39:49|DDX|0,019536|1,879365|0,332112|0,114101|11,044799|1,940089|0,586482|79,961459
1513942789|Freitag 22 Dezember 2017 12:39:49|DDX|0,035165|1,900855|0,253968|0,205382|11,172707|1,483480|1,050489|82,318189
1513942789|Freitag 22 Dezember 2017 12:39:49|DDX|0,000000|1,893040|0,289133|0,000000|11,126188|1,688940|0,000000|81,316053
1513942790|Freitag 22 Dezember 2017 12:39:50|DDX|0,009768|1,900855|0,271551|0,057051|11,172707|1,586207|0,291467|81,864710
1513942790|Freitag 22 Dezember 2017 12:39:50|DDX|0,039072|1,889133|0,281319|0,228203|11,102932|1,643281|1,171933|81,449982
1513942790|Freitag 22 Dezember 2017 12:39:50|DDX|0,007814|1,883272|0,281319|0,045640|11,068051|1,643281|0,235132|81,500885
1513942790|Freitag 22 Dezember 2017 12:39:50|DDX|0,031258|1,879365|0,308669|0,182562|11,044799|1,803094|0,940261|80,626089
1513942790|Freitag 22 Dezember 2017 12:39:50|DDX|-0,011722|1,891087|0,226618|-0,068461|11,114560|1,323690|-0,352612|83,157514
1513942790|Freitag 22 Dezember 2017 12:39:50|DDX|-0,007814|1,879365|0,261783|-0,045640|11,044799|1,529136|-0,235957|82,066628
1513942790|Freitag 22 Dezember 2017 12:39:50|DDX|-0,003907|1,891087|0,296947|-0,022820|11,114560|1,734601|-0,116947|81,075252
1513942790|Freitag 22 Dezember 2017 12:39:50|DDX|0,015629|1,898901|0,296947|0,091281|11,161076|1,734601|0,465898|81,100044
1513942790|Freitag 22 Dezember 2017 12:39:50|DDX|0,015629|1,887179|0,293040|0,091281|11,091304|1,711771|0,468870|81,161283
1513942790|Freitag 22 Dezember 2017 12:39:50|DDX|0,000000|1,887179|0,300855|0,000000|11,091304|1,757432|0,000000|80,942112
1513942790|Freitag 22 Dezember 2017 12:39:50|DDX|0,011722|1,898901|0,296947|0,068461|11,161076|1,734601|0,349427|81,105337
1513942790|Freitag 22 Dezember 2017 12:39:50|DDX|0,003907|1,891087|0,296947|0,022820|11,114560|1,734601|0,116947|81,075252
1513942790|Freitag 22 Dezember 2017 12:39:50|DDX|0,039072|1,867643|0,332112|0,228203|10,975055|1,940089|1,179976|79,848721
1513942790|Freitag 22 Dezember 2017 12:39:50|DDX|0,000000|1,887179|0,300855|0,000000|11,091304|1,757432|0,000000|80,942112
1513942790|Freitag 22 Dezember 2017 12:39:50|DDX|-0,007814|1,902808|0,328205|-0,045640|11,184338|1,917256|-0,231876|80,210933
1513942790|Freitag 22 Dezember 2017 12:39:50|DDX|-0,003907|1,883272|0,332112|-0,022820|11,068051|1,940089|-0,117064|79,998124
1513942790|Freitag 22 Dezember 2017 12:39:50|DDX|0,023443|1,898901|0,253968|0,136921|11,161076|1,483480|0,701077|82,350188
1513942790|Freitag 22 Dezember 2017 12:39:50|DDX|0,046886|1,881319|0,304762|0,273844|11,056425|1,780263|1,409273|80,692001
1513942790|Freitag 22 Dezember 2017 12:39:50|DDX|-0,003907|1,883272|0,322344|-0,022820|11,068051|1,883007|-0,117167|80,286569
1513942790|Freitag 22 Dezember 2017 12:39:50|DDX|-0,003907|1,891087|0,328205|-0,022820|11,114560|1,917256|-0,116636|80,153494
1513942791|Freitag 22 Dezember 2017 12:39:51|DDX|0,015629|1,855922|0,304762|0,091281|10,905327|1,780263|0,476103|80,662617
1513942791|Freitag 22 Dezember 2017 12:39:51|DDX|0,015629|1,887179|0,336020|0,091281|11,091304|1,962922|0,467142|79,893381
1513942791|Freitag 22 Dezember 2017 12:39:51|DDX|0,062515|1,887179|0,242247|0,365126|11,091304|1,414997|1,881873|82,448341
1513942791|Freitag 22 Dezember 2017 12:39:51|DDX|0,042979|1,863736|0,277411|0,251023|10,951810|1,620451|1,306662|81,434341
1513942791|Freitag 22 Dezember 2017 12:39:51|DDX|0,011722|1,887179|0,296947|0,068461|11,091304|1,734601|0,351545|81,050982
1513942791|Freitag 22 Dezember 2017 12:39:51|DDX|0,011722|1,891087|0,300855|0,068461|11,114560|1,757432|0,350724|80,953772
1513942791|Freitag 22 Dezember 2017 12:39:51|DDX|0,003907|1,883272|0,300855|0,022820|11,068051|1,757432|0,117382|80,922880
1513942791|Freitag 22 Dezember 2017 12:39:51|DDX|0,000000|1,891087|0,289133|0,000000|11,114560|1,688940|0,000000|81,307219
1513942791|Freitag 22 Dezember 2017 12:39:51|DDX|0,003907|1,875458|0,304762|0,022820|11,021549|1,780263|0,117821|80,769368
1513942791|Freitag 22 Dezember 2017 12:39:51|DDX|0,003907|1,883272|0,308669|0,022820|11,068051|1,803094|0,117306|80,691225
1513942791|Freitag 22 Dezember 2017 12:39:51|DDX|0,003907|1,887179|0,285226|0,022820|11,091304|1,666110|0,117293|81,404643
1513942791|Freitag 22 Dezember 2017 12:39:51|DDX|0,011722|1,894994|0,289133|0,068461|11,137817|1,688940|0,350348|81,317852
1513942791|Freitag 22 Dezember 2017 12:39:51|DDX|0,029304|1,879365|0,300855|0,171152|11,044799|1,757432|0,882084|80,862761
1513942791|Freitag 22 Dezember 2017 12:39:51|DDX|0,029304|1,842247|0,343834|0,171152|10,823998|2,008590|0,895842|79,390585
1513942791|Freitag 22 Dezember 2017 12:39:51|DDX|-0,013675|1,894994|0,359463|-0,079871|11,137817|2,099930|-0,406224|79,251548
1513942791|Freitag 22 Dezember 2017 12:39:51|DDX|0,007814|1,881319|0,289133|0,045640|11,056425|1,688940|0,235226|81,259639
1513942791|Freitag 22 Dezember 2017 12:39:51|DDX|0,019536|1,877411|0,377045|0,114101|11,033174|2,202693|0,584518|78,629376
1513942791|Freitag 22 Dezember 2017 12:39:51|DDX|0,015629|1,883272|0,275458|0,091281|11,068051|1,609037|0,470467|81,665412
1513942791|Freitag 22 Dezember 2017 12:39:51|DDX|-0,007814|1,875458|0,382906|-0,045640|11,021549|2,236949|-0,233906|78,458364
1513942791|Freitag 22 Dezember 2017 12:39:51|DDX|0,015629|1,875458|0,316484|0,091281|11,021549|1,848758|0,470798|80,410122
1513942792|Freitag 22 Dezember 2017 12:39:52|DDX|0,003907|1,891087|0,261783|0,022820|11,114560|1,529136|0,117261|82,117781
1513942792|Freitag 22 Dezember 2017 12:39:52|DDX|0,003907|1,891087|0,304762|0,022820|11,114560|1,780263|0,116872|80,844357
1513942792|Freitag 22 Dezember 2017 12:39:52|DDX|0,003907|1,887179|0,304762|0,022820|11,091304|1,780263|0,117107|80,825724
1513942792|Freitag 22 Dezember 2017 12:39:52|DDX|0,007814|1,883272|0,304762|0,045640|11,068051|1,780263|0,234687|80,804787
1513942792|Freitag 22 Dezember 2017 12:39:52|DDX|0,011722|1,887179|0,300855|0,068461|11,091304|1,757432|0,351432|80,935354
1513942792|Freitag 22 Dezember 2017 12:39:52|DDX|0,007814|1,898901|0,296947|0,045640|11,161076|1,734601|0,232953|81,109121
1513942792|Freitag 22 Dezember 2017 12:39:52|DDX|0,007814|1,875458|0,304762|0,045640|11,021549|1,780263|0,235640|80,767132
1513942792|Freitag 22 Dezember 2017 12:39:52|DDX|0,019536|1,879365|0,257875|0,114101|11,044799|1,506308|0,590041|82,164889
1513942792|Freitag 22 Dezember 2017 12:39:52|DDX|0,027350|1,883272|0,363370|0,159742|11,068051|2,122765|0,816972|79,049060
1513942792|Freitag 22 Dezember 2017 12:39:52|DDX|0,003907|1,875458|0,285226|0,022820|11,021549|1,666110|0,118009|81,351732
1513942792|Freitag 22 Dezember 2017 12:39:52|DDX|0,007814|1,883272|0,296947|0,045640|11,068051|1,734601|0,234839|81,036531
1513942792|Freitag 22 Dezember 2017 12:39:52|DDX|-0,011722|1,902808|0,324298|-0,068461|11,184338|1,894423|-0,347930|80,321747
1513942792|Freitag 22 Dezember 2017 12:39:52|DDX|0,011722|1,887179|0,273504|0,068461|11,091304|1,597622|0,352190|81,746214
1513942792|Freitag 22 Dezember 2017 12:39:52|DDX|-0,001954|1,881319|0,273504|-0,011410|11,056425|1,597622|-0,058878|81,728137
1513942792|Freitag 22 Dezember 2017 12:39:52|DDX|0,031258|1,893040|0,273504|0,182562|11,126188|1,597622|0,936255|81,726084
1513942792|Freitag 22 Dezember 2017 12:39:52|DDX|0,023443|1,875458|0,304762|0,136921|11,021549|1,780263|0,706889|80,743318
1513942792|Freitag 22 Dezember 2017 12:39:52|DDX|-0,023443|1,887179|0,351648|-0,136921|11,091304|2,054259|-0,699670|79,421917
1513942792|Freitag 22 Dezember 2017 12:39:52|DDX|0,023443|1,883272|0,257875|0,136921|11,068051|1,506308|0,706596|82,171254
1513942792|Freitag 22 Dezember 2017 12:39:52|DDX|0,015629|1,894994|0,277411|0,091281|11,137817|1,620451|0,467549|81,658508
1513942793|Freitag 22 Dezember 2017 12:39:53|DDX|0,011722|1,883272|0,289133|0,068461|11,068051|1,688940|0,352478|81,264645
1513942793|Freitag 22 Dezember 2017 12:39:53|DDX|0,003907|1,883272|0,304762|0,022820|11,068051|1,780263|0,117344|80,807014
1513942793|Freitag 22 Dezember 2017 12:39:53|DDX|0,007814|1,887179|0,308669|0,045640|11,091304|1,803094|0,234137|80,707968
1513942793|Freitag 22 Dezember 2017 12:39:53|DDX|0,011722|1,887179|0,300855|0,068461|11,091304|1,757432|0,351432|80,935354
1513942793|Freitag 22 Dezember 2017 12:39:53|DDX|0,011722|1,887179|0,304762|0,068461|11,091304|1,780263|0,351318|80,819797
1513942793|Freitag 22 Dezember 2017 12:39:53|DDX|0,007814|1,891087|0,324298|0,045640|11,114560|1,894423|0,233352|80,266365
1513942793|Freitag 22 Dezember 2017 12:39:53|DDX|-0,007814|1,891087|0,339927|-0,045640|11,114560|1,985756|-0,233023|79,807151
1513942793|Freitag 22 Dezember 2017 12:39:53|DDX|0,058608|1,883272|0,226618|0,342305|11,068051|1,323690|1,769730|82,914985
1513942793|Freitag 22 Dezember 2017 12:39:53|DDX|0,009768|1,883272|0,332112|0,057051|11,068051|1,940089|0,292659|79,994564
1513942793|Freitag 22 Dezember 2017 12:39:53|DDX|-0,001954|1,879365|0,355556|-0,011410|11,044799|2,077094|-0,058521|79,286719
1513942793|Freitag 22 Dezember 2017 12:39:53|DDX|0,009768|1,881319|0,293040|0,057051|11,056425|1,711771|0,293939|81,141728
1513942793|Freitag 22 Dezember 2017 12:39:53|DDX|0,007814|1,893040|0,222711|0,045640|11,126188|1,300864|0,234894|83,286072
1513942793|Freitag 22 Dezember 2017 12:39:53|DDX|-0,011722|1,896947|0,291087|-0,068461|11,149447|1,700355|-0,349941|81,269048
1513942793|Freitag 22 Dezember 2017 12:39:53|DDX|0,046886|1,879365|0,314530|0,273844|11,044799|1,837342|1,409525|80,396012
1513942793|Freitag 22 Dezember 2017 12:39:53|DDX|-0,007814|1,898901|0,324298|-0,045640|11,161076|1,894423|-0,232419|80,305660
1513942793|Freitag 22 Dezember 2017 12:39:53|DDX|0,015629|1,875458|0,347741|0,091281|11,021549|2,031425|0,469453|79,485333
1513942793|Freitag 22 Dezember 2017 12:39:53|DDX|0,015629|1,894994|0,304762|0,091281|11,137817|1,780263|0,466537|80,851852
1513942793|Freitag 22 Dezember 2017 12:39:53|DDX|0,011722|1,898901|0,300855|0,068461|11,161076|1,757432|0,349316|80,990388
1513942793|Freitag 22 Dezember 2017 12:39:53|DDX|0,003907|1,887179|0,281319|0,022820|11,091304|1,643281|0,117328|81,520642
1513942793|Freitag 22 Dezember 2017 12:39:53|DDX|0,007814|1,894994|0,316484|0,045640|11,137817|1,848758|0,233042|80,515685
1513942794|Freitag 22 Dezember 2017 12:39:54|DDX|0,003907|1,891087|0,312576|0,022820|11,114560|1,825926|0,116795|80,613762
1513942794|Freitag 22 Dezember 2017 12:39:54|DDX|0,011722|1,887179|0,304762|0,068461|11,091304|1,780263|0,351318|80,819797
1513942794|Freitag 22 Dezember 2017 12:39:54|DDX|0,000000|1,887179|0,300855|0,000000|11,091304|1,757432|0,000000|80,942112
1513942794|Freitag 22 Dezember 2017 12:39:54|DDX|-0,003907|1,875458|0,351648|-0,022820|11,021549|2,054259|-0,117322|79,379704
1513942794|Freitag 22 Dezember 2017 12:39:54|DDX|0,000000|1,894994|0,343834|0,000000|11,137817|2,008590|0,000000|79,715947
1513942794|Freitag 22 Dezember 2017 12:39:54|DDX|0,007814|1,891087|0,363370|0,045640|11,114560|2,122765|0,232505|79,120800
1513942794|Freitag 22 Dezember 2017 12:39:54|DDX|-0,001954|1,891087|0,281319|-0,011410|11,114560|1,643281|-0,058546|81,538511
1513942794|Freitag 22 Dezember 2017 12:39:54|DDX|0,021490|1,891087|0,273504|0,125511|11,114560|1,597622|0,644357|81,745469
1513942794|Freitag 22 Dezember 2017 12:39:54|DDX|0,017582|1,893040|0,375092|0,102691|11,126188|2,191275|0,521996|78,780448
1513942794|Freitag 22 Dezember 2017 12:39:54|DDX|0,021490|1,881319|0,234432|0,125511|11,056425|1,369343|0,649418|82,867479
1513942794|Freitag 22 Dezember 2017 12:39:54|DDX|0,023443|1,887179|0,224664|0,136921|11,091304|1,312277|0,706722|83,174512
1513942794|Freitag 22 Dezember 2017 12:39:54|DDX|0,007814|1,902808|0,277411|0,045640|11,184338|1,620451|0,232838|81,702011
1513942794|Freitag 22 Dezember 2017 12:39:54|DDX|0,000000|1,883272|0,328205|0,000000|11,068051|1,917256|0,000000|80,114128
1513942794|Freitag 22 Dezember 2017 12:39:54|DDX|0,031258|1,871551|0,293040|0,182562|10,998301|1,711771|0,945319|81,051430
1513942794|Freitag 22 Dezember 2017 12:39:54|DDX|0,007814|1,894994|0,336020|0,045640|11,137817|1,962922|0,232641|79,942189
1513942794|Freitag 22 Dezember 2017 12:39:54|DDX|0,003907|1,883272|0,296947|0,022820|11,068051|1,734601|0,117420|81,038819
1513942794|Freitag 22 Dezember 2017 12:39:54|DDX|0,015629|1,887179|0,293040|0,091281|11,091304|1,711771|0,468870|81,161283
1513942794|Freitag 22 Dezember 2017 12:39:54|DDX|0,007814|1,883272|0,300855|0,045640|11,068051|1,757432|0,234764|80,920622
1513942794|Freitag 22 Dezember 2017 12:39:54|DDX|0,003907|1,887179|0,312576|0,022820|11,091304|1,825926|0,117030|80,594675
1513942794|Freitag 22 Dezember 2017 12:39:54|DDX|0,007814|1,875458|0,300855|0,045640|11,021549|1,757432|0,235717|80,883425
1513942795|Freitag 22 Dezember 2017 12:39:55|DDX|-0,011722|1,879365|0,308669|-0,068461|11,044799|1,803094|-0,352625|80,666341
1513942795|Freitag 22 Dezember 2017 12:39:55|DDX|-0,015629|1,898901|0,304762|-0,091281|11,161076|1,780263|-0,465601|80,870358
1513942795|Freitag 22 Dezember 2017 12:39:55|DDX|-0,015629|1,883272|0,339927|-0,091281|11,068051|1,985756|-0,467912|79,757815
1513942795|Freitag 22 Dezember 2017 12:39:55|DDX|0,035165|1,887179|0,293040|0,205382|11,091304|1,711771|1,054861|81,111314
1513942795|Freitag 22 Dezember 2017 12:39:55|DDX|0,013675|1,893040|0,253968|0,079871|11,126188|1,483480|0,410219|82,347947
1513942795|Freitag 22 Dezember 2017 12:39:55|DDX|0,048840|1,891087|0,238339|0,285254|11,114560|1,392170|1,467811|82,669052
1513942795|Freitag 22 Dezember 2017 12:39:55|DDX|0,009768|1,869597|0,285226|0,057051|10,986678|1,666110|0,295924|81,320827
1513942795|Freitag 22 Dezember 2017 12:39:55|DDX|0,007814|1,883272|0,287179|0,045640|11,068051|1,677525|0,235024|81,326619
1513942795|Freitag 22 Dezember 2017 12:39:55|DDX|0,011722|1,898901|0,248107|0,068461|11,161076|1,449238|0,350692|82,547783
1513942795|Freitag 22 Dezember 2017 12:39:55|DDX|0,027350|1,879365|0,306716|0,159742|11,044799|1,791679|0,822882|80,694813
1513942795|Freitag 22 Dezember 2017 12:39:55|DDX|0,023443|1,879365|0,257875|0,136921|11,044799|1,506308|0,708038|82,155181
1513942795|Freitag 22 Dezember 2017 12:39:55|DDX|0,027350|1,883272|0,324298|0,159742|11,068051|1,894423|0,819971|80,195521
1513942795|Freitag 22 Dezember 2017 12:39:55|DDX|0,003907|1,883272|0,308669|0,022820|11,068051|1,803094|0,117306|80,691225
1513942795|Freitag 22 Dezember 2017 12:39:55|DDX|0,007814|1,883272|0,312576|0,045640|11,068051|1,825926|0,234532|80,573343
1513942795|Freitag 22 Dezember 2017 12:39:55|DDX|0,000000|1,879365|0,289133|0,000000|11,044799|1,688940|0,000000|81,253838
1513942795|Freitag 22 Dezember 2017 12:39:55|DDX|0,011722|1,879365|0,293040|0,068461|11,044799|1,711771|0,353083|81,130536
1513942795|Freitag 22 Dezember 2017 12:39:55|DDX|0,003907|1,875458|0,320391|0,022820|11,021549|1,871590|0,117661|80,304849
1513942795|Freitag 22 Dezember 2017 12:39:55|DDX|0,011722|1,883272|0,293040|0,068461|11,068051|1,711771|0,352368|81,148646
1513942795|Freitag 22 Dezember 2017 12:39:55|DDX|0,035165|1,875458|0,296947|0,205382|11,021549|1,734601|1,060957|80,941029
1513942795|Freitag 22 Dezember 2017 12:39:55|DDX|0,050794|1,863736|0,316484|0,296664|10,951810|1,848758|1,539111|80,241485
1513942796|Freitag 22 Dezember 2017 12:39:56|DDX|-0,029304|1,891087|0,304762|-0,171152|11,114560|1,780263|-0,876470|80,803593
1513942796|Freitag 22 Dezember 2017 12:39:56|DDX|-0,007814|1,863736|0,296947|-0,045640|10,951810|1,734601|-0,237240|80,944123
1513942796|Freitag 22 Dezember 2017 12:39:56|DDX|0,011722|1,889133|0,238339|0,068461|11,102932|1,392170|0,352706|82,800762
1513942796|Freitag 22 Dezember 2017 12:39:56|DDX|0,037118|1,898901|0,261783|0,216793|11,161076|1,529136|1,109347|82,073158
1513942796|Freitag 22 Dezember 2017 12:39:56|DDX|0,001954|1,904762|0,328205|0,011410|11,195969|1,917256|0,057911|80,223327
1513942796|Freitag 22 Dezember 2017 12:39:56|DDX|0,003907|1,898901|0,341880|0,022820|11,161076|1,997173|0,116027|79,793090
1513942796|Freitag 22 Dezember 2017 12:39:56|DDX|0,007814|1,891087|0,271551|0,045640|11,114560|1,586207|0,234354|81,825132
1513942796|Freitag 22 Dezember 2017 12:39:56|DDX|0,039072|1,887179|0,316484|0,228203|11,091304|1,848758|1,169748|80,409040
1513942796|Freitag 22 Dezember 2017 12:39:56|DDX|-0,019536|1,910623|0,281319|-0,114101|11,230865|1,643281|-0,579578|81,604109
1513942796|Freitag 22 Dezember 2017 12:39:56|DDX|0,007814|1,906716|0,265690|0,045640|11,207600|1,551964|0,232570|82,063855
1513942796|Freitag 22 Dezember 2017 12:39:56|DDX|0,007814|1,891087|0,300855|0,045640|11,114560|1,757432|0,233818|80,957519
1513942796|Freitag 22 Dezember 2017 12:39:56|DDX|0,007814|1,887179|0,300855|0,045640|11,091304|1,757432|0,234290|80,939108
1513942796|Freitag 22 Dezember 2017 12:39:56|DDX|0,003907|1,894994|0,300855|0,022820|11,137817|1,757432|0,116674|80,978100
1513942796|Freitag 22 Dezember 2017 12:39:56|DDX|0,003907|1,879365|0,300855|0,022820|11,044799|1,757432|0,117620|80,904323
1513942796|Freitag 22 Dezember 2017 12:39:56|DDX|0,007814|1,891087|0,293040|0,045640|11,114560|1,711771|0,233966|81,188497
1513942796|Freitag 22 Dezember 2017 12:39:56|DDX|0,003907|1,875458|0,316484|0,022820|11,021549|1,848758|0,117702|80,420861
1513942796|Freitag 22 Dezember 2017 12:39:56|DDX|0,015629|1,883272|0,300855|0,091281|11,068051|1,757432|0,469520|80,911598
1513942796|Freitag 22 Dezember 2017 12:39:56|DDX|0,050794|1,879365|0,273504|0,296664|11,044799|1,597622|1,532027|81,580299
1513942796|Freitag 22 Dezember 2017 12:39:56|DDX|0,013675|1,887179|0,304762|0,079871|11,091304|1,780263|0,409870|80,817391
1513942797|Freitag 22 Dezember 2017 12:39:57|DDX|0,029304|1,902808|0,285226|0,171152|11,184338|1,666110|0,872562|81,430778
1513942797|Freitag 22 Dezember 2017 12:39:57|DDX|0,000000|1,881319|0,296947|0,000000|11,056425|1,734601|0,000000|81,030429
1513942797|Freitag 22 Dezember 2017 12:39:57|DDX|0,017582|1,889133|0,328205|0,102691|11,102932|1,917256|0,525375|80,130341
1513942797|Freitag 22 Dezember 2017 12:39:57|DDX|0,015629|1,893040|0,310623|0,091281|11,126188|1,814510|0,466778|80,669984
1513942797|Freitag 22 Dezember 2017 12:39:57|DDX|-0,003907|1,910623|0,326252|-0,022820|11,230865|1,905839|-0,115497|80,309143
1513942797|Freitag 22 Dezember 2017 12:39:57|DDX|0,019536|1,883272|0,320391|0,114101|11,068051|1,871590|0,585915|80,327429
1513942797|Freitag 22 Dezember 2017 12:39:57|DDX|-0,027350|1,887179|0,285226|-0,159742|11,091304|1,666110|-0,820993|81,366607
1513942797|Freitag 22 Dezember 2017 12:39:57|DDX|0,019536|1,891087|0,234432|0,114101|11,114560|1,369343|0,587382|82,909025
1513942797|Freitag 22 Dezember 2017 12:39:57|DDX|0,015629|1,902808|0,308669|0,091281|11,184338|1,803094|0,464519|80,774275
1513942797|Freitag 22 Dezember 2017 12:39:57|DDX|0,007814|1,891087|0,304762|0,045640|11,114560|1,780263|0,233742|80,842139
1513942797|Freitag 22 Dezember 2017 12:39:57|DDX|0,003907|1,894994|0,300855|0,022820|11,137817|1,757432|0,116674|80,978100
1513942797|Freitag 22 Dezember 2017 12:39:57|DDX|0,011722|1,894994|0,293040|0,068461|11,137817|1,711771|0,350240|81,202537
1513942797|Freitag 22 Dezember 2017 12:39:57|DDX|0,015629|1,879365|0,289133|0,091281|11,044799|1,688940|0,470921|81,241268
1513942797|Freitag 22 Dezember 2017 12:39:57|DDX|0,003907|1,879365|0,300855|0,022820|11,044799|1,757432|0,117620|80,904323
1513942797|Freitag 22 Dezember 2017 12:39:57|DDX|0,039072|1,871551|0,355556|0,228203|10,998301|2,077094|1,174971|79,179958
1513942797|Freitag 22 Dezember 2017 12:39:57|DDX|-0,007814|1,875458|0,308669|-0,045640|11,021549|1,803094|-0,235562|80,650915
1513942797|Freitag 22 Dezember 2017 12:39:57|DDX|-0,011722|1,863736|0,359463|-0,068461|10,951810|2,099930|-0,353825|79,077627
1513942797|Freitag 22 Dezember 2017 12:39:57|DDX|0,015629|1,883272|0,304762|0,091281|11,068051|1,780263|0,469367|80,795884
1513942797|Freitag 22 Dezember 2017 12:39:57|DDX|0,015629|1,885226|0,269597|0,091281|11,079677|1,574793|0,470197|81,848105
1513942797|Freitag 22 Dezember 2017 12:39:57|DDX|-0,015629|1,893040|0,277411|-0,091281|11,126188|1,620451|-0,468021|81,650021
1513942798|Freitag 22 Dezember 2017 12:39:58|DDX|0,017582|1,894994|0,322344|0,102691|11,137817|1,883007|0,524068|80,332134
1513942798|Freitag 22 Dezember 2017 12:39:58|DDX|0,015629|1,891087|0,343834|0,091281|11,114560|2,008590|0,465871|79,684742
1513942798|Freitag 22 Dezember 2017 12:39:58|DDX|0,015629|1,891087|0,310623|0,091281|11,114560|1,814510|0,467247|80,660515
1513942798|Freitag 22 Dezember 2017 12:39:58|DDX|0,019536|1,898901|0,289133|0,114101|11,161076|1,688940|0,582726|81,323009
1513942798|Freitag 22 Dezember 2017 12:39:58|DDX|0,042979|1,871551|0,336020|0,251023|10,998301|1,962922|1,294841|79,740349
1513942798|Freitag 22 Dezember 2017 12:39:58|DDX|0,003907|1,891087|0,332112|0,022820|11,114560|1,940089|0,116595|80,038624
1513942798|Freitag 22 Dezember 2017 12:39:58|DDX|0,007814|1,887179|0,308669|0,045640|11,091304|1,803094|0,234137|80,707968
1513942798|Freitag 22 Dezember 2017 12:39:58|DDX|0,000000|1,898901|0,289133|0,000000|11,161076|1,688940|0,000000|81,342449
1513942798|Freitag 22 Dezember 2017 12:39:58|DDX|0,003907|1,887179|0,304762|0,022820|11,091304|1,780263|0,117107|80,825724
1513942798|Freitag 22 Dezember 2017 12:39:58|DDX|0,000000|1,891087|0,296947|0,000000|11,114560|1,734601|0,000000|81,076012
1513942798|Freitag 22 Dezember 2017 12:39:58|DDX|0,015629|1,891087|0,293040|0,091281|11,114560|1,711771|0,467924|81,179257
1513942798|Freitag 22 Dezember 2017 12:39:58|DDX|0,003907|1,891087|0,281319|0,022820|11,114560|1,643281|0,117091|81,537908
1513942798|Freitag 22 Dezember 2017 12:39:58|DDX|0,050794|1,871551|0,324298|0,296664|10,998301|1,894423|1,531804|80,052064
1513942798|Freitag 22 Dezember 2017 12:39:58|DDX|0,035165|1,871551|0,347741|0,205382|10,998301|2,031425|1,058303|79,421788
1513942798|Freitag 22 Dezember 2017 12:39:58|DDX|0,029304|1,875458|0,246154|0,171152|11,021549|1,437824|0,887563|82,470474
1513942798|Freitag 22 Dezember 2017 12:39:58|DDX|0,000000|1,887179|0,378999|0,000000|11,091304|2,214112|0,000000|78,644450
1513942798|Freitag 22 Dezember 2017 12:39:58|DDX|0,001954|1,881319|0,285226|0,011410|11,056425|1,666110|0,058825|81,378865
1513942798|Freitag 22 Dezember 2017 12:39:58|DDX|0,011722|1,875458|0,361416|0,068461|11,021549|2,111348|0,351625|79,086741
1513942798|Freitag 22 Dezember 2017 12:39:58|DDX|0,019536|1,894994|0,316484|0,114101|11,137817|1,848758|0,582589|80,500803
1513942798|Freitag 22 Dezember 2017 12:39:58|DDX|0,039072|1,889133|0,267643|0,228203|11,102932|1,563379|1,173141|81,851939
1513942799|Freitag 22 Dezember 2017 12:39:59|DDX|0,031258|1,902808|0,242247|0,182562|11,184338|1,414997|0,933585|82,685201
1513942799|Freitag 22 Dezember 2017 12:39:59|DDX|0,023443|1,887179|0,269597|0,136921|11,091304|1,574793|0,704560|81,839630
1513942799|Freitag 22 Dezember 2017 12:39:59|DDX|0,042979|1,891087|0,281319|0,251023|11,114560|1,643281|1,287786|81,441979
1513942799|Freitag 22 Dezember 2017 12:39:59|DDX|0,019536|1,887179|0,304762|0,114101|11,091304|1,780263|0,585518|80,807957
1513942799|Freitag 22 Dezember 2017 12:39:59|DDX|0,003907|1,887179|0,296947|0,022820|11,091304|1,734601|0,117183|81,057072
1513942799|Freitag 22 Dezember 2017 12:39:59|DDX|0,007814|1,891087|0,300855|0,045640|11,114560|1,757432|0,233818|80,957519
1513942799|Freitag 22 Dezember 2017 12:39:59|DDX|0,015629|1,875458|0,300855|0,091281|11,021549|1,757432|0,471427|80,874365
1513942799|Freitag 22 Dezember 2017 12:39:59|DDX|0,007814|1,879365|0,296947|0,045640|11,044799|1,734601|0,235315|81,018199
1513942799|Freitag 22 Dezember 2017 12:39:59|DDX|0,007814|1,887179|0,296947|0,045640|11,091304|1,734601|0,234365|81,054788
1513942799|Freitag 22 Dezember 2017 12:39:59|DDX|-0,011722|1,887179|0,269597|-0,068461|11,091304|1,574793|-0,352293|81,862320
1513942799|Freitag 22 Dezember 2017 12:39:59|DDX|0,031258|1,894994|0,277411|0,182562|11,137817|1,620451|0,935035|81,619573
1513942799|Freitag 22 Dezember 2017 12:39:59|DDX|-0,007814|1,894994|0,312576|-0,045640|11,137817|1,825926|-0,233120|80,630615
1513942799|Freitag 22 Dezember 2017 12:39:59|DDX|0,025397|1,894994|0,222711|0,148332|11,137817|1,300864|0,762588|83,253975
1513942799|Freitag 22 Dezember 2017 12:39:59|DDX|0,017582|1,875458|0,293040|0,102691|11,021549|1,711771|0,530693|81,103625
1513942799|Freitag 22 Dezember 2017 12:39:59|DDX|0,027350|1,877411|0,265690|0,159742|11,033174|1,551964|0,826402|81,903031
1513942799|Freitag 22 Dezember 2017 12:39:59|DDX|0,021490|1,863736|0,316484|0,125511|10,951810|1,848758|0,651291|80,340688
1513942799|Freitag 22 Dezember 2017 12:39:59|DDX|-0,003907|1,885226|0,357509|-0,022820|11,079677|2,088512|-0,116668|79,261465
1513942799|Freitag 22 Dezember 2017 12:39:59|DDX|-0,015629|1,894994|0,345788|-0,091281|11,137817|2,020007|-0,464856|79,648443
1513942799|Freitag 22 Dezember 2017 12:39:59|DDX|0,003907|1,910623|0,261783|0,022820|11,230865|1,529136|0,116085|82,197378
1513942799|Freitag 22 Dezember 2017 12:39:59|DDX|0,046886|1,875458|0,253968|0,273844|11,021549|1,483480|1,419149|82,159395
1513942800|Freitag 22 Dezember 2017 12:40:00|DDX|0,007814|1,898901|0,296947|0,045640|11,161076|1,734601|0,232953|81,109121
1513942800|Freitag 22 Dezember 2017 12:40:00|DDX|0,011722|1,898901|0,304762|0,068461|11,161076|1,780263|0,349204|80,875509
1513942800|Freitag 22 Dezember 2017 12:40:00|DDX|0,015629|1,883272|0,304762|0,091281|11,068051|1,780263|0,469367|80,795884
1513942800|Freitag 22 Dezember 2017 12:40:00|DDX|0,015629|1,891087|0,293040|0,091281|11,114560|1,711771|0,467924|81,179257
1513942800|Freitag 22 Dezember 2017 12:40:00|DDX|0,023443|1,891087|0,300855|0,136921|11,114560|1,757432|0,701422|80,933570
1513942800|Freitag 22 Dezember 2017 12:40:00|DDX|0,000000|1,898901|0,281319|0,000000|11,161076|1,643281|0,000000|81,573031
1513942800|Freitag 22 Dezember 2017 12:40:00|DDX|-0,011722|1,891087|0,296947|-0,068461|11,114560|1,734601|-0,350836|81,069174
1513942800|Freitag 22 Dezember 2017 12:40:00|DDX|0,031258|1,875458|0,336020|0,182562|11,021549|1,962922|0,939878|79,799346
1513942800|Freitag 22 Dezember 2017 12:40:00|DDX|0,003907|1,898901|0,359463|0,022820|11,161076|2,099930|0,115835|79,280106
1513942800|Freitag 22 Dezember 2017 12:40:00|DDX|0,009768|1,898901|0,281319|0,057051|11,161076|1,643281|0,291547|81,568026
1513942800|Freitag 22 Dezember 2017 12:40:00|DDX|0,027350|1,881319|0,293040|0,159742|11,056425|1,711771|0,822979|81,108703
1513942800|Freitag 22 Dezember 2017 12:40:00|DDX|0,017582|1,877411|0,287179|0,102691|11,033174|1,677525|0,530404|81,287092
1513942800|Freitag 22 Dezember 2017 12:40:00|DDX|0,021490|1,881319|0,275458|0,125511|11,056425|1,609037|0,647537|81,645134
1513942800|Freitag 22 Dezember 2017 12:40:00|DDX|-0,007814|1,877411|0,330159|-0,045640|11,033174|1,928672|-0,234878|80,023299
1513942800|Freitag 22 Dezember 2017 12:40:00|DDX|0,039072|1,887179|0,330159|0,228203|11,091304|1,928672|1,168339|80,008775
1513942800|Freitag 22 Dezember 2017 12:40:00|DDX|-0,003907|1,883272|0,343834|-0,022820|11,068051|2,008590|-0,116938|79,652663
1513942800|Freitag 22 Dezember 2017 12:40:00|DDX|0,007814|1,867643|0,285226|0,045640|10,975055|1,666110|0,236982|81,313691
1513942800|Freitag 22 Dezember 2017 12:40:00|DDX|0,003907|1,898901|0,304762|0,022820|11,161076|1,780263|0,116403|80,881401
1513942800|Freitag 22 Dezember 2017 12:40:00|DDX|0,003907|1,891087|0,316484|0,022820|11,114560|1,848758|0,116756|80,498578
1513942801|Freitag 22 Dezember 2017 12:40:01|DDX|0,007814|1,887179|0,300855|0,045640|11,091304|1,757432|0,234290|80,939108
1513942801|Freitag 22 Dezember 2017 12:40:01|DDX|0,003907|1,883272|0,300855|0,022820|11,068051|1,757432|0,117382|80,922880
1513942801|Freitag 22 Dezember 2017 12:40:01|DDX|0,003907|1,883272|0,293040|0,022820|11,068051|1,711771|0,117457|81,154833
1513942801|Freitag 22 Dezember 2017 12:40:01|DDX|0,003907|1,887179|0,304762|0,022820|11,091304|1,780263|0,117107|80,825724
1513942801|Freitag 22 Dezember 2017 12:40:01|DDX|0,015629|1,898901|0,308669|0,091281|11,161076|1,803094|0,465451|80,755619
1513942801|Freitag 22 Dezember 2017 12:40:01|DDX|0,023443|1,863736|0,378999|0,136921|10,951810|2,214112|0,706211|78,484010
1513942801|Freitag 22 Dezember 2017 12:40:01|DDX|0,023443|1,891087|0,320391|0,136921|11,114560|1,871590|0,700264|80,358948
1513942801|Freitag 22 Dezember 2017 12:40:01|DDX|0,033211|1,887179|0,281319|0,193972|11,091304|1,643281|0,997190|81,463434
1513942801|Freitag 22 Dezember 2017 12:40:01|DDX|0,054701|1,893040|0,257875|0,319485|11,126188|1,506308|1,640007|82,072321
1513942801|Freitag 22 Dezember 2017 12:40:01|DDX|0,003907|1,889133|0,336020|0,022820|11,102932|1,962922|0,116671|79,913629
1513942801|Freitag 22 Dezember 2017 12:40:01|DDX|0,044933|1,873504|0,287179|0,262433|11,009925|1,677525|1,358024|81,180898
1513942801|Freitag 22 Dezember 2017 12:40:01|DDX|0,000000|1,902808|0,265690|0,000000|11,184338|1,551964|0,000000|82,051161
1513942801|Freitag 22 Dezember 2017 12:40:01|DDX|0,000000|1,887179|0,330159|0,000000|11,091304|1,928672|0,000000|80,076632
1513942801|Freitag 22 Dezember 2017 12:40:01|DDX|-0,007814|1,902808|0,361416|-0,045640|11,184338|2,111348|-0,231167|79,242985
1513942801|Freitag 22 Dezember 2017 12:40:01|DDX|0,000000|1,898901|0,336020|0,000000|11,161076|1,962922|0,000000|79,965121
1513942801|Freitag 22 Dezember 2017 12:40:01|DDX|0,003907|1,875458|0,312576|0,022820|11,021549|1,825926|0,117742|80,536952
1513942801|Freitag 22 Dezember 2017 12:40:01|DDX|0,015629|1,887179|0,304762|0,091281|11,091304|1,780263|0,468420|80,814615
1513942801|Freitag 22 Dezember 2017 12:40:01|DDX|0,015629|1,894994|0,304762|0,091281|11,137817|1,780263|0,466537|80,851852
1513942801|Freitag 22 Dezember 2017 12:40:01|DDX|0,003907|1,891087|0,320391|0,022820|11,114560|1,871590|0,116716|80,383471
1513942801|Freitag 22 Dezember 2017 12:40:01|DDX|0,011722|1,891087|0,304762|0,068461|11,114560|1,780263|0,350611|80,838443
1513942802|Freitag 22 Dezember 2017 12:40:02|DDX|0,007814|1,894994|0,289133|0,045640|11,137817|1,688940|0,233567|81,321750
1513942802|Freitag 22 Dezember 2017 12:40:02|DDX|0,015629|1,891087|0,300855|0,091281|11,114560|1,757432|0,467627|80,948530
1513942802|Freitag 22 Dezember 2017 12:40:02|DDX|-0,011722|1,883272|0,328205|-0,068461|11,068051|1,917256|-0,351313|80,107950
1513942802|Freitag 22 Dezember 2017 12:40:02|DDX|0,035165|1,891087|0,320391|0,205382|11,114560|1,871590|1,050331|80,327516
1513942802|Freitag 22 Dezember 2017 12:40:02|DDX|0,041026|1,891087|0,293040|0,239613|11,114560|1,711771|1,228139|81,107042
1513942802|Freitag 22 Dezember 2017 12:40:02|DDX|0,019536|1,902808|0,230525|0,114101|11,184338|1,346517|0,583962|83,067766
1513942802|Freitag 22 Dezember 2017 12:40:02|DDX|0,011722|1,881319|0,343834|0,068461|11,056425|2,008590|0,351162|79,636918
1513942802|Freitag 22 Dezember 2017 12:40:02|DDX|0,011722|1,873504|0,328205|0,068461|11,009925|1,917256|0,353090|80,057402
1513942802|Freitag 22 Dezember 2017 12:40:02|DDX|0,019536|1,883272|0,308669|0,114101|11,068051|1,803094|0,586508|80,673660
1513942802|Freitag 22 Dezember 2017 12:40:02|DDX|-0,007814|1,885226|0,289133|-0,045640|11,079677|1,688940|-0,234749|81,277474
1513942802|Freitag 22 Dezember 2017 12:40:02|DDX|0,007814|1,875458|0,343834|0,045640|11,021549|2,008590|0,234817|79,608518
1513942802|Freitag 22 Dezember 2017 12:40:02|DDX|0,015629|1,898901|0,332112|0,091281|11,161076|1,940089|0,464509|80,068714
1513942802|Freitag 22 Dezember 2017 12:40:02|DDX|0,023443|1,887179|0,238339|0,136921|11,091304|1,392170|0,706104|82,767627
1513942802|Freitag 22 Dezember 2017 12:40:02|DDX|0,007814|1,898901|0,289133|0,045640|11,161076|1,688940|0,233097|81,339335
1513942802|Freitag 22 Dezember 2017 12:40:02|DDX|0,011722|1,898901|0,293040|0,068461|11,161076|1,711771|0,349536|81,220357
1513942802|Freitag 22 Dezember 2017 12:40:02|DDX|0,007814|1,894994|0,316484|0,045640|11,137817|1,848758|0,233042|80,515685
1513942802|Freitag 22 Dezember 2017 12:40:02|DDX|0,003907|1,887179|0,296947|0,022820|11,091304|1,734601|0,117183|81,057072
1513942802|Freitag 22 Dezember 2017 12:40:02|DDX|0,003907|1,883272|0,308669|0,022820|11,068051|1,803094|0,117306|80,691225
1513942802|Freitag 22 Dezember 2017 12:40:02|DDX|0,007814|1,898901|0,312576|0,045640|11,161076|1,825926|0,232653|80,649553
1513942802|Freitag 22 Dezember 2017 12:40:02|DDX|0,031258|1,875458|0,285226|0,182562|11,021549|1,666110|0,943989|81,301548
1513942803|Freitag 22 Dezember 2017 12:40:03|DDX|0,015629|1,883272|0,304762|0,091281|11,068051|1,780263|0,469367|80,795884
1513942803|Freitag 22 Dezember 2017 12:40:03|DDX|-0,015629|1,898901|0,273504|-0,091281|11,161076|1,597622|-0,466743|81,790700
1513942803|Freitag 22 Dezember 2017 12:40:03|DDX|0,027350|1,879365|0,289133|0,159742|11,044799|1,688940|0,824074|81,215402
1513942803|Freitag 22 Dezember 2017 12:40:03|DDX|0,000000|1,877411|0,382906|0,000000|11,033174|2,236949|0,000000|78,472388
1513942803|Freitag 22 Dezember 2017 12:40:03|DDX|0,007814|1,898901|0,330159|0,045640|11,161076|1,928672|0,232299|80,133973
1513942803|Freitag 22 Dezember 2017 12:40:03|DDX|0,003907|1,898901|0,277411|0,022820|11,161076|1,620451|0,116654|81,687613
1513942803|Freitag 22 Dezember 2017 12:40:03|DDX|0,011722|1,883272|0,361416|0,068461|11,068051|2,111348|0,350218|79,130943
1513942803|Freitag 22 Dezember 2017 12:40:03|DDX|0,015629|1,887179|0,294994|0,091281|11,091304|1,723186|0,468796|81,103462
1513942803|Freitag 22 Dezember 2017 12:40:03|DDX|0,007814|1,898901|0,339927|0,045640|11,161076|1,985756|0,232094|79,848223
1513942803|Freitag 22 Dezember 2017 12:40:03|DDX|0,000000|1,887179|0,285226|0,000000|11,091304|1,666110|0,000000|81,405437
1513942803|Freitag 22 Dezember 2017 12:40:03|DDX|0,023443|1,879365|0,285226|0,136921|11,044799|1,666110|0,706581|81,341578
1513942803|Freitag 22 Dezember 2017 12:40:03|DDX|0,011722|1,891087|0,304762|0,068461|11,114560|1,780263|0,350611|80,838443
1513942803|Freitag 22 Dezember 2017 12:40:03|DDX|0,011722|1,891087|0,296947|0,068461|11,114560|1,734601|0,350836|81,069174
1513942803|Freitag 22 Dezember 2017 12:40:03|DDX|0,003907|1,871551|0,300855|0,022820|10,998301|1,757432|0,118099|80,866984
1513942803|Freitag 22 Dezember 2017 12:40:03|DDX|0,011722|1,883272|0,304762|0,068461|11,068051|1,780263|0,352029|80,801077
1513942803|Freitag 22 Dezember 2017 12:40:03|DDX|0,007814|1,887179|0,304762|0,045640|11,091304|1,780263|0,234214|80,823501
1513942803|Freitag 22 Dezember 2017 12:40:03|DDX|0,003907|1,883272|0,316484|0,022820|11,068051|1,848758|0,117227|80,459876
1513942803|Freitag 22 Dezember 2017 12:40:03|DDX|-0,023443|1,902808|0,293040|-0,136921|11,184338|1,711771|-0,697643|81,217461
1513942803|Freitag 22 Dezember 2017 12:40:03|DDX|0,003907|1,883272|0,218803|0,022820|11,068051|1,278038|0,118076|83,371894
1513942803|Freitag 22 Dezember 2017 12:40:03|DDX|0,019536|1,891087|0,234432|0,114101|11,114560|1,369343|0,587382|82,909025
1513942804|Freitag 22 Dezember 2017 12:40:04|DDX|0,015629|1,893040|0,394628|0,091281|11,126188|2,305464|0,463065|78,215655
1513942804|Freitag 22 Dezember 2017 12:40:04|DDX|0,005861|1,883272|0,289133|0,034230|11,068051|1,688940|0,176241|81,269938
1513942804|Freitag 22 Dezember 2017 12:40:04|DDX|0,029304|1,885226|0,341880|0,171152|11,079677|1,997173|0,876247|79,684399
1513942804|Freitag 22 Dezember 2017 12:40:04|DDX|-0,003907|1,896947|0,322344|-0,022820|11,149447|1,883007|-0,116346|80,355274
1513942804|Freitag 22 Dezember 2017 12:40:04|DDX|0,019536|1,883272|0,300855|0,114101|11,068051|1,757432|0,586892|80,904836
1513942804|Freitag 22 Dezember 2017 12:40:04|DDX|0,027350|1,891087|0,285226|0,159742|11,114560|1,666110|0,819335|81,384177
1513942804|Freitag 22 Dezember 2017 12:40:04|DDX|0,015629|1,879365|0,343834|0,091281|11,044799|2,008590|0,468682|79,621799
1513942804|Freitag 22 Dezember 2017 12:40:04|DDX|-0,003907|1,891087|0,281319|-0,022820|11,114560|1,643281|-0,117091|81,537908
1513942804|Freitag 22 Dezember 2017 12:40:04|DDX|0,003907|1,875458|0,304762|0,022820|11,021549|1,780263|0,117821|80,769368
1513942804|Freitag 22 Dezember 2017 12:40:04|DDX|0,015629|1,894994|0,289133|0,091281|11,137817|1,688940|0,467126|81,312398
1513942804|Freitag 22 Dezember 2017 12:40:04|DDX|0,011722|1,891087|0,285226|0,068461|11,114560|1,666110|0,351163|81,415798
1513942804|Freitag 22 Dezember 2017 12:40:04|DDX|0,007814|1,883272|0,300855|0,045640|11,068051|1,757432|0,234764|80,920622
1513942804|Freitag 22 Dezember 2017 12:40:04|DDX|0,015629|1,883272|0,304762|0,091281|11,068051|1,780263|0,469367|80,795884
1513942804|Freitag 22 Dezember 2017 12:40:04|DDX|0,000000|1,894994|0,293040|0,000000|11,137817|1,711771|0,000000|81,209457
1513942804|Freitag 22 Dezember 2017 12:40:04|DDX|0,031258|1,875458|0,238339|0,182562|11,021549|1,392170|0,947224|82,696132
1513942804|Freitag 22 Dezember 2017 12:40:04|DDX|0,031258|1,894994|0,293040|0,182562|11,137817|1,711771|0,933901|81,160375
1513942804|Freitag 22 Dezember 2017 12:40:04|DDX|0,009768|1,906716|0,246154|0,057051|11,207600|1,437824|0,291105|82,638169
1513942804|Freitag 22 Dezember 2017 12:40:04|DDX|-0,001954|1,889133|0,253968|-0,011410|11,102932|1,483480|-0,058723|82,343045
1513942804|Freitag 22 Dezember 2017 12:40:04|DDX|0,033211|1,877411|0,328205|0,193972|11,033174|1,917256|0,998314|80,034252
1513942805|Freitag 22 Dezember 2017 12:40:05|DDX|0,023443|1,885226|0,337973|0,136921|11,079677|1,974339|0,701271|79,812378
1513942805|Freitag 22 Dezember 2017 12:40:05|DDX|0,011722|1,885226|0,332112|0,068461|11,079677|1,940089|0,350836|80,002861
1513942805|Freitag 22 Dezember 2017 12:40:05|DDX|0,035165|1,894994|0,285226|0,205382|11,137817|1,666110|1,051260|81,376516
1513942805|Freitag 22 Dezember 2017 12:40:05|DDX|0,003907|1,867643|0,384860|0,022820|10,975055|2,248368|0,117399|78,355637
1513942805|Freitag 22 Dezember 2017 12:40:05|DDX|0,007814|1,883272|0,326252|0,045640|11,068051|1,905839|0,234251|80,169058
1513942805|Freitag 22 Dezember 2017 12:40:05|DDX|0,007814|1,875458|0,382906|0,045640|11,021549|2,236949|0,233906|78,458364
1513942805|Freitag 22 Dezember 2017 12:40:05|DDX|0,007814|1,879365|0,300855|0,045640|11,044799|1,757432|0,235240|80,902061
1513942805|Freitag 22 Dezember 2017 12:40:05|DDX|0,007814|1,875458|0,296947|0,045640|11,021549|1,734601|0,235794|80,999793
1513942805|Freitag 22 Dezember 2017 12:40:05|DDX|0,007814|1,891087|0,308669|0,045640|11,114560|1,803094|0,233666|80,726833
1513942805|Freitag 22 Dezember 2017 12:40:05|DDX|0,011722|1,883272|0,304762|0,068461|11,068051|1,780263|0,352029|80,801077
1513942805|Freitag 22 Dezember 2017 12:40:05|DDX|0,007814|1,887179|0,300855|0,045640|11,091304|1,757432|0,234290|80,939108
1513942805|Freitag 22 Dezember 2017 12:40:05|DDX|0,007814|1,891087|0,296947|0,045640|11,114560|1,734601|0,233892|81,072972
1513942805|Freitag 22 Dezember 2017 12:40:05|DDX|0,011722|1,887179|0,328205|0,068461|11,091304|1,917256|0,350607|80,128027
1513942805|Freitag 22 Dezember 2017 12:40:05|DDX|-0,019536|1,891087|0,293040|-0,114101|11,114560|1,711771|-0,584897|81,172334
1513942805|Freitag 22 Dezember 2017 12:40:05|DDX|-0,027350|1,894994|0,289133|-0,159742|11,137817|1,688940|-0,817433|81,286736
1513942805|Freitag 22 Dezember 2017 12:40:05|DDX|0,017582|1,879365|0,316484|0,102691|11,044799|1,848758|0,528574|80,426656
1513942805|Freitag 22 Dezember 2017 12:40:05|DDX|0,007814|1,898901|0,238339|0,045640|11,161076|1,392170|0,233948|82,842162
1513942805|Freitag 22 Dezember 2017 12:40:05|DDX|0,033211|1,891087|0,238339|0,193972|11,114560|1,392170|0,998229|82,748044
1513942805|Freitag 22 Dezember 2017 12:40:05|DDX|0,023443|1,896947|0,224664|0,136921|11,149447|1,312277|0,703134|83,209329
1513942805|Freitag 22 Dezember 2017 12:40:05|DDX|0,015629|1,894994|0,304762|0,091281|11,137817|1,780263|0,466537|80,851852
1513942806|Freitag 22 Dezember 2017 12:40:06|DDX|0,007814|1,875458|0,304762|0,045640|11,021549|1,780263|0,235640|80,767132
1513942806|Freitag 22 Dezember 2017 12:40:06|DDX|0,019536|1,879365|0,246154|0,114101|11,044799|1,437824|0,590525|82,514842
1513942806|Freitag 22 Dezember 2017 12:40:06|DDX|-0,003907|1,879365|0,328205|-0,022820|11,044799|1,917256|-0,117342|80,093294
1513942806|Freitag 22 Dezember 2017 12:40:06|DDX|0,019536|1,894994|0,300855|0,114101|11,137817|1,757432|0,583352|80,960163
1513942806|Freitag 22 Dezember 2017 12:40:06|DDX|0,000000|1,894994|0,300855|0,000000|11,137817|1,757432|0,000000|80,978849
1513942806|Freitag 22 Dezember 2017 12:40:06|DDX|0,011722|1,891087|0,300855|0,068461|11,114560|1,757432|0,350724|80,953772
1513942806|Freitag 22 Dezember 2017 12:40:06|DDX|0,000000|1,879365|0,312576|0,000000|11,044799|1,825926|0,000000|80,556995
1513942806|Freitag 22 Dezember 2017 12:40:06|DDX|0,015629|1,879365|0,300855|0,091281|11,044799|1,757432|0,470471|80,893019
1513942806|Freitag 22 Dezember 2017 12:40:06|DDX|0,000000|1,887179|0,300855|0,000000|11,091304|1,757432|0,000000|80,942112
1513942806|Freitag 22 Dezember 2017 12:40:06|DDX|0,000000|1,894994|0,339927|0,000000|11,137817|1,985756|0,000000|79,830359
1513942806|Freitag 22 Dezember 2017 12:40:06|DDX|0,031258|1,887179|0,296947|0,182562|11,091304|1,734601|0,937380|81,009234
1513942806|Freitag 22 Dezember 2017 12:40:06|DDX|0,084005|1,891087|0,250061|0,490641|11,114560|1,460652|2,521571|82,058859
1513942806|Freitag 22 Dezember 2017 12:40:06|DDX|0,013675|1,894994|0,304762|0,079871|11,137817|1,780263|0,408222|80,854616
1513942806|Freitag 22 Dezember 2017 12:40:06|DDX|-0,015629|1,885226|0,371184|-0,091281|11,079677|2,168438|-0,466033|78,851818
1513942806|Freitag 22 Dezember 2017 12:40:06|DDX|-0,023443|1,885226|0,304762|-0,136921|11,079677|1,780263|-0,703320|80,790456
1513942806|Freitag 22 Dezember 2017 12:40:06|DDX|0,027350|1,887179|0,312576|0,159742|11,091304|1,825926|0,819157|80,560109
1513942806|Freitag 22 Dezember 2017 12:40:06|DDX|0,003907|1,898901|0,312576|0,022820|11,161076|1,825926|0,116327|80,651705
1513942806|Freitag 22 Dezember 2017 12:40:06|DDX|-0,011722|1,894994|0,287179|-0,068461|11,137817|1,677525|-0,350402|81,375535
1513942806|Freitag 22 Dezember 2017 12:40:06|DDX|-0,003907|1,894994|0,312576|-0,022820|11,137817|1,825926|-0,116560|80,632771
1513942806|Freitag 22 Dezember 2017 12:40:06|DDX|0,023443|1,891087|0,285226|0,136921|11,114560|1,666110|0,702299|81,394440
1513942807|Freitag 22 Dezember 2017 12:40:07|DDX|0,011722|1,879365|0,269597|0,068461|11,044799|1,574793|0,353729|81,828939
1513942807|Freitag 22 Dezember 2017 12:40:07|DDX|0,007814|1,883272|0,289133|0,045640|11,068051|1,688940|0,234987|81,268566
1513942807|Freitag 22 Dezember 2017 12:40:07|DDX|0,000000|1,894994|0,304762|0,000000|11,137817|1,780263|0,000000|80,863654
1513942807|Freitag 22 Dezember 2017 12:40:07|DDX|0,003907|1,891087|0,312576|0,022820|11,114560|1,825926|0,116795|80,613762
1513942807|Freitag 22 Dezember 2017 12:40:07|DDX|0,003907|1,898901|0,312576|0,022820|11,161076|1,825926|0,116327|80,651705
1513942807|Freitag 22 Dezember 2017 12:40:07|DDX|0,007814|1,887179|0,285226|0,045640|11,091304|1,666110|0,234584|81,402260
1513942807|Freitag 22 Dezember 2017 12:40:07|DDX|0,011722|1,879365|0,285226|0,068461|11,044799|1,666110|0,353304|81,363064
1513942807|Freitag 22 Dezember 2017 12:40:07|DDX|0,031258|1,891087|0,242247|0,182562|11,114560|1,414997|0,939278|82,640357
1513942807|Freitag 22 Dezember 2017 12:40:07|DDX|-0,015629|1,910623|0,320391|-0,091281|11,230865|1,871590|-0,462213|80,469575
1513942807|Freitag 22 Dezember 2017 12:40:07|DDX|0,003907|1,894994|0,265690|0,022820|11,137817|1,551964|0,116991|82,017952
1513942807|Freitag 22 Dezember 2017 12:40:07|DDX|0,033211|1,885226|0,296947|0,193972|11,079677|1,734601|0,996962|80,993819
1513942807|Freitag 22 Dezember 2017 12:40:07|DDX|0,029304|1,887179|0,341880|0,171152|11,091304|1,997173|0,875369|79,694848
1513942807|Freitag 22 Dezember 2017 12:40:07|DDX|0,019536|1,893040|0,285226|0,114101|11,126188|1,666110|0,584668|81,411874
1513942807|Freitag 22 Dezember 2017 12:40:07|DDX|0,007814|1,885226|0,300855|0,045640|11,079677|1,757432|0,234527|80,929874
1513942807|Freitag 22 Dezember 2017 12:40:07|DDX|0,019536|1,887179|0,279365|0,114101|11,091304|1,631866|0,586710|81,559212
1513942807|Freitag 22 Dezember 2017 12:40:07|DDX|0,015629|1,902808|0,275458|0,091281|11,184338|1,609037|0,465737|81,749799
1513942807|Freitag 22 Dezember 2017 12:40:07|DDX|0,019536|1,871551|0,226618|0,114101|10,998301|1,323690|0,593719|83,070559
1513942807|Freitag 22 Dezember 2017 12:40:07|DDX|0,007814|1,891087|0,261783|0,045640|11,114560|1,529136|0,234522|82,115181
1513942807|Freitag 22 Dezember 2017 12:40:07|DDX|0,000000|1,883272|0,300855|0,000000|11,068051|1,757432|0,000000|80,923632
1513942808|Freitag 22 Dezember 2017 12:40:08|DDX|0,007814|1,891087|0,312576|0,045640|11,114560|1,825926|0,233589|80,611602
1513942808|Freitag 22 Dezember 2017 12:40:08|DDX|0,011722|1,891087|0,289133|0,068461|11,114560|1,688940|0,351055|81,300188
1513942808|Freitag 22 Dezember 2017 12:40:08|DDX|0,011722|1,898901|0,308669|0,068461|11,161076|1,803094|0,349091|80,760702
1513942808|Freitag 22 Dezember 2017 12:40:08|DDX|0,007814|1,887179|0,316484|0,045640|11,091304|1,848758|0,233981|80,477130
1513942808|Freitag 22 Dezember 2017 12:40:08|DDX|0,007814|1,887179|0,316484|0,045640|11,091304|1,848758|0,233981|80,477130
1513942808|Freitag 22 Dezember 2017 12:40:08|DDX|0,027350|1,883272|0,261783|0,159742|11,068051|1,529136|0,824115|82,043835
1513942808|Freitag 22 Dezember 2017 12:40:08|DDX|0,007814|1,867643|0,265690|0,045640|10,975055|1,551964|0,237340|81,900008
1513942808|Freitag 22 Dezember 2017 12:40:08|DDX|0,011722|1,871551|0,293040|0,068461|10,998301|1,711771|0,354522|81,094095
1513942808|Freitag 22 Dezember 2017 12:40:08|DDX|-0,005861|1,894994|0,359463|-0,034230|11,137817|2,099930|-0,174098|79,257743
1513942808|Freitag 22 Dezember 2017 12:40:08|DDX|0,013675|1,894994|0,273504|0,079871|11,137817|1,597622|0,409227|81,777101
1513942808|Freitag 22 Dezember 2017 12:40:08|DDX|0,015629|1,893040|0,330159|0,091281|11,126188|1,928672|0,465986|80,095888
1513942808|Freitag 22 Dezember 2017 12:40:08|DDX|-0,023443|1,883272|0,283272|-0,136921|11,068051|1,654695|-0,705256|81,417176
1513942808|Freitag 22 Dezember 2017 12:40:08|DDX|0,003907|1,887179|0,255922|0,022820|11,091304|1,494894|0,117549|82,276298
1513942808|Freitag 22 Dezember 2017 12:40:08|DDX|0,027350|1,887179|0,330159|0,159742|11,091304|1,928672|0,817895|80,043320
1513942808|Freitag 22 Dezember 2017 12:40:08|DDX|-0,015629|1,906716|0,332112|-0,091281|11,207600|1,940089|-0,462661|80,108611
1513942808|Freitag 22 Dezember 2017 12:40:08|DDX|-0,007814|1,887179|0,250061|-0,045640|11,091304|1,460652|-0,235193|82,448341
1513942808|Freitag 22 Dezember 2017 12:40:08|DDX|0,000000|1,887179|0,281319|0,000000|11,091304|1,643281|0,000000|81,521448
1513942808|Freitag 22 Dezember 2017 12:40:08|DDX|0,003907|1,879365|0,289133|0,022820|11,044799|1,688940|0,117733|81,253052
1513942808|Freitag 22 Dezember 2017 12:40:08|DDX|0,007814|1,894994|0,289133|0,045640|11,137817|1,688940|0,233567|81,321750
1513942808|Freitag 22 Dezember 2017 12:40:08|DDX|0,003907|1,891087|0,312576|0,022820|11,114560|1,825926|0,116795|80,613762
1513942809|Freitag 22 Dezember 2017 12:40:09|DDX|0,011722|1,891087|0,293040|0,068461|11,114560|1,711771|0,350946|81,184646
1513942809|Freitag 22 Dezember 2017 12:40:09|DDX|0,007814|1,891087|0,304762|0,045640|11,114560|1,780263|0,233742|80,842139
1513942809|Freitag 22 Dezember 2017 12:40:09|DDX|0,011722|1,875458|0,296947|0,068461|11,021549|1,734601|0,353688|80,995965
1513942809|Freitag 22 Dezember 2017 12:40:09|DDX|-0,003907|1,887179|0,367277|-0,022820|11,091304|2,145602|-0,116440|78,986326
1513942809|Freitag 22 Dezember 2017 12:40:09|DDX|0,039072|1,863736|0,289133|0,228203|10,951810|1,688940|1,186801|81,102766
1513942809|Freitag 22 Dezember 2017 12:40:09|DDX|0,001954|1,875458|0,347741|0,011410|11,021549|2,031425|0,058683|79,495538
1513942809|Freitag 22 Dezember 2017 12:40:09|DDX|0,021490|1,906716|0,296947|0,125511|11,207600|1,734601|0,638034|81,125214
1513942809|Freitag 22 Dezember 2017 12:40:09|DDX|0,001954|1,879365|0,273504|0,011410|11,044799|1,597622|0,058938|81,719657
1513942809|Freitag 22 Dezember 2017 12:40:09|DDX|0,013675|1,889133|0,304762|0,079871|11,102932|1,780263|0,409456|80,826726
1513942809|Freitag 22 Dezember 2017 12:40:09|DDX|0,011722|1,877411|0,291087|0,068461|11,033174|1,700355|0,353498|81,179617
1513942809|Freitag 22 Dezember 2017 12:40:09|DDX|0,000000|1,848107|0,345788|0,000000|10,858851|2,020007|0,000000|79,402287
1513942809|Freitag 22 Dezember 2017 12:40:09|DDX|0,035165|1,898901|0,293040|0,205382|11,161076|1,711771|1,048503|81,165314
1513942809|Freitag 22 Dezember 2017 12:40:09|DDX|0,042979|1,898901|0,250061|0,251023|11,161076|1,460652|1,285502|82,389322
1513942809|Freitag 22 Dezember 2017 12:40:09|DDX|0,019536|1,891087|0,296947|0,114101|11,114560|1,734601|0,584713|81,057031
1513942809|Freitag 22 Dezember 2017 12:40:09|DDX|0,011722|1,891087|0,308669|0,068461|11,114560|1,803094|0,350496|80,723186
1513942809|Freitag 22 Dezember 2017 12:40:09|DDX|0,015629|1,887179|0,300855|0,091281|11,091304|1,757432|0,468572|80,930101
1513942809|Freitag 22 Dezember 2017 12:40:09|DDX|0,003907|1,894994|0,312576|0,022820|11,137817|1,825926|0,116560|80,632771
1513942809|Freitag 22 Dezember 2017 12:40:09|DDX|0,011722|1,898901|0,304762|0,068461|11,161076|1,780263|0,349204|80,875509
1513942809|Freitag 22 Dezember 2017 12:40:09|DDX|0,007814|1,891087|0,296947|0,045640|11,114560|1,734601|0,233892|81,072972
1513942809|Freitag 22 Dezember 2017 12:40:09|DDX|0,011722|1,887179|0,308669|0,068461|11,091304|1,803094|0,351203|80,704314
1513942810|Freitag 22 Dezember 2017 12:40:10|DDX|0,027350|1,875458|0,332112|0,159742|11,021549|1,940089|0,822706|79,924677
1513942810|Freitag 22 Dezember 2017 12:40:10|DDX|0,015629|1,879365|0,265690|0,091281|11,044799|1,551964|0,471770|81,939571
1513942810|Freitag 22 Dezember 2017 12:40:10|DDX|0,021490|1,894994|0,296947|0,125511|11,137817|1,734601|0,641886|81,071201
1513942810|Freitag 22 Dezember 2017 12:40:10|DDX|0,031258|1,877411|0,336020|0,182562|11,033174|1,962922|0,938930|79,809738
1513942810|Freitag 22 Dezember 2017 12:40:10|DDX|0,031258|1,906716|0,328205|0,182562|11,207600|1,917256|0,925581|80,189984
1513942810|Freitag 22 Dezember 2017 12:40:10|DDX|0,013675|1,887179|0,289133|0,079871|11,091304|1,688940|0,410391|81,279909
1513942810|Freitag 22 Dezember 2017 12:40:10|DDX|-0,019536|1,898901|0,259829|-0,114101|11,161076|1,517722|-0,584001|82,186810
1513942810|Freitag 22 Dezember 2017 12:40:10|DDX|-0,019536|1,879365|0,316484|-0,114101|11,044799|1,848758|-0,587300|80,423265
1513942810|Freitag 22 Dezember 2017 12:40:10|DDX|0,035165|1,894994|0,306716|0,205382|11,137817|1,791679|1,049444|80,746896
1513942810|Freitag 22 Dezember 2017 12:40:10|DDX|0,011722|1,887179|0,308669|0,068461|11,091304|1,803094|0,351203|80,704314
1513942810|Freitag 22 Dezember 2017 12:40:10|DDX|0,019536|1,879365|0,281319|0,114101|11,044799|1,643281|0,589007|81,466508
1513942810|Freitag 22 Dezember 2017 12:40:10|DDX|0,011722|1,891087|0,293040|0,068461|11,114560|1,711771|0,350946|81,184646
1513942810|Freitag 22 Dezember 2017 12:40:10|DDX|0,011722|1,887179|0,293040|0,068461|11,091304|1,711771|0,351656|81,166682
1513942810|Freitag 22 Dezember 2017 12:40:10|DDX|0,007814|1,879365|0,308669|0,045640|11,044799|1,803094|0,235085|80,670010
1513942810|Freitag 22 Dezember 2017 12:40:10|DDX|0,007814|1,902808|0,308669|0,045640|11,184338|1,803094|0,232264|80,782974
1513942810|Freitag 22 Dezember 2017 12:40:10|DDX|0,007814|1,875458|0,300855|0,045640|11,021549|1,757432|0,235717|80,883425
1513942810|Freitag 22 Dezember 2017 12:40:10|DDX|0,011722|1,891087|0,304762|0,068461|11,114560|1,780263|0,350611|80,838443
1513942810|Freitag 22 Dezember 2017 12:40:10|DDX|0,000000|1,894994|0,371184|0,000000|11,137817|2,168438|0,000000|78,917431
1513942810|Freitag 22 Dezember 2017 12:40:10|DDX|0,050794|1,883272|0,312576|0,296664|11,068051|1,825926|1,524107|80,454883
1513942811|Freitag 22 Dezember 2017 12:40:11|DDX|0,011722|1,891087|0,378999|0,068461|11,114560|2,214112|0,348211|78,662026
1513942811|Freitag 22 Dezember 2017 12:40:11|DDX|0,017582|1,863736|0,386813|0,102691|10,951810|2,259787|0,529232|78,263117
1513942811|Freitag 22 Dezember 2017 12:40:11|DDX|0,033211|1,877411|0,308669|0,193972|11,033174|1,803094|1,000028|80,610480
1513942811|Freitag 22 Dezember 2017 12:40:11|DDX|0,062515|1,885226|0,228571|0,365126|11,079677|1,335103|1,885470|82,835693
1513942811|Freitag 22 Dezember 2017 12:40:11|DDX|0,025397|1,891087|0,294994|0,148332|11,114560|1,723186|0,760229|81,101513
1513942811|Freitag 22 Dezember 2017 12:40:11|DDX|-0,007814|1,885226|0,349695|-0,045640|11,079677|2,042842|-0,233511|79,488950
1513942811|Freitag 22 Dezember 2017 12:40:11|DDX|0,035165|1,891087|0,271551|0,205382|11,114560|1,586207|1,054481|81,761171
1513942811|Freitag 22 Dezember 2017 12:40:11|DDX|0,015629|1,883272|0,316484|0,091281|11,068051|1,848758|0,468898|80,449179
1513942811|Freitag 22 Dezember 2017 12:40:11|DDX|0,031258|1,863736|0,328205|0,182562|10,951810|1,917256|0,946287|79,968302
1513942811|Freitag 22 Dezember 2017 12:40:11|DDX|-0,015629|1,883272|0,312576|-0,091281|11,068051|1,825926|-0,469056|80,564674
1513942811|Freitag 22 Dezember 2017 12:40:11|DDX|0,003907|1,898901|0,289133|0,022820|11,161076|1,688940|0,116549|81,341670
1513942811|Freitag 22 Dezember 2017 12:40:11|DDX|0,011722|1,883272|0,293040|0,068461|11,068051|1,711771|0,352368|81,148646
1513942811|Freitag 22 Dezember 2017 12:40:11|DDX|0,007814|1,894994|0,304762|0,045640|11,137817|1,780263|0,233272|80,860702
1513942811|Freitag 22 Dezember 2017 12:40:11|DDX|0,003907|1,879365|0,308669|0,022820|11,044799|1,803094|0,117543|80,672212
1513942811|Freitag 22 Dezember 2017 12:40:11|DDX|0,011722|1,894994|0,296947|0,068461|11,137817|1,734601|0,350130|81,087292
1513942811|Freitag 22 Dezember 2017 12:40:11|DDX|0,011722|1,891087|0,300855|0,068461|11,114560|1,757432|0,350724|80,953772
1513942811|Freitag 22 Dezember 2017 12:40:11|DDX|-0,007814|1,898901|0,304762|-0,045640|11,161076|1,780263|-0,232805|80,879191
1513942811|Freitag 22 Dezember 2017 12:40:11|DDX|0,011722|1,891087|0,316484|0,068461|11,114560|1,848758|0,350264|80,492894
1513942811|Freitag 22 Dezember 2017 12:40:11|DDX|-0,033211|1,898901|0,332112|-0,193972|11,161076|1,940089|-0,987006|80,030985
1513942811|Freitag 22 Dezember 2017 12:40:11|DDX|0,017582|1,867643|0,320391|0,102691|10,975055|1,871590|0,531614|80,251402
1513942812|Freitag 22 Dezember 2017 12:40:12|DDX|0,033211|1,898901|0,300855|0,193972|11,161076|1,757432|0,989643|80,943322
1513942812|Freitag 22 Dezember 2017 12:40:12|DDX|0,001954|1,889133|0,287179|0,011410|11,102932|1,677525|0,058578|81,356074
1513942812|Freitag 22 Dezember 2017 12:40:12|DDX|0,019536|1,896947|0,279365|0,114101|11,149447|1,631866|0,583753|81,602055
1513942812|Freitag 22 Dezember 2017 12:40:12|DDX|0,023443|1,875458|0,291087|0,136921|11,021549|1,700355|0,707688|81,149497
1513942812|Freitag 22 Dezember 2017 12:40:12|DDX|0,015629|1,894994|0,330159|0,091281|11,137817|1,928672|0,465520|80,105896
1513942812|Freitag 22 Dezember 2017 12:40:12|DDX|0,015629|1,894994|0,363370|0,091281|11,137817|2,122765|0,464077|79,135351
1513942812|Freitag 22 Dezember 2017 12:40:12|DDX|0,011722|1,891087|0,359463|0,068461|11,114560|2,099930|0,348888|79,231876
1513942812|Freitag 22 Dezember 2017 12:40:12|DDX|0,007814|1,891087|0,296947|0,045640|11,114560|1,734601|0,233892|81,072972
1513942812|Freitag 22 Dezember 2017 12:40:12|DDX|0,007814|1,894994|0,300855|0,045640|11,137817|1,757432|0,233347|80,975856
1513942812|Freitag 22 Dezember 2017 12:40:12|DDX|0,007814|1,883272|0,293040|0,045640|11,068051|1,711771|0,234914|81,152512
1513942812|Freitag 22 Dezember 2017 12:40:12|DDX|0,011722|1,894994|0,300855|0,068461|11,137817|1,757432|0,350019|80,972117
1513942812|Freitag 22 Dezember 2017 12:40:12|DDX|-0,003907|1,887179|0,296947|-0,022820|11,091304|1,734601|-0,117183|81,057072
1513942812|Freitag 22 Dezember 2017 12:40:12|DDX|0,000000|1,883272|0,308669|0,000000|11,068051|1,803094|0,000000|80,691958
1513942812|Freitag 22 Dezember 2017 12:40:12|DDX|-0,007814|1,875458|0,328205|-0,045640|11,021549|1,917256|-0,235157|80,070997
1513942812|Freitag 22 Dezember 2017 12:40:12|DDX|0,019536|1,867643|0,351648|0,114101|10,975055|2,054259|0,588958|79,320863
1513942812|Freitag 22 Dezember 2017 12:40:12|DDX|0,035165|1,883272|0,328205|0,205382|11,068051|1,917256|1,053834|80,058673
1513942812|Freitag 22 Dezember 2017 12:40:12|DDX|-0,033211|1,894994|0,339927|-0,193972|11,137817|1,985756|-0,988279|79,782954
1513942812|Freitag 22 Dezember 2017 12:40:12|DDX|-0,013675|1,906716|0,371184|-0,079871|11,207600|2,168438|-0,403354|78,976599
1513942812|Freitag 22 Dezember 2017 12:40:12|DDX|0,001954|1,908669|0,351648|0,011410|11,219233|2,054259|0,057674|79,560875
1513942812|Freitag 22 Dezember 2017 12:40:12|DDX|0,003907|1,883272|0,398535|0,022820|11,068051|2,328303|0,116295|78,050889
1513942813|Freitag 22 Dezember 2017 12:40:13|DDX|0,019536|1,881319|0,263736|0,114101|11,056425|1,540550|0,589189|81,998306
1513942813|Freitag 22 Dezember 2017 12:40:13|DDX|0,046886|1,875458|0,285226|0,273844|11,021549|1,666110|1,415823|81,238263
1513942813|Freitag 22 Dezember 2017 12:40:13|DDX|0,015629|1,887179|0,367277|0,091281|11,091304|2,145602|0,465750|78,977212
1513942813|Freitag 22 Dezember 2017 12:40:13|DDX|0,039072|1,879365|0,300855|0,228203|11,044799|1,757432|1,176040|80,829992
1513942813|Freitag 22 Dezember 2017 12:40:13|DDX|-0,007814|1,894994|0,253968|-0,045640|11,137817|1,483480|-0,234176|82,363100
1513942813|Freitag 22 Dezember 2017 12:40:13|DDX|0,003907|1,891087|0,308669|0,022820|11,114560|1,803094|0,116833|80,729022
1513942813|Freitag 22 Dezember 2017 12:40:13|DDX|0,007814|1,902808|0,316484|0,045640|11,184338|1,848758|0,232111|80,553931
1513942813|Freitag 22 Dezember 2017 12:40:13|DDX|0,011722|1,887179|0,304762|0,068461|11,091304|1,780263|0,351318|80,819797
1513942813|Freitag 22 Dezember 2017 12:40:13|DDX|0,007814|1,894994|0,304762|0,045640|11,137817|1,780263|0,233272|80,860702
1513942813|Freitag 22 Dezember 2017 12:40:13|DDX|0,007814|1,894994|0,289133|0,045640|11,137817|1,688940|0,233567|81,321750
1513942813|Freitag 22 Dezember 2017 12:40:13|DDX|0,003907|1,887179|0,316484|0,022820|11,091304|1,848758|0,116991|80,479266
1513942813|Freitag 22 Dezember 2017 12:40:13|DDX|0,027350|1,875458|0,328205|0,159742|11,021549|1,917256|0,822999|80,040036
1513942813|Freitag 22 Dezember 2017 12:40:13|DDX|0,023443|1,887179|0,316484|0,136921|11,091304|1,848758|0,701911|80,454375
1513942813|Freitag 22 Dezember 2017 12:40:13|DDX|0,009768|1,879365|0,378999|0,057051|11,044799|2,214112|0,291916|78,594781
1513942813|Freitag 22 Dezember 2017 12:40:13|DDX|0,031258|1,894994|0,328205|0,182562|11,137817|1,917256|0,931139|80,130493
1513942813|Freitag 22 Dezember 2017 12:40:13|DDX|0,031258|1,889133|0,316484|0,182562|11,102932|1,848758|0,934904|80,444222
1513942813|Freitag 22 Dezember 2017 12:40:13|DDX|0,025397|1,898901|0,273504|0,148332|11,161076|1,597622|0,758430|81,769111
1513942813|Freitag 22 Dezember 2017 12:40:13|DDX|0,027350|1,898901|0,287179|0,159742|11,161076|1,677525|0,815914|81,361740
1513942813|Freitag 22 Dezember 2017 12:40:13|DDX|0,000000|1,885226|0,298901|0,000000|11,079677|1,746017|0,000000|80,990790
1513942813|Freitag 22 Dezember 2017 12:40:13|DDX|0,015629|1,879365|0,293040|0,091281|11,044799|1,711771|0,470773|81,125115
1513942814|Freitag 22 Dezember 2017 12:40:14|DDX|0,015629|1,875458|0,343834|0,091281|11,021549|2,008590|0,469627|79,600649
1513942814|Freitag 22 Dezember 2017 12:40:14|DDX|0,015629|1,863736|0,332112|0,091281|10,951810|1,940089|0,473006|79,885166
1513942814|Freitag 22 Dezember 2017 12:40:14|DDX|0,007814|1,883272|0,296947|0,045640|11,068051|1,734601|0,234839|81,036531
1513942814|Freitag 22 Dezember 2017 12:40:14|DDX|0,003907|1,898901|0,300855|0,022820|11,161076|1,757432|0,116440|80,996360
1513942814|Freitag 22 Dezember 2017 12:40:14|DDX|0,003907|1,887179|0,320391|0,022820|11,091304|1,871590|0,116951|80,363934
1513942814|Freitag 22 Dezember 2017 12:40:14|DDX|0,011722|1,898901|0,300855|0,068461|11,161076|1,757432|0,349316|80,990388
1513942814|Freitag 22 Dezember 2017 12:40:14|DDX|0,003907|1,902808|0,300855|0,022820|11,184338|1,757432|0,116207|81,014546
1513942814|Freitag 22 Dezember 2017 12:40:14|DDX|0,007814|1,887179|0,308669|0,045640|11,091304|1,803094|0,234137|80,707968
1513942814|Freitag 22 Dezember 2017 12:40:14|DDX|0,011722|1,891087|0,347741|0,068461|11,114560|2,031425|0,349279|79,574816
1513942814|Freitag 22 Dezember 2017 12:40:14|DDX|0,007814|1,883272|0,316484|0,045640|11,068051|1,848758|0,234453|80,457736
1513942814|Freitag 22 Dezember 2017 12:40:14|DDX|0,017582|1,883272|0,378999|0,102691|11,068051|2,214112|0,524391|78,609587
1513942814|Freitag 22 Dezember 2017 12:40:14|DDX|0,000000|1,871551|0,300855|0,000000|10,998301|1,757432|0,000000|80,867741
1513942814|Freitag 22 Dezember 2017 12:40:14|DDX|0,009768|1,889133|0,304762|0,057051|11,102932|1,780263|0,292471|80,831164
1513942814|Freitag 22 Dezember 2017 12:40:14|DDX|-0,021490|1,881319|0,337973|-0,125511|11,056425|1,974339|-0,644130|79,795487
1513942814|Freitag 22 Dezember 2017 12:40:14|DDX|0,031258|1,893040|0,289133|0,182562|11,126188|1,688940|0,935132|81,266232
1513942814|Freitag 22 Dezember 2017 12:40:14|DDX|0,019536|1,883272|0,253968|0,114101|11,068051|1,483480|0,589002|82,297307
1513942814|Freitag 22 Dezember 2017 12:40:14|DDX|-0,019536|1,898901|0,312576|-0,114101|11,161076|1,825926|-0,581615|80,634506
1513942814|Freitag 22 Dezember 2017 12:40:14|DDX|-0,027350|1,906716|0,277411|-0,159742|11,207600|1,620451|-0,813248|81,682442
1513942814|Freitag 22 Dezember 2017 12:40:14|DDX|0,000000|1,875458|0,382906|0,000000|11,021549|2,236949|0,000000|78,460702
1513942815|Freitag 22 Dezember 2017 12:40:15|DDX|-0,007814|1,887179|0,304762|-0,045640|11,091304|1,780263|-0,234214|80,823501
1513942815|Freitag 22 Dezember 2017 12:40:15|DDX|0,003907|1,875458|0,308669|0,022820|11,021549|1,803094|0,117781|80,653122
1513942815|Freitag 22 Dezember 2017 12:40:15|DDX|0,003907|1,887179|0,316484|0,022820|11,091304|1,848758|0,116991|80,479266
1513942815|Freitag 22 Dezember 2017 12:40:15|DDX|0,007814|1,883272|0,304762|0,045640|11,068051|1,780263|0,234687|80,804787
1513942815|Freitag 22 Dezember 2017 12:40:15|DDX|0,003907|1,891087|0,296947|0,022820|11,114560|1,734601|0,116947|81,075252
1513942815|Freitag 22 Dezember 2017 12:40:15|DDX|0,007814|1,875458|0,304762|0,045640|11,021549|1,780263|0,235640|80,767132
1513942815|Freitag 22 Dezember 2017 12:40:15|DDX|0,003907|1,871551|0,293040|0,022820|10,998301|1,711771|0,118175|81,100319
1513942815|Freitag 22 Dezember 2017 12:40:15|DDX|0,003907|1,887179|0,336020|0,022820|11,091304|1,962922|0,116788|79,903402
1513942815|Freitag 22 Dezember 2017 12:40:15|DDX|-0,015629|1,898901|0,371184|-0,091281|11,161076|2,168438|-0,462801|78,930114
1513942815|Freitag 22 Dezember 2017 12:40:15|DDX|0,005861|1,906716|0,210989|0,034230|11,207600|1,232387|0,175045|83,683166
1513942815|Freitag 22 Dezember 2017 12:40:15|DDX|0,005861|1,906716|0,332112|0,034230|11,207600|1,940089|0,173501|80,117821
