1513892942|Donnerstag 21 Dezember 2017 22:49:02|DDX|0,015629|1,848107|-0,457143|0,091281|10,858851|-2,670932|0,470344|76,098552
1513892942|Donnerstag 21 Dezember 2017 22:49:02|DDX|0,019536|1,848107|-0,449328|0,114101|10,858851|-2,625243|0,588498|76,322450
1513892942|Donnerstag 21 Dezember 2017 22:49:02|DDX|0,007814|1,844200|-0,390720|0,045640|10,835615|-2,282625|0,237505|78,035625
1513892942|Donnerstag 21 Dezember 2017 22:49:02|DDX|-0,007814|1,859829|-0,437607|-0,045640|10,928568|-2,556712|-0,234338|76,757444
1513892942|Donnerstag 21 Dezember 2017 22:49:02|DDX|0,023443|1,855922|-0,464957|0,136921|10,905327|-2,716623|0,702005|75,918223
1513892942|Donnerstag 21 Dezember 2017 22:49:02|DDX|0,021490|1,863736|-0,429792|0,125511|10,951810|-2,511027|0,643721|76,998485
1513892942|Donnerstag 21 Dezember 2017 22:49:02|DDX|0,017582|1,844200|-0,464957|0,102691|10,835615|-2,716623|0,529662|75,839858
1513892942|Donnerstag 21 Dezember 2017 22:49:02|DDX|-0,007814|1,840293|-0,464957|-0,045640|10,812382|-2,716623|-0,235881|75,818810
1513892942|Donnerstag 21 Dezember 2017 22:49:02|DDX|0,037118|1,857875|-0,459096|0,216793|10,916947|-2,682355|1,111145|76,076265
1513892942|Donnerstag 21 Dezember 2017 22:49:02|DDX|0,023443|1,861783|-0,466911|0,136921|10,940189|-2,728046|0,699752|75,904298
1513892942|Donnerstag 21 Dezember 2017 22:49:02|DDX|0,019536|1,855922|-0,490354|0,114101|10,905327|-2,865131|0,583084|75,188821
1513892942|Donnerstag 21 Dezember 2017 22:49:02|DDX|0,042979|1,871551|-0,519658|0,251023|10,998301|-3,036510|1,267599|74,431640
1513892942|Donnerstag 21 Dezember 2017 22:49:02|DDX|0,039072|1,852015|-0,453236|0,228203|10,882088|-2,648087|1,173959|76,199468
1513892942|Donnerstag 21 Dezember 2017 22:49:02|DDX|0,035165|1,875458|-0,484493|0,205382|11,021549|-2,830858|1,040034|75,478773
1513892942|Donnerstag 21 Dezember 2017 22:49:02|DDX|0,011722|1,844200|-0,445421|0,068461|10,835615|-2,602399|0,353985|76,417128
1513892942|Donnerstag 21 Dezember 2017 22:49:02|DDX|0,003907|1,859829|-0,449328|0,022820|10,928568|-2,625243|0,117003|76,417305
1513892942|Donnerstag 21 Dezember 2017 22:49:02|DDX|0,007814|1,840293|-0,429792|0,045640|10,812382|-2,511027|0,236917|76,852345
1513892943|Donnerstag 21 Dezember 2017 22:49:03|DDX|0,011722|1,852015|-0,445421|0,068461|10,882088|-2,602399|0,352573|76,472330
1513892943|Donnerstag 21 Dezember 2017 22:49:03|DDX|0,011722|1,855922|-0,441514|0,068461|10,905327|-2,579555|0,352039|76,613829
1513892943|Donnerstag 21 Dezember 2017 22:49:03|DDX|0,011722|1,863736|-0,464957|0,068461|10,951810|-2,716623|0,349630|75,987748
1513892943|Donnerstag 21 Dezember 2017 22:49:03|DDX|0,046886|1,836386|-0,535287|0,273844|10,789150|-3,127923|1,404142|73,690239
1513892943|Donnerstag 21 Dezember 2017 22:49:03|DDX|0,003907|1,863736|-0,433700|0,022820|10,951810|-2,533870|0,116991|76,899644
1513892943|Donnerstag 21 Dezember 2017 22:49:03|DDX|0,033211|1,832479|-0,457143|0,193972|10,765920|-2,670932|1,007428|75,957047
1513892943|Donnerstag 21 Dezember 2017 22:49:03|DDX|0,021490|1,852015|-0,445421|0,125511|10,882088|-2,602399|0,646365|76,461689
1513892943|Donnerstag 21 Dezember 2017 22:49:03|DDX|0,003907|1,861783|-0,353602|0,022820|10,940189|-2,065677|0,118131|79,245454
1513892943|Donnerstag 21 Dezember 2017 22:49:03|DDX|0,021490|1,848107|-0,421978|0,125511|10,858851|-2,465344|0,649486|77,122043
1513892943|Donnerstag 21 Dezember 2017 22:49:03|DDX|0,015629|1,857875|-0,466911|0,091281|10,916947|-2,728046|0,467437|75,885314
1513892943|Donnerstag 21 Dezember 2017 22:49:03|DDX|-0,011722|1,844200|-0,455189|-0,068461|10,835615|-2,659510|-0,353553|76,130839
1513892943|Donnerstag 21 Dezember 2017 22:49:03|DDX|0,007814|1,867643|-0,523565|0,045640|10,975055|-3,059362|0,230831|74,338312
1513892943|Donnerstag 21 Dezember 2017 22:49:03|DDX|-0,011722|1,852015|-0,480586|-0,068461|10,882088|-2,808010|-0,351002|75,448818
1513892943|Donnerstag 21 Dezember 2017 22:49:03|DDX|0,003907|1,852015|-0,457143|0,022820|10,882088|-2,670932|0,117355|76,134047
1513892943|Donnerstag 21 Dezember 2017 22:49:03|DDX|0,003907|1,848107|-0,464957|0,022820|10,858851|-2,716623|0,117472|75,877804
1513892943|Donnerstag 21 Dezember 2017 22:49:03|DDX|0,003907|1,863736|-0,441514|0,022820|10,951810|-2,579555|0,116882|76,671973
1513892943|Donnerstag 21 Dezember 2017 22:49:03|DDX|0,011722|1,852015|-0,437607|0,068461|10,882088|-2,556712|0,352909|76,700994
1513892943|Donnerstag 21 Dezember 2017 22:49:03|DDX|0,019536|1,855922|-0,464957|0,114101|10,905327|-2,716623|0,585013|75,923462
1513892943|Donnerstag 21 Dezember 2017 22:49:03|DDX|0,007814|1,859829|-0,461050|0,045640|10,928568|-2,693777|0,233664|76,075179
1513892944|Donnerstag 21 Dezember 2017 22:49:04|DDX|0,003907|1,836386|-0,390720|0,022820|10,789150|-2,282625|0,119237|77,987939
1513892944|Donnerstag 21 Dezember 2017 22:49:04|DDX|0,007814|1,848107|-0,457143|0,045640|10,858851|-2,670932|0,235176|76,104403
1513892944|Donnerstag 21 Dezember 2017 22:49:04|DDX|0,011722|1,852015|-0,441514|0,068461|10,882088|-2,579555|0,352742|76,586608
1513892944|Donnerstag 21 Dezember 2017 22:49:04|DDX|0,009768|1,852015|-0,394628|0,057051|10,882088|-2,305464|0,295555|77,967723
1513892944|Donnerstag 21 Dezember 2017 22:49:04|DDX|0,019536|1,848107|-0,441514|0,114101|10,858851|-2,579555|0,589066|76,551171
1513892944|Donnerstag 21 Dezember 2017 22:49:04|DDX|0,001954|1,867643|-0,468864|0,011410|10,975055|-2,739469|0,058129|75,907246
1513892944|Donnerstag 21 Dezember 2017 22:49:04|DDX|-0,001954|1,855922|-0,437607|-0,011410|10,905327|-2,556712|-0,058702|76,732463
1513892944|Donnerstag 21 Dezember 2017 22:49:04|DDX|-0,003907|1,850061|-0,435653|-0,022820|10,870469|-2,545291|-0,117783|76,748850
1513892944|Donnerstag 21 Dezember 2017 22:49:04|DDX|0,019536|1,848107|-0,402442|0,114101|10,858851|-2,351142|0,591774|77,701086
1513892944|Donnerstag 21 Dezember 2017 22:49:04|DDX|0,007814|1,844200|-0,402442|0,045640|10,835615|-2,351142|0,237195|77,687628
1513892944|Donnerstag 21 Dezember 2017 22:49:04|DDX|0,027350|1,863736|-0,429792|0,159742|10,951810|-2,511027|0,819259|76,988782
1513892944|Donnerstag 21 Dezember 2017 22:49:04|DDX|0,007814|1,855922|-0,429792|0,045640|10,905327|-2,511027|0,235024|76,959262
1513892944|Donnerstag 21 Dezember 2017 22:49:04|DDX|0,011722|1,852015|-0,449328|0,068461|10,882088|-2,625243|0,352404|76,358161
1513892944|Donnerstag 21 Dezember 2017 22:49:04|DDX|0,019536|1,855922|-0,449328|0,114101|10,905327|-2,625243|0,586158|76,377889
1513892944|Donnerstag 21 Dezember 2017 22:49:04|DDX|0,011722|1,852015|-0,445421|0,068461|10,882088|-2,602399|0,352573|76,472330
1513892944|Donnerstag 21 Dezember 2017 22:49:04|DDX|0,007814|1,848107|-0,449328|0,045640|10,858851|-2,625243|0,235406|76,332886
1513892944|Donnerstag 21 Dezember 2017 22:49:04|DDX|0,015629|1,863736|-0,445421|0,091281|10,951810|-2,602399|0,467297|76,550824
1513892944|Donnerstag 21 Dezember 2017 22:49:04|DDX|0,019536|1,844200|-0,418071|0,114101|10,835615|-2,442503|0,591907|77,213738
1513892944|Donnerstag 21 Dezember 2017 22:49:04|DDX|0,015629|1,852015|-0,429792|0,091281|10,882088|-2,511027|0,470982|76,926440
1513892944|Donnerstag 21 Dezember 2017 22:49:04|DDX|0,029304|1,844200|-0,453236|0,171152|10,835615|-2,648087|0,884042|76,164758
1513892945|Donnerstag 21 Dezember 2017 22:49:05|DDX|0,019536|1,855922|-0,418071|0,114101|10,905327|-2,442503|0,588350|77,291863
1513892945|Donnerstag 21 Dezember 2017 22:49:05|DDX|0,019536|1,842247|-0,414164|0,114101|10,823998|-2,419662|0,592774|77,316105
1513892945|Donnerstag 21 Dezember 2017 22:49:05|DDX|0,019536|1,838339|-0,404396|0,114101|10,800765|-2,362562|0,594642|77,579724
1513892945|Donnerstag 21 Dezember 2017 22:49:05|DDX|-0,031258|1,869597|-0,474725|-0,182562|10,986678|-2,773739|-0,928378|75,723055
1513892945|Donnerstag 21 Dezember 2017 22:49:05|DDX|0,054701|1,855922|-0,494261|0,319485|10,905327|-2,887980|1,631400|75,000396
1513892945|Donnerstag 21 Dezember 2017 22:49:05|DDX|0,015629|1,844200|-0,425885|0,091281|10,835615|-2,488185|0,473095|76,988063
1513892945|Donnerstag 21 Dezember 2017 22:49:05|DDX|0,019536|1,867643|-0,461050|0,114101|10,975055|-2,693777|0,581841|76,121141
1513892945|Donnerstag 21 Dezember 2017 22:49:05|DDX|0,003907|1,855922|-0,445421|0,022820|10,905327|-2,602399|0,117292|76,503767
1513892945|Donnerstag 21 Dezember 2017 22:49:05|DDX|0,007814|1,855922|-0,453236|0,045640|10,905327|-2,648087|0,234357|76,274417
1513892945|Donnerstag 21 Dezember 2017 22:49:05|DDX|0,011722|1,852015|-0,457143|0,068461|10,882088|-2,670932|0,352060|76,130152
1513892945|Donnerstag 21 Dezember 2017 22:49:05|DDX|0,011722|1,855922|-0,449328|0,068461|10,905327|-2,625243|0,351703|76,385810
1513892945|Donnerstag 21 Dezember 2017 22:49:05|DDX|0,003907|1,848107|-0,437607|0,022820|10,858851|-2,556712|0,117873|76,677975
1513892945|Donnerstag 21 Dezember 2017 22:49:05|DDX|0,015629|1,855922|-0,445421|0,091281|10,905327|-2,602399|0,469157|76,496266
1513892945|Donnerstag 21 Dezember 2017 22:49:05|DDX|0,003907|1,848107|-0,449328|0,022820|10,858851|-2,625243|0,117704|76,334378
1513892945|Donnerstag 21 Dezember 2017 22:49:05|DDX|0,011722|1,844200|-0,453236|0,068461|10,835615|-2,648087|0,353640|76,188041
1513892945|Donnerstag 21 Dezember 2017 22:49:05|DDX|0,035165|1,836386|-0,457143|0,205382|10,789150|-2,670932|1,064538|75,981468
1513892945|Donnerstag 21 Dezember 2017 22:49:05|DDX|0,003907|1,855922|-0,441514|0,022820|10,905327|-2,579555|0,117348|76,617869
1513892945|Donnerstag 21 Dezember 2017 22:49:05|DDX|0,011722|1,859829|-0,496215|0,068461|10,928568|-2,899404|0,348899|75,057110
1513892945|Donnerstag 21 Dezember 2017 22:49:05|DDX|-0,001954|1,842247|-0,433700|-0,011410|10,823998|-2,533870|-0,059142|76,752578
1513892945|Donnerstag 21 Dezember 2017 22:49:05|DDX|0,021490|1,848107|-0,408303|0,125511|10,858851|-2,385401|0,650515|77,525050
1513892946|Donnerstag 21 Dezember 2017 22:49:06|DDX|0,039072|1,852015|-0,500122|0,228203|10,882088|-2,922254|1,166810|74,844239
1513892946|Donnerstag 21 Dezember 2017 22:49:06|DDX|0,019536|1,865690|-0,404396|0,114101|10,963432|-2,362562|0,586320|77,756269
1513892946|Donnerstag 21 Dezember 2017 22:49:06|DDX|0,050794|1,852015|-0,453236|0,296664|10,882088|-2,648087|1,526000|76,165736
1513892946|Donnerstag 21 Dezember 2017 22:49:06|DDX|0,023443|1,848107|-0,488400|0,136921|10,858851|-2,853706|0,702638|75,180535
1513892946|Donnerstag 21 Dezember 2017 22:49:06|DDX|0,027350|1,844200|-0,484493|0,159742|10,835615|-2,830858|0,821782|75,257925
1513892946|Donnerstag 21 Dezember 2017 22:49:06|DDX|0,015629|1,859829|-0,472772|0,091281|10,928568|-2,762316|0,466626|75,729931
1513892946|Donnerstag 21 Dezember 2017 22:49:06|DDX|0,000000|1,848107|-0,453236|0,000000|10,858851|-2,648087|0,000000|76,220559
1513892946|Donnerstag 21 Dezember 2017 22:49:06|DDX|0,007814|1,852015|-0,457143|0,045640|10,882088|-2,670932|0,234709|76,132586
1513892946|Donnerstag 21 Dezember 2017 22:49:06|DDX|0,011722|1,852015|-0,437607|0,068461|10,882088|-2,556712|0,352909|76,700994
1513892946|Donnerstag 21 Dezember 2017 22:49:06|DDX|0,003907|1,840293|-0,461050|0,022820|10,812382|-2,693777|0,118000|75,934652
1513892946|Donnerstag 21 Dezember 2017 22:49:06|DDX|0,011722|1,863736|-0,449328|0,068461|10,951810|-2,625243|0,350309|76,440781
1513892946|Donnerstag 21 Dezember 2017 22:49:06|DDX|0,027350|1,844200|-0,429792|0,159742|10,835615|-2,511027|0,827492|76,855713
1513892946|Donnerstag 21 Dezember 2017 22:49:06|DDX|0,027350|1,848107|-0,375092|0,159742|10,858851|-2,191275|0,830928|78,497449
1513892946|Donnerstag 21 Dezember 2017 22:49:06|DDX|0,009768|1,852015|-0,468864|0,057051|10,882088|-2,739469|0,292948|75,790276
1513892946|Donnerstag 21 Dezember 2017 22:49:06|DDX|-0,009768|1,852015|-0,492308|-0,057051|10,882088|-2,876555|-0,292048|75,110933
1513892946|Donnerstag 21 Dezember 2017 22:49:06|DDX|0,029304|1,850061|-0,410256|0,171152|10,870469|-2,396821|0,885942|77,465970
1513892946|Donnerstag 21 Dezember 2017 22:49:06|DDX|0,041026|1,844200|-0,451282|0,239613|10,835615|-2,636665|1,237867|76,195195
1513892946|Donnerstag 21 Dezember 2017 22:49:06|DDX|0,000000|1,857875|-0,421978|0,000000|10,916947|-2,465344|0,000000|77,203546
1513892946|Donnerstag 21 Dezember 2017 22:49:06|DDX|0,019536|1,850061|-0,492308|0,114101|10,870469|-2,876555|0,584657|75,087507
1513892946|Donnerstag 21 Dezember 2017 22:49:06|DDX|0,042979|1,840293|-0,378999|0,251023|10,812382|-2,214112|1,310384|78,290400
1513892947|Donnerstag 21 Dezember 2017 22:49:07|DDX|0,019536|1,852015|-0,449328|0,114101|10,882088|-2,625243|0,587326|76,350225
1513892947|Donnerstag 21 Dezember 2017 22:49:07|DDX|0,007814|1,848107|-0,382906|0,045640|10,858851|-2,236949|0,237226|78,292240
1513892947|Donnerstag 21 Dezember 2017 22:49:07|DDX|0,011722|1,852015|-0,433700|0,068461|10,882088|-2,533870|0,353075|76,815487
1513892947|Donnerstag 21 Dezember 2017 22:49:07|DDX|0,007814|1,852015|-0,441514|0,045640|10,882088|-2,579555|0,235163|76,589137
1513892947|Donnerstag 21 Dezember 2017 22:49:07|DDX|0,015629|1,863736|-0,429792|0,091281|10,951810|-2,511027|0,468170|77,005865
1513892947|Donnerstag 21 Dezember 2017 22:49:07|DDX|0,015629|1,859829|-0,457143|0,091281|10,928568|-2,670932|0,467550|76,182798
1513892947|Donnerstag 21 Dezember 2017 22:49:07|DDX|0,015629|1,855922|-0,449328|0,091281|10,905327|-2,625243|0,468932|76,382344
1513892947|Donnerstag 21 Dezember 2017 22:49:07|DDX|0,011722|1,855922|-0,449328|0,068461|10,905327|-2,625243|0,351703|76,385810
1513892947|Donnerstag 21 Dezember 2017 22:49:07|DDX|0,039072|1,855922|-0,476679|0,228203|10,905327|-2,785163|1,168145|75,549102
1513892947|Donnerstag 21 Dezember 2017 22:49:07|DDX|0,031258|1,840293|-0,425885|0,182562|10,812382|-2,488185|0,948032|76,936004
1513892947|Donnerstag 21 Dezember 2017 22:49:07|DDX|0,015629|1,855922|-0,386813|0,091281|10,905327|-2,259787|0,472330|78,217557
1513892947|Donnerstag 21 Dezember 2017 22:49:07|DDX|0,019536|1,848107|-0,464957|0,114101|10,858851|-2,716623|0,587340|75,866322
1513892947|Donnerstag 21 Dezember 2017 22:49:07|DDX|0,033211|1,842247|-0,464957|0,193972|10,823998|-2,716623|1,001397|75,800532
1513892947|Donnerstag 21 Dezember 2017 22:49:07|DDX|-0,003907|1,865690|-0,418071|-0,022820|10,963432|-2,442503|-0,117087|77,369059
1513892947|Donnerstag 21 Dezember 2017 22:49:07|DDX|0,019536|1,852015|-0,421978|0,114101|10,882088|-2,465344|0,589262|77,151098
1513892947|Donnerstag 21 Dezember 2017 22:49:07|DDX|0,000000|1,863736|-0,420024|0,000000|10,951810|-2,453923|0,000000|77,299611
1513892947|Donnerstag 21 Dezember 2017 22:49:07|DDX|0,042979|1,832479|-0,433700|0,251023|10,765920|-2,533870|1,307471|76,621718
1513892947|Donnerstag 21 Dezember 2017 22:49:07|DDX|0,003907|1,848107|-0,445421|0,022820|10,858851|-2,602399|0,117761|76,448800
1513892947|Donnerstag 21 Dezember 2017 22:49:07|DDX|0,054701|1,840293|-0,455189|0,319485|10,812382|-2,659510|1,652779|76,010915
1513892947|Donnerstag 21 Dezember 2017 22:49:07|DDX|0,023443|1,836386|-0,441514|0,136921|10,789150|-2,579555|0,711133|76,462873
1513892948|Donnerstag 21 Dezember 2017 22:49:08|DDX|0,007814|1,848107|-0,453236|0,045640|10,858851|-2,648087|0,235292|76,218589
1513892948|Donnerstag 21 Dezember 2017 22:49:08|DDX|0,000000|1,859829|-0,449328|0,000000|10,928568|-2,625243|0,000000|76,417800
1513892948|Donnerstag 21 Dezember 2017 22:49:08|DDX|0,003907|1,867643|-0,449328|0,022820|10,975055|-2,625243|0,116540|76,472044
1513892948|Donnerstag 21 Dezember 2017 22:49:08|DDX|0,011722|1,848107|-0,449328|0,068461|10,858851|-2,625243|0,353107|76,330400
1513892948|Donnerstag 21 Dezember 2017 22:49:08|DDX|0,019536|1,840293|-0,449328|0,114101|10,812382|-2,625243|0,590857|76,266566
1513892948|Donnerstag 21 Dezember 2017 22:49:08|DDX|0,011722|1,863736|-0,445421|0,068461|10,951810|-2,602399|0,350476|76,554311
1513892948|Donnerstag 21 Dezember 2017 22:49:08|DDX|0,035165|1,844200|-0,382906|0,205382|10,835615|-2,236949|1,069567|78,222513
1513892948|Donnerstag 21 Dezember 2017 22:49:08|DDX|0,035165|1,844200|-0,476679|0,205382|10,835615|-2,785163|1,057622|75,469964
1513892948|Donnerstag 21 Dezember 2017 22:49:08|DDX|0,023443|1,840293|-0,476679|0,136921|10,812382|-2,785163|0,706529|75,461403
1513892948|Donnerstag 21 Dezember 2017 22:49:08|DDX|-0,009768|1,844200|-0,375092|-0,057051|10,835615|-2,191275|-0,297382|78,499643
1513892948|Donnerstag 21 Dezember 2017 22:49:08|DDX|0,025397|1,859829|-0,466911|0,148332|10,928568|-2,728046|0,758808|75,887126
1513892948|Donnerstag 21 Dezember 2017 22:49:08|DDX|0,005861|1,852015|-0,453236|0,034230|10,882088|-2,648087|0,176118|76,247419
1513892948|Donnerstag 21 Dezember 2017 22:49:08|DDX|0,035165|1,850061|-0,447375|0,205382|10,870469|-2,613821|1,058414|76,365544
1513892948|Donnerstag 21 Dezember 2017 22:49:08|DDX|0,039072|1,859829|-0,451282|0,228203|10,928568|-2,636665|1,169587|76,311840
1513892948|Donnerstag 21 Dezember 2017 22:49:08|DDX|0,027350|1,852015|-0,418071|0,159742|10,882088|-2,442503|0,825315|77,253050
1513892948|Donnerstag 21 Dezember 2017 22:49:08|DDX|0,023443|1,867643|-0,468864|0,136921|10,975055|-2,739469|0,697514|75,890461
1513892948|Donnerstag 21 Dezember 2017 22:49:08|DDX|0,019536|1,848107|-0,480586|0,114101|10,858851|-2,808010|0,586148|75,411990
1513892948|Donnerstag 21 Dezember 2017 22:49:08|DDX|0,011722|1,863736|-0,433700|0,068461|10,951810|-2,533870|0,350969|76,895538
1513892948|Donnerstag 21 Dezember 2017 22:49:08|DDX|0,007814|1,855922|-0,445421|0,045640|10,905327|-2,602399|0,234583|76,502266
1513892949|Donnerstag 21 Dezember 2017 22:49:09|DDX|0,007814|1,852015|-0,445421|0,045640|10,882088|-2,602399|0,235051|76,474835
1513892949|Donnerstag 21 Dezember 2017 22:49:09|DDX|0,003907|1,859829|-0,441514|0,022820|10,928568|-2,579555|0,117114|76,644975
1513892949|Donnerstag 21 Dezember 2017 22:49:09|DDX|0,015629|1,844200|-0,453236|0,091281|10,835615|-2,648087|0,471516|76,184589
1513892949|Donnerstag 21 Dezember 2017 22:49:09|DDX|0,011722|1,867643|-0,457143|0,068461|10,975055|-2,670932|0,349282|76,241790
1513892949|Donnerstag 21 Dezember 2017 22:49:09|DDX|0,050794|1,824664|-0,386813|0,296664|10,719465|-2,259787|1,559897|77,931233
1513892949|Donnerstag 21 Dezember 2017 22:49:09|DDX|0,011722|1,848107|-0,375092|0,068461|10,858851|-2,191275|0,356132|78,521646
1513892949|Donnerstag 21 Dezember 2017 22:49:09|DDX|0,003907|1,848107|-0,378999|0,022820|10,858851|-2,214112|0,118663|78,410206
1513892949|Donnerstag 21 Dezember 2017 22:49:09|DDX|0,000000|1,861783|-0,457143|0,000000|10,940189|-2,670932|0,000000|76,204494
1513892949|Donnerstag 21 Dezember 2017 22:49:09|DDX|0,039072|1,867643|-0,509890|0,228203|10,975055|-2,979380|1,156180|74,687000
1513892949|Donnerstag 21 Dezember 2017 22:49:09|DDX|0,011722|1,853968|-0,453236|0,068461|10,893707|-2,648087|0,351882|76,258046
1513892949|Donnerstag 21 Dezember 2017 22:49:09|DDX|0,023443|1,848107|-0,490354|0,136921|10,858851|-2,865131|0,702454|75,124010
1513892949|Donnerstag 21 Dezember 2017 22:49:09|DDX|0,015629|1,855922|-0,453236|0,091281|10,905327|-2,648087|0,468706|76,268531
1513892949|Donnerstag 21 Dezember 2017 22:49:09|DDX|0,000000|1,844200|-0,457143|0,000000|10,835615|-2,670932|0,000000|76,078062
1513892949|Donnerstag 21 Dezember 2017 22:49:09|DDX|0,023443|1,840293|-0,425885|0,136921|10,812382|-2,488185|0,711053|76,950800
1513892949|Donnerstag 21 Dezember 2017 22:49:09|DDX|-0,003907|1,844200|-0,402442|-0,022820|10,835615|-2,351142|-0,118598|77,689315
1513892949|Donnerstag 21 Dezember 2017 22:49:09|DDX|0,007814|1,859829|-0,468864|0,045640|10,928568|-2,739469|0,233434|75,848638
1513892949|Donnerstag 21 Dezember 2017 22:49:09|DDX|0,011722|1,855922|-0,445421|0,068461|10,905327|-2,602399|0,351872|76,499766
1513892949|Donnerstag 21 Dezember 2017 22:49:09|DDX|0,011722|1,855922|-0,437607|0,068461|10,905327|-2,556712|0,352205|76,728000
1513892949|Donnerstag 21 Dezember 2017 22:49:09|DDX|0,003907|1,859829|-0,457143|0,022820|10,928568|-2,670932|0,116890|76,190072
1513892949|Donnerstag 21 Dezember 2017 22:49:09|DDX|0,003907|1,848107|-0,449328|0,022820|10,858851|-2,625243|0,117704|76,334378
1513892950|Donnerstag 21 Dezember 2017 22:49:10|DDX|0,031258|1,855922|-0,457143|0,182562|10,905327|-2,670932|0,936893|76,131538
1513892950|Donnerstag 21 Dezember 2017 22:49:10|DDX|0,027350|1,852015|-0,402442|0,159742|10,882088|-2,351142|0,826787|77,712823
1513892950|Donnerstag 21 Dezember 2017 22:49:10|DDX|0,011722|1,871551|-0,418071|0,068461|10,998301|-2,442503|0,350210|77,403092
1513892950|Donnerstag 21 Dezember 2017 22:49:10|DDX|0,033211|1,844200|-0,437607|0,193972|10,835615|-2,556712|1,003830|76,614265
1513892950|Donnerstag 21 Dezember 2017 22:49:10|DDX|0,027350|1,836386|-0,437607|0,159742|10,789150|-2,556712|0,830040|76,571309
1513892950|Donnerstag 21 Dezember 2017 22:49:10|DDX|0,025397|1,859829|-0,447375|0,148332|10,928568|-2,613821|0,760657|76,453705
1513892950|Donnerstag 21 Dezember 2017 22:49:10|DDX|0,013675|1,857875|-0,421978|0,079871|10,916947|-2,465344|0,411254|77,197050
1513892950|Donnerstag 21 Dezember 2017 22:49:10|DDX|0,023443|1,842247|-0,416117|0,136921|10,823998|-2,431082|0,711155|77,252390
1513892950|Donnerstag 21 Dezember 2017 22:49:10|DDX|0,046886|1,840293|-0,466911|0,273844|10,812382|-2,728046|1,414647|75,694905
1513892950|Donnerstag 21 Dezember 2017 22:49:10|DDX|0,027350|1,855922|-0,418071|0,159742|10,905327|-2,442503|0,823662|77,279011
1513892950|Donnerstag 21 Dezember 2017 22:49:10|DDX|0,015629|1,844200|-0,406349|0,091281|10,835615|-2,373981|0,474172|77,565156
1513892950|Donnerstag 21 Dezember 2017 22:49:10|DDX|0,003907|1,848107|-0,457143|0,022820|10,858851|-2,670932|0,117589|76,105866
1513892950|Donnerstag 21 Dezember 2017 22:49:10|DDX|0,011722|1,848107|-0,445421|0,068461|10,858851|-2,602399|0,353278|76,444784
1513892950|Donnerstag 21 Dezember 2017 22:49:10|DDX|0,015629|1,852015|-0,453236|0,091281|10,882088|-2,648087|0,469639|76,240662
1513892950|Donnerstag 21 Dezember 2017 22:49:10|DDX|0,023443|1,855922|-0,449328|0,136921|10,905327|-2,625243|0,703379|76,372447
1513892950|Donnerstag 21 Dezember 2017 22:49:10|DDX|0,007814|1,855922|-0,445421|0,045640|10,905327|-2,602399|0,234583|76,502266
1513892950|Donnerstag 21 Dezember 2017 22:49:10|DDX|0,011722|1,859829|-0,449328|0,068461|10,928568|-2,625243|0,351005|76,413350
1513892950|Donnerstag 21 Dezember 2017 22:49:10|DDX|-0,003907|1,867643|-0,468864|-0,022820|10,975055|-2,739469|-0,116258|75,906893
1513892950|Donnerstag 21 Dezember 2017 22:49:10|DDX|0,023443|1,848107|-0,425885|0,136921|10,858851|-2,488185|0,708198|77,004099
1513892950|Donnerstag 21 Dezember 2017 22:49:10|DDX|0,005861|1,859829|-0,484493|0,034230|10,928568|-2,830858|0,174722|75,397705
1513892951|Donnerstag 21 Dezember 2017 22:49:11|DDX|0,021490|1,859829|-0,468864|0,125511|10,928568|-2,739469|0,641919|75,836267
1513892951|Donnerstag 21 Dezember 2017 22:49:11|DDX|0,001954|1,867643|-0,461050|0,011410|10,975055|-2,693777|0,058186|76,132984
1513892951|Donnerstag 21 Dezember 2017 22:49:11|DDX|0,015629|1,844200|-0,513797|0,091281|10,835615|-3,002232|0,467733|74,425222
1513892951|Donnerstag 21 Dezember 2017 22:49:11|DDX|-0,019536|1,838339|-0,463004|-0,114101|10,800765|-2,705200|-0,590422|75,851441
1513892951|Donnerstag 21 Dezember 2017 22:49:11|DDX|0,011722|1,844200|-0,478632|0,068461|10,835615|-2,796586|0,352486|75,446624
1513892951|Donnerstag 21 Dezember 2017 22:49:11|DDX|0,023443|1,844200|-0,435653|0,136921|10,835615|-2,545291|0,708791|76,690200
1513892951|Donnerstag 21 Dezember 2017 22:49:11|DDX|0,031258|1,848107|-0,468864|0,182562|10,858851|-2,739469|0,939221|75,734107
1513892951|Donnerstag 21 Dezember 2017 22:49:11|DDX|0,011722|1,859829|-0,457143|0,068461|10,928568|-2,670932|0,350666|76,186192
1513892951|Donnerstag 21 Dezember 2017 22:49:11|DDX|0,011722|1,848107|-0,445421|0,068461|10,858851|-2,602399|0,353278|76,444784
1513892951|Donnerstag 21 Dezember 2017 22:49:11|DDX|0,011722|1,867643|-0,449328|0,068461|10,975055|-2,625243|0,349617|76,468104
1513892951|Donnerstag 21 Dezember 2017 22:49:11|DDX|0,007814|1,859829|-0,457143|0,045640|10,928568|-2,670932|0,233779|76,188617
1513892951|Donnerstag 21 Dezember 2017 22:49:11|DDX|0,011722|1,844200|-0,457143|0,068461|10,835615|-2,670932|0,353466|76,073665
1513892951|Donnerstag 21 Dezember 2017 22:49:11|DDX|0,007814|1,859829|-0,453236|0,045640|10,928568|-2,648087|0,233892|76,302165
1513892951|Donnerstag 21 Dezember 2017 22:49:11|DDX|0,000000|1,852015|-0,453236|0,000000|10,882088|-2,648087|0,000000|76,248525
1513892951|Donnerstag 21 Dezember 2017 22:49:11|DDX|-0,003907|1,855922|-0,445421|-0,022820|10,905327|-2,602399|-0,117292|76,503767
1513892951|Donnerstag 21 Dezember 2017 22:49:11|DDX|0,027350|1,852015|-0,414164|0,159742|10,882088|-2,419662|0,825687|77,367847
1513892951|Donnerstag 21 Dezember 2017 22:49:11|DDX|0,003907|1,867643|-0,504029|0,022820|10,975055|-2,945104|0,115725|74,896695
1513892951|Donnerstag 21 Dezember 2017 22:49:11|DDX|0,031258|1,848107|-0,461050|0,182562|10,858851|-2,693777|0,940160|75,961377
1513892951|Donnerstag 21 Dezember 2017 22:49:11|DDX|0,001954|1,879365|-0,562637|0,011410|11,044799|-3,287915|0,057057|73,333451
1513892951|Donnerstag 21 Dezember 2017 22:49:11|DDX|0,015629|1,850061|-0,453236|0,091281|10,870469|-2,648087|0,470107|76,226685
1513892952|Donnerstag 21 Dezember 2017 22:49:12|DDX|0,035165|1,832479|-0,457143|0,205382|10,765920|-2,670932|1,066675|75,952760
1513892952|Donnerstag 21 Dezember 2017 22:49:12|DDX|0,007814|1,855922|-0,474725|0,045640|10,905327|-2,773739|0,233719|75,650121
1513892952|Donnerstag 21 Dezember 2017 22:49:12|DDX|0,015629|1,848107|-0,439560|0,091281|10,858851|-2,568134|0,471371|76,613000
1513892952|Donnerstag 21 Dezember 2017 22:49:12|DDX|0,050794|1,852015|-0,484493|0,296664|10,882088|-2,830858|1,519887|75,262910
1513892952|Donnerstag 21 Dezember 2017 22:49:12|DDX|0,031258|1,844200|-0,480586|0,182562|10,835615|-2,808010|0,939647|75,364414
1513892952|Donnerstag 21 Dezember 2017 22:49:12|DDX|0,011722|1,859829|-0,453236|0,068461|10,928568|-2,648087|0,350836|76,299717
1513892952|Donnerstag 21 Dezember 2017 22:49:12|DDX|0,003907|1,852015|-0,453236|0,022820|10,882088|-2,648087|0,117412|76,248033
1513892952|Donnerstag 21 Dezember 2017 22:49:12|DDX|0,011722|1,844200|-0,445421|0,068461|10,835615|-2,602399|0,353985|76,417128
1513892952|Donnerstag 21 Dezember 2017 22:49:12|DDX|0,019536|1,848107|-0,457143|0,114101|10,858851|-2,670932|0,587923|76,094165
1513892952|Donnerstag 21 Dezember 2017 22:49:12|DDX|0,007814|1,855922|-0,453236|0,045640|10,905327|-2,648087|0,234357|76,274417
1513892952|Donnerstag 21 Dezember 2017 22:49:12|DDX|0,003907|1,859829|-0,461050|0,022820|10,928568|-2,693777|0,116833|76,076621
1513892952|Donnerstag 21 Dezember 2017 22:49:12|DDX|0,015629|1,855922|-0,457143|0,091281|10,905327|-2,670932|0,468478|76,154827
1513892952|Donnerstag 21 Dezember 2017 22:49:12|DDX|0,031258|1,836386|-0,476679|0,182562|10,789150|-2,785163|0,943879|75,418703
1513892952|Donnerstag 21 Dezember 2017 22:49:12|DDX|0,019536|1,840293|-0,425885|0,114101|10,812382|-2,488185|0,592553|76,956617
1513892952|Donnerstag 21 Dezember 2017 22:49:12|DDX|0,013675|1,836386|-0,402442|0,079871|10,789150|-2,351142|0,416773|77,632186
1513892952|Donnerstag 21 Dezember 2017 22:49:12|DDX|0,005861|1,852015|-0,464957|0,034230|10,882088|-2,716623|0,175858|75,905812
1513892952|Donnerstag 21 Dezember 2017 22:49:12|DDX|0,009768|1,859829|-0,476679|0,057051|10,928568|-2,785163|0,291498|75,621505
1513892952|Donnerstag 21 Dezember 2017 22:49:12|DDX|0,011722|1,836386|-0,472772|0,068461|10,789150|-2,762316|0,354165|75,558642
1513892952|Donnerstag 21 Dezember 2017 22:49:12|DDX|0,046886|1,857875|-0,478632|0,273844|10,916947|-2,796586|1,399951|75,487160
1513892953|Donnerstag 21 Dezember 2017 22:49:13|DDX|0,042979|1,828571|-0,402442|0,251023|10,742692|-2,351142|1,314988|77,519534
1513892953|Donnerstag 21 Dezember 2017 22:49:13|DDX|0,023443|1,836386|-0,418071|0,136921|10,789150|-2,442503|0,713150|77,155179
1513892953|Donnerstag 21 Dezember 2017 22:49:13|DDX|0,027350|1,844200|-0,472772|0,159742|10,835615|-2,762316|0,823053|75,598485
1513892953|Donnerstag 21 Dezember 2017 22:49:13|DDX|0,007814|1,848107|-0,445421|0,045640|10,858851|-2,602399|0,235520|76,447294
1513892953|Donnerstag 21 Dezember 2017 22:49:13|DDX|0,015629|1,859829|-0,457143|0,091281|10,928568|-2,670932|0,467550|76,182798
1513892953|Donnerstag 21 Dezember 2017 22:49:13|DDX|0,011722|1,852015|-0,461050|0,068461|10,882088|-2,693777|0,351887|76,016314
1513892953|Donnerstag 21 Dezember 2017 22:49:13|DDX|0,007814|1,855922|-0,441514|0,045640|10,905327|-2,579555|0,234694|76,616354
1513892953|Donnerstag 21 Dezember 2017 22:49:13|DDX|0,015629|1,863736|-0,453236|0,091281|10,951810|-2,648087|0,466851|76,323939
1513892953|Donnerstag 21 Dezember 2017 22:49:13|DDX|0,007814|1,855922|-0,464957|0,045640|10,905327|-2,716623|0,234012|75,933471
1513892953|Donnerstag 21 Dezember 2017 22:49:13|DDX|0,031258|1,848107|-0,441514|0,182562|10,858851|-2,579555|0,942453|76,531434
1513892953|Donnerstag 21 Dezember 2017 22:49:13|DDX|-0,003907|1,859829|-0,441514|-0,022820|10,928568|-2,579555|-0,117114|76,644975
1513892953|Donnerstag 21 Dezember 2017 22:49:13|DDX|0,021490|1,840293|-0,457143|0,125511|10,812382|-2,670932|0,649297|76,034855
1513892953|Donnerstag 21 Dezember 2017 22:49:13|DDX|0,023443|1,863736|-0,519658|0,136921|10,951810|-3,036510|0,694187|74,405073
1513892953|Donnerstag 21 Dezember 2017 22:49:13|DDX|0,017582|1,855922|-0,476679|0,102691|10,905327|-2,785163|0,525723|75,586004
1513892953|Donnerstag 21 Dezember 2017 22:49:13|DDX|-0,005861|1,844200|-0,461050|-0,034230|10,835615|-2,693777|-0,176647|75,962667
1513892953|Donnerstag 21 Dezember 2017 22:49:13|DDX|-0,007814|1,836386|-0,388767|-0,045640|10,789150|-2,271206|-0,238524|78,044502
1513892953|Donnerstag 21 Dezember 2017 22:49:13|DDX|-0,011722|1,859829|-0,468864|-0,068461|10,928568|-2,739469|-0,350148|75,846281
1513892953|Donnerstag 21 Dezember 2017 22:49:13|DDX|0,046886|1,840293|-0,529426|0,273844|10,812382|-3,093642|1,402586|73,890662
1513892953|Donnerstag 21 Dezember 2017 22:49:13|DDX|0,003907|1,863736|-0,445421|0,022820|10,951810|-2,602399|0,116827|76,558297
1513892953|Donnerstag 21 Dezember 2017 22:49:13|DDX|-0,007814|1,855922|-0,414164|-0,045640|10,905327|-2,419662|-0,235453|77,417948
1513892954|Donnerstag 21 Dezember 2017 22:49:14|DDX|0,003907|1,852015|-0,445421|0,022820|10,882088|-2,602399|0,117526|76,476338
1513892954|Donnerstag 21 Dezember 2017 22:49:14|DDX|0,011722|1,848107|-0,441514|0,068461|10,858851|-2,579555|0,353447|76,559278
1513892954|Donnerstag 21 Dezember 2017 22:49:14|DDX|0,015629|1,844200|-0,453236|0,091281|10,835615|-2,648087|0,471516|76,184589
1513892954|Donnerstag 21 Dezember 2017 22:49:14|DDX|0,015629|1,852015|-0,468864|0,091281|10,882088|-2,739469|0,468711|75,785663
1513892954|Donnerstag 21 Dezember 2017 22:49:14|DDX|0,019536|1,859829|-0,453236|0,114101|10,928568|-2,648087|0,584713|76,291886
1513892954|Donnerstag 21 Dezember 2017 22:49:14|DDX|0,011722|1,863736|-0,453236|0,068461|10,951810|-2,648087|0,350141|76,327359
1513892954|Donnerstag 21 Dezember 2017 22:49:14|DDX|0,023443|1,859829|-0,461050|0,136921|10,928568|-2,693777|0,700962|76,059815
1513892954|Donnerstag 21 Dezember 2017 22:49:14|DDX|0,054701|1,848107|-0,507937|0,319485|10,858851|-2,967955|1,634778|74,547572
1513892954|Donnerstag 21 Dezember 2017 22:49:14|DDX|0,003907|1,852015|-0,468864|0,022820|10,882088|-2,739469|0,117180|75,792761
1513892954|Donnerstag 21 Dezember 2017 22:49:14|DDX|0,068376|1,846154|-0,500122|0,399357|10,847233|-2,922254|2,047368|74,707968
1513892954|Donnerstag 21 Dezember 2017 22:49:14|DDX|0,033211|1,859829|-0,511844|0,193972|10,928568|-2,990806|0,986366|74,581739
1513892954|Donnerstag 21 Dezember 2017 22:49:14|DDX|0,031258|1,846154|-0,441514|0,182562|10,847233|-2,579555|0,943396|76,517702
1513892954|Donnerstag 21 Dezember 2017 22:49:14|DDX|0,011722|1,844200|-0,429792|0,068461|10,835615|-2,511027|0,354660|76,876619
1513892954|Donnerstag 21 Dezember 2017 22:49:14|DDX|0,000000|1,859829|-0,509890|0,000000|10,928568|-2,979380|0,000000|74,668521
1513892954|Donnerstag 21 Dezember 2017 22:49:14|DDX|0,000000|1,855922|-0,420024|0,000000|10,905327|-2,453923|0,000000|77,247880
1513892954|Donnerstag 21 Dezember 2017 22:49:14|DDX|0,015629|1,836386|-0,410256|0,091281|10,789150|-2,396821|0,475882|77,397827
1513892954|Donnerstag 21 Dezember 2017 22:49:14|DDX|0,015629|1,859829|-0,414164|0,091281|10,928568|-2,419662|0,469955|77,437053
1513892954|Donnerstag 21 Dezember 2017 22:49:14|DDX|0,003907|1,863736|-0,453236|0,022820|10,951810|-2,648087|0,116715|76,331269
1513892954|Donnerstag 21 Dezember 2017 22:49:14|DDX|0,019536|1,848107|-0,449328|0,114101|10,858851|-2,625243|0,588498|76,322450
1513892954|Donnerstag 21 Dezember 2017 22:49:14|DDX|0,003907|1,848107|-0,437607|0,022820|10,858851|-2,556712|0,117873|76,677975
1513892955|Donnerstag 21 Dezember 2017 22:49:15|DDX|0,007814|1,848107|-0,445421|0,045640|10,858851|-2,602399|0,235520|76,447294
1513892955|Donnerstag 21 Dezember 2017 22:49:15|DDX|0,019536|1,855922|-0,449328|0,114101|10,905327|-2,625243|0,586158|76,377889
1513892955|Donnerstag 21 Dezember 2017 22:49:15|DDX|0,003907|1,855922|-0,468864|0,022820|10,905327|-2,739469|0,116948|75,821463
1513892955|Donnerstag 21 Dezember 2017 22:49:15|DDX|0,039072|1,852015|-0,531380|0,228203|10,882088|-3,105069|1,161733|73,949769
1513892955|Donnerstag 21 Dezember 2017 22:49:15|DDX|0,011722|1,844200|-0,414164|0,068461|10,835615|-2,419662|0,355314|77,337822
1513892955|Donnerstag 21 Dezember 2017 22:49:15|DDX|0,021490|1,840293|-0,421978|0,125511|10,812382|-2,465344|0,652106|77,069194
1513892955|Donnerstag 21 Dezember 2017 22:49:15|DDX|0,029304|1,844200|-0,484493|0,171152|10,835615|-2,830858|0,880471|75,254612
1513892955|Donnerstag 21 Dezember 2017 22:49:15|DDX|0,013675|1,846154|-0,425885|0,079871|10,847233|-2,488185|0,413545|77,003344
1513892955|Donnerstag 21 Dezember 2017 22:49:15|DDX|0,013675|1,844200|-0,521612|0,079871|10,835615|-3,047936|0,408818|74,201873
1513892955|Donnerstag 21 Dezember 2017 22:49:15|DDX|0,011722|1,850061|-0,447375|0,068461|10,870469|-2,613821|0,352840|76,401419
1513892955|Donnerstag 21 Dezember 2017 22:49:15|DDX|0,023443|1,871551|-0,466911|0,136921|10,998301|-2,728046|0,696315|75,974955
1513892955|Donnerstag 21 Dezember 2017 22:49:15|DDX|0,023443|1,848107|-0,488400|0,136921|10,858851|-2,853706|0,702638|75,180535
1513892955|Donnerstag 21 Dezember 2017 22:49:15|DDX|0,000000|1,836386|-0,437607|0,000000|10,789150|-2,556712|0,000000|76,596516
1513892955|Donnerstag 21 Dezember 2017 22:49:15|DDX|0,011722|1,844200|-0,445421|0,068461|10,835615|-2,602399|0,353985|76,417128
1513892955|Donnerstag 21 Dezember 2017 22:49:15|DDX|0,011722|1,852015|-0,445421|0,068461|10,882088|-2,602399|0,352573|76,472330
1513892955|Donnerstag 21 Dezember 2017 22:49:15|DDX|0,007814|1,848107|-0,445421|0,045640|10,858851|-2,602399|0,235520|76,447294
1513892955|Donnerstag 21 Dezember 2017 22:49:15|DDX|0,011722|1,852015|-0,445421|0,068461|10,882088|-2,602399|0,352573|76,472330
1513892955|Donnerstag 21 Dezember 2017 22:49:15|DDX|0,011722|1,844200|-0,441514|0,068461|10,835615|-2,579555|0,354156|76,531838
