1514040418|Samstag 23 Dezember 2017 15:46:58|BOT|0,011722|0,058608|-0,976801|0,068461|0,342305|-5,714523|0,686282|3,433384
1514040418|Samstag 23 Dezember 2017 15:46:58|BOT|0,007814|0,060562|-0,953358|0,045640|0,353716|-5,576934|0,468682|3,634685
1514040418|Samstag 23 Dezember 2017 15:46:58|BOT|0,019536|0,054701|-0,965079|0,114101|0,319485|-5,645724|1,157817|3,243400
1514040418|Samstag 23 Dezember 2017 15:46:58|BOT|0,007814|0,062515|-0,972894|0,045640|0,365126|-5,691589|0,459250|3,676484
1514040419|Samstag 23 Dezember 2017 15:46:59|BOT|0,017582|0,066422|-0,992430|0,102691|0,387947|-5,806267|1,012711|3,828447
1514040419|Samstag 23 Dezember 2017 15:46:59|BOT|0,027350|0,058608|-0,980708|0,159742|0,342305|-5,737458|1,594633|3,418657
1514040419|Samstag 23 Dezember 2017 15:46:59|BOT|0,011722|0,058608|-0,961172|0,068461|0,342305|-5,622793|0,697399|3,489066
1514040419|Samstag 23 Dezember 2017 15:46:59|BOT|-0,003907|0,042979|-0,937729|-0,022820|0,251023|-5,485226|-0,238481|2,624197
1514040420|Samstag 23 Dezember 2017 15:47:00|BOT|0,001954|0,056654|-0,961172|0,011410|0,330895|-5,622793|0,116253|3,373280
1514040420|Samstag 23 Dezember 2017 15:47:00|BOT|0,015629|0,066422|-0,957265|0,091281|0,387947|-5,599863|0,933115|3,968736
1514040420|Samstag 23 Dezember 2017 15:47:00|BOT|0,015629|0,046886|-0,968987|0,091281|0,273844|-5,668656|0,922966|2,769856
1514040420|Samstag 23 Dezember 2017 15:47:00|BOT|0,013675|0,068376|-0,961172|0,079871|0,399357|-5,622793|0,813074|4,068654
1514040421|Samstag 23 Dezember 2017 15:47:01|BOT|-0,003907|0,054701|-0,968987|-0,022820|0,319485|-5,668656|-0,230663|3,230984
1514040421|Samstag 23 Dezember 2017 15:47:01|BOT|0,007814|0,054701|-0,972894|0,045640|0,319485|-5,691589|0,459472|3,217958
1514040421|Samstag 23 Dezember 2017 15:47:01|BOT|0,023443|0,058608|-0,988523|0,136921|0,342305|-5,783330|1,356158|3,392060
1514040421|Samstag 23 Dezember 2017 15:47:01|BOT|0,015629|0,048840|-0,992430|0,091281|0,285254|-5,806267|0,901131|2,817052
1514040422|Samstag 23 Dezember 2017 15:47:02|BOT|0,015629|0,050794|-0,980708|0,091281|0,296664|-5,737458|0,911781|2,964486
1514040422|Samstag 23 Dezember 2017 15:47:02|BOT|0,011722|0,062515|-0,965079|0,068461|0,365126|-5,645724|0,694411|3,706017
1514040422|Samstag 23 Dezember 2017 15:47:02|BOT|0,003907|0,060562|-0,972894|0,022820|0,353716|-5,691589|0,229658|3,561980
1514040422|Samstag 23 Dezember 2017 15:47:02|BOT|0,023443|0,054701|-0,996337|0,136921|0,319485|-5,829205|1,345861|3,141628
1514040423|Samstag 23 Dezember 2017 15:47:03|BOT|0,011722|0,042979|-0,968987|0,068461|0,251023|-5,668656|0,692380|2,539495
1514040423|Samstag 23 Dezember 2017 15:47:03|BOT|0,017582|0,062515|-0,972894|0,102691|0,365126|-5,691589|1,033223|3,676003
1514040423|Samstag 23 Dezember 2017 15:47:03|BOT|0,007814|0,046886|-0,955311|0,045640|0,273844|-5,588399|0,468103|2,809714
1514040423|Samstag 23 Dezember 2017 15:47:03|BOT|0,007814|0,058608|-0,976801|0,045640|0,342305|-5,714523|0,457534|3,433521
1514040424|Samstag 23 Dezember 2017 15:47:04|BOT|0,015629|0,054701|-0,949451|0,091281|0,319485|-5,554006|0,941494|3,296901
1514040424|Samstag 23 Dezember 2017 15:47:04|BOT|0,019536|0,058608|-0,920147|0,114101|0,342305|-5,382072|1,213829|3,643671
1514040424|Samstag 23 Dezember 2017 15:47:04|BOT|0,023443|0,035165|-0,961172|0,136921|0,205382|-5,622793|1,396247|2,094630
1514040424|Samstag 23 Dezember 2017 15:47:04|BOT|0,003907|0,066422|-0,965079|0,022820|0,387947|-5,645724|0,231418|3,937193
1514040425|Samstag 23 Dezember 2017 15:47:05|BOT|0,025397|0,058608|-0,965079|0,148332|0,342305|-5,645724|1,504665|3,474033
1514040425|Samstag 23 Dezember 2017 15:47:05|BOT|0,031258|0,031258|-0,988523|0,182562|0,182562|-5,783330|1,810217|1,810217
1514040425|Samstag 23 Dezember 2017 15:47:05|BOT|0,007814|0,050794|-0,976801|0,045640|0,296664|-5,714523|0,457738|2,976604
1514040425|Samstag 23 Dezember 2017 15:47:05|BOT|0,015629|0,054701|-0,992430|0,091281|0,319485|-5,806267|0,900854|3,154453
1514040426|Samstag 23 Dezember 2017 15:47:06|BOT|0,019536|0,060562|-1,000244|0,114101|0,353716|-5,852145|1,116871|3,464192
1514040426|Samstag 23 Dezember 2017 15:47:06|BOT|0,003907|0,062515|-1,000244|0,022820|0,365126|-5,852145|0,223375|3,576307
1514040426|Samstag 23 Dezember 2017 15:47:06|BOT|0,011722|0,062515|-0,949451|0,068461|0,365126|-5,554006|0,705791|3,766838
1514040426|Samstag 23 Dezember 2017 15:47:06|BOT|0,015629|0,044933|-0,941636|0,091281|0,262433|-5,508152|0,949799|2,731583
1514040427|Samstag 23 Dezember 2017 15:47:07|BOT|0,007814|0,062515|-0,961172|0,045640|0,365126|-5,622793|0,464827|3,721191
1514040427|Samstag 23 Dezember 2017 15:47:07|BOT|0,007814|0,062515|-0,968987|0,045640|0,365126|-5,668656|0,461094|3,691266
1514040427|Samstag 23 Dezember 2017 15:47:07|BOT|0,007814|0,050794|-0,937729|0,045640|0,296664|-5,485226|0,476755|3,100384
1514040427|Samstag 23 Dezember 2017 15:47:07|BOT|-0,019536|0,058608|-0,963126|-0,114101|0,342305|-5,634259|-1,159882|3,481550
1514040428|Samstag 23 Dezember 2017 15:47:08|BOT|0,007814|0,062515|-0,968987|0,045640|0,365126|-5,668656|0,461094|3,691266
1514040428|Samstag 23 Dezember 2017 15:47:08|BOT|0,019536|0,050794|-0,961172|0,114101|0,296664|-5,622793|1,162766|3,024388
1514040428|Samstag 23 Dezember 2017 15:47:08|BOT|0,023443|0,054701|-0,988523|0,136921|0,319485|-5,783330|1,356464|3,166399
1514040428|Samstag 23 Dezember 2017 15:47:08|BOT|0,019536|0,046886|-0,968987|0,114101|0,273844|-5,668656|1,153651|2,769654
1514040429|Samstag 23 Dezember 2017 15:47:09|BOT|0,003907|0,054701|-0,968987|0,022820|0,319485|-5,668656|0,230663|3,230984
1514040429|Samstag 23 Dezember 2017 15:47:09|BOT|0,005861|0,066422|-0,949451|0,034230|0,387947|-5,554006|0,352811|4,001751
1514040429|Samstag 23 Dezember 2017 15:47:09|BOT|0,003907|0,046886|-0,957265|0,022820|0,273844|-5,599863|0,233579|2,804060
1514040429|Samstag 23 Dezember 2017 15:47:09|BOT|0,011722|0,062515|-0,972894|0,068461|0,365126|-5,691589|0,688857|3,676336
1514040430|Samstag 23 Dezember 2017 15:47:10|BOT|0,023443|0,042979|-0,968987|0,136921|0,251023|-5,668656|1,384557|2,538938
1514040430|Samstag 23 Dezember 2017 15:47:10|BOT|0,011722|0,046886|-0,937729|0,068461|0,273844|-5,485226|0,715267|2,862182
1514040430|Samstag 23 Dezember 2017 15:47:10|BOT|0,003907|0,058608|-0,941636|0,022820|0,342305|-5,508152|0,237281|3,561503
1514040430|Samstag 23 Dezember 2017 15:47:10|BOT|0,007814|0,054701|-0,968987|0,045640|0,319485|-5,668656|0,461318|3,230905
1514040431|Samstag 23 Dezember 2017 15:47:11|BOT|0,015629|0,031258|-0,996337|0,091281|0,182562|-5,829205|0,898242|1,796704
1514040431|Samstag 23 Dezember 2017 15:47:11|BOT|0,007814|0,066422|-0,953358|0,045640|0,387947|-5,576934|0,468491|3,985345
1514040431|Samstag 23 Dezember 2017 15:47:11|BOT|0,007814|0,062515|-0,968987|0,045640|0,365126|-5,668656|0,461094|3,691266
1514040431|Samstag 23 Dezember 2017 15:47:11|BOT|0,003907|0,046886|-0,945543|0,022820|0,273844|-5,531078|0,236468|2,838764
1514040432|Samstag 23 Dezember 2017 15:47:12|BOT|0,011722|0,046886|-0,980708|0,068461|0,273844|-5,737458|0,683996|2,736961
1514040432|Samstag 23 Dezember 2017 15:47:12|BOT|0,007814|0,066422|-0,968987|0,045640|0,387947|-5,668656|0,460971|3,921272
1514040432|Samstag 23 Dezember 2017 15:47:12|BOT|0,015629|0,058608|-0,953358|0,091281|0,342305|-5,576934|0,937422|3,517383
1514040432|Samstag 23 Dezember 2017 15:47:12|BOT|0,019536|0,048840|-0,957265|0,114101|0,285254|-5,599863|1,167621|2,920115
1514040433|Samstag 23 Dezember 2017 15:47:13|BOT|0,023443|0,046886|-0,980708|0,136921|0,273844|-5,737458|1,367798|2,736376
1514040433|Samstag 23 Dezember 2017 15:47:13|BOT|0,015629|0,058608|-0,980708|0,091281|0,342305|-5,737458|0,911377|3,419550
1514040433|Samstag 23 Dezember 2017 15:47:13|BOT|0,005861|0,054701|-0,992430|0,034230|0,319485|-5,806267|0,337844|3,154788
1514040433|Samstag 23 Dezember 2017 15:47:13|BOT|0,031258|0,054701|-0,959219|0,182562|0,319485|-5,611328|1,863387|3,262114
1514040434|Samstag 23 Dezember 2017 15:47:14|BOT|0,007814|0,066422|-0,972894|0,045640|0,387947|-5,691589|0,459128|3,905574
1514040434|Samstag 23 Dezember 2017 15:47:14|BOT|0,019536|0,046886|-0,961172|0,114101|0,273844|-5,622793|1,163006|2,792127
1514040434|Samstag 23 Dezember 2017 15:47:14|BOT|0,011722|0,048840|-0,945543|0,068461|0,285254|-5,531078|0,709296|2,956638
1514040434|Samstag 23 Dezember 2017 15:47:14|BOT|0,027350|0,046886|-0,972894|0,159742|0,273844|-5,691589|1,608435|2,758020
1514040435|Samstag 23 Dezember 2017 15:47:15|BOT|0,011722|0,062515|-0,961172|0,068461|0,365126|-5,622793|0,697221|3,721037
1514040435|Samstag 23 Dezember 2017 15:47:15|BOT|0,009768|0,039072|-0,984615|0,057051|0,228203|-5,760393|0,567945|2,272338
