1514075370|Sonntag 24 Dezember 2017 01:29:30|BOT|0,011722|0,189499|-0,941636|0,068461|1,106849|-5,508152|0,699173|11,377637
1514075370|Sonntag 24 Dezember 2017 01:29:30|BOT|0,009768|0,193407|-0,945543|0,057051|1,129674|-5,531078|0,579872|11,559531
1514075370|Sonntag 24 Dezember 2017 01:29:30|BOT|0,007814|0,193407|-0,945543|0,045640|1,129674|-5,531078|0,463903|11,559747
1514075370|Sonntag 24 Dezember 2017 01:29:30|BOT|0,013675|0,195360|-0,937729|0,079871|1,141086|-5,485226|0,817945|11,767073
1514075370|Sonntag 24 Dezember 2017 01:29:30|BOT|0,003907|0,195360|-0,933822|0,022820|1,141086|-5,462302|0,234650|11,816047
1514075370|Sonntag 24 Dezember 2017 01:29:30|BOT|0,009768|0,193407|-0,955311|0,057051|1,129674|-5,588399|0,574178|11,444481
1514075370|Sonntag 24 Dezember 2017 01:29:30|BOT|0,023443|0,199267|-0,974847|0,136921|1,163911|-5,703056|1,349691|11,549367
1514075370|Sonntag 24 Dezember 2017 01:29:30|BOT|0,005861|0,185592|-0,955311|0,034230|1,084025|-5,588399|0,345052|10,993930
1514075370|Sonntag 24 Dezember 2017 01:29:30|BOT|0,011722|0,170940|-0,935775|0,068461|0,998435|-5,473764|0,705974|10,351413
1514075370|Sonntag 24 Dezember 2017 01:29:30|BOT|-0,003907|0,188523|-0,944567|-0,022820|1,101143|-5,525347|-0,232419|11,287048
1514075370|Sonntag 24 Dezember 2017 01:29:30|BOT|0,013675|0,191453|-0,964103|0,079871|1,118261|-5,639992|0,797089|11,230665
1514075370|Sonntag 24 Dezember 2017 01:29:30|BOT|0,013675|0,194383|-0,968010|0,079871|1,135380|-5,662923|0,793533|11,353296
1514075370|Sonntag 24 Dezember 2017 01:29:30|BOT|0,007814|0,193407|-0,940659|0,045640|1,129674|-5,502420|0,466214|11,618134
1514075370|Sonntag 24 Dezember 2017 01:29:30|BOT|0,023443|0,193407|-0,955311|0,136921|1,129674|-5,588399|1,377807|11,441710
1514075370|Sonntag 24 Dezember 2017 01:29:30|BOT|-0,001954|0,197314|-0,912332|-0,011410|1,152498|-5,336231|-0,119916|12,203609
1514075370|Sonntag 24 Dezember 2017 01:29:30|BOT|-0,003907|0,191453|-0,931868|-0,022820|1,118261|-5,450839|-0,235317|11,609808
1514075370|Sonntag 24 Dezember 2017 01:29:30|BOT|0,005861|0,187546|-0,943590|0,034230|1,095437|-5,519615|0,349042|11,241267
1514075371|Sonntag 24 Dezember 2017 01:29:31|BOT|0,013675|0,187546|-0,943590|0,079871|1,095437|-5,519615|0,814387|11,240328
1514075371|Sonntag 24 Dezember 2017 01:29:31|BOT|0,005861|0,193407|-0,941636|0,034230|1,129674|-5,508152|0,349316|11,606580
1514075371|Sonntag 24 Dezember 2017 01:29:31|BOT|0,003907|0,191453|-0,937729|0,022820|1,118261|-5,485226|0,233906|11,539200
1514075371|Sonntag 24 Dezember 2017 01:29:31|BOT|0,003907|0,191453|-0,947497|0,022820|1,118261|-5,542542|0,231589|11,423385
1514075371|Sonntag 24 Dezember 2017 01:29:31|BOT|0,009768|0,195360|-0,951404|0,057051|1,141086|-5,565470|0,576210|11,603159
1514075371|Sonntag 24 Dezember 2017 01:29:31|BOT|0,017582|0,185592|-0,937729|0,102691|1,084025|-5,485226|1,053735|11,193194
1514075371|Sonntag 24 Dezember 2017 01:29:31|BOT|0,017582|0,179731|-0,951404|0,102691|1,049789|-5,565470|1,040337|10,695989
1514075371|Sonntag 24 Dezember 2017 01:29:31|BOT|0,002930|0,197314|-0,978755|0,017115|1,152498|-5,725990|0,168161|11,397827
1514075371|Sonntag 24 Dezember 2017 01:29:31|BOT|0,006838|0,194383|-0,957265|0,039935|1,135380|-5,599863|0,401064|11,478197
1514075371|Sonntag 24 Dezember 2017 01:29:31|BOT|0,018559|0,190476|-0,959219|0,108396|1,112555|-5,611328|1,087213|11,229320
1514075371|Sonntag 24 Dezember 2017 01:29:31|BOT|0,017582|0,188523|-0,926984|0,102691|1,101143|-5,422185|1,064825|11,493568
1514075371|Sonntag 24 Dezember 2017 01:29:31|BOT|0,029304|0,183639|-0,936752|0,171152|1,072613|-5,479495|1,758329|11,086178
1514075371|Sonntag 24 Dezember 2017 01:29:31|BOT|0,015629|0,189499|-0,939683|0,091281|1,106849|-5,496689|0,934056|11,399997
1514075371|Sonntag 24 Dezember 2017 01:29:31|BOT|0,000000|0,197314|-0,927961|0,000000|1,152498|-5,427916|0,000000|12,004112
1514075371|Sonntag 24 Dezember 2017 01:29:31|BOT|0,005861|0,191453|-0,945543|0,034230|1,118261|-5,531078|0,348071|11,446245
1514075371|Sonntag 24 Dezember 2017 01:29:31|BOT|0,007814|0,193407|-0,945543|0,045640|1,129674|-5,531078|0,463903|11,559747
1514075371|Sonntag 24 Dezember 2017 01:29:31|BOT|0,005861|0,189499|-0,943590|0,034230|1,106849|-5,519615|0,348904|11,355337
1514075371|Sonntag 24 Dezember 2017 01:29:31|BOT|0,005861|0,197314|-0,943590|0,034230|1,152498|-5,519615|0,348336|11,810695
1514075371|Sonntag 24 Dezember 2017 01:29:31|BOT|0,009768|0,191453|-0,947497|0,057051|1,118261|-5,542542|0,578957|11,422888
1514075371|Sonntag 24 Dezember 2017 01:29:31|BOT|0,009768|0,195360|-0,945543|0,057051|1,141086|-5,531078|0,579636|11,673105
1514075372|Sonntag 24 Dezember 2017 01:29:32|BOT|0,003907|0,193407|-0,945543|0,022820|1,129674|-5,531078|0,231955|11,560035
1514075372|Sonntag 24 Dezember 2017 01:29:32|BOT|0,007814|0,183639|-0,926007|0,045640|1,072613|-5,416455|0,474262|11,216531
1514075372|Sonntag 24 Dezember 2017 01:29:32|BOT|0,017582|0,185592|-0,920147|0,102691|1,084025|-5,382072|1,073086|11,401450
1514075372|Sonntag 24 Dezember 2017 01:29:32|BOT|0,017582|0,185592|-0,935775|0,102691|1,084025|-5,473764|1,055851|11,215962
1514075372|Sonntag 24 Dezember 2017 01:29:32|BOT|0,013675|0,194383|-0,941636|0,079871|1,135380|-5,508152|0,814859|11,662621
1514075372|Sonntag 24 Dezember 2017 01:29:32|BOT|-0,000977|0,184615|-0,961172|-0,005705|1,078319|-5,622793|-0,057182|10,872563
1514075372|Sonntag 24 Dezember 2017 01:29:32|BOT|0,007814|0,186569|-0,945543|0,045640|1,089731|-5,531078|0,464552|11,161510
1514075372|Sonntag 24 Dezember 2017 01:29:32|BOT|0,009768|0,185592|-0,952381|0,057051|1,084025|-5,571202|0,576780|11,026567
1514075372|Sonntag 24 Dezember 2017 01:29:32|BOT|0,013675|0,193407|-0,950427|0,079871|1,129674|-5,559738|0,807789|11,501155
1514075372|Sonntag 24 Dezember 2017 01:29:32|BOT|0,003907|0,209035|-0,969963|0,022820|1,220974|-5,674389|0,225618|12,161632
1514075372|Sonntag 24 Dezember 2017 01:29:32|BOT|0,003907|0,189499|-0,972894|0,022820|1,106849|-5,691589|0,225858|11,021930
1514075372|Sonntag 24 Dezember 2017 01:29:32|BOT|0,019536|0,191453|-0,945543|0,114101|1,118261|-5,531078|1,160094|11,444081
1514075372|Sonntag 24 Dezember 2017 01:29:32|BOT|0,007814|0,195360|-0,937729|0,045640|1,141086|-5,485226|0,467418|11,767892
1514075372|Sonntag 24 Dezember 2017 01:29:32|BOT|0,009768|0,191453|-0,947497|0,057051|1,118261|-5,542542|0,578957|11,422888
1514075372|Sonntag 24 Dezember 2017 01:29:32|BOT|0,005861|0,197314|-0,947497|0,034230|1,152498|-5,542542|0,346959|11,763353
1514075372|Sonntag 24 Dezember 2017 01:29:32|BOT|0,009768|0,193407|-0,939683|0,057051|1,129674|-5,496689|0,583342|11,629662
1514075372|Sonntag 24 Dezember 2017 01:29:32|BOT|0,009768|0,193407|-0,941636|0,057051|1,129674|-5,508152|0,582181|11,606192
1514075372|Sonntag 24 Dezember 2017 01:29:32|BOT|0,007814|0,195360|-0,941636|0,045640|1,141086|-5,508152|0,465559|11,720419
1514075372|Sonntag 24 Dezember 2017 01:29:32|BOT|0,009768|0,195360|-0,922100|0,057051|1,141086|-5,393533|0,593746|11,961400
1514075372|Sonntag 24 Dezember 2017 01:29:32|BOT|0,015629|0,199267|-0,941636|0,091281|1,163911|-5,508152|0,930282|11,946955
1514075373|Sonntag 24 Dezember 2017 01:29:33|BOT|0,014652|0,195360|-0,961172|0,085576|1,141086|-5,622793|0,855847|11,487682
1514075373|Sonntag 24 Dezember 2017 01:29:33|BOT|0,017582|0,199267|-0,963126|0,102691|1,163911|-5,634259|1,024166|11,687475
1514075373|Sonntag 24 Dezember 2017 01:29:33|BOT|0,012698|0,184615|-0,957265|0,074166|1,078319|-5,599863|0,746252|10,914945
1514075373|Sonntag 24 Dezember 2017 01:29:33|BOT|0,009768|0,188523|-0,955311|0,057051|1,101143|-5,588399|0,574742|11,162827
1514075373|Sonntag 24 Dezember 2017 01:29:33|BOT|0,005861|0,200244|-0,922100|0,034230|1,169617|-5,393533|0,355869|12,251934
1514075373|Sonntag 24 Dezember 2017 01:29:33|BOT|0,015629|0,189499|-0,937729|0,091281|1,106849|-5,485226|0,935925|11,423117
1514075373|Sonntag 24 Dezember 2017 01:29:33|BOT|0,001954|0,189499|-0,941636|0,011410|1,106849|-5,508152|0,116534|11,378472
1514075373|Sonntag 24 Dezember 2017 01:29:33|BOT|0,009768|0,199267|-0,982662|0,057051|1,163911|-5,748925|0,558162|11,462637
1514075373|Sonntag 24 Dezember 2017 01:29:33|BOT|0,009768|0,191453|-0,931868|0,057051|1,118261|-5,450839|0,588276|11,609287
1514075373|Sonntag 24 Dezember 2017 01:29:33|BOT|0,009768|0,191453|-0,945543|0,057051|1,118261|-5,531078|0,580106|11,445864
1514075373|Sonntag 24 Dezember 2017 01:29:33|BOT|0,007814|0,191453|-0,943590|0,045640|1,118261|-5,519615|0,465014|11,469147
1514075373|Sonntag 24 Dezember 2017 01:29:33|BOT|0,009768|0,189499|-0,943590|0,057051|1,106849|-5,519615|0,581493|11,354958
1514075373|Sonntag 24 Dezember 2017 01:29:33|BOT|0,011722|0,187546|-0,943590|0,068461|1,095437|-5,519615|0,698059|11,240634
1514075373|Sonntag 24 Dezember 2017 01:29:33|BOT|0,005861|0,189499|-0,943590|0,034230|1,106849|-5,519615|0,348904|11,355337
1514075373|Sonntag 24 Dezember 2017 01:29:33|BOT|0,023443|0,191453|-0,941636|0,136921|1,118261|-5,508152|1,397574|11,489228
1514075373|Sonntag 24 Dezember 2017 01:29:33|BOT|0,021490|0,199267|-0,955311|0,125511|1,163911|-5,588399|1,261502|11,779429
1514075373|Sonntag 24 Dezember 2017 01:29:33|BOT|-0,001954|0,197314|-0,916239|-0,011410|1,152498|-5,359151|-0,119428|12,153119
1514075373|Sonntag 24 Dezember 2017 01:29:33|BOT|0,006838|0,191453|-0,924054|0,039935|1,118261|-5,404993|0,415140|11,705079
1514075373|Sonntag 24 Dezember 2017 01:29:33|BOT|0,008791|0,196337|-0,972894|0,051345|1,146792|-5,691589|0,507489|11,409008
1514075374|Sonntag 24 Dezember 2017 01:29:34|BOT|0,010745|0,184615|-0,974847|0,062756|1,078319|-5,703056|0,620464|10,722973
1514075374|Sonntag 24 Dezember 2017 01:29:34|BOT|0,025397|0,190476|-0,918193|0,148332|1,112555|-5,370611|1,551360|11,715242
1514075374|Sonntag 24 Dezember 2017 01:29:34|BOT|0,025397|0,193407|-0,975824|0,148332|1,129674|-5,708789|1,462411|11,206934
1514075374|Sonntag 24 Dezember 2017 01:29:34|BOT|0,021490|0,201221|-0,943590|0,125511|1,175323|-5,519615|1,275967|12,035007
1514075374|Sonntag 24 Dezember 2017 01:29:34|BOT|0,017582|0,197314|-0,947497|0,102691|1,152498|-5,542542|1,040776|11,761603
1514075374|Sonntag 24 Dezember 2017 01:29:34|BOT|0,021490|0,185592|-0,963126|0,125511|1,084025|-5,634259|1,255110|10,904429
1514075374|Sonntag 24 Dezember 2017 01:29:34|BOT|0,009768|0,189499|-0,931868|0,057051|1,106849|-5,450839|0,588518|11,493993
1514075374|Sonntag 24 Dezember 2017 01:29:34|BOT|0,007814|0,191453|-0,951404|0,045640|1,118261|-5,565470|0,461344|11,377418
1514075374|Sonntag 24 Dezember 2017 01:29:34|BOT|0,013675|0,193407|-0,947497|0,079871|1,129674|-5,542542|0,810188|11,535766
1514075374|Sonntag 24 Dezember 2017 01:29:34|BOT|0,011722|0,197314|-0,945543|0,068461|1,152498|-5,531078|0,695267|11,786317
1514075374|Sonntag 24 Dezember 2017 01:29:34|BOT|0,007814|0,193407|-0,941636|0,045640|1,129674|-5,508152|0,465750|11,606410
1514075374|Sonntag 24 Dezember 2017 01:29:34|BOT|0,011722|0,187546|-0,947497|0,068461|1,095437|-5,542542|0,695289|11,195461
1514075374|Sonntag 24 Dezember 2017 01:29:34|BOT|0,015629|0,185592|-0,929915|0,091281|1,084025|-5,439378|0,944245|11,285230
1514075374|Sonntag 24 Dezember 2017 01:29:34|BOT|0,005861|0,191453|-0,949451|0,034230|1,118261|-5,554006|0,346695|11,400379
1514075374|Sonntag 24 Dezember 2017 01:29:34|BOT|0,048840|0,187546|-0,961172|0,285254|1,095437|-5,622793|2,855118|11,027063
1514075374|Sonntag 24 Dezember 2017 01:29:34|BOT|0,016606|0,181685|-0,935775|0,096986|1,061201|-5,473764|0,997992|10,985845
1514075374|Sonntag 24 Dezember 2017 01:29:34|BOT|0,007814|0,189499|-0,951404|0,045640|1,106849|-5,565470|0,461526|11,264305
1514075374|Sonntag 24 Dezember 2017 01:29:34|BOT|0,011722|0,190476|-0,985592|0,068461|1,112555|-5,766127|0,669007|10,937416
1514075374|Sonntag 24 Dezember 2017 01:29:34|BOT|0,009768|0,189499|-0,957265|0,057051|1,106849|-5,599863|0,573502|11,196887
1514075374|Sonntag 24 Dezember 2017 01:29:34|BOT|0,035165|0,189499|-0,947497|0,205382|1,106849|-5,542542|2,084227|11,302352
1514075375|Sonntag 24 Dezember 2017 01:29:35|BOT|0,025397|0,195360|-0,970940|0,148332|1,141086|-5,680123|1,468915|11,372638
1514075375|Sonntag 24 Dezember 2017 01:29:35|BOT|0,023443|0,191453|-0,947497|0,136921|1,118261|-5,542542|1,389272|11,420076
1514075375|Sonntag 24 Dezember 2017 01:29:35|BOT|0,013675|0,187546|-0,961172|0,079871|1,095437|-5,622793|0,800043|11,039850
1514075375|Sonntag 24 Dezember 2017 01:29:35|BOT|0,011722|0,189499|-0,947497|0,068461|1,106849|-5,542542|0,695015|11,309089
1514075375|Sonntag 24 Dezember 2017 01:29:35|BOT|0,009768|0,191453|-0,949451|0,057051|1,118261|-5,554006|0,577813|11,400003
1514075375|Sonntag 24 Dezember 2017 01:29:35|BOT|0,005861|0,193407|-0,943590|0,034230|1,129674|-5,519615|0,348622|11,583201
1514075375|Sonntag 24 Dezember 2017 01:29:35|BOT|0,007814|0,197314|-0,947497|0,045640|1,152498|-5,542542|0,462608|11,763182
1514075375|Sonntag 24 Dezember 2017 01:29:35|BOT|0,009768|0,197314|-0,947497|0,057051|1,152498|-5,542542|0,578253|11,762964
1514075375|Sonntag 24 Dezember 2017 01:29:35|BOT|0,007814|0,185592|-0,949451|0,045640|1,084025|-5,554006|0,462801|11,059963
1514075375|Sonntag 24 Dezember 2017 01:29:35|BOT|0,021490|0,187546|-0,961172|0,125511|1,095437|-5,622793|1,257091|11,038249
1514075375|Sonntag 24 Dezember 2017 01:29:35|BOT|0,019536|0,185592|-0,937729|0,114101|1,084025|-5,485226|1,170786|11,192744
1514075375|Sonntag 24 Dezember 2017 01:29:35|BOT|0,035165|0,181685|-0,939683|0,205382|1,061201|-5,496689|2,104191|10,935481
1514075375|Sonntag 24 Dezember 2017 01:29:35|BOT|0,000977|0,191453|-0,929915|0,005705|1,118261|-5,439378|0,058948|11,633628
1514075375|Sonntag 24 Dezember 2017 01:29:35|BOT|0,011722|0,196337|-0,924054|0,068461|1,146792|-5,404993|0,710890|11,994514
1514075375|Sonntag 24 Dezember 2017 01:29:35|BOT|0,023443|0,188523|-0,931868|0,136921|1,101143|-5,450839|1,412496|11,433401
1514075375|Sonntag 24 Dezember 2017 01:29:35|BOT|0,010745|0,191453|-0,943590|0,062756|1,118261|-5,519615|0,639381|11,468807
1514075375|Sonntag 24 Dezember 2017 01:29:35|BOT|0,015629|0,191453|-0,937729|0,091281|1,118261|-5,485226|0,935545|11,537738
1514075375|Sonntag 24 Dezember 2017 01:29:35|BOT|0,023443|0,193407|-0,947497|0,136921|1,129674|-5,542542|1,388714|11,533500
1514075375|Sonntag 24 Dezember 2017 01:29:35|BOT|0,015629|0,189499|-0,943590|0,091281|1,106849|-5,519615|0,930339|11,354033
1514075375|Sonntag 24 Dezember 2017 01:29:35|BOT|0,019536|0,189499|-0,978755|0,114101|1,106849|-5,725990|1,122634|10,955489
1514075376|Sonntag 24 Dezember 2017 01:29:36|BOT|0,009768|0,189499|-0,931868|0,057051|1,106849|-5,450839|0,588518|11,493993
1514075376|Sonntag 24 Dezember 2017 01:29:36|BOT|0,007814|0,197314|-0,943590|0,045640|1,152498|-5,519615|0,464443|11,810523
1514075376|Sonntag 24 Dezember 2017 01:29:36|BOT|0,007814|0,189499|-0,937729|0,045640|1,106849|-5,485226|0,467994|11,424275
1514075376|Sonntag 24 Dezember 2017 01:29:36|BOT|0,009768|0,191453|-0,941636|0,057051|1,118261|-5,508152|0,582418|11,492092
1514075376|Sonntag 24 Dezember 2017 01:29:36|BOT|0,007814|0,193407|-0,947497|0,045640|1,129674|-5,542542|0,462985|11,536553
1514075376|Sonntag 24 Dezember 2017 01:29:36|BOT|0,003907|0,193407|-0,945543|0,022820|1,129674|-5,531078|0,231955|11,560035
1514075376|Sonntag 24 Dezember 2017 01:29:36|BOT|0,011722|0,195360|-0,961172|0,068461|1,141086|-5,622793|0,684696|11,488150
1514075376|Sonntag 24 Dezember 2017 01:29:36|BOT|0,005861|0,193407|-0,935775|0,034230|1,129674|-5,473764|0,351415|11,677280
1514075376|Sonntag 24 Dezember 2017 01:29:36|BOT|0,014652|0,185592|-0,916239|0,085576|1,084025|-5,359151|0,897933|11,449398
1514075376|Sonntag 24 Dezember 2017 01:29:36|BOT|0,029304|0,191453|-0,970940|0,171152|1,118261|-5,680123|1,696085|11,149710
1514075376|Sonntag 24 Dezember 2017 01:29:36|BOT|0,020513|0,187546|-0,976801|0,119806|1,095437|-5,714523|1,181461|10,866187
1514075376|Sonntag 24 Dezember 2017 01:29:36|BOT|0,023443|0,189499|-0,951404|0,136921|1,106849|-5,565470|1,384338|11,261344
1514075376|Sonntag 24 Dezember 2017 01:29:36|BOT|0,014652|0,191453|-0,926007|0,085576|1,118261|-5,416455|0,887731|11,679953
1514075376|Sonntag 24 Dezember 2017 01:29:36|BOT|0,013675|0,189499|-0,948474|0,079871|1,106849|-5,548274|0,810034|11,297441
1514075376|Sonntag 24 Dezember 2017 01:29:36|BOT|0,009768|0,189499|-0,940659|0,057051|1,106849|-5,502420|0,583234|11,389404
1514075376|Sonntag 24 Dezember 2017 01:29:36|BOT|0,009768|0,201221|-0,963126|0,057051|1,175323|-5,634259|0,568793|11,800182
1514075376|Sonntag 24 Dezember 2017 01:29:36|BOT|-0,003907|0,181685|-0,914286|-0,022820|1,061201|-5,347691|-0,240156|11,239184
1514075376|Sonntag 24 Dezember 2017 01:29:36|BOT|0,009768|0,185592|-0,951404|0,057051|1,084025|-5,565470|0,577350|11,037608
1514075376|Sonntag 24 Dezember 2017 01:29:36|BOT|0,009768|0,195360|-0,943590|0,057051|1,141086|-5,519615|0,580787|11,696605
1514075376|Sonntag 24 Dezember 2017 01:29:36|BOT|0,009768|0,191453|-0,949451|0,057051|1,118261|-5,554006|0,577813|11,400003
1514075377|Sonntag 24 Dezember 2017 01:29:37|BOT|0,007814|0,195360|-0,953358|0,045640|1,141086|-5,576934|0,460067|11,580241
1514075377|Sonntag 24 Dezember 2017 01:29:37|BOT|0,011722|0,189499|-0,947497|0,068461|1,106849|-5,542542|0,695015|11,309089
1514075377|Sonntag 24 Dezember 2017 01:29:37|BOT|0,003907|0,193407|-0,941636|0,022820|1,129674|-5,508152|0,232879|11,606702
1514075377|Sonntag 24 Dezember 2017 01:29:37|BOT|0,019536|0,195360|-0,967033|0,114101|1,141086|-5,657190|1,134422|11,418918
1514075377|Sonntag 24 Dezember 2017 01:29:37|BOT|0,023443|0,193407|-0,937729|0,136921|1,129674|-5,485226|1,402587|11,650300
1514075377|Sonntag 24 Dezember 2017 01:29:37|BOT|-0,013675|0,193407|-0,951404|-0,079871|1,129674|-5,565470|-0,806993|11,489663
1514075377|Sonntag 24 Dezember 2017 01:29:37|BOT|0,007814|0,191453|-0,912332|0,045640|1,118261|-5,336231|0,480283|11,851131
1514075377|Sonntag 24 Dezember 2017 01:29:37|BOT|-0,001954|0,194383|-0,920147|-0,011410|1,135380|-5,382072|-0,119020|11,928476
1514075377|Sonntag 24 Dezember 2017 01:29:37|BOT|0,004884|0,183639|-0,963126|0,028525|1,072613|-5,634259|0,285403|10,794843
1514075377|Sonntag 24 Dezember 2017 01:29:37|BOT|0,017582|0,188523|-0,898657|0,102691|1,101143|-5,256018|1,096989|11,845646
1514075377|Sonntag 24 Dezember 2017 01:29:37|BOT|0,000000|0,193407|-0,941636|0,000000|1,129674|-5,508152|0,000000|11,606799
1514075377|Sonntag 24 Dezember 2017 01:29:37|BOT|0,027350|0,187546|-0,924054|0,159742|1,095437|-5,404993|1,661507|11,468013
1514075377|Sonntag 24 Dezember 2017 01:29:37|BOT|0,000000|0,187546|-0,951404|0,000000|1,095437|-5,565470|0,000000|11,151470
1514075377|Sonntag 24 Dezember 2017 01:29:37|BOT|0,019536|0,197314|-0,986569|0,114101|1,152498|-5,771861|1,112398|11,307773
1514075377|Sonntag 24 Dezember 2017 01:29:37|BOT|0,007814|0,189499|-0,947497|0,045640|1,106849|-5,542542|0,463356|11,309558
1514075377|Sonntag 24 Dezember 2017 01:29:37|BOT|0,005861|0,197314|-0,945543|0,034230|1,152498|-5,531078|0,347646|11,786977
1514075377|Sonntag 24 Dezember 2017 01:29:37|BOT|0,007814|0,193407|-0,943590|0,045640|1,129674|-5,519615|0,464825|11,583032
1514075377|Sonntag 24 Dezember 2017 01:29:37|BOT|0,007814|0,191453|-0,957265|0,045640|1,118261|-5,599863|0,458628|11,309565
1514075377|Sonntag 24 Dezember 2017 01:29:37|BOT|0,009768|0,197314|-0,945543|0,057051|1,152498|-5,531078|0,579397|11,786586
1514075378|Sonntag 24 Dezember 2017 01:29:38|BOT|0,007814|0,195360|-0,937729|0,045640|1,141086|-5,485226|0,467418|11,767892
1514075378|Sonntag 24 Dezember 2017 01:29:38|BOT|0,019536|0,189499|-0,937729|0,114101|1,106849|-5,485226|1,169848|11,422248
1514075378|Sonntag 24 Dezember 2017 01:29:38|BOT|0,033211|0,189499|-0,937729|0,193972|1,106849|-5,485226|1,988220|11,417691
1514075378|Sonntag 24 Dezember 2017 01:29:38|BOT|0,013675|0,197314|-0,935775|0,079871|1,152498|-5,473764|0,819237|11,905507
1514075378|Sonntag 24 Dezember 2017 01:29:38|BOT|0,004884|0,188523|-0,912332|0,028525|1,101143|-5,336231|0,300374|11,675006
1514075378|Sonntag 24 Dezember 2017 01:29:38|BOT|0,003907|0,189499|-0,957265|0,022820|1,106849|-5,599863|0,229407|11,197365
1514075378|Sonntag 24 Dezember 2017 01:29:38|BOT|0,017582|0,193407|-0,940659|0,102691|1,129674|-5,502420|1,048888|11,616550
1514075378|Sonntag 24 Dezember 2017 01:29:38|BOT|0,007814|0,190476|-0,952381|0,045640|1,112555|-5,571202|0,460980|11,309562
1514075378|Sonntag 24 Dezember 2017 01:29:38|BOT|0,011722|0,201221|-0,966056|0,068461|1,175323|-5,651457|0,680557|11,765134
1514075378|Sonntag 24 Dezember 2017 01:29:38|BOT|0,011722|0,179731|-0,975824|0,068461|1,049789|-5,708789|0,676821|10,435279
1514075378|Sonntag 24 Dezember 2017 01:29:38|BOT|0,037118|0,193407|-0,976801|0,216793|1,129674|-5,714523|2,134788|11,191833
1514075378|Sonntag 24 Dezember 2017 01:29:38|BOT|0,005861|0,195360|-0,953358|0,034230|1,141086|-5,576934|0,345054|11,580406
1514075378|Sonntag 24 Dezember 2017 01:29:38|BOT|0,009768|0,193407|-0,951404|0,057051|1,129674|-5,565470|0,576442|11,490229
1514075378|Sonntag 24 Dezember 2017 01:29:38|BOT|0,007814|0,185592|-0,941636|0,045640|1,084025|-5,508152|0,466499|11,149451
1514075378|Sonntag 24 Dezember 2017 01:29:38|BOT|0,011722|0,197314|-0,939683|0,068461|1,152498|-5,496689|0,699420|11,857742
1514075378|Sonntag 24 Dezember 2017 01:29:38|BOT|0,003907|0,197314|-0,943590|0,022820|1,152498|-5,519615|0,232225|11,810818
1514075378|Sonntag 24 Dezember 2017 01:29:38|BOT|0,007814|0,185592|-0,947497|0,045640|1,084025|-5,542542|0,463720|11,082202
1514075378|Sonntag 24 Dezember 2017 01:29:38|BOT|0,009768|0,187546|-0,935775|0,057051|1,095437|-5,473764|0,586395|11,332332
1514075378|Sonntag 24 Dezember 2017 01:29:38|BOT|0,013675|0,193407|-0,931868|0,079871|1,129674|-5,450839|0,823217|11,723885
1514075378|Sonntag 24 Dezember 2017 01:29:38|BOT|0,025397|0,187546|-0,957265|0,148332|1,095437|-5,599863|1,491395|11,081089
1514075379|Sonntag 24 Dezember 2017 01:29:39|BOT|0,014652|0,207082|-0,982662|0,085576|1,209561|-5,748925|0,835891|11,898854
1514075379|Sonntag 24 Dezember 2017 01:29:39|BOT|0,012698|0,199267|-0,947497|0,074166|1,163911|-5,542542|0,751400|11,875714
1514075379|Sonntag 24 Dezember 2017 01:29:39|BOT|0,019536|0,195360|-0,985592|0,114101|1,141086|-5,766127|1,113880|11,209472
1514075379|Sonntag 24 Dezember 2017 01:29:39|BOT|0,027350|0,189499|-0,957265|0,159742|1,106849|-5,599863|1,605439|11,193003
1514075379|Sonntag 24 Dezember 2017 01:29:39|BOT|0,003907|0,182662|-0,949451|0,022820|1,066907|-5,554006|0,231538|10,889810
1514075379|Sonntag 24 Dezember 2017 01:29:39|BOT|0,005861|0,205128|-0,963126|0,034230|1,198149|-5,634259|0,341003|12,023090
1514075379|Sonntag 24 Dezember 2017 01:29:39|BOT|0,011722|0,199267|-0,957265|0,068461|1,163911|-5,599863|0,686824|11,758093
1514075379|Sonntag 24 Dezember 2017 01:29:39|BOT|0,007814|0,193407|-0,949451|0,045640|1,129674|-5,554006|0,462071|11,513452
1514075379|Sonntag 24 Dezember 2017 01:29:39|BOT|0,009768|0,187546|-0,933822|0,057051|1,095437|-5,462302|0,587574|11,355422
1514075379|Sonntag 24 Dezember 2017 01:29:39|BOT|0,009768|0,193407|-0,951404|0,057051|1,129674|-5,565470|0,576442|11,490229
1514075379|Sonntag 24 Dezember 2017 01:29:39|BOT|0,007814|0,193407|-0,949451|0,045640|1,129674|-5,554006|0,462071|11,513452
1514075379|Sonntag 24 Dezember 2017 01:29:39|BOT|0,003907|0,187546|-0,953358|0,022820|1,095437|-5,576934|0,230402|11,129098
1514075379|Sonntag 24 Dezember 2017 01:29:39|BOT|0,005861|0,193407|-0,953358|0,034230|1,129674|-5,576934|0,345192|11,467685
1514075379|Sonntag 24 Dezember 2017 01:29:39|BOT|0,007814|0,189499|-0,947497|0,045640|1,106849|-5,542542|0,463356|11,309558
1514075379|Sonntag 24 Dezember 2017 01:29:39|BOT|0,003907|0,191453|-0,926007|0,022820|1,118261|-5,416455|0,236746|11,681274
1514075379|Sonntag 24 Dezember 2017 01:29:39|BOT|0,023443|0,199267|-0,947497|0,136921|1,163911|-5,542542|1,387009|11,873219
1514075379|Sonntag 24 Dezember 2017 01:29:39|BOT|0,015629|0,183639|-0,933822|0,091281|1,072613|-5,462302|0,940820|11,123887
1514075379|Sonntag 24 Dezember 2017 01:29:39|BOT|0,016606|0,185592|-0,957265|0,096986|1,084025|-5,599863|0,975643|10,970630
1514075379|Sonntag 24 Dezember 2017 01:29:39|BOT|0,015629|0,188523|-0,951404|0,091281|1,101143|-5,565470|0,923173|11,206610
1514075379|Sonntag 24 Dezember 2017 01:29:39|BOT|0,028327|0,188523|-0,922100|0,165447|1,101143|-5,393533|1,723953|11,549533
1514075380|Sonntag 24 Dezember 2017 01:29:40|BOT|-0,001954|0,190476|-0,938706|-0,011410|1,112555|-5,490958|-0,116860|11,470336
1514075380|Sonntag 24 Dezember 2017 01:29:40|BOT|0,017582|0,191453|-0,952381|0,102691|1,118261|-5,571202|1,036909|11,364540
1514075380|Sonntag 24 Dezember 2017 01:29:40|BOT|0,021490|0,191453|-0,913309|0,125511|1,118261|-5,341961|1,319224|11,836052
1514075380|Sonntag 24 Dezember 2017 01:29:40|BOT|0,011722|0,195360|-0,968987|0,068461|1,141086|-5,668656|0,679391|11,397951
1514075380|Sonntag 24 Dezember 2017 01:29:40|BOT|0,011722|0,189499|-0,992430|0,068461|1,106849|-5,806267|0,664683|10,809473
1514075380|Sonntag 24 Dezember 2017 01:29:40|BOT|0,007814|0,193407|-0,945543|0,045640|1,129674|-5,531078|0,463903|11,559747
1514075380|Sonntag 24 Dezember 2017 01:29:40|BOT|0,003907|0,183639|-0,939683|0,022820|1,072613|-5,496689|0,233812|11,057639
1514075380|Sonntag 24 Dezember 2017 01:29:40|BOT|0,011722|0,193407|-0,943590|0,068461|1,129674|-5,519615|0,697218|11,582549
1514075380|Sonntag 24 Dezember 2017 01:29:40|BOT|0,005861|0,189499|-0,945543|0,034230|1,106849|-5,531078|0,348211|11,332484
1514075380|Sonntag 24 Dezember 2017 01:29:40|BOT|0,003907|0,195360|-0,943590|0,022820|1,141086|-5,519615|0,232321|11,697117
1514075380|Sonntag 24 Dezember 2017 01:29:40|BOT|0,007814|0,187546|-0,943590|0,045640|1,095437|-5,519615|0,465385|11,241103
1514075380|Sonntag 24 Dezember 2017 01:29:40|BOT|0,017582|0,197314|-0,957265|0,102691|1,152498|-5,599863|1,030593|11,644920
1514075380|Sonntag 24 Dezember 2017 01:29:40|BOT|0,019536|0,187546|-0,955311|0,114101|1,095437|-5,588399|1,149592|11,104733
1514075380|Sonntag 24 Dezember 2017 01:29:40|BOT|0,040049|0,195360|-0,955311|0,233908|1,141086|-5,588399|2,351946|11,547705
1514075380|Sonntag 24 Dezember 2017 01:29:40|BOT|0,013675|0,195360|-0,972894|0,079871|1,141086|-5,691589|0,789551|11,353084
1514075380|Sonntag 24 Dezember 2017 01:29:40|BOT|0,002930|0,193407|-0,951404|0,017115|1,129674|-5,565470|0,172938|11,490765
1514075380|Sonntag 24 Dezember 2017 01:29:40|BOT|0,013675|0,192430|-0,929915|0,079871|1,123968|-5,439378|0,825047|11,690130
1514075380|Sonntag 24 Dezember 2017 01:29:40|BOT|0,009768|0,185592|-0,936752|0,057051|1,084025|-5,479495|0,586041|11,205896
1514075380|Sonntag 24 Dezember 2017 01:29:40|BOT|0,005861|0,181685|-0,933822|0,034230|1,061201|-5,462302|0,352974|11,009746
1514075380|Sonntag 24 Dezember 2017 01:29:40|BOT|0,007814|0,183639|-0,919170|0,045640|1,072613|-5,376342|0,477655|11,297825
1514075381|Sonntag 24 Dezember 2017 01:29:41|BOT|0,001954|0,195360|-0,943590|0,011410|1,141086|-5,519615|0,116161|11,697190
1514075381|Sonntag 24 Dezember 2017 01:29:41|BOT|0,019536|0,183639|-0,945543|0,114101|1,072613|-5,531078|1,161924|10,988578
1514075381|Sonntag 24 Dezember 2017 01:29:41|BOT|0,007814|0,193407|-0,955311|0,045640|1,129674|-5,588399|0,459348|11,444691
1514075381|Sonntag 24 Dezember 2017 01:29:41|BOT|0,009768|0,189499|-0,943590|0,057051|1,106849|-5,519615|0,581493|11,354958
1514075381|Sonntag 24 Dezember 2017 01:29:41|BOT|0,009768|0,193407|-0,945543|0,057051|1,129674|-5,531078|0,579872|11,559531
1514075381|Sonntag 24 Dezember 2017 01:29:41|BOT|0,011722|0,191453|-0,941636|0,068461|1,118261|-5,508152|0,698891|11,491827
1514075381|Sonntag 24 Dezember 2017 01:29:41|BOT|0,009768|0,191453|-0,943590|0,057051|1,118261|-5,519615|0,581260|11,468932
1514075381|Sonntag 24 Dezember 2017 01:29:41|BOT|0,005861|0,189499|-0,937729|0,034230|1,106849|-5,485226|0,350999|11,424444
1514075381|Sonntag 24 Dezember 2017 01:29:41|BOT|0,023443|0,185592|-0,943590|0,136921|1,084025|-5,519615|1,396460|11,123970
1514075381|Sonntag 24 Dezember 2017 01:29:41|BOT|0,001954|0,189499|-0,959219|0,011410|1,106849|-5,611328|0,114479|11,175202
1514075381|Sonntag 24 Dezember 2017 01:29:41|BOT|0,018559|0,183639|-0,939683|0,108396|1,072613|-5,496689|1,110473|11,055629
1514075381|Sonntag 24 Dezember 2017 01:29:41|BOT|0,013675|0,196337|-0,967033|0,079871|1,146792|-5,657190|0,793992|11,475664
1514075381|Sonntag 24 Dezember 2017 01:29:41|BOT|0,000000|0,199267|-0,957265|0,000000|1,163911|-5,599863|0,000000|11,758950
1514075381|Sonntag 24 Dezember 2017 01:29:41|BOT|0,017582|0,180708|-0,932845|0,102691|1,055495|-5,456570|1,060090|10,961490
1514075381|Sonntag 24 Dezember 2017 01:29:41|BOT|0,007814|0,188523|-0,967033|0,045640|1,101143|-5,657190|0,454432|11,031070
1514075381|Sonntag 24 Dezember 2017 01:29:41|BOT|0,005861|0,191453|-0,926007|0,034230|1,118261|-5,416455|0,355116|11,681147
1514075381|Sonntag 24 Dezember 2017 01:29:41|BOT|0,001954|0,187546|-0,902564|0,011410|1,095437|-5,278935|0,121423|11,738544
1514075381|Sonntag 24 Dezember 2017 01:29:41|BOT|0,025397|0,185592|-0,972894|0,148332|1,084025|-5,691589|1,468858|10,796566
1514075381|Sonntag 24 Dezember 2017 01:29:41|BOT|0,011722|0,191453|-0,937729|0,068461|1,118261|-5,485226|0,701686|11,538421
1514075381|Sonntag 24 Dezember 2017 01:29:41|BOT|0,003907|0,195360|-0,941636|0,022820|1,141086|-5,508152|0,232783|11,720713
1514075382|Sonntag 24 Dezember 2017 01:29:42|BOT|0,007814|0,191453|-0,945543|0,045640|1,118261|-5,531078|0,464091|11,446079
1514075382|Sonntag 24 Dezember 2017 01:29:42|BOT|0,005861|0,195360|-0,939683|0,034230|1,141086|-5,496689|0,349869|11,744281
1514075382|Sonntag 24 Dezember 2017 01:29:42|BOT|0,007814|0,189499|-0,943590|0,045640|1,106849|-5,519615|0,465200|11,355171
1514075382|Sonntag 24 Dezember 2017 01:29:42|BOT|0,009768|0,191453|-0,947497|0,057051|1,118261|-5,542542|0,578957|11,422888
1514075382|Sonntag 24 Dezember 2017 01:29:42|BOT|0,005861|0,185592|-0,935775|0,034230|1,084025|-5,473764|0,351986|11,217677
1514075382|Sonntag 24 Dezember 2017 01:29:42|BOT|0,019536|0,187546|-0,908425|0,114101|1,095437|-5,313312|1,206541|11,662298
1514075382|Sonntag 24 Dezember 2017 01:29:42|BOT|0,011722|0,187546|-0,955311|0,068461|1,095437|-5,588399|0,689814|11,106181
1514075382|Sonntag 24 Dezember 2017 01:29:42|BOT|0,015629|0,187546|-0,906471|0,091281|1,095437|-5,301853|0,967279|11,687680
1514075382|Sonntag 24 Dezember 2017 01:29:42|BOT|0,026374|0,202198|-0,924054|0,154037|1,181030|-5,404993|1,597081|12,337830
1514075382|Sonntag 24 Dezember 2017 01:29:42|BOT|-0,000977|0,192430|-0,973871|-0,005705|1,123968|-5,697322|-0,056378|11,177247
1514075382|Sonntag 24 Dezember 2017 01:29:42|BOT|0,013675|0,186569|-0,934799|0,079871|1,089731|-5,468033|0,821915|11,285727
1514075382|Sonntag 24 Dezember 2017 01:29:42|BOT|0,027350|0,195360|-0,920147|0,159742|1,141086|-5,382072|1,665456|11,981576
1514075382|Sonntag 24 Dezember 2017 01:29:42|BOT|0,011722|0,187546|-0,955311|0,068461|1,095437|-5,588399|0,689814|11,106181
1514075382|Sonntag 24 Dezember 2017 01:29:42|BOT|0,017582|0,189499|-0,931868|0,102691|1,106849|-5,450839|1,059250|11,492617
1514075382|Sonntag 24 Dezember 2017 01:29:42|BOT|-0,007814|0,193407|-0,951404|-0,045640|1,129674|-5,565470|-0,461159|11,490441
1514075382|Sonntag 24 Dezember 2017 01:29:42|BOT|0,005861|0,189499|-0,945543|0,034230|1,106849|-5,531078|0,348211|11,332484
1514075382|Sonntag 24 Dezember 2017 01:29:42|BOT|0,013675|0,191453|-0,943590|0,079871|1,118261|-5,519615|0,813737|11,468358
