1513942334|Freitag 22 Dezember 2017 12:32:14|DDX|0,001954|1,873504|0,359463|0,011410|11,009925|2,099930|0,058675|79,138694
1513942334|Freitag 22 Dezember 2017 12:32:14|DDX|0,023443|1,852015|0,404396|0,136921|10,882088|2,362562|0,708532|77,662497
1513942334|Freitag 22 Dezember 2017 12:32:14|DDX|0,021490|1,881319|0,392674|0,125511|11,056425|2,294044|0,640636|78,193183
1513942334|Freitag 22 Dezember 2017 12:32:14|DDX|0,011722|1,850061|0,504029|0,068461|10,870469|2,945104|0,350244|74,756312
1513942334|Freitag 22 Dezember 2017 12:32:14|DDX|0,007814|1,871551|0,439560|0,045640|10,998301|2,568134|0,232892|76,780802
1513942334|Freitag 22 Dezember 2017 12:32:14|DDX|0,023443|1,855922|0,386813|0,136921|10,905327|2,259787|0,708475|78,205897
1513942334|Freitag 22 Dezember 2017 12:32:14|DDX|0,011722|1,863736|0,308669|0,068461|10,951810|1,803094|0,355504|80,589466
1513942334|Freitag 22 Dezember 2017 12:32:14|DDX|0,015629|1,867643|0,441514|0,091281|10,975055|2,579555|0,466591|76,691332
1513942334|Freitag 22 Dezember 2017 12:32:14|DDX|0,011722|1,863736|0,418071|0,068461|10,951810|2,442503|0,351609|77,351970
1513942334|Freitag 22 Dezember 2017 12:32:14|DDX|0,003907|1,879365|0,425885|0,022820|11,044799|2,488185|0,116172|77,231259
1513942334|Freitag 22 Dezember 2017 12:32:14|DDX|0,003907|1,863736|0,418071|0,022820|10,951810|2,442503|0,117204|77,356245
1513942334|Freitag 22 Dezember 2017 12:32:14|DDX|0,003907|1,871551|0,414164|0,022820|10,998301|2,419662|0,116790|77,521325
1513942334|Freitag 22 Dezember 2017 12:32:14|DDX|0,011722|1,855922|0,414164|0,068461|10,905327|2,419662|0,353176|77,415238
1513942334|Freitag 22 Dezember 2017 12:32:14|DDX|0,003907|1,871551|0,406349|0,022820|10,998301|2,373981|0,116892|77,749576
1513942334|Freitag 22 Dezember 2017 12:32:14|DDX|0,011722|1,867643|0,339927|0,068461|10,975055|1,985756|0,353780|79,678607
1513942335|Freitag 22 Dezember 2017 12:32:15|DDX|0,003907|1,867643|0,359463|0,022820|10,975055|2,099930|0,117705|79,104954
1513942335|Freitag 22 Dezember 2017 12:32:15|DDX|0,041026|1,879365|0,371184|0,239613|11,044799|2,168438|1,226849|78,761270
1513942335|Freitag 22 Dezember 2017 12:32:15|DDX|0,019536|1,855922|0,425885|0,114101|10,905327|2,488185|0,587814|77,062746
1513942335|Freitag 22 Dezember 2017 12:32:15|DDX|0,025397|1,859829|0,429792|0,148332|10,928568|2,511027|0,762265|76,965879
1513942335|Freitag 22 Dezember 2017 12:32:15|DDX|-0,023443|1,883272|0,412210|-0,136921|11,068051|2,408242|-0,696697|77,634486
1513942335|Freitag 22 Dezember 2017 12:32:15|DDX|0,011722|1,850061|0,464957|0,068461|10,870469|2,716623|0,352062|75,888296
1513942335|Freitag 22 Dezember 2017 12:32:15|DDX|0,015629|1,871551|0,453236|0,091281|10,998301|2,648087|0,465010|76,378910
1513942335|Freitag 22 Dezember 2017 12:32:15|DDX|0,027350|1,855922|0,365324|0,159742|10,905327|2,134183|0,828404|78,833766
1513942335|Freitag 22 Dezember 2017 12:32:15|DDX|-0,015629|1,887179|0,375092|-0,091281|11,091304|2,191275|-0,465385|78,749016
1513942335|Freitag 22 Dezember 2017 12:32:15|DDX|0,015629|1,883272|0,347741|0,091281|11,068051|2,031425|0,467569|79,527995
1513942335|Freitag 22 Dezember 2017 12:32:15|DDX|0,003907|1,863736|0,378999|0,022820|10,951810|2,214112|0,117708|78,504798
1513942335|Freitag 22 Dezember 2017 12:32:15|DDX|0,000000|1,871551|0,418071|0,000000|10,998301|2,442503|0,000000|77,407882
1513942335|Freitag 22 Dezember 2017 12:32:15|DDX|0,000000|1,875458|0,418071|0,000000|11,021549|2,442503|0,000000|77,433282
1513942335|Freitag 22 Dezember 2017 12:32:15|DDX|0,003907|1,879365|0,406349|0,022820|11,044799|2,373981|0,116428|77,798984
1513942335|Freitag 22 Dezember 2017 12:32:15|DDX|0,007814|1,855922|0,410256|0,045640|10,905327|2,396821|0,235557|77,532877
1513942335|Freitag 22 Dezember 2017 12:32:15|DDX|0,011722|1,871551|0,406349|0,068461|10,998301|2,373981|0,350671|77,745184
1513942335|Freitag 22 Dezember 2017 12:32:15|DDX|0,011722|1,863736|0,418071|0,068461|10,951810|2,442503|0,351609|77,351970
1513942335|Freitag 22 Dezember 2017 12:32:15|DDX|0,015629|1,875458|0,382906|0,091281|11,021549|2,236949|0,467804|78,451352
1513942335|Freitag 22 Dezember 2017 12:32:15|DDX|0,003907|1,894994|0,394628|0,022820|11,137817|2,305464|0,115654|78,235868
1513942336|Freitag 22 Dezember 2017 12:32:16|DDX|-0,035165|1,867643|0,371184|-0,205382|10,975055|2,168438|-1,057976|78,710197
1513942336|Freitag 22 Dezember 2017 12:32:16|DDX|0,041026|1,859829|0,429792|0,239613|10,928568|2,511027|1,231234|76,930682
1513942336|Freitag 22 Dezember 2017 12:32:16|DDX|-0,031258|1,881319|0,332112|-0,182562|11,056425|1,940089|-0,937376|79,945284
1513942336|Freitag 22 Dezember 2017 12:32:16|DDX|0,007814|1,885226|0,367277|0,045640|11,079677|2,145602|0,233112|78,973367
1513942336|Freitag 22 Dezember 2017 12:32:16|DDX|0,003907|1,879365|0,421978|0,022820|11,044799|2,465344|0,116224|77,344604
1513942336|Freitag 22 Dezember 2017 12:32:16|DDX|-0,015629|1,885226|0,425885|-0,091281|11,079677|2,488185|-0,463306|77,261888
1513942336|Freitag 22 Dezember 2017 12:32:16|DDX|-0,015629|1,873504|0,441514|-0,091281|11,009925|2,579555|-0,465209|76,731490
1513942336|Freitag 22 Dezember 2017 12:32:16|DDX|0,003907|1,863736|0,423932|0,022820|10,951810|2,476764|0,117125|77,184825
1513942336|Freitag 22 Dezember 2017 12:32:16|DDX|0,039072|1,844200|0,453236|0,228203|10,835615|2,648087|1,178649|76,143240
1513942336|Freitag 22 Dezember 2017 12:32:16|DDX|0,015629|1,855922|0,476679|0,091281|10,905327|2,785163|0,467312|75,587973
1513942336|Freitag 22 Dezember 2017 12:32:16|DDX|0,007814|1,859829|0,425885|0,045640|10,928568|2,488185|0,234663|77,100024
1513942336|Freitag 22 Dezember 2017 12:32:16|DDX|0,003907|1,871551|0,421978|0,022820|10,998301|2,465344|0,116686|77,293476
1513942336|Freitag 22 Dezember 2017 12:32:16|DDX|0,015629|1,852015|0,406349|0,091281|10,882088|2,373981|0,472264|77,616001
1513942336|Freitag 22 Dezember 2017 12:32:16|DDX|0,007814|1,875458|0,414164|0,045640|11,021549|2,419662|0,233115|77,544900
1513942336|Freitag 22 Dezember 2017 12:32:16|DDX|0,007814|1,875458|0,418071|0,045640|11,021549|2,442503|0,233012|77,431156
1513942336|Freitag 22 Dezember 2017 12:32:16|DDX|0,007814|1,855922|0,414164|0,045640|10,905327|2,419662|0,235453|77,417948
1513942336|Freitag 22 Dezember 2017 12:32:16|DDX|0,000000|1,871551|0,429792|0,000000|10,998301|2,511027|0,000000|77,066550
1513942336|Freitag 22 Dezember 2017 12:32:16|DDX|0,000000|1,891087|0,375092|0,000000|11,114560|2,191275|0,000000|78,781158
1513942336|Freitag 22 Dezember 2017 12:32:16|DDX|-0,003907|1,863736|0,519658|-0,022820|10,951810|3,036510|-0,115703|74,419729
1513942336|Freitag 22 Dezember 2017 12:32:16|DDX|0,021490|1,859829|0,449328|0,125511|10,928568|2,625243|0,643490|76,402851
1513942337|Freitag 22 Dezember 2017 12:32:17|DDX|0,007814|1,859829|0,457143|0,045640|10,928568|2,670932|0,233779|76,188617
1513942337|Freitag 22 Dezember 2017 12:32:17|DDX|0,035165|1,887179|0,355556|0,205382|11,091304|2,077094|1,049047|79,279365
1513942337|Freitag 22 Dezember 2017 12:32:17|DDX|0,015629|1,861783|0,412210|0,091281|10,940189|2,408242|0,469589|77,507072
1513942337|Freitag 22 Dezember 2017 12:32:17|DDX|0,041026|1,879365|0,375092|0,239613|11,044799|2,191275|1,226362|78,647408
1513942337|Freitag 22 Dezember 2017 12:32:17|DDX|-0,027350|1,887179|0,466911|-0,159742|11,091304|2,728046|-0,806016|76,080504
1513942337|Freitag 22 Dezember 2017 12:32:17|DDX|0,015629|1,859829|0,390720|0,091281|10,928568|2,282625|0,471181|78,126391
1513942337|Freitag 22 Dezember 2017 12:32:17|DDX|0,015629|1,894994|0,375092|0,091281|11,137817|2,191275|0,463539|78,794235
1513942337|Freitag 22 Dezember 2017 12:32:17|DDX|-0,015629|1,875458|0,492308|-0,091281|11,021549|2,876555|-0,461809|75,284608
1513942337|Freitag 22 Dezember 2017 12:32:17|DDX|0,007814|1,852015|0,453236|0,045640|10,882088|2,648087|0,234823|76,246558
1513942337|Freitag 22 Dezember 2017 12:32:17|DDX|0,007814|1,875458|0,406349|0,045640|11,021549|2,373981|0,233317|77,772685
1513942337|Freitag 22 Dezember 2017 12:32:17|DDX|0,007814|1,875458|0,390720|0,045640|11,021549|2,282625|0,233713|78,229423
1513942337|Freitag 22 Dezember 2017 12:32:17|DDX|0,011722|1,867643|0,410256|0,068461|10,975055|2,396821|0,351219|77,605976
1513942337|Freitag 22 Dezember 2017 12:32:17|DDX|0,007814|1,863736|0,421978|0,045640|10,951810|2,465344|0,234302|77,240352
1513942337|Freitag 22 Dezember 2017 12:32:17|DDX|0,003907|1,875458|0,421978|0,022820|11,021549|2,465344|0,116455|77,319091
1513942337|Freitag 22 Dezember 2017 12:32:17|DDX|0,007814|1,875458|0,406349|0,045640|11,021549|2,373981|0,233317|77,772685
1513942337|Freitag 22 Dezember 2017 12:32:17|DDX|0,031258|1,863736|0,441514|0,182562|10,951810|2,579555|0,934973|76,640312
1513942337|Freitag 22 Dezember 2017 12:32:17|DDX|0,003907|1,879365|0,429792|0,022820|11,044799|2,511027|0,116120|77,118015
1513942337|Freitag 22 Dezember 2017 12:32:17|DDX|0,000000|1,848107|0,386813|0,000000|10,858851|2,259787|0,000000|78,178512
1513942337|Freitag 22 Dezember 2017 12:32:17|DDX|0,048840|1,875458|0,355556|0,285254|11,021549|2,077094|1,465646|79,166648
1513942337|Freitag 22 Dezember 2017 12:32:17|DDX|0,005861|1,863736|0,464957|0,034230|10,951810|2,716623|0,174817|75,990954
1513942338|Freitag 22 Dezember 2017 12:32:18|DDX|-0,003907|1,879365|0,455189|-0,022820|11,044799|2,659510|-0,115771|76,384455
1513942338|Freitag 22 Dezember 2017 12:32:18|DDX|0,009768|1,867643|0,392674|0,057051|10,975055|2,294044|0,293250|78,122877
1513942338|Freitag 22 Dezember 2017 12:32:18|DDX|-0,019536|1,894994|0,363370|-0,114101|11,137817|2,122765|-0,580090|79,129844
1513942338|Freitag 22 Dezember 2017 12:32:18|DDX|0,007814|1,852015|0,507937|0,045640|10,882088|2,967955|0,233144|74,661359
1513942338|Freitag 22 Dezember 2017 12:32:18|DDX|0,011722|1,875458|0,402442|0,068461|11,021549|2,351142|0,350124|77,883956
1513942338|Freitag 22 Dezember 2017 12:32:18|DDX|0,039072|1,848107|0,406349|0,228203|10,858851|2,373981|1,182899|77,544102
1513942338|Freitag 22 Dezember 2017 12:32:18|DDX|0,023443|1,875458|0,363370|0,136921|11,021549|2,122765|0,703086|79,012561
1513942338|Freitag 22 Dezember 2017 12:32:18|DDX|0,000000|1,855922|0,402442|0,000000|10,905327|2,351142|0,000000|77,765277
1513942338|Freitag 22 Dezember 2017 12:32:18|DDX|0,003907|1,867643|0,418071|0,022820|10,975055|2,442503|0,116971|77,381848
1513942338|Freitag 22 Dezember 2017 12:32:18|DDX|0,003907|1,863736|0,398535|0,022820|10,951810|2,328303|0,117461|77,929292
1513942338|Freitag 22 Dezember 2017 12:32:18|DDX|0,007814|1,859829|0,425885|0,045640|10,928568|2,488185|0,234663|77,100024
1513942338|Freitag 22 Dezember 2017 12:32:18|DDX|0,003907|1,863736|0,414164|0,022820|10,951810|2,419662|0,117256|77,470652
1513942338|Freitag 22 Dezember 2017 12:32:18|DDX|0,003907|1,863736|0,410256|0,022820|10,951810|2,396821|0,117308|77,585162
1513942338|Freitag 22 Dezember 2017 12:32:18|DDX|0,011722|1,887179|0,390720|0,068461|11,091304|2,282625|0,348480|78,297668
1513942338|Freitag 22 Dezember 2017 12:32:18|DDX|-0,027350|1,875458|0,414164|-0,159742|11,021549|2,419662|-0,815850|77,520772
1513942338|Freitag 22 Dezember 2017 12:32:18|DDX|0,031258|1,844200|0,480586|0,182562|10,835615|2,808010|0,939647|75,364414
1513942338|Freitag 22 Dezember 2017 12:32:18|DDX|0,025397|1,879365|0,371184|0,148332|11,044799|2,168438|0,759549|78,802116
1513942338|Freitag 22 Dezember 2017 12:32:18|DDX|-0,011722|1,869597|0,461050|-0,068461|10,986678|2,693777|-0,348768|76,142731
1513942338|Freitag 22 Dezember 2017 12:32:18|DDX|-0,015629|1,865690|0,515751|-0,091281|10,963432|3,013658|-0,462604|74,540329
1513942338|Freitag 22 Dezember 2017 12:32:18|DDX|0,033211|1,857875|0,466911|0,193972|10,916947|2,728046|0,993227|75,858685
1513942339|Freitag 22 Dezember 2017 12:32:19|DDX|0,023443|1,879365|0,476679|0,136921|11,044799|2,785163|0,692738|75,751229
1513942339|Freitag 22 Dezember 2017 12:32:19|DDX|0,035165|1,865690|0,380952|0,205382|10,963432|2,225530|1,057968|78,411764
1513942339|Freitag 22 Dezember 2017 12:32:19|DDX|-0,019536|1,883272|0,361416|-0,114101|11,068051|2,111348|-0,583683|79,121038
1513942339|Freitag 22 Dezember 2017 12:32:19|DDX|0,046886|1,852015|0,402442|0,273844|10,882088|2,351142|1,417158|77,659855
1513942339|Freitag 22 Dezember 2017 12:32:19|DDX|0,007814|1,859829|0,437607|0,045640|10,928568|2,556712|0,234338|76,757444
1513942339|Freitag 22 Dezember 2017 12:32:19|DDX|0,003907|1,863736|0,402442|0,022820|10,951810|2,351142|0,117411|77,814482
1513942339|Freitag 22 Dezember 2017 12:32:19|DDX|0,011722|1,867643|0,414164|0,068461|10,975055|2,419662|0,351064|77,491729
1513942339|Freitag 22 Dezember 2017 12:32:19|DDX|0,007814|1,863736|0,429792|0,045640|10,951810|2,511027|0,234089|77,012083
1513942339|Freitag 22 Dezember 2017 12:32:19|DDX|0,003907|1,863736|0,414164|0,022820|10,951810|2,419662|0,117256|77,470652
1513942339|Freitag 22 Dezember 2017 12:32:19|DDX|0,000000|1,855922|0,418071|0,000000|10,905327|2,442503|0,000000|77,305266
1513942339|Freitag 22 Dezember 2017 12:32:19|DDX|0,000000|1,871551|0,425885|0,000000|10,998301|2,488185|0,000000|77,180225
1513942339|Freitag 22 Dezember 2017 12:32:19|DDX|0,011722|1,871551|0,410256|0,068461|10,998301|2,396821|0,350519|77,631054
1513942339|Freitag 22 Dezember 2017 12:32:19|DDX|0,015629|1,855922|0,414164|0,091281|10,905327|2,419662|0,470897|77,411447
1513942339|Freitag 22 Dezember 2017 12:32:19|DDX|0,031258|1,875458|0,410256|0,182562|11,021549|2,396821|0,932788|77,626251
1513942339|Freitag 22 Dezember 2017 12:32:19|DDX|0,031258|1,855922|0,414164|0,182562|10,905327|2,419662|0,941731|77,385482
1513942339|Freitag 22 Dezember 2017 12:32:19|DDX|0,052747|1,855922|0,410256|0,308074|10,905327|2,396821|1,589614|77,435708
1513942339|Freitag 22 Dezember 2017 12:32:19|DDX|0,048840|1,871551|0,386813|0,285254|10,998301|2,259787|1,463927|78,232358
1513942339|Freitag 22 Dezember 2017 12:32:19|DDX|0,031258|1,844200|0,451282|0,182562|10,835615|2,636665|0,943198|76,218043
1513942339|Freitag 22 Dezember 2017 12:32:19|DDX|-0,011722|1,883272|0,412210|-0,068461|11,068051|2,408242|-0,348361|77,648985
1513942339|Freitag 22 Dezember 2017 12:32:19|DDX|-0,015629|1,855922|0,425885|-0,091281|10,905327|2,488185|-0,470257|77,067472
1513942340|Freitag 22 Dezember 2017 12:32:20|DDX|0,027350|1,859829|0,390720|0,159742|10,928568|2,282625|0,824528|78,107403
1513942340|Freitag 22 Dezember 2017 12:32:20|DDX|-0,011722|1,859829|0,463004|-0,068461|10,928568|2,705200|-0,350408|76,016112
1513942340|Freitag 22 Dezember 2017 12:32:20|DDX|0,031258|1,855922|0,406349|0,182562|10,905327|2,373981|0,942567|77,614761
1513942340|Freitag 22 Dezember 2017 12:32:20|DDX|0,019536|1,859829|0,386813|0,114101|10,928568|2,259787|0,589216|78,236382
1513942340|Freitag 22 Dezember 2017 12:32:20|DDX|0,003907|1,867643|0,421978|0,022820|10,975055|2,465344|0,116918|77,267759
1513942340|Freitag 22 Dezember 2017 12:32:20|DDX|0,007814|1,875458|0,406349|0,045640|11,021549|2,373981|0,233317|77,772685
1513942340|Freitag 22 Dezember 2017 12:32:20|DDX|0,007814|1,863736|0,421978|0,045640|10,951810|2,465344|0,234302|77,240352
1513942340|Freitag 22 Dezember 2017 12:32:20|DDX|0,003907|1,863736|0,421978|0,022820|10,951810|2,465344|0,117151|77,241939
1513942340|Freitag 22 Dezember 2017 12:32:20|DDX|0,003907|1,871551|0,414164|0,022820|10,998301|2,419662|0,116790|77,521325
1513942340|Freitag 22 Dezember 2017 12:32:20|DDX|0,011722|1,871551|0,425885|0,068461|10,998301|2,488185|0,349897|77,175531
1513942340|Freitag 22 Dezember 2017 12:32:20|DDX|0,007814|1,871551|0,406349|0,045640|10,998301|2,373981|0,233783|77,747929
1513942340|Freitag 22 Dezember 2017 12:32:20|DDX|0,007814|1,863736|0,382906|0,045640|10,951810|2,236949|0,235317|78,387741
1513942340|Freitag 22 Dezember 2017 12:32:20|DDX|0,019536|1,859829|0,425885|0,114101|10,928568|2,488185|0,586641|77,089014
1513942340|Freitag 22 Dezember 2017 12:32:20|DDX|0,042979|1,875458|0,347741|0,251023|11,021549|2,031425|1,290805|79,417572
1513942340|Freitag 22 Dezember 2017 12:32:20|DDX|0,025397|1,865690|0,425885|0,148332|10,963432|2,488185|0,760338|77,119208
1513942340|Freitag 22 Dezember 2017 12:32:20|DDX|0,003907|1,859829|0,400488|0,022820|10,928568|2,339722|0,117672|77,847152
1513942340|Freitag 22 Dezember 2017 12:32:20|DDX|-0,029304|1,875458|0,396581|-0,171152|11,021549|2,316883|-0,875810|78,028604
1513942340|Freitag 22 Dezember 2017 12:32:20|DDX|0,007814|1,859829|0,457143|0,045640|10,928568|2,670932|0,233779|76,188617
1513942340|Freitag 22 Dezember 2017 12:32:20|DDX|-0,035165|1,848107|0,474725|-0,205382|10,858851|2,773739|-1,055795|75,556016
1513942341|Freitag 22 Dezember 2017 12:32:21|DDX|0,019536|1,875458|0,378999|0,114101|11,021549|2,214112|0,584985|78,560570
1513942341|Freitag 22 Dezember 2017 12:32:21|DDX|0,046886|1,871551|0,378999|0,273844|10,998301|2,214112|1,406546|78,467177
1513942341|Freitag 22 Dezember 2017 12:32:21|DDX|-0,035165|1,883272|0,410256|-0,205382|11,068051|2,396821|-1,045207|77,666868
1513942341|Freitag 22 Dezember 2017 12:32:21|DDX|0,003907|1,871551|0,410256|0,022820|10,998301|2,396821|0,116841|77,635401
1513942341|Freitag 22 Dezember 2017 12:32:21|DDX|0,011722|1,859829|0,418071|0,068461|10,928568|2,442503|0,352312|77,326256
1513942341|Freitag 22 Dezember 2017 12:32:21|DDX|0,003907|1,859829|0,406349|0,022820|10,928568|2,373981|0,117595|77,674720
1513942341|Freitag 22 Dezember 2017 12:32:21|DDX|0,003907|1,867643|0,410256|0,022820|10,975055|2,396821|0,117074|77,610331
1513942341|Freitag 22 Dezember 2017 12:32:21|DDX|0,007814|1,863736|0,402442|0,045640|10,951810|2,351142|0,234820|77,812811
1513942341|Freitag 22 Dezember 2017 12:32:21|DDX|0,011722|1,867643|0,406349|0,068461|10,975055|2,373981|0,351372|77,720323
1513942341|Freitag 22 Dezember 2017 12:32:21|DDX|-0,019536|1,855922|0,453236|-0,114101|10,905327|2,648087|-0,585875|76,264119
1513942341|Freitag 22 Dezember 2017 12:32:21|DDX|0,035165|1,840293|0,445421|0,205382|10,812382|2,602399|1,063976|76,353142
1513942341|Freitag 22 Dezember 2017 12:32:21|DDX|0,041026|1,863736|0,421978|0,239613|10,951810|2,465344|1,229903|77,184299
1513942341|Freitag 22 Dezember 2017 12:32:21|DDX|0,046886|1,879365|0,343834|0,273844|11,044799|2,008590|1,405796|79,538431
1513942341|Freitag 22 Dezember 2017 12:32:21|DDX|0,007814|1,879365|0,371184|0,045640|11,044799|2,168438|0,233720|78,825164
1513942341|Freitag 22 Dezember 2017 12:32:21|DDX|0,003907|1,893040|0,345788|0,022820|11,126188|2,020007|0,116333|79,647684
1513942341|Freitag 22 Dezember 2017 12:32:21|DDX|0,007814|1,869597|0,386813|0,045640|10,986678|2,259787|0,234513|78,308311
1513942341|Freitag 22 Dezember 2017 12:32:21|DDX|0,027350|1,861783|0,429792|0,159742|10,940189|2,511027|0,820075|76,975594
1513942341|Freitag 22 Dezember 2017 12:32:21|DDX|0,042979|1,902808|0,384860|0,251023|11,184338|2,248368|1,268262|78,496493
1513942341|Freitag 22 Dezember 2017 12:32:21|DDX|-0,023443|1,875458|0,466911|-0,136921|11,021549|2,728046|-0,694949|76,003024
1513942341|Freitag 22 Dezember 2017 12:32:21|DDX|-0,019536|1,879365|0,496215|-0,114101|11,044799|2,899404|-0,575836|75,198585
1513942342|Freitag 22 Dezember 2017 12:32:22|DDX|-0,015629|1,875458|0,390720|-0,091281|11,021549|2,282625|-0,467418|78,222563
1513942342|Freitag 22 Dezember 2017 12:32:22|DDX|0,000000|1,852015|0,406349|0,000000|10,882088|2,373981|0,000000|77,624869
1513942342|Freitag 22 Dezember 2017 12:32:22|DDX|0,007814|1,863736|0,414164|0,045640|10,951810|2,419662|0,234512|77,469033
1513942342|Freitag 22 Dezember 2017 12:32:22|DDX|0,000000|1,875458|0,421978|0,000000|11,021549|2,465344|0,000000|77,319617
1513942342|Freitag 22 Dezember 2017 12:32:22|DDX|0,007814|1,867643|0,421978|0,045640|10,975055|2,465344|0,233836|77,266175
1513942342|Freitag 22 Dezember 2017 12:32:22|DDX|0,003907|1,883272|0,406349|0,022820|11,068051|2,373981|0,116197|77,823542
1513942342|Freitag 22 Dezember 2017 12:32:22|DDX|0,003907|1,863736|0,414164|0,022820|10,951810|2,419662|0,117256|77,470652
1513942342|Freitag 22 Dezember 2017 12:32:22|DDX|-0,023443|1,867643|0,402442|-0,136921|10,975055|2,351142|-0,703022|77,819772
1513942342|Freitag 22 Dezember 2017 12:32:22|DDX|0,023443|1,867643|0,418071|0,136921|10,975055|2,442503|0,701790|77,363196
1513942342|Freitag 22 Dezember 2017 12:32:22|DDX|0,019536|1,844200|0,398535|0,114101|10,835615|2,328303|0,593231|77,791597
1513942342|Freitag 22 Dezember 2017 12:32:22|DDX|0,009768|1,867643|0,402442|0,057051|10,975055|2,351142|0,292938|77,836297
1513942342|Freitag 22 Dezember 2017 12:32:22|DDX|0,011722|1,861783|0,398535|0,068461|10,940189|2,328303|0,352733|77,912490
1513942342|Freitag 22 Dezember 2017 12:32:22|DDX|0,001954|1,871551|0,390720|0,011410|10,998301|2,282625|0,058545|78,207687
1513942342|Freitag 22 Dezember 2017 12:32:22|DDX|0,001954|1,867643|0,380952|0,011410|10,975055|2,225530|0,058724|78,471103
1513942342|Freitag 22 Dezember 2017 12:32:22|DDX|0,007814|1,863736|0,384860|0,045640|10,951810|2,248368|0,235269|78,330139
1513942342|Freitag 22 Dezember 2017 12:32:22|DDX|0,046886|1,871551|0,386813|0,273844|10,998301|2,259787|1,405394|78,239397
1513942342|Freitag 22 Dezember 2017 12:32:22|DDX|0,023443|1,867643|0,406349|0,136921|10,975055|2,373981|0,702717|77,705484
1513942342|Freitag 22 Dezember 2017 12:32:22|DDX|0,007814|1,867643|0,347741|0,045640|10,975055|2,031425|0,235680|79,450131
1513942342|Freitag 22 Dezember 2017 12:32:22|DDX|0,019536|1,867643|0,425885|0,114101|10,975055|2,488185|0,584308|77,141235
1513942342|Freitag 22 Dezember 2017 12:32:22|DDX|0,011722|1,859829|0,410256|0,068461|10,928568|2,396821|0,352626|77,555520
1513942343|Freitag 22 Dezember 2017 12:32:23|DDX|0,007814|1,871551|0,410256|0,045640|10,998301|2,396821|0,233681|77,633771
1513942343|Freitag 22 Dezember 2017 12:32:23|DDX|0,007814|1,859829|0,410256|0,045640|10,928568|2,396821|0,235086|77,558252
1513942343|Freitag 22 Dezember 2017 12:32:23|DDX|0,003907|1,867643|0,414164|0,022820|10,975055|2,419662|0,117023|77,496039
1513942343|Freitag 22 Dezember 2017 12:32:23|DDX|0,007814|1,879365|0,410256|0,045640|11,044799|2,396821|0,232754|77,683617
1513942343|Freitag 22 Dezember 2017 12:32:23|DDX|-0,019536|1,875458|0,406349|-0,114101|11,021549|2,373981|-0,583277|77,761182
1513942343|Freitag 22 Dezember 2017 12:32:23|DDX|-0,015629|1,887179|0,425885|-0,091281|11,091304|2,488185|-0,462849|77,274645
1513942343|Freitag 22 Dezember 2017 12:32:23|DDX|0,011722|1,863736|0,445421|0,068461|10,951810|2,602399|0,350476|76,554311
1513942343|Freitag 22 Dezember 2017 12:32:23|DDX|0,025397|1,871551|0,410256|0,148332|10,998301|2,396821|0,759423|77,613006
1513942343|Freitag 22 Dezember 2017 12:32:23|DDX|0,015629|1,867643|0,445421|0,091281|10,975055|2,602399|0,466372|76,577941
1513942343|Freitag 22 Dezember 2017 12:32:23|DDX|-0,027350|1,883272|0,492308|-0,159742|11,068051|2,876555|-0,804991|75,328479
1513942343|Freitag 22 Dezember 2017 12:32:23|DDX|-0,007814|1,865690|0,504029|-0,045640|10,963432|2,945104|-0,231675|74,880304
1513942343|Freitag 22 Dezember 2017 12:32:23|DDX|0,000000|1,877411|0,400488|0,000000|11,033174|2,339722|0,000000|77,958185
1513942343|Freitag 22 Dezember 2017 12:32:23|DDX|0,062515|1,863736|0,435653|0,365126|10,951810|2,545291|1,870758|76,713184
1513942343|Freitag 22 Dezember 2017 12:32:23|DDX|-0,011722|1,871551|0,384860|-0,068461|10,998301|2,248368|-0,351487|78,374625
1513942343|Freitag 22 Dezember 2017 12:32:23|DDX|0,019536|1,859829|0,421978|0,114101|10,928568|2,465344|0,586908|77,203304
1513942343|Freitag 22 Dezember 2017 12:32:23|DDX|0,007814|1,863736|0,492308|0,045640|10,951810|2,876555|0,232266|75,201456
1513942343|Freitag 22 Dezember 2017 12:32:23|DDX|0,007814|1,867643|0,414164|0,045640|10,975055|2,419662|0,234044|77,494423
1513942343|Freitag 22 Dezember 2017 12:32:23|DDX|0,000000|1,871551|0,406349|0,000000|10,998301|2,373981|0,000000|77,750125
1513942343|Freitag 22 Dezember 2017 12:32:23|DDX|0,003907|1,867643|0,414164|0,022820|10,975055|2,419662|0,117023|77,496039
1513942344|Freitag 22 Dezember 2017 12:32:24|DDX|0,003907|1,859829|0,410256|0,022820|10,928568|2,396821|0,117543|77,559891
1513942344|Freitag 22 Dezember 2017 12:32:24|DDX|0,011722|1,867643|0,414164|0,068461|10,975055|2,419662|0,351064|77,491729
1513942344|Freitag 22 Dezember 2017 12:32:24|DDX|0,007814|1,859829|0,418071|0,045640|10,928568|2,442503|0,234876|77,328933
1513942344|Freitag 22 Dezember 2017 12:32:24|DDX|0,003907|1,855922|0,445421|0,022820|10,905327|2,602399|0,117292|76,503767
1513942344|Freitag 22 Dezember 2017 12:32:24|DDX|-0,015629|1,879365|0,363370|-0,091281|11,044799|2,122765|-0,467798|79,047177
1513942344|Freitag 22 Dezember 2017 12:32:24|DDX|0,015629|1,840293|0,429792|0,091281|10,812382|2,511027|0,473827|76,846055
1513942344|Freitag 22 Dezember 2017 12:32:24|DDX|0,009768|1,863736|0,390720|0,057051|10,951810|2,282625|0,293901|78,156185
1513942344|Freitag 22 Dezember 2017 12:32:24|DDX|0,013675|1,859829|0,425885|0,079871|10,928568|2,488185|0,410656|77,095697
1513942344|Freitag 22 Dezember 2017 12:32:24|DDX|0,031258|1,873504|0,420024|0,182562|11,009925|2,453923|0,932689|77,329880
1513942344|Freitag 22 Dezember 2017 12:32:24|DDX|-0,003907|1,875458|0,423932|-0,022820|11,021549|2,476764|-0,116429|77,262299
1513942344|Freitag 22 Dezember 2017 12:32:24|DDX|-0,031258|1,871551|0,439560|-0,182562|10,998301|2,568134|-0,931493|76,750617
1513942344|Freitag 22 Dezember 2017 12:32:24|DDX|-0,007814|1,859829|0,433700|-0,045640|10,928568|2,533870|-0,234447|76,871532
1513942344|Freitag 22 Dezember 2017 12:32:24|DDX|-0,011722|1,859829|0,472772|-0,068461|10,928568|2,762316|-0,349973|75,733200
1513942344|Freitag 22 Dezember 2017 12:32:24|DDX|-0,007814|1,871551|0,457143|-0,045640|10,998301|2,670932|-0,232397|76,271836
1513942344|Freitag 22 Dezember 2017 12:32:24|DDX|0,007814|1,863736|0,445421|0,045640|10,951810|2,602399|0,233652|76,556802
1513942344|Freitag 22 Dezember 2017 12:32:24|DDX|0,007814|1,859829|0,410256|0,045640|10,928568|2,396821|0,235086|77,558252
1513942344|Freitag 22 Dezember 2017 12:32:24|DDX|0,003907|1,867643|0,418071|0,022820|10,975055|2,442503|0,116971|77,381848
1513942344|Freitag 22 Dezember 2017 12:32:24|DDX|0,003907|1,867643|0,418071|0,022820|10,975055|2,442503|0,116971|77,381848
1513942344|Freitag 22 Dezember 2017 12:32:24|DDX|0,000000|1,859829|0,406349|0,000000|10,928568|2,373981|0,000000|77,675273
1513942344|Freitag 22 Dezember 2017 12:32:24|DDX|0,007814|1,863736|0,394628|0,045640|10,951810|2,305464|0,235022|78,042492
1513942345|Freitag 22 Dezember 2017 12:32:25|DDX|0,003907|1,859829|0,402442|0,022820|10,928568|2,351142|0,117646|77,789650
1513942345|Freitag 22 Dezember 2017 12:32:25|DDX|0,015629|1,871551|0,429792|0,091281|10,998301|2,511027|0,466313|77,058290
1513942345|Freitag 22 Dezember 2017 12:32:25|DDX|-0,011722|1,852015|0,500122|-0,068461|10,882088|2,922254|-0,350087|74,884212
1513942345|Freitag 22 Dezember 2017 12:32:25|DDX|0,041026|1,867643|0,421978|0,239613|10,975055|2,465344|1,227456|77,210227
1513942345|Freitag 22 Dezember 2017 12:32:25|DDX|0,005861|1,875458|0,406349|0,034230|11,021549|2,373981|0,174988|77,773644
1513942345|Freitag 22 Dezember 2017 12:32:25|DDX|0,007814|1,853968|0,359463|0,045640|10,893707|2,099930|0,237083|79,024637
1513942345|Freitag 22 Dezember 2017 12:32:25|DDX|0,005861|1,875458|0,347741|0,034230|11,021549|2,031425|0,176048|79,494242
1513942345|Freitag 22 Dezember 2017 12:32:25|DDX|0,019536|1,863736|0,429792|0,114101|10,951810|2,511027|0,585205|77,001203
1513942345|Freitag 22 Dezember 2017 12:32:25|DDX|0,023443|1,863736|0,398535|0,136921|10,951810|2,328303|0,704733|77,909603
1513942345|Freitag 22 Dezember 2017 12:32:25|DDX|0,011722|1,867643|0,322344|0,068461|10,975055|1,883007|0,354353|80,201212
1513942345|Freitag 22 Dezember 2017 12:32:25|DDX|-0,015629|1,871551|0,410256|-0,091281|10,998301|2,396821|-0,467354|77,627252
1513942345|Freitag 22 Dezember 2017 12:32:25|DDX|0,023443|1,848107|0,457143|0,136921|10,858851|2,670932|0,705497|76,088806
1513942345|Freitag 22 Dezember 2017 12:32:25|DDX|0,015629|1,863736|0,414164|0,091281|10,951810|2,419662|0,469016|77,462557
1513942345|Freitag 22 Dezember 2017 12:32:25|DDX|0,007814|1,867643|0,418071|0,045640|10,975055|2,442503|0,233940|77,380248
1513942345|Freitag 22 Dezember 2017 12:32:25|DDX|0,003907|1,871551|0,418071|0,022820|10,998301|2,442503|0,116738|77,407350
1513942345|Freitag 22 Dezember 2017 12:32:25|DDX|0,000000|1,867643|0,418071|0,000000|10,975055|2,442503|0,000000|77,382381
1513942345|Freitag 22 Dezember 2017 12:32:25|DDX|0,007814|1,875458|0,406349|0,045640|11,021549|2,373981|0,233317|77,772685
1513942345|Freitag 22 Dezember 2017 12:32:25|DDX|0,011722|1,867643|0,410256|0,068461|10,975055|2,396821|0,351219|77,605976
1513942345|Freitag 22 Dezember 2017 12:32:25|DDX|0,000000|1,871551|0,410256|0,000000|10,998301|2,396821|0,000000|77,635944
1513942345|Freitag 22 Dezember 2017 12:32:25|DDX|0,007814|1,867643|0,363370|0,045640|10,975055|2,122765|0,235317|78,987559
1513942346|Freitag 22 Dezember 2017 12:32:26|DDX|0,003907|1,855922|0,359463|0,022820|10,905327|2,099930|0,118422|79,037805
1513942346|Freitag 22 Dezember 2017 12:32:26|DDX|0,039072|1,883272|0,351648|0,228203|11,068051|2,054259|1,168352|79,359808
1513942346|Freitag 22 Dezember 2017 12:32:26|DDX|0,029304|1,848107|0,324298|0,171152|10,858851|1,894423|0,894751|80,007577
1513942346|Freitag 22 Dezember 2017 12:32:26|DDX|-0,019536|1,865690|0,418071|-0,114101|10,963432|2,442503|-0,585417|77,356254
1513942346|Freitag 22 Dezember 2017 12:32:26|DDX|-0,009768|1,877411|0,386813|-0,057051|11,033174|2,259787|-0,291970|78,354345
1513942346|Freitag 22 Dezember 2017 12:32:26|DDX|0,011722|1,869597|0,378999|0,068461|10,986678|2,214112|0,352056|78,535136
1513942346|Freitag 22 Dezember 2017 12:32:26|DDX|0,023443|1,844200|0,421978|0,136921|10,835615|2,465344|0,709951|77,092606
1513942346|Freitag 22 Dezember 2017 12:32:26|DDX|0,011722|1,863736|0,498168|0,068461|10,951810|2,910829|0,348125|75,030989
1513942346|Freitag 22 Dezember 2017 12:32:26|DDX|0,031258|1,859829|0,355556|0,182562|10,928568|2,077094|0,945739|79,136238
1513942346|Freitag 22 Dezember 2017 12:32:26|DDX|-0,023443|1,844200|0,414164|-0,136921|10,835615|2,419662|-0,710600|77,323120
1513942346|Freitag 22 Dezember 2017 12:32:26|DDX|0,011722|1,867643|0,421978|0,068461|10,975055|2,465344|0,350751|77,263536
1513942346|Freitag 22 Dezember 2017 12:32:26|DDX|0,003907|1,859829|0,425885|0,022820|10,928568|2,488185|0,117332|77,101597
1513942346|Freitag 22 Dezember 2017 12:32:26|DDX|0,011722|1,863736|0,402442|0,068461|10,951810|2,351142|0,352228|77,810026
1513942346|Freitag 22 Dezember 2017 12:32:26|DDX|0,003907|1,875458|0,414164|0,022820|11,021549|2,419662|0,116558|77,546510
1513942346|Freitag 22 Dezember 2017 12:32:26|DDX|0,003907|1,871551|0,421978|0,022820|10,998301|2,465344|0,116686|77,293476
1513942346|Freitag 22 Dezember 2017 12:32:26|DDX|0,007814|1,871551|0,414164|0,045640|10,998301|2,419662|0,233579|77,519712
1513942346|Freitag 22 Dezember 2017 12:32:26|DDX|0,011722|1,844200|0,449328|0,068461|10,835615|2,625243|0,353813|76,302529
1513942346|Freitag 22 Dezember 2017 12:32:26|DDX|-0,031258|1,875458|0,437607|-0,182562|11,021549|2,556712|-0,929868|76,833679
1513942346|Freitag 22 Dezember 2017 12:32:26|DDX|-0,025397|1,875458|0,390720|-0,148332|11,021549|2,282625|-0,759527|78,207572
1513942346|Freitag 22 Dezember 2017 12:32:26|DDX|0,000000|1,871551|0,410256|0,000000|10,998301|2,396821|0,000000|77,635944
1513942347|Freitag 22 Dezember 2017 12:32:27|DDX|0,005861|1,867643|0,351648|0,034230|10,975055|2,054259|0,176693|79,335481
1513942347|Freitag 22 Dezember 2017 12:32:27|DDX|0,023443|1,857875|0,349695|0,136921|10,916947|2,042842|0,710463|79,316960
1513942347|Freitag 22 Dezember 2017 12:32:27|DDX|0,029304|1,871551|0,427839|0,171152|10,998301|2,499606|0,874487|77,094215
1513942347|Freitag 22 Dezember 2017 12:32:27|DDX|0,003907|1,877411|0,394628|0,022820|11,033174|2,305464|0,116692|78,128807
1513942347|Freitag 22 Dezember 2017 12:32:27|DDX|-0,027350|1,871551|0,455189|-0,159742|10,998301|2,659510|-0,813536|76,306493
1513942347|Freitag 22 Dezember 2017 12:32:27|DDX|0,019536|1,848107|0,367277|0,114101|10,858851|2,145602|0,594025|78,744485
1513942347|Freitag 22 Dezember 2017 12:32:27|DDX|0,000000|1,871551|0,394628|0,000000|10,998301|2,305464|0,000000|78,093258
1513942347|Freitag 22 Dezember 2017 12:32:27|DDX|0,003907|1,863736|0,402442|0,022820|10,951810|2,351142|0,117411|77,814482
1513942347|Freitag 22 Dezember 2017 12:32:27|DDX|0,007814|1,867643|0,398535|0,045640|10,975055|2,328303|0,234452|77,952120
1513942347|Freitag 22 Dezember 2017 12:32:27|DDX|0,007814|1,871551|0,425885|0,045640|10,998301|2,488185|0,233266|77,178138
1513942347|Freitag 22 Dezember 2017 12:32:27|DDX|0,007814|1,867643|0,410256|0,045640|10,975055|2,396821|0,234147|77,608698
1513942347|Freitag 22 Dezember 2017 12:32:27|DDX|0,007814|1,859829|0,425885|0,045640|10,928568|2,488185|0,234663|77,100024
1513942347|Freitag 22 Dezember 2017 12:32:27|DDX|0,003907|1,863736|0,410256|0,022820|10,951810|2,396821|0,117308|77,585162
1513942347|Freitag 22 Dezember 2017 12:32:27|DDX|0,015629|1,871551|0,406349|0,091281|10,998301|2,373981|0,467557|77,741342
1513942347|Freitag 22 Dezember 2017 12:32:27|DDX|0,011722|1,863736|0,382906|0,068461|10,951810|2,236949|0,352974|78,384802
1513942347|Freitag 22 Dezember 2017 12:32:27|DDX|0,003907|1,875458|0,421978|0,022820|11,021549|2,465344|0,116455|77,319091
1513942347|Freitag 22 Dezember 2017 12:32:27|DDX|0,029304|1,852015|0,398535|0,171152|10,882088|2,328303|0,886220|77,823914
1513942347|Freitag 22 Dezember 2017 12:32:27|DDX|0,011722|1,871551|0,433700|0,068461|10,998301|2,533870|0,349578|76,948377
1513942347|Freitag 22 Dezember 2017 12:32:27|DDX|-0,025397|1,881319|0,421978|-0,148332|11,056425|2,465344|-0,754668|77,335709
1513942348|Freitag 22 Dezember 2017 12:32:28|DDX|0,007814|1,857875|0,455189|0,045640|10,916947|2,659510|0,234067|76,231464
1513942348|Freitag 22 Dezember 2017 12:32:28|DDX|0,027350|1,850061|0,453236|0,159742|10,870469|2,648087|0,822649|76,210470
1513942348|Freitag 22 Dezember 2017 12:32:28|DDX|0,023443|1,855922|0,445421|0,136921|10,905327|2,602399|0,703716|76,486272
1513942348|Freitag 22 Dezember 2017 12:32:28|DDX|-0,011722|1,863736|0,418071|-0,068461|10,951810|2,442503|-0,351609|77,351970
1513942348|Freitag 22 Dezember 2017 12:32:28|DDX|-0,027350|1,863736|0,496215|-0,159742|10,951810|2,899404|-0,812459|75,069394
1513942348|Freitag 22 Dezember 2017 12:32:28|DDX|0,019536|1,859829|0,418071|0,114101|10,928568|2,442503|0,587173|77,317697
1513942348|Freitag 22 Dezember 2017 12:32:28|DDX|0,011722|1,867643|0,425885|0,068461|10,975055|2,488185|0,350593|77,149591
1513942348|Freitag 22 Dezember 2017 12:32:28|DDX|0,003907|1,879365|0,425885|0,022820|11,044799|2,488185|0,116172|77,231259
1513942348|Freitag 22 Dezember 2017 12:32:28|DDX|0,007814|1,867643|0,402442|0,045640|10,975055|2,351142|0,234351|77,837548
1513942348|Freitag 22 Dezember 2017 12:32:28|DDX|0,000000|1,859829|0,429792|0,000000|10,928568|2,511027|0,000000|76,987803
1513942348|Freitag 22 Dezember 2017 12:32:28|DDX|0,007814|1,879365|0,406349|0,045640|11,044799|2,373981|0,232854|77,797343
1513942348|Freitag 22 Dezember 2017 12:32:28|DDX|0,011722|1,859829|0,410256|0,068461|10,928568|2,396821|0,352626|77,555520
1513942348|Freitag 22 Dezember 2017 12:32:28|DDX|0,011722|1,883272|0,410256|0,068461|11,068051|2,396821|0,348437|77,705691
1513942348|Freitag 22 Dezember 2017 12:32:28|DDX|0,031258|1,867643|0,328205|0,182562|10,975055|1,917256|0,944367|79,988864
1513942348|Freitag 22 Dezember 2017 12:32:28|DDX|0,015629|1,859829|0,402442|0,091281|10,928568|2,351142|0,470575|77,781281
1513942348|Freitag 22 Dezember 2017 12:32:28|DDX|-0,035165|1,848107|0,382906|-0,205382|10,858851|2,236949|-1,067399|78,246719
1513942348|Freitag 22 Dezember 2017 12:32:28|DDX|-0,001954|1,869597|0,394628|-0,011410|10,986678|2,305464|-0,058579|78,081030
1513942348|Freitag 22 Dezember 2017 12:32:28|DDX|-0,005861|1,873504|0,410256|-0,034230|11,009925|2,396821|-0,175087|77,647219
1513942348|Freitag 22 Dezember 2017 12:32:28|DDX|0,007814|1,863736|0,339927|0,045640|10,951810|1,985756|0,236334|79,660774
1513942348|Freitag 22 Dezember 2017 12:32:28|DDX|0,000000|1,873504|0,375092|0,000000|11,009925|2,191275|0,000000|78,678579
1513942349|Freitag 22 Dezember 2017 12:32:29|DDX|-0,007814|1,875458|0,445421|-0,045640|11,021549|2,602399|-0,232270|76,637799
1513942349|Freitag 22 Dezember 2017 12:32:29|DDX|0,039072|1,863736|0,371184|0,228203|10,951810|2,168438|1,177867|78,675647
1513942349|Freitag 22 Dezember 2017 12:32:29|DDX|-0,031258|1,867643|0,375092|-0,182562|10,975055|2,191275|-0,940068|78,605638
1513942349|Freitag 22 Dezember 2017 12:32:29|DDX|0,000000|1,875458|0,398535|0,000000|11,021549|2,328303|0,000000|78,003101
1513942349|Freitag 22 Dezember 2017 12:32:29|DDX|0,007814|1,867643|0,421978|0,045640|10,975055|2,465344|0,233836|77,266175
1513942349|Freitag 22 Dezember 2017 12:32:29|DDX|0,003907|1,867643|0,414164|0,022820|10,975055|2,419662|0,117023|77,496039
1513942349|Freitag 22 Dezember 2017 12:32:29|DDX|0,007814|1,863736|0,418071|0,045640|10,951810|2,442503|0,234407|77,354642
1513942349|Freitag 22 Dezember 2017 12:32:29|DDX|0,003907|1,855922|0,418071|0,022820|10,905327|2,442503|0,117674|77,304730
1513942349|Freitag 22 Dezember 2017 12:32:29|DDX|0,003907|1,863736|0,414164|0,022820|10,951810|2,419662|0,117256|77,470652
1513942349|Freitag 22 Dezember 2017 12:32:29|DDX|0,011722|1,855922|0,410256|0,068461|10,905327|2,396821|0,353334|77,530140
1513942349|Freitag 22 Dezember 2017 12:32:29|DDX|0,019536|1,867643|0,351648|0,114101|10,975055|2,054259|0,588958|79,320863
1513942349|Freitag 22 Dezember 2017 12:32:29|DDX|0,031258|1,867643|0,418071|0,182562|10,975055|2,442503|0,935684|77,348296
1513942349|Freitag 22 Dezember 2017 12:32:29|DDX|0,031258|1,840293|0,453236|0,182562|10,812382|2,648087|0,944855|76,132694
1513942349|Freitag 22 Dezember 2017 12:32:29|DDX|0,000000|1,867643|0,433700|0,000000|10,975055|2,533870|0,000000|76,926620
1513942349|Freitag 22 Dezember 2017 12:32:29|DDX|0,017582|1,853968|0,476679|0,102691|10,893707|2,785163|0,526243|75,571449
1513942349|Freitag 22 Dezember 2017 12:32:29|DDX|-0,005861|1,855922|0,459096|-0,034230|10,905327|2,682355|-0,175639|76,104665
1513942349|Freitag 22 Dezember 2017 12:32:29|DDX|0,000000|1,869597|0,433700|0,000000|10,986678|2,533870|0,000000|76,939813
1513942349|Freitag 22 Dezember 2017 12:32:29|DDX|0,019536|1,867643|0,421978|0,114101|10,975055|2,465344|0,584572|77,255095
1513942349|Freitag 22 Dezember 2017 12:32:29|DDX|0,011722|1,855922|0,429792|0,068461|10,905327|2,511027|0,352534|76,956661
1513942349|Freitag 22 Dezember 2017 12:32:29|DDX|0,027350|1,859829|0,392674|0,159742|10,928568|2,294044|0,824353|78,049927
1513942350|Freitag 22 Dezember 2017 12:32:30|DDX|0,027350|1,879365|0,378999|0,159742|11,044799|2,214112|0,817316|78,569597
1513942350|Freitag 22 Dezember 2017 12:32:30|DDX|0,011722|1,883272|0,378999|0,068461|11,068051|2,214112|0,349599|78,616206
1513942350|Freitag 22 Dezember 2017 12:32:30|DDX|0,015629|1,863736|0,425885|0,091281|10,951810|2,488185|0,468384|77,119885
1513942350|Freitag 22 Dezember 2017 12:32:30|DDX|0,011722|1,871551|0,429792|0,068461|10,998301|2,511027|0,349738|77,061903
1513942350|Freitag 22 Dezember 2017 12:32:30|DDX|0,000000|1,859829|0,418071|0,000000|10,928568|2,442503|0,000000|77,331074
1513942350|Freitag 22 Dezember 2017 12:32:30|DDX|0,007814|1,871551|0,410256|0,045640|10,998301|2,396821|0,233681|77,633771
1513942350|Freitag 22 Dezember 2017 12:32:30|DDX|0,007814|1,867643|0,421978|0,045640|10,975055|2,465344|0,233836|77,266175
1513942350|Freitag 22 Dezember 2017 12:32:30|DDX|0,003907|1,859829|0,386813|0,022820|10,928568|2,259787|0,117847|78,250357
1513942350|Freitag 22 Dezember 2017 12:32:30|DDX|-0,003907|1,867643|0,421978|-0,022820|10,975055|2,465344|-0,116918|77,267759
1513942350|Freitag 22 Dezember 2017 12:32:30|DDX|-0,003907|1,887179|0,461050|-0,022820|11,091304|2,693777|-0,115236|76,270720
1513942350|Freitag 22 Dezember 2017 12:32:30|DDX|0,033211|1,859829|0,414164|0,193972|10,928568|2,419662|0,998575|77,406690
1513942350|Freitag 22 Dezember 2017 12:32:30|DDX|0,031258|1,863736|0,461050|0,182562|10,951810|2,693777|0,932734|76,074501
1513942350|Freitag 22 Dezember 2017 12:32:30|DDX|-0,017582|1,877411|0,437607|-0,102691|11,033174|2,556712|-0,522566|76,868952
1513942350|Freitag 22 Dezember 2017 12:32:30|DDX|0,017582|1,877411|0,357509|0,102691|11,033174|2,088512|0,527102|79,205717
1513942350|Freitag 22 Dezember 2017 12:32:30|DDX|0,007814|1,883272|0,400488|0,045640|11,068051|2,339722|0,232541|77,992352
1513942350|Freitag 22 Dezember 2017 12:32:30|DDX|-0,042979|1,865690|0,392674|-0,251023|10,963432|2,294044|-1,291386|78,045420
1513942350|Freitag 22 Dezember 2017 12:32:30|DDX|0,000000|1,871551|0,429792|0,000000|10,998301|2,511027|0,000000|77,066550
1513942350|Freitag 22 Dezember 2017 12:32:30|DDX|0,023443|1,875458|0,375092|0,136921|11,021549|2,191275|0,702254|78,668570
1513942350|Freitag 22 Dezember 2017 12:32:30|DDX|-0,007814|1,875458|0,418071|-0,045640|11,021549|2,442503|-0,233012|77,431156
1513942350|Freitag 22 Dezember 2017 12:32:30|DDX|0,011722|1,863736|0,429792|0,068461|10,951810|2,511027|0,351131|77,009491
1513942351|Freitag 22 Dezember 2017 12:32:31|DDX|0,003907|1,859829|0,425885|0,022820|10,928568|2,488185|0,117332|77,101597
1513942351|Freitag 22 Dezember 2017 12:32:31|DDX|0,011722|1,867643|0,414164|0,068461|10,975055|2,419662|0,351064|77,491729
1513942361|Freitag 22 Dezember 2017 12:32:41|DDX|0,011722|1,867643|0,414164|0,068461|10,975055|2,419662|0,351064|77,491729
1513942361|Freitag 22 Dezember 2017 12:32:41|DDX|0,007814|1,875458|0,429792|0,045640|11,021549|2,511027|0,232699|77,090530
1513942361|Freitag 22 Dezember 2017 12:32:41|DDX|0,011722|1,875458|0,406349|0,068461|11,021549|2,373981|0,349974|77,769945
1513942361|Freitag 22 Dezember 2017 12:32:41|DDX|0,000000|1,867643|0,468864|0,000000|10,975055|2,739469|0,000000|75,907363
1513942361|Freitag 22 Dezember 2017 12:32:41|DDX|0,037118|1,871551|0,464957|0,216793|10,998301|2,716623|1,102687|76,005576
1513942361|Freitag 22 Dezember 2017 12:32:41|DDX|0,005861|1,875458|0,414164|0,034230|11,021549|2,419662|0,174836|77,545839
1513942361|Freitag 22 Dezember 2017 12:32:41|DDX|0,007814|1,867643|0,476679|0,045640|10,975055|2,785163|0,232284|75,680224
1513942361|Freitag 22 Dezember 2017 12:32:41|DDX|0,015629|1,855922|0,386813|0,091281|10,905327|2,259787|0,472330|78,217557
1513942361|Freitag 22 Dezember 2017 12:32:41|DDX|0,035165|1,855922|0,494261|0,205382|10,905327|2,887980|1,048923|75,051344
1513942361|Freitag 22 Dezember 2017 12:32:41|DDX|0,007814|1,879365|0,378999|0,045640|11,044799|2,214112|0,233533|78,596108
1513942361|Freitag 22 Dezember 2017 12:32:41|DDX|-0,027350|1,859829|0,433700|-0,159742|10,928568|2,533870|-0,820513|76,848418
1513942361|Freitag 22 Dezember 2017 12:32:41|DDX|0,054701|1,852015|0,449328|0,319485|10,882088|2,625243|1,644119|76,265742
1513942361|Freitag 22 Dezember 2017 12:32:41|DDX|0,007814|1,875458|0,375092|0,045640|11,021549|2,191275|0,234095|78,687677
1513942361|Freitag 22 Dezember 2017 12:32:41|DDX|0,019536|1,867643|0,418071|0,114101|10,975055|2,442503|0,584834|77,369055
1513942361|Freitag 22 Dezember 2017 12:32:41|DDX|0,003907|1,871551|0,414164|0,022820|10,998301|2,419662|0,116790|77,521325
1513942361|Freitag 22 Dezember 2017 12:32:41|DDX|0,003907|1,867643|0,410256|0,022820|10,975055|2,396821|0,117074|77,610331
1513942361|Freitag 22 Dezember 2017 12:32:41|DDX|0,000000|1,855922|0,414164|0,000000|10,905327|2,419662|0,000000|77,420115
1513942361|Freitag 22 Dezember 2017 12:32:41|DDX|0,000000|1,863736|0,418071|0,000000|10,951810|2,442503|0,000000|77,356779
1513942362|Freitag 22 Dezember 2017 12:32:42|DDX|0,003907|1,867643|0,418071|0,022820|10,975055|2,442503|0,116971|77,381848
1513942362|Freitag 22 Dezember 2017 12:32:42|DDX|-0,003907|1,859829|0,402442|-0,022820|10,928568|2,351142|-0,117646|77,789650
1513942362|Freitag 22 Dezember 2017 12:32:42|DDX|0,011722|1,867643|0,464957|0,068461|10,975055|2,716623|0,348942|76,015910
1513942362|Freitag 22 Dezember 2017 12:32:42|DDX|0,011722|1,863736|0,437607|0,068461|10,951810|2,556712|0,350806|76,781690
1513942362|Freitag 22 Dezember 2017 12:32:42|DDX|0,021490|1,871551|0,441514|0,125511|10,998301|2,579555|0,640282|76,710993
1513942362|Freitag 22 Dezember 2017 12:32:42|DDX|0,003907|1,871551|0,441514|0,022820|10,998301|2,579555|0,116420|76,725648
1513942362|Freitag 22 Dezember 2017 12:32:42|DDX|0,021490|1,867643|0,363370|0,125511|10,975055|2,122765|0,647099|78,971277
1513942362|Freitag 22 Dezember 2017 12:32:42|DDX|0,017582|1,873504|0,466911|0,102691|11,009925|2,728046|0,521735|75,996409
1513942362|Freitag 22 Dezember 2017 12:32:42|DDX|0,005861|1,879365|0,371184|0,034230|11,044799|2,168438|0,175290|78,826220
1513942362|Freitag 22 Dezember 2017 12:32:42|DDX|0,011722|1,875458|0,398535|0,068461|11,021549|2,328303|0,350273|77,998063
1513942362|Freitag 22 Dezember 2017 12:32:42|DDX|0,003907|1,863736|0,406349|0,022820|10,951810|2,373981|0,117360|77,699772
1513942362|Freitag 22 Dezember 2017 12:32:42|DDX|0,023443|1,875458|0,410256|0,136921|11,021549|2,396821|0,699618|77,641402
1513942362|Freitag 22 Dezember 2017 12:32:42|DDX|-0,019536|1,883272|0,339927|-0,114101|11,068051|1,985756|-0,584883|79,751869
1513942362|Freitag 22 Dezember 2017 12:32:42|DDX|-0,003907|1,871551|0,406349|-0,022820|10,998301|2,373981|-0,116892|77,749576
1513942362|Freitag 22 Dezember 2017 12:32:42|DDX|0,003907|1,867643|0,410256|0,022820|10,975055|2,396821|0,117074|77,610331
1513942362|Freitag 22 Dezember 2017 12:32:42|DDX|0,007814|1,863736|0,414164|0,045640|10,951810|2,419662|0,234512|77,469033
1513942362|Freitag 22 Dezember 2017 12:32:42|DDX|0,007814|1,852015|0,406349|0,045640|10,882088|2,373981|0,236136|77,622651
1513942362|Freitag 22 Dezember 2017 12:32:42|DDX|0,011722|1,875458|0,406349|0,068461|11,021549|2,373981|0,349974|77,769945
1513942362|Freitag 22 Dezember 2017 12:32:42|DDX|0,003907|1,863736|0,425885|0,022820|10,951810|2,488185|0,117098|77,127736
1513942362|Freitag 22 Dezember 2017 12:32:42|DDX|0,003907|1,871551|0,433700|0,022820|10,998301|2,533870|0,116527|76,952467
1513942363|Freitag 22 Dezember 2017 12:32:43|DDX|-0,019536|1,879365|0,441514|-0,114101|11,044799|2,579555|-0,579785|76,766919
1513942363|Freitag 22 Dezember 2017 12:32:43|DDX|-0,023443|1,875458|0,461050|-0,136921|11,021549|2,693777|-0,695456|76,171507
1513942363|Freitag 22 Dezember 2017 12:32:43|DDX|0,021490|1,844200|0,433700|0,125511|10,835615|2,533870|0,649884|76,750583
1513942363|Freitag 22 Dezember 2017 12:32:43|DDX|0,060562|1,867643|0,437607|0,353716|10,975055|2,556712|1,808324|76,691708
1513942363|Freitag 22 Dezember 2017 12:32:43|DDX|-0,017582|1,852015|0,492308|-0,102691|10,882088|2,876555|-0,525676|75,104664
1513942363|Freitag 22 Dezember 2017 12:32:43|DDX|0,019536|1,855922|0,420024|0,114101|10,905327|2,453923|0,588216|77,234546
1513942363|Freitag 22 Dezember 2017 12:32:43|DDX|-0,007814|1,859829|0,463004|-0,045640|10,928568|2,705200|-0,233607|76,018502
1513942363|Freitag 22 Dezember 2017 12:32:43|DDX|0,058608|1,848107|0,365324|0,342305|10,858851|2,134183|1,781924|78,678937
1513942363|Freitag 22 Dezember 2017 12:32:43|DDX|0,011722|1,871551|0,402442|0,068461|10,998301|2,351142|0,350823|77,859411
1513942363|Freitag 22 Dezember 2017 12:32:43|DDX|-0,003907|1,887179|0,484493|-0,022820|11,091304|2,830858|-0,114899|75,601034
1513942363|Freitag 22 Dezember 2017 12:32:43|DDX|0,015629|1,863736|0,453236|0,091281|10,951810|2,648087|0,466851|76,323939
1513942363|Freitag 22 Dezember 2017 12:32:43|DDX|0,031258|1,855922|0,398535|0,182562|10,905327|2,328303|0,943389|77,844418
1513942363|Freitag 22 Dezember 2017 12:32:43|DDX|0,000000|1,867643|0,410256|0,000000|10,975055|2,396821|0,000000|77,610876
1513942363|Freitag 22 Dezember 2017 12:32:43|DDX|0,003907|1,867643|0,418071|0,022820|10,975055|2,442503|0,116971|77,381848
1513942363|Freitag 22 Dezember 2017 12:32:43|DDX|0,007814|1,855922|0,406349|0,045640|10,905327|2,373981|0,235662|77,647908
1513942363|Freitag 22 Dezember 2017 12:32:43|DDX|0,011722|1,867643|0,410256|0,068461|10,975055|2,396821|0,351219|77,605976
1513942363|Freitag 22 Dezember 2017 12:32:43|DDX|0,000000|1,863736|0,414164|0,000000|10,951810|2,419662|0,000000|77,471192
1513942363|Freitag 22 Dezember 2017 12:32:43|DDX|0,003907|1,867643|0,390720|0,022820|10,975055|2,282625|0,117325|78,183279
1513942363|Freitag 22 Dezember 2017 12:32:43|DDX|-0,007814|1,855922|0,429792|-0,045640|10,905327|2,511027|-0,235024|76,959262
1513942364|Freitag 22 Dezember 2017 12:32:44|DDX|0,054701|1,836386|0,429792|0,319485|10,789150|2,511027|1,661311|76,724936
1513942364|Freitag 22 Dezember 2017 12:32:44|DDX|0,039072|1,863736|0,390720|0,228203|10,951810|2,282625|1,175448|78,102405
1513942364|Freitag 22 Dezember 2017 12:32:44|DDX|-0,001954|1,867643|0,394628|-0,011410|10,975055|2,305464|-0,058638|78,068920
1513942364|Freitag 22 Dezember 2017 12:32:44|DDX|-0,003907|1,873504|0,480586|-0,022820|11,009925|2,808010|-0,115743|75,612400
1513942364|Freitag 22 Dezember 2017 12:32:44|DDX|0,031258|1,853968|0,361416|0,182562|10,893707|2,111348|0,948064|78,928827
1513942364|Freitag 22 Dezember 2017 12:32:44|DDX|0,015629|1,887179|0,336020|0,091281|11,091304|1,962922|0,467142|79,893381
1513942364|Freitag 22 Dezember 2017 12:32:44|DDX|0,027350|1,853968|0,392674|0,159742|10,893707|2,294044|0,826847|78,013241
1513942364|Freitag 22 Dezember 2017 12:32:44|DDX|0,015629|1,879365|0,359463|0,091281|11,044799|2,099930|0,467978|79,161932
1513942364|Freitag 22 Dezember 2017 12:32:44|DDX|-0,015629|1,867643|0,464957|-0,091281|10,975055|2,716623|-0,465251|76,012592
1513942364|Freitag 22 Dezember 2017 12:32:44|DDX|0,035165|1,863736|0,414164|0,205382|10,951810|2,419662|1,055190|77,427544
1513942364|Freitag 22 Dezember 2017 12:32:44|DDX|0,000000|1,879365|0,406349|0,000000|11,044799|2,373981|0,000000|77,799531
1513942364|Freitag 22 Dezember 2017 12:32:44|DDX|0,003907|1,863736|0,414164|0,022820|10,951810|2,419662|0,117256|77,470652
1513942364|Freitag 22 Dezember 2017 12:32:44|DDX|0,011722|1,871551|0,406349|0,068461|10,998301|2,373981|0,350671|77,745184
1513942364|Freitag 22 Dezember 2017 12:32:44|DDX|0,011722|1,859829|0,418071|0,068461|10,928568|2,442503|0,352312|77,326256
1513942364|Freitag 22 Dezember 2017 12:32:44|DDX|0,015629|1,867643|0,406349|0,091281|10,975055|2,373981|0,468491|77,716474
1513942364|Freitag 22 Dezember 2017 12:32:44|DDX|0,007814|1,871551|0,410256|0,045640|10,998301|2,396821|0,233681|77,633771
1513942364|Freitag 22 Dezember 2017 12:32:44|DDX|0,019536|1,867643|0,476679|0,114101|10,975055|2,785163|0,580692|75,670544
1513942364|Freitag 22 Dezember 2017 12:32:44|DDX|-0,007814|1,859829|0,410256|-0,045640|10,928568|2,396821|-0,235086|77,558252
1513942364|Freitag 22 Dezember 2017 12:32:44|DDX|-0,039072|1,875458|0,425885|-0,228203|11,021549|2,488185|-1,163867|77,154103
1513942364|Freitag 22 Dezember 2017 12:32:44|DDX|0,017582|1,855922|0,511844|0,102691|10,905327|2,990806|0,523252|74,573043
1513942365|Freitag 22 Dezember 2017 12:32:45|DDX|0,039072|1,848107|0,425885|0,228203|10,858851|2,488185|1,180224|76,970436
1513942365|Freitag 22 Dezember 2017 12:32:45|DDX|0,015629|1,842247|0,482540|0,091281|10,823998|2,819434|0,470199|75,314889
1513942365|Freitag 22 Dezember 2017 12:32:45|DDX|0,015629|1,877411|0,412210|0,091281|11,033174|2,408242|0,465861|77,607846
1513942365|Freitag 22 Dezember 2017 12:32:45|DDX|0,015629|1,852015|0,480586|0,091281|10,882088|2,808010|0,467998|75,445597
1513942365|Freitag 22 Dezember 2017 12:32:45|DDX|0,003907|1,863736|0,330159|0,022820|10,951810|1,928672|0,118275|79,953648
1513942365|Freitag 22 Dezember 2017 12:32:45|DDX|0,031258|1,852015|0,459096|0,182562|10,882088|2,682355|0,938525|76,046606
1513942365|Freitag 22 Dezember 2017 12:32:45|DDX|0,023443|1,859829|0,445421|0,136921|10,928568|2,602399|0,702318|76,513624
1513942365|Freitag 22 Dezember 2017 12:32:45|DDX|0,015629|1,879365|0,351648|0,091281|11,044799|2,054259|0,468334|79,391698
1513942365|Freitag 22 Dezember 2017 12:32:45|DDX|0,011722|1,863736|0,421978|0,068461|10,951810|2,465344|0,351451|77,237708
1513942365|Freitag 22 Dezember 2017 12:32:45|DDX|0,007814|1,855922|0,418071|0,045640|10,905327|2,442503|0,235347|77,303121
1513942365|Freitag 22 Dezember 2017 12:32:45|DDX|0,000000|1,879365|0,394628|0,000000|11,044799|2,305464|0,000000|78,141362
1513942365|Freitag 22 Dezember 2017 12:32:45|DDX|-0,003907|1,879365|0,402442|-0,022820|11,044799|2,351142|-0,116477|77,912825
1513942365|Freitag 22 Dezember 2017 12:32:45|DDX|0,007814|1,867643|0,410256|0,045640|10,975055|2,396821|0,234147|77,608698
1513942365|Freitag 22 Dezember 2017 12:32:45|DDX|0,011722|1,855922|0,421978|0,068461|10,905327|2,465344|0,352858|77,185743
1513942365|Freitag 22 Dezember 2017 12:32:45|DDX|-0,011722|1,883272|0,367277|-0,068461|11,068051|2,145602|-0,350014|78,959165
1513942365|Freitag 22 Dezember 2017 12:32:45|DDX|0,003907|1,859829|0,500122|0,022820|10,928568|2,922254|0,116240|74,948342
1513942365|Freitag 22 Dezember 2017 12:32:45|DDX|0,035165|1,844200|0,507937|0,205382|10,835615|2,967955|1,053166|74,566077
1513942365|Freitag 22 Dezember 2017 12:32:45|DDX|0,029304|1,859829|0,382906|0,171152|10,928568|2,236949|0,884154|78,333278
1513942365|Freitag 22 Dezember 2017 12:32:45|DDX|-0,017582|1,904762|0,476679|-0,102691|11,195969|2,785163|-0,513048|75,940755
1513942365|Freitag 22 Dezember 2017 12:32:45|DDX|0,007814|1,863736|0,527473|0,045640|10,951810|3,082215|0,231153|74,195839
1513942366|Freitag 22 Dezember 2017 12:32:46|DDX|0,017582|1,869597|0,429792|0,102691|10,986678|2,511027|0,525120|77,043027
1513942366|Freitag 22 Dezember 2017 12:32:46|DDX|-0,023443|1,863736|0,427839|-0,136921|10,951810|2,499606|-0,702396|77,052454
1513942369|Freitag 22 Dezember 2017 12:32:49|DDX|0,000000|1,867643|0,441514|0,000000|10,975055|2,579555|0,000000|76,699366
1513942369|Freitag 22 Dezember 2017 12:32:49|DDX|-0,039072|1,859829|0,464957|-0,228203|10,928568|2,716623|-1,167592|75,916250
1513942369|Freitag 22 Dezember 2017 12:32:49|DDX|-0,019536|1,883272|0,441514|-0,114101|11,068051|2,579555|-0,578645|76,793411
1513942369|Freitag 22 Dezember 2017 12:32:49|DDX|0,007814|1,863736|0,425885|0,045640|10,951810|2,488185|0,234196|77,126166
1513942369|Freitag 22 Dezember 2017 12:32:49|DDX|0,007814|1,863736|0,433700|0,045640|10,951810|2,533870|0,233981|76,898104
1513942370|Freitag 22 Dezember 2017 12:32:50|DDX|0,003907|1,867643|0,421978|0,022820|10,975055|2,465344|0,116918|77,267759
1513942370|Freitag 22 Dezember 2017 12:32:50|DDX|0,011722|1,848107|0,418071|0,068461|10,858851|2,442503|0,354438|77,248493
1513942370|Freitag 22 Dezember 2017 12:32:50|DDX|0,000000|1,871551|0,406349|0,000000|10,998301|2,373981|0,000000|77,750125
1513942370|Freitag 22 Dezember 2017 12:32:50|DDX|0,007814|1,871551|0,414164|0,045640|10,998301|2,419662|0,233579|77,519712
1513942370|Freitag 22 Dezember 2017 12:32:50|DDX|0,000000|1,859829|0,492308|0,000000|10,928568|2,876555|0,000000|75,173520
1513942370|Freitag 22 Dezember 2017 12:32:50|DDX|-0,015629|1,875458|0,421978|-0,091281|11,021549|2,465344|-0,465809|77,311204
1513942370|Freitag 22 Dezember 2017 12:32:50|DDX|0,023443|1,852015|0,418071|0,136921|10,882088|2,442503|0,707426|77,260023
1513942370|Freitag 22 Dezember 2017 12:32:50|DDX|0,025397|1,875458|0,312576|0,148332|11,021549|1,825926|0,765278|80,507063
1513942370|Freitag 22 Dezember 2017 12:32:50|DDX|-0,005861|1,867643|0,339927|-0,034230|10,975055|1,985756|-0,176892|79,683106
1513942370|Freitag 22 Dezember 2017 12:32:50|DDX|-0,013675|1,879365|0,451282|-0,079871|11,044799|2,636665|-0,405383|76,491538
1513942370|Freitag 22 Dezember 2017 12:32:50|DDX|0,015629|1,875458|0,427839|0,091281|11,021549|2,499606|0,465496|77,141023
1513942370|Freitag 22 Dezember 2017 12:32:50|DDX|0,003907|1,861783|0,412210|0,022820|10,940189|2,408242|0,117400|77,515217
1513942370|Freitag 22 Dezember 2017 12:32:50|DDX|0,027350|1,852015|0,402442|0,159742|10,882088|2,351142|0,826787|77,712823
1513942370|Freitag 22 Dezember 2017 12:32:50|DDX|0,031258|1,844200|0,414164|0,182562|10,835615|2,419662|0,947429|77,307895
1513942370|Freitag 22 Dezember 2017 12:32:50|DDX|-0,023443|1,855922|0,523565|-0,136921|10,905327|3,059362|-0,696515|74,230962
1513942370|Freitag 22 Dezember 2017 12:32:50|DDX|0,000000|1,863736|0,421978|0,000000|10,951810|2,465344|0,000000|77,242468
1513942370|Freitag 22 Dezember 2017 12:32:50|DDX|0,003907|1,855922|0,418071|0,022820|10,905327|2,442503|0,117674|77,304730
1513942370|Freitag 22 Dezember 2017 12:32:50|DDX|0,003907|1,867643|0,425885|0,022820|10,975055|2,488185|0,116866|77,153772
1513942370|Freitag 22 Dezember 2017 12:32:50|DDX|0,003907|1,875458|0,421978|0,022820|11,021549|2,465344|0,116455|77,319091
1513942371|Freitag 22 Dezember 2017 12:32:51|DDX|0,003907|1,855922|0,421978|0,022820|10,905327|2,465344|0,117621|77,189990
1513942371|Freitag 22 Dezember 2017 12:32:51|DDX|0,011722|1,867643|0,414164|0,068461|10,975055|2,419662|0,351064|77,491729
1513942371|Freitag 22 Dezember 2017 12:32:51|DDX|0,011722|1,855922|0,421978|0,068461|10,905327|2,465344|0,352858|77,185743
1513942371|Freitag 22 Dezember 2017 12:32:51|DDX|0,031258|1,887179|0,332112|0,182562|11,091304|1,940089|0,934553|79,975875
1513942371|Freitag 22 Dezember 2017 12:32:51|DDX|0,035165|1,848107|0,429792|0,205382|10,858851|2,511027|1,061737|76,865874
1513942371|Freitag 22 Dezember 2017 12:32:51|DDX|0,017582|1,859829|0,386813|0,102691|10,928568|2,259787|0,530298|78,239146
1513942371|Freitag 22 Dezember 2017 12:32:51|DDX|0,013675|1,861783|0,425885|0,079871|10,940189|2,488185|0,410247|77,108785
1513942371|Freitag 22 Dezember 2017 12:32:51|DDX|0,013675|1,867643|0,425885|0,079871|10,975055|2,488185|0,409023|77,147893
1513942371|Freitag 22 Dezember 2017 12:32:51|DDX|0,000000|1,861783|0,464957|0,000000|10,940189|2,716623|0,000000|75,977904
1513942371|Freitag 22 Dezember 2017 12:32:51|DDX|0,050794|1,867643|0,367277|0,296664|10,975055|2,145602|1,528607|78,771383
1513942371|Freitag 22 Dezember 2017 12:32:51|DDX|0,027350|1,867643|0,332112|0,159742|10,975055|1,940089|0,826043|79,883390
1513942371|Freitag 22 Dezember 2017 12:32:51|DDX|0,000000|1,879365|0,441514|0,000000|11,044799|2,579555|0,000000|76,779400
1513942371|Freitag 22 Dezember 2017 12:32:51|DDX|-0,015629|1,871551|0,429792|-0,091281|10,998301|2,511027|-0,466313|77,058290
1513942371|Freitag 22 Dezember 2017 12:32:51|DDX|-0,058608|1,875458|0,453236|-0,342305|11,021549|2,648087|-1,739857|76,305136
1513942371|Freitag 22 Dezember 2017 12:32:51|DDX|0,000000|1,863736|0,418071|0,000000|10,951810|2,442503|0,000000|77,356779
1513942371|Freitag 22 Dezember 2017 12:32:51|DDX|0,000000|1,879365|0,418071|0,000000|11,044799|2,442503|0,000000|77,458580
1513942371|Freitag 22 Dezember 2017 12:32:51|DDX|0,000000|1,859829|0,414164|0,000000|10,928568|2,419662|0,000000|77,445705
1513942371|Freitag 22 Dezember 2017 12:32:51|DDX|0,000000|1,871551|0,402442|0,000000|10,998301|2,351142|0,000000|77,864405
1513942371|Freitag 22 Dezember 2017 12:32:51|DDX|0,000000|1,863736|0,410256|0,000000|10,951810|2,396821|0,000000|77,585707
1513942371|Freitag 22 Dezember 2017 12:32:51|DDX|0,015629|1,867643|0,406349|0,091281|10,975055|2,373981|0,468491|77,716474
1513942372|Freitag 22 Dezember 2017 12:32:52|DDX|0,000000|1,863736|0,445421|0,000000|10,951810|2,602399|0,000000|76,558795
1513942372|Freitag 22 Dezember 2017 12:32:52|DDX|0,023443|1,871551|0,414164|0,136921|10,998301|2,419662|0,700705|77,502516
1513942372|Freitag 22 Dezember 2017 12:32:52|DDX|0,035165|1,840293|0,425885|0,205382|10,812382|2,488185|1,066511|76,927030
1513942372|Freitag 22 Dezember 2017 12:32:52|DDX|0,019536|1,859829|0,449328|0,114101|10,928568|2,625243|0,584995|76,405444
1513942372|Freitag 22 Dezember 2017 12:32:52|DDX|0,015629|1,848107|0,453236|0,091281|10,858851|2,648087|0,470575|76,212681
1513942372|Freitag 22 Dezember 2017 12:32:52|DDX|-0,013675|1,889133|0,386813|-0,079871|11,102932|2,259787|-0,406320|78,421203
1513942372|Freitag 22 Dezember 2017 12:32:52|DDX|0,007814|1,863736|0,480586|0,045640|10,951810|2,808010|0,232623|75,538774
1513942372|Freitag 22 Dezember 2017 12:32:52|DDX|-0,003907|1,850061|0,466911|-0,022820|10,870469|2,728046|-0,117326|75,835230
1513942372|Freitag 22 Dezember 2017 12:32:52|DDX|0,000000|1,852015|0,400488|0,000000|10,882088|2,339722|0,000000|77,797971
1513942372|Freitag 22 Dezember 2017 12:32:52|DDX|0,023443|1,894994|0,369231|0,136921|11,137817|2,157020|0,695696|78,952671
1513942372|Freitag 22 Dezember 2017 12:32:52|DDX|0,011722|1,867643|0,418071|0,068461|10,975055|2,442503|0,350908|77,377582
1513942372|Freitag 22 Dezember 2017 12:32:52|DDX|0,035165|1,852015|0,433700|0,205382|10,882088|2,533870|1,059118|76,778397
1513942372|Freitag 22 Dezember 2017 12:32:52|DDX|0,000000|1,867643|0,421978|0,000000|10,975055|2,465344|0,000000|77,268287
1513942372|Freitag 22 Dezember 2017 12:32:52|DDX|0,000000|1,871551|0,414164|0,000000|10,998301|2,419662|0,000000|77,521863
1513942372|Freitag 22 Dezember 2017 12:32:52|DDX|0,000000|1,863736|0,425885|0,000000|10,951810|2,488185|0,000000|77,128260
1513942372|Freitag 22 Dezember 2017 12:32:52|DDX|0,007814|1,855922|0,429792|0,045640|10,905327|2,511027|0,235024|76,959262
1513942372|Freitag 22 Dezember 2017 12:32:52|DDX|0,000000|1,859829|0,421978|0,000000|10,928568|2,465344|0,000000|77,216546
1513942372|Freitag 22 Dezember 2017 12:32:52|DDX|0,003907|1,867643|0,429792|0,022820|10,975055|2,511027|0,116812|77,039888
1513942372|Freitag 22 Dezember 2017 12:32:52|DDX|0,007814|1,871551|0,449328|0,045640|10,998301|2,625243|0,232619|76,497776
1513942372|Freitag 22 Dezember 2017 12:32:52|DDX|0,050794|1,883272|0,339927|0,296664|11,068051|1,985756|1,520391|79,657239
1513942373|Freitag 22 Dezember 2017 12:32:53|DDX|0,019536|1,832479|0,386813|0,114101|10,765920|2,259787|0,597637|78,065804
1513942373|Freitag 22 Dezember 2017 12:32:53|DDX|0,017582|1,863736|0,449328|0,102691|10,951810|2,625243|0,525456|76,435232
1513942373|Freitag 22 Dezember 2017 12:32:53|DDX|0,013675|1,865690|0,445421|0,079871|10,963432|2,602399|0,408482|76,566262
1513942373|Freitag 22 Dezember 2017 12:32:53|DDX|0,015629|1,838339|0,472772|0,091281|10,800765|2,762316|0,471744|75,570046
1513942373|Freitag 22 Dezember 2017 12:32:53|DDX|0,005861|1,863736|0,392674|0,034230|10,951810|2,294044|0,176304|78,100975
1513942373|Freitag 22 Dezember 2017 12:32:53|DDX|0,027350|1,865690|0,447375|0,159742|10,963432|2,613821|0,816729|76,491359
1513942373|Freitag 22 Dezember 2017 12:32:53|DDX|0,007814|1,859829|0,386813|0,045640|10,928568|2,259787|0,235693|78,248609
1513942373|Freitag 22 Dezember 2017 12:32:53|DDX|0,042979|1,871551|0,404396|0,251023|10,998301|2,362562|1,285873|77,740656
1513942373|Freitag 22 Dezember 2017 12:32:53|DDX|0,015629|1,859829|0,410256|0,091281|10,928568|2,396821|0,470163|77,551696
1513942373|Freitag 22 Dezember 2017 12:32:53|DDX|0,027350|1,867643|0,394628|0,159742|10,975055|2,305464|0,820878|78,041264
1513942373|Freitag 22 Dezember 2017 12:32:53|DDX|0,003907|1,871551|0,410256|0,022820|10,998301|2,396821|0,116841|77,635401
1513942373|Freitag 22 Dezember 2017 12:32:53|DDX|0,003907|1,863736|0,398535|0,022820|10,951810|2,328303|0,117461|77,929292
1513942373|Freitag 22 Dezember 2017 12:32:53|DDX|0,007814|1,867643|0,418071|0,045640|10,975055|2,442503|0,233940|77,380248
1513942373|Freitag 22 Dezember 2017 12:32:53|DDX|0,011722|1,863736|0,410256|0,068461|10,951810|2,396821|0,351921|77,580799
1513942373|Freitag 22 Dezember 2017 12:32:53|DDX|0,003907|1,875458|0,414164|0,022820|11,021549|2,419662|0,116558|77,546510
1513942405|Freitag 22 Dezember 2017 12:33:25|DDX|0,015629|1,840293|0,449328|0,091281|10,812382|2,625243|0,472692|76,271054
1513942405|Freitag 22 Dezember 2017 12:33:25|DDX|0,000000|1,855922|0,425885|0,000000|10,905327|2,488185|0,000000|77,075879
1513942405|Freitag 22 Dezember 2017 12:33:25|DDX|0,023443|1,859829|0,402442|0,136921|10,928568|2,351142|0,705843|77,770132
1513942405|Freitag 22 Dezember 2017 12:33:25|DDX|0,015629|1,867643|0,410256|0,091281|10,975055|2,396821|0,468287|77,602167
1513942405|Freitag 22 Dezember 2017 12:33:25|DDX|0,011722|1,832479|0,421978|0,068461|10,765920|2,465344|0,357146|77,027320
1513942405|Freitag 22 Dezember 2017 12:33:25|DDX|-0,003907|1,867643|0,492308|-0,022820|10,975055|2,876555|-0,115906|75,232395
1513942405|Freitag 22 Dezember 2017 12:33:25|DDX|0,007814|1,908669|0,449328|0,045640|11,219233|2,625243|0,228335|76,751010
1513942405|Freitag 22 Dezember 2017 12:33:25|DDX|0,031258|1,869597|0,328205|0,182562|10,986678|1,917256|0,943410|79,999114
1513942405|Freitag 22 Dezember 2017 12:33:25|DDX|0,035165|1,861783|0,394628|0,205382|10,940189|2,305464|1,058546|77,986541
1513942405|Freitag 22 Dezember 2017 12:33:25|DDX|0,023443|1,850061|0,488400|0,136921|10,870469|2,853706|0,701945|75,195496
1513942405|Freitag 22 Dezember 2017 12:33:25|DDX|-0,023443|1,863736|0,466911|-0,136921|10,951810|2,728046|-0,699062|75,918485
1513942405|Freitag 22 Dezember 2017 12:33:25|DDX|0,011722|1,859829|0,507937|0,068461|10,928568|2,967955|0,348346|74,720636
1513942405|Freitag 22 Dezember 2017 12:33:25|DDX|0,019536|1,863736|0,421978|0,114101|10,951810|2,465344|0,585738|77,229251
1513942405|Freitag 22 Dezember 2017 12:33:25|DDX|0,019536|1,887179|0,351648|0,114101|11,091304|2,054259|0,583068|79,428909
1513942405|Freitag 22 Dezember 2017 12:33:25|DDX|-0,007814|1,875458|0,421978|-0,045640|11,021549|2,465344|-0,232908|77,317513
1513942405|Freitag 22 Dezember 2017 12:33:25|DDX|0,007814|1,863736|0,418071|0,045640|10,951810|2,442503|0,234407|77,354642
1513942405|Freitag 22 Dezember 2017 12:33:25|DDX|0,007814|1,871551|0,421978|0,045640|10,998301|2,465344|0,233371|77,291895
1513942405|Freitag 22 Dezember 2017 12:33:25|DDX|0,007814|1,859829|0,414164|0,045640|10,928568|2,419662|0,234981|77,443541
1513942406|Freitag 22 Dezember 2017 12:33:26|DDX|0,007814|1,852015|0,414164|0,045640|10,882088|2,419662|0,235926|77,392251
1513942406|Freitag 22 Dezember 2017 12:33:26|DDX|-0,003907|1,875458|0,414164|-0,022820|11,021549|2,419662|-0,116558|77,546510
1513942406|Freitag 22 Dezember 2017 12:33:26|DDX|-0,003907|1,863736|0,429792|-0,022820|10,951810|2,511027|-0,117045|77,013638
1513942406|Freitag 22 Dezember 2017 12:33:26|DDX|0,011722|1,855922|0,504029|0,068461|10,905327|2,945104|0,349215|74,802220
1513942406|Freitag 22 Dezember 2017 12:33:26|DDX|0,011722|1,855922|0,382906|0,068461|10,905327|2,236949|0,354399|78,337233
1513942406|Freitag 22 Dezember 2017 12:33:26|DDX|0,052747|1,867643|0,371184|0,308074|10,975055|2,168438|1,586738|78,649225
1513942406|Freitag 22 Dezember 2017 12:33:26|DDX|0,011722|1,857875|0,480586|0,068461|10,916947|2,808010|0,349964|75,492781
1513942406|Freitag 22 Dezember 2017 12:33:26|DDX|0,064469|1,865690|0,431746|0,376536|10,963432|2,522448|1,928152|76,830883
1513942406|Freitag 22 Dezember 2017 12:33:26|DDX|0,019536|1,850061|0,464957|0,114101|10,870469|2,716623|0,586756|75,880650
1513942406|Freitag 22 Dezember 2017 12:33:26|DDX|0,027350|1,865690|0,420024|0,159742|10,963432|2,453923|0,819373|77,286481
1513942406|Freitag 22 Dezember 2017 12:33:26|DDX|0,011722|1,855922|0,455189|0,068461|10,905327|2,659510|0,351447|76,215082
1513942406|Freitag 22 Dezember 2017 12:33:26|DDX|0,003907|1,852015|0,414164|0,022820|10,882088|2,419662|0,117963|77,393880
1513942406|Freitag 22 Dezember 2017 12:33:26|DDX|0,011722|1,844200|0,441514|0,068461|10,835615|2,579555|0,354156|76,531838
1513942406|Freitag 22 Dezember 2017 12:33:26|DDX|0,031258|1,859829|0,468864|0,182562|10,928568|2,739469|0,933657|75,820381
1513942406|Freitag 22 Dezember 2017 12:33:26|DDX|0,003907|1,863736|0,421978|0,022820|10,951810|2,465344|0,117151|77,241939
1513942406|Freitag 22 Dezember 2017 12:33:26|DDX|0,007814|1,863736|0,429792|0,045640|10,951810|2,511027|0,234089|77,012083
1513942406|Freitag 22 Dezember 2017 12:33:26|DDX|0,007814|1,859829|0,421978|0,045640|10,928568|2,465344|0,234770|77,214426
1513942406|Freitag 22 Dezember 2017 12:33:26|DDX|0,003907|1,859829|0,429792|0,022820|10,928568|2,511027|0,117278|76,987283
1513942406|Freitag 22 Dezember 2017 12:33:26|DDX|0,003907|1,867643|0,414164|0,022820|10,975055|2,419662|0,117023|77,496039
1513942406|Freitag 22 Dezember 2017 12:33:26|DDX|0,011722|1,863736|0,414164|0,068461|10,951810|2,419662|0,351765|77,466334
1513942407|Freitag 22 Dezember 2017 12:33:27|DDX|0,015629|1,875458|0,355556|0,091281|11,021549|2,077094|0,469098|79,254952
1513942407|Freitag 22 Dezember 2017 12:33:27|DDX|0,015629|1,852015|0,453236|0,091281|10,882088|2,648087|0,469639|76,240662
1513942407|Freitag 22 Dezember 2017 12:33:27|DDX|0,025397|1,867643|0,418071|0,148332|10,975055|2,442503|0,760266|77,359868
1513942407|Freitag 22 Dezember 2017 12:33:27|DDX|0,035165|1,875458|0,375092|0,205382|11,021549|2,191275|1,053315|78,641761
1513942407|Freitag 22 Dezember 2017 12:33:27|DDX|-0,007814|1,871551|0,418071|-0,045640|10,998301|2,442503|-0,233475|77,405753
1513942407|Freitag 22 Dezember 2017 12:33:27|DDX|0,013675|1,871551|0,400488|0,079871|10,998301|2,339722|0,409379|77,914749
1513942407|Freitag 22 Dezember 2017 12:33:27|DDX|0,007814|1,869597|0,463004|0,045640|10,986678|2,705200|0,232457|76,088707
