1515267739|Samstag 06 Jänner 2018 20:42:19|BOT|-0,003907|-0,005861|-0,961172|-0,022820|-0,034230|-5,622793|-0,232904|-0,349357
1515267739|Samstag 06 Jänner 2018 20:42:19|BOT|-0,001954|-0,009768|-0,965079|-0,011410|-0,057051|-5,645724|-0,115977|-0,579896
1515267739|Samstag 06 Jänner 2018 20:42:19|BOT|-0,009768|0,000000|-0,957265|-0,057051|0,000000|-5,599863|-0,584631|0,000000
1515267739|Samstag 06 Jänner 2018 20:42:19|BOT|-0,009768|-0,013675|-0,937729|-0,057051|-0,079871|-5,485226|-0,596746|-0,835459
1515267739|Samstag 06 Jänner 2018 20:42:19|BOT|0,000000|-0,003907|-0,967033|0,000000|-0,022820|-5,657190|0,000000|-0,231497
1515267740|Samstag 06 Jänner 2018 20:42:20|BOT|-0,003907|0,003907|-0,957265|-0,022820|0,022820|-5,599863|-0,233857|0,233857
1515267740|Samstag 06 Jänner 2018 20:42:20|BOT|0,000000|-0,001954|-0,957265|0,000000|-0,011410|-5,599863|0,000000|-0,116930
1515267740|Samstag 06 Jänner 2018 20:42:20|BOT|0,017582|-0,015629|-0,943590|0,102691|-0,091281|-5,519615|1,067353|-0,948747
1515267740|Samstag 06 Jänner 2018 20:42:20|BOT|-0,003907|-0,007814|-0,961172|-0,022820|-0,045640|-5,622793|-0,232901|-0,465805
1515267740|Samstag 06 Jänner 2018 20:42:20|BOT|0,000000|-0,001954|-0,963126|0,000000|-0,011410|-5,634259|0,000000|-0,116218
1515267740|Samstag 06 Jänner 2018 20:42:20|BOT|0,000000|-0,001954|-0,961172|0,000000|-0,011410|-5,622793|0,000000|-0,116455
1515267740|Samstag 06 Jänner 2018 20:42:20|BOT|0,000000|-0,003907|-0,951404|0,000000|-0,022820|-5,565470|0,000000|-0,235300
1515267740|Samstag 06 Jänner 2018 20:42:20|BOT|-0,011722|-0,019536|-0,976801|-0,068461|-0,114101|-5,714523|-0,687379|-1,145680
1515267740|Samstag 06 Jänner 2018 20:42:20|BOT|0,000000|-0,005861|-0,957265|0,000000|-0,034230|-5,599863|0,000000|-0,350786
1515267740|Samstag 06 Jänner 2018 20:42:20|BOT|0,001954|-0,009768|-0,963126|0,011410|-0,057051|-5,634259|0,116212|-0,581072
1515267741|Samstag 06 Jänner 2018 20:42:21|BOT|-0,001954|-0,005861|-0,968987|-0,011410|-0,034230|-5,668656|-0,115513|-0,346542
1515267741|Samstag 06 Jänner 2018 20:42:21|BOT|-0,001954|0,000000|-0,968987|-0,011410|0,000000|-5,668656|-0,115516|0,000000
1515267741|Samstag 06 Jänner 2018 20:42:21|BOT|-0,007814|-0,021490|-0,957265|-0,045640|-0,125511|-5,599863|-0,467592|-1,285973
1515267741|Samstag 06 Jänner 2018 20:42:21|BOT|-0,001954|-0,005861|-0,967033|-0,011410|-0,034230|-5,657190|-0,115747|-0,347242
1515267741|Samstag 06 Jänner 2018 20:42:21|BOT|-0,001954|0,007814|-0,970940|-0,011410|0,045640|-5,680123|-0,115279|0,461122
1515267741|Samstag 06 Jänner 2018 20:42:21|BOT|0,000000|0,000000|-0,965079|0,000000|0,000000|-5,645724|0,000000|0,000000
1515267741|Samstag 06 Jänner 2018 20:42:21|BOT|-0,007814|-0,009768|-0,957265|-0,045640|-0,057051|-5,599863|-0,467686|-0,584611
1515267741|Samstag 06 Jänner 2018 20:42:21|BOT|0,000000|0,000000|-0,974847|0,000000|0,000000|-5,703056|0,000000|0,000000
1515267741|Samstag 06 Jänner 2018 20:42:21|BOT|-0,001954|-0,007814|-0,965079|-0,011410|-0,045640|-5,645724|-0,115979|-0,463922
1515267741|Samstag 06 Jänner 2018 20:42:21|BOT|0,001954|0,000000|-0,961172|0,011410|0,000000|-5,622793|0,116455|0,000000
1515267742|Samstag 06 Jänner 2018 20:42:22|BOT|-0,003907|-0,003907|-0,959219|-0,022820|-0,022820|-5,611328|-0,233381|-0,233381
1515267742|Samstag 06 Jänner 2018 20:42:22|BOT|0,027350|-0,007814|-0,965079|0,159742|-0,045640|-5,645724|1,623279|-0,463737
1515267742|Samstag 06 Jänner 2018 20:42:22|BOT|-0,011722|-0,011722|-0,967033|-0,068461|-0,068461|-5,657190|-0,694409|-0,694409
1515267742|Samstag 06 Jänner 2018 20:42:22|BOT|-0,001954|-0,005861|-0,970940|-0,011410|-0,034230|-5,680123|-0,115281|-0,345845
1515267742|Samstag 06 Jänner 2018 20:42:22|BOT|0,000000|0,001954|-0,963126|0,000000|0,011410|-5,634259|0,000000|0,116218
1515267742|Samstag 06 Jänner 2018 20:42:22|BOT|-0,005861|-0,003907|-0,965079|-0,034230|-0,022820|-5,645724|-0,347943|-0,231961
1515267742|Samstag 06 Jänner 2018 20:42:22|BOT|0,001954|-0,019536|-0,982662|0,011410|-0,114101|-5,748925|0,113885|-1,138929
1515267742|Samstag 06 Jänner 2018 20:42:22|BOT|0,001954|-0,003907|-0,959219|0,011410|-0,022820|-5,611328|0,116691|-0,233382
1515267742|Samstag 06 Jänner 2018 20:42:22|BOT|-0,001954|-0,003907|-0,957265|-0,011410|-0,022820|-5,599863|-0,116929|-0,233859
1515267743|Samstag 06 Jänner 2018 20:42:23|BOT|-0,001954|-0,011722|-0,961172|-0,011410|-0,068461|-5,622793|-0,116446|-0,698693
1515267743|Samstag 06 Jänner 2018 20:42:23|BOT|-0,005861|0,003907|-0,957265|-0,034230|0,022820|-5,599863|-0,350783|0,233855
1515267743|Samstag 06 Jänner 2018 20:42:23|BOT|-0,007814|-0,001954|-0,967033|-0,045640|-0,011410|-5,657190|-0,462985|-0,115745
1515267743|Samstag 06 Jänner 2018 20:42:23|BOT|-0,005861|-0,003907|-0,967033|-0,034230|-0,022820|-5,657190|-0,347240|-0,231493
1515267743|Samstag 06 Jänner 2018 20:42:23|BOT|0,000000|-0,003907|-0,961172|0,000000|-0,022820|-5,622793|0,000000|-0,232908
1515267743|Samstag 06 Jänner 2018 20:42:23|BOT|-0,003907|-0,005861|-0,955311|-0,022820|-0,034230|-5,588399|-0,234333|-0,351501
1515267743|Samstag 06 Jänner 2018 20:42:23|BOT|-0,003907|0,005861|-0,978755|-0,022820|0,034230|-5,725990|-0,228720|0,343082
1515267743|Samstag 06 Jänner 2018 20:42:23|BOT|-0,009768|-0,019536|-0,972894|-0,057051|-0,114101|-5,691589|-0,575124|-1,150305
1515267743|Samstag 06 Jänner 2018 20:42:23|BOT|-0,001954|-0,003907|-0,961172|-0,011410|-0,022820|-5,622793|-0,116454|-0,232908
1515267743|Samstag 06 Jänner 2018 20:42:23|BOT|0,000000|-0,003907|-0,963126|0,000000|-0,022820|-5,634259|0,000000|-0,232436
1515267744|Samstag 06 Jänner 2018 20:42:24|BOT|0,000000|0,000000|-0,959219|0,000000|0,000000|-5,611328|0,000000|0,000000
1515267744|Samstag 06 Jänner 2018 20:42:24|BOT|-0,001954|-0,011722|-0,965079|-0,011410|-0,068461|-5,645724|-0,115975|-0,695865
1515267744|Samstag 06 Jänner 2018 20:42:24|BOT|0,009768|-0,009768|-0,968987|0,057051|-0,057051|-5,668656|0,577530|-0,577530
1515267744|Samstag 06 Jänner 2018 20:42:24|BOT|0,001954|0,000000|-0,963126|0,011410|0,000000|-5,634259|0,116218|0,000000
1515267744|Samstag 06 Jänner 2018 20:42:24|BOT|-0,001954|-0,001954|-0,959219|-0,011410|-0,011410|-5,611328|-0,116692|-0,116692
1515267744|Samstag 06 Jänner 2018 20:42:24|BOT|-0,001954|-0,007814|-0,963126|-0,011410|-0,045640|-5,634259|-0,116215|-0,464863
1515267744|Samstag 06 Jänner 2018 20:42:24|BOT|-0,011722|-0,007814|-0,951404|-0,068461|-0,045640|-5,565470|-0,705843|-0,470556
1515267744|Samstag 06 Jänner 2018 20:42:24|BOT|-0,007814|-0,009768|-0,961172|-0,045640|-0,057051|-5,622793|-0,465785|-0,582235
1515267744|Samstag 06 Jänner 2018 20:42:24|BOT|-0,003907|-0,005861|-0,959219|-0,022820|-0,034230|-5,611328|-0,233378|-0,350069
1515267744|Samstag 06 Jänner 2018 20:42:24|BOT|-0,001954|-0,005861|-0,959219|-0,011410|-0,034230|-5,611328|-0,116690|-0,350071
1515267745|Samstag 06 Jänner 2018 20:42:25|BOT|0,000000|-0,013675|-0,961172|0,000000|-0,079871|-5,622793|0,000000|-0,815129
1515267745|Samstag 06 Jänner 2018 20:42:25|BOT|-0,003907|0,001954|-0,965079|-0,022820|0,011410|-5,645724|-0,231965|0,115982
1515267745|Samstag 06 Jänner 2018 20:42:25|BOT|-0,001954|-0,009768|-0,965079|-0,011410|-0,057051|-5,645724|-0,115977|-0,579896
1515267745|Samstag 06 Jänner 2018 20:42:25|BOT|-0,001954|0,000000|-0,963126|-0,011410|0,000000|-5,634259|-0,116218|0,000000
1515267745|Samstag 06 Jänner 2018 20:42:25|BOT|0,000000|-0,001954|-0,963126|0,000000|-0,011410|-5,634259|0,000000|-0,116218
1515267745|Samstag 06 Jänner 2018 20:42:25|BOT|-0,003907|-0,005861|-0,951404|-0,022820|-0,034230|-5,565470|-0,235295|-0,352944
1515267745|Samstag 06 Jänner 2018 20:42:25|BOT|-0,009768|-0,005861|-0,972894|-0,057051|-0,034230|-5,691589|-0,575229|-0,345134
1515267745|Samstag 06 Jänner 2018 20:42:25|BOT|-0,005861|-0,013675|-0,902564|-0,034230|-0,079871|-5,278935|-0,372003|-0,868033
1515267745|Samstag 06 Jänner 2018 20:42:25|BOT|-0,003907|-0,007814|-0,965079|-0,022820|-0,045640|-5,645724|-0,231958|-0,463919
1515267745|Samstag 06 Jänner 2018 20:42:25|BOT|-0,003907|-0,003907|-0,955311|-0,022820|-0,022820|-5,588399|-0,234335|-0,234335
1515267746|Samstag 06 Jänner 2018 20:42:26|BOT|-0,001954|-0,003907|-0,961172|-0,011410|-0,022820|-5,622793|-0,116454|-0,232908
1515267746|Samstag 06 Jänner 2018 20:42:26|BOT|0,013675|0,005861|-0,992430|0,079871|0,034230|-5,806267|0,789445|0,338325
1515267746|Samstag 06 Jänner 2018 20:42:26|BOT|-0,003907|0,003907|-0,961172|-0,022820|0,022820|-5,622793|-0,232906|0,232906
1515267746|Samstag 06 Jänner 2018 20:42:26|BOT|0,000000|-0,003907|-0,965079|0,000000|-0,022820|-5,645724|0,000000|-0,231965
1515267746|Samstag 06 Jänner 2018 20:42:26|BOT|-0,003907|-0,005861|-0,967033|-0,022820|-0,034230|-5,657190|-0,231493|-0,347240
1515267746|Samstag 06 Jänner 2018 20:42:26|BOT|-0,003907|-0,005861|-0,957265|-0,022820|-0,034230|-5,599863|-0,233855|-0,350783
1515267746|Samstag 06 Jänner 2018 20:42:26|BOT|-0,025397|0,003907|-0,955311|-0,148332|0,022820|-5,588399|-1,522829|0,234254
1515267746|Samstag 06 Jänner 2018 20:42:26|BOT|0,001954|-0,003907|-0,961172|0,011410|-0,022820|-5,622793|0,116454|-0,232908
1515267746|Samstag 06 Jänner 2018 20:42:26|BOT|-0,003907|-0,007814|-0,963126|-0,022820|-0,045640|-5,634259|-0,232428|-0,464860
1515267746|Samstag 06 Jänner 2018 20:42:26|BOT|-0,001954|-0,007814|-0,959219|-0,011410|-0,045640|-5,611328|-0,116688|-0,466757
1515267747|Samstag 06 Jänner 2018 20:42:27|BOT|-0,003907|-0,003907|-0,953358|-0,022820|-0,022820|-5,576934|-0,234815|-0,234815
1515267747|Samstag 06 Jänner 2018 20:42:27|BOT|-0,003907|-0,007814|-0,992430|-0,022820|-0,045640|-5,806267|-0,225566|-0,451135
1515267747|Samstag 06 Jänner 2018 20:42:27|BOT|0,001954|-0,001954|-0,961172|0,011410|-0,011410|-5,622793|0,116454|-0,116454
1515267747|Samstag 06 Jänner 2018 20:42:27|BOT|0,000000|-0,005861|-0,963126|0,000000|-0,034230|-5,634259|0,000000|-0,348652
1515267747|Samstag 06 Jänner 2018 20:42:27|BOT|0,000000|-0,011722|-0,957265|0,000000|-0,068461|-5,599863|0,000000|-0,701546
1515267747|Samstag 06 Jänner 2018 20:42:27|BOT|-0,017582|0,000000|-0,953358|-0,102691|0,000000|-5,576934|-1,056565|0,000000
1515267747|Samstag 06 Jänner 2018 20:42:27|BOT|-0,005861|-0,011722|-0,967033|-0,034230|-0,068461|-5,657190|-0,347217|-0,694448
1515267747|Samstag 06 Jänner 2018 20:42:27|BOT|-0,001954|-0,003907|-0,963126|-0,011410|-0,022820|-5,634259|-0,116218|-0,232435
1515267747|Samstag 06 Jänner 2018 20:42:27|BOT|0,000000|0,001954|-0,961172|0,000000|0,011410|-5,622793|0,000000|0,116455
1515267747|Samstag 06 Jänner 2018 20:42:27|BOT|-0,003907|-0,009768|-0,963126|-0,022820|-0,057051|-5,634259|-0,232424|-0,581068
1515267748|Samstag 06 Jänner 2018 20:42:28|BOT|0,000000|0,003907|-0,974847|0,000000|0,022820|-5,703056|0,000000|0,229641
1515267748|Samstag 06 Jänner 2018 20:42:28|BOT|-0,003907|-0,011722|-0,951404|-0,022820|-0,068461|-5,565470|-0,235282|-0,705861
1515267748|Samstag 06 Jänner 2018 20:42:28|BOT|-0,003907|-0,007814|-0,957265|-0,022820|-0,045640|-5,599863|-0,233851|-0,467706
1515267748|Samstag 06 Jänner 2018 20:42:28|BOT|-0,001954|-0,005861|-0,968987|-0,011410|-0,034230|-5,668656|-0,115513|-0,346542
1515267748|Samstag 06 Jänner 2018 20:42:28|BOT|-0,001954|-0,007814|-0,967033|-0,011410|-0,045640|-5,657190|-0,115745|-0,462985
1515267748|Samstag 06 Jänner 2018 20:42:28|BOT|-0,001954|-0,007814|-0,959219|-0,011410|-0,045640|-5,611328|-0,116688|-0,466757
1515267748|Samstag 06 Jänner 2018 20:42:28|BOT|-0,007814|0,007814|-0,945543|-0,045640|0,045640|-5,531078|-0,473492|0,473492
1515267748|Samstag 06 Jänner 2018 20:42:28|BOT|-0,005861|-0,007814|-0,963126|-0,034230|-0,045640|-5,634259|-0,348640|-0,464856
1515267748|Samstag 06 Jänner 2018 20:42:28|BOT|-0,001954|-0,001954|-0,961172|-0,011410|-0,011410|-5,622793|-0,116454|-0,116454
1515267748|Samstag 06 Jänner 2018 20:42:28|BOT|-0,001954|-0,007814|-0,972894|-0,011410|-0,045640|-5,691589|-0,115048|-0,460196
1515267749|Samstag 06 Jänner 2018 20:42:29|BOT|-0,005861|-0,001954|-0,959219|-0,034230|-0,011410|-5,611328|-0,350071|-0,116690
1515267749|Samstag 06 Jänner 2018 20:42:29|BOT|0,003907|-0,001954|-0,957265|0,022820|-0,011410|-5,599863|0,233859|-0,116929
1515267749|Samstag 06 Jänner 2018 20:42:29|BOT|-0,001954|0,000000|-0,965079|-0,011410|0,000000|-5,645724|-0,115983|0,000000
1515267749|Samstag 06 Jänner 2018 20:42:29|BOT|-0,001954|-0,007814|-0,957265|-0,011410|-0,045640|-5,599863|-0,116926|-0,467709
1515267749|Samstag 06 Jänner 2018 20:42:29|BOT|0,000000|0,003907|-0,968987|0,000000|0,022820|-5,668656|0,000000|0,231030
1515267749|Samstag 06 Jänner 2018 20:42:29|BOT|-0,001954|-0,015629|-0,972894|-0,011410|-0,091281|-5,691589|-0,115037|-0,920333
1515267749|Samstag 06 Jänner 2018 20:42:29|BOT|-0,003907|-0,003907|-0,957265|-0,022820|-0,022820|-5,599863|-0,233857|-0,233857
1515267749|Samstag 06 Jänner 2018 20:42:29|BOT|-0,003907|-0,007814|-0,963126|-0,022820|-0,045640|-5,634259|-0,232428|-0,464860
1515267749|Samstag 06 Jänner 2018 20:42:29|BOT|-0,003907|-0,007814|-0,961172|-0,022820|-0,045640|-5,622793|-0,232901|-0,465805
1515267749|Samstag 06 Jänner 2018 20:42:29|BOT|0,000000|-0,003907|-0,953358|0,000000|-0,022820|-5,576934|0,000000|-0,234817
1515267750|Samstag 06 Jänner 2018 20:42:30|BOT|0,005861|-0,011722|-0,968987|0,034230|-0,068461|-5,668656|0,346517|-0,693048
1515267750|Samstag 06 Jänner 2018 20:42:30|BOT|-0,001954|-0,005861|-0,955311|-0,011410|-0,034230|-5,588399|-0,117167|-0,351503
1515267750|Samstag 06 Jänner 2018 20:42:30|BOT|-0,005861|0,000000|-0,951404|-0,034230|0,000000|-5,565470|-0,352947|0,000000
1515267750|Samstag 06 Jänner 2018 20:42:30|BOT|-0,005861|-0,005861|-0,972894|-0,034230|-0,034230|-5,691589|-0,345145|-0,345145
1515267750|Samstag 06 Jänner 2018 20:42:30|BOT|0,003907|0,001954|-0,953358|0,022820|0,011410|-5,576934|0,234817|0,117408
1515267750|Samstag 06 Jänner 2018 20:42:30|BOT|-0,021490|-0,001954|-0,933822|-0,125511|-0,011410|-5,462302|-1,318287|-0,119834
1515267750|Samstag 06 Jänner 2018 20:42:30|BOT|0,001954|-0,007814|-0,965079|0,011410|-0,045640|-5,645724|0,115979|-0,463922
1515267750|Samstag 06 Jänner 2018 20:42:30|BOT|-0,001954|-0,007814|-0,957265|-0,011410|-0,045640|-5,599863|-0,116926|-0,467709
1515267750|Samstag 06 Jänner 2018 20:42:30|BOT|-0,003907|-0,015629|-0,961172|-0,022820|-0,091281|-5,622793|-0,232878|-0,931549
1515267750|Samstag 06 Jänner 2018 20:42:30|BOT|-0,005861|0,001954|-0,972894|-0,034230|0,011410|-5,691589|-0,345150|0,115050
1515267751|Samstag 06 Jänner 2018 20:42:31|BOT|-0,003907|0,001954|-0,945543|-0,022820|0,011410|-5,531078|-0,236758|0,118379
1515267751|Samstag 06 Jänner 2018 20:42:31|BOT|-0,001954|0,000000|-0,963126|-0,011410|0,000000|-5,634259|-0,116218|0,000000
1515267751|Samstag 06 Jänner 2018 20:42:31|BOT|-0,003907|-0,001954|-0,955311|-0,022820|-0,011410|-5,588399|-0,234337|-0,117168
1515267751|Samstag 06 Jänner 2018 20:42:31|BOT|-0,005861|0,003907|-0,961172|-0,034230|0,022820|-5,622793|-0,349357|0,232904
1515267751|Samstag 06 Jänner 2018 20:42:31|BOT|0,000000|0,005861|-0,976801|0,000000|0,034230|-5,714523|0,000000|0,343771
1515267751|Samstag 06 Jänner 2018 20:42:31|BOT|0,005861|0,000000|-0,951404|0,034230|0,000000|-5,565470|0,352947|0,000000
1515267751|Samstag 06 Jänner 2018 20:42:31|BOT|-0,001954|0,000000|-0,955311|-0,011410|0,000000|-5,588399|-0,117169|0,000000
1515267751|Samstag 06 Jänner 2018 20:42:31|BOT|0,000000|-0,013675|-0,965079|0,000000|-0,079871|-5,645724|0,000000|-0,811829
1515267751|Samstag 06 Jänner 2018 20:42:31|BOT|0,001954|-0,005861|-0,959219|0,011410|-0,034230|-5,611328|0,116690|-0,350071
1515267751|Samstag 06 Jänner 2018 20:42:31|BOT|0,001954|-0,009768|-0,967033|0,011410|-0,057051|-5,657190|0,115743|-0,578724
1515267752|Samstag 06 Jänner 2018 20:42:32|BOT|0,001954|0,000000|-0,984615|0,011410|0,000000|-5,760393|0,113682|0,000000
1515267752|Samstag 06 Jänner 2018 20:42:32|BOT|-0,001954|-0,005861|-0,965079|-0,011410|-0,034230|-5,645724|-0,115981|-0,347945
1515267752|Samstag 06 Jänner 2018 20:42:32|BOT|0,000000|-0,009768|-0,961172|0,000000|-0,057051|-5,622793|0,000000|-0,582254
1515267752|Samstag 06 Jänner 2018 20:42:32|BOT|-0,001954|-0,007814|-0,965079|-0,011410|-0,045640|-5,645724|-0,115979|-0,463922
1515267752|Samstag 06 Jänner 2018 20:42:32|BOT|-0,005861|0,001954|-0,967033|-0,034230|0,011410|-5,657190|-0,347242|0,115747
1515267752|Samstag 06 Jänner 2018 20:42:32|BOT|-0,021490|-0,003907|-0,978755|-0,125511|-0,022820|-5,725990|-1,257779|-0,228669
1515267752|Samstag 06 Jänner 2018 20:42:32|BOT|0,000000|-0,001954|-0,961172|0,000000|-0,011410|-5,622793|0,000000|-0,116455
1515267752|Samstag 06 Jänner 2018 20:42:32|BOT|-0,003907|-0,007814|-0,963126|-0,022820|-0,045640|-5,634259|-0,232428|-0,464860
1515267752|Samstag 06 Jänner 2018 20:42:32|BOT|0,000000|-0,007814|-0,959219|0,000000|-0,045640|-5,611328|0,000000|-0,466758
1515267752|Samstag 06 Jänner 2018 20:42:32|BOT|-0,015629|-0,011722|-0,955311|-0,091281|-0,068461|-5,588399|-0,937200|-0,702886
1515267753|Samstag 06 Jänner 2018 20:42:33|BOT|-0,001954|0,000000|-0,967033|-0,011410|0,000000|-5,657190|-0,115749|0,000000
1515267753|Samstag 06 Jänner 2018 20:42:33|BOT|-0,007814|-0,003907|-0,963126|-0,045640|-0,022820|-5,634259|-0,464860|-0,232428
1515267753|Samstag 06 Jänner 2018 20:42:33|BOT|-0,007814|-0,003907|-0,959219|-0,045640|-0,022820|-5,611328|-0,466754|-0,233375
1515267753|Samstag 06 Jänner 2018 20:42:33|BOT|0,000000|0,003907|-0,967033|0,000000|0,022820|-5,657190|0,000000|0,231497
1515267753|Samstag 06 Jänner 2018 20:42:33|BOT|0,007814|0,000000|-0,968987|0,045640|0,000000|-5,668656|0,462053|0,000000
1515267753|Samstag 06 Jänner 2018 20:42:33|BOT|-0,001954|-0,001954|-0,963126|-0,011410|-0,011410|-5,634259|-0,116218|-0,116218
1515267753|Samstag 06 Jänner 2018 20:42:33|BOT|-0,003907|-0,011722|-0,963126|-0,022820|-0,068461|-5,634259|-0,232419|-0,697272
1515267753|Samstag 06 Jänner 2018 20:42:33|BOT|-0,001954|-0,003907|-0,963126|-0,011410|-0,022820|-5,634259|-0,116218|-0,232435
1515267753|Samstag 06 Jänner 2018 20:42:33|BOT|-0,003907|-0,009768|-0,965079|-0,022820|-0,057051|-5,645724|-0,231954|-0,579892
1515267753|Samstag 06 Jänner 2018 20:42:33|BOT|0,005861|-0,007814|-0,957265|0,034230|-0,045640|-5,599863|0,350774|-0,467701
1515267754|Samstag 06 Jänner 2018 20:42:34|BOT|-0,003907|0,005861|-0,965079|-0,022820|0,034230|-5,645724|-0,231961|0,347943
1515267775|Samstag 06 Jänner 2018 20:42:55|BOT|0,000000|-0,005861|-0,951404|0,000000|-0,034230|-5,565470|0,000000|-0,352947
1515267775|Samstag 06 Jänner 2018 20:42:55|BOT|0,000000|-0,009768|-0,957265|0,000000|-0,057051|-5,599863|0,000000|-0,584631
1515267776|Samstag 06 Jänner 2018 20:42:56|BOT|-0,019536|-0,005861|-0,945543|-0,114101|-0,034230|-5,531078|-1,183606|-0,355059
1515267776|Samstag 06 Jänner 2018 20:42:56|BOT|-0,003907|-0,007814|-0,965079|-0,022820|-0,045640|-5,645724|-0,231958|-0,463919
1515267776|Samstag 06 Jänner 2018 20:42:56|BOT|0,000000|-0,005861|-0,959219|0,000000|-0,034230|-5,611328|0,000000|-0,350072
1515267776|Samstag 06 Jänner 2018 20:42:56|BOT|-0,001954|0,005861|-0,959219|-0,011410|0,034230|-5,611328|-0,116690|0,350071
1515267776|Samstag 06 Jänner 2018 20:42:56|BOT|-0,007814|0,003907|-0,965079|-0,045640|0,022820|-5,645724|-0,463919|0,231958
1515267776|Samstag 06 Jänner 2018 20:42:56|BOT|-0,023443|0,000000|-0,968987|-0,136921|0,000000|-5,668656|-1,385918|0,000000
1515267776|Samstag 06 Jänner 2018 20:42:56|BOT|0,001954|-0,013675|-0,963126|0,011410|-0,079871|-5,634259|0,116207|-0,813474
1515267776|Samstag 06 Jänner 2018 20:42:56|BOT|0,000000|0,003907|-0,963126|0,000000|0,022820|-5,634259|0,000000|0,232436
1515267776|Samstag 06 Jänner 2018 20:42:56|BOT|-0,001954|0,003907|-0,967033|-0,011410|0,022820|-5,657190|-0,115748|0,231496
1515267776|Samstag 06 Jänner 2018 20:42:56|BOT|-0,003907|-0,009768|-0,965079|-0,022820|-0,057051|-5,645724|-0,231954|-0,579892
1515267777|Samstag 06 Jänner 2018 20:42:57|BOT|0,003907|-0,015629|-0,955311|0,022820|-0,091281|-5,588399|0,234306|-0,937263
1515267777|Samstag 06 Jänner 2018 20:42:57|BOT|0,001954|-0,007814|-0,968987|0,011410|-0,045640|-5,668656|0,115512|-0,462052
1515267777|Samstag 06 Jänner 2018 20:42:57|BOT|-0,003907|-0,013675|-0,965079|-0,022820|-0,079871|-5,645724|-0,231942|-0,811823
1515267777|Samstag 06 Jänner 2018 20:42:57|BOT|-0,007814|-0,003907|-0,963126|-0,045640|-0,022820|-5,634259|-0,464860|-0,232428
1515267777|Samstag 06 Jänner 2018 20:42:57|BOT|-0,015629|-0,001954|-0,926007|-0,091281|-0,011410|-5,416455|-0,966923|-0,120860
1515267777|Samstag 06 Jänner 2018 20:42:57|BOT|-0,001954|-0,005861|-0,970940|-0,011410|-0,034230|-5,680123|-0,115281|-0,345845
1515267777|Samstag 06 Jänner 2018 20:42:57|BOT|0,000000|-0,003907|-0,955311|0,000000|-0,022820|-5,588399|0,000000|-0,234337
1515267777|Samstag 06 Jänner 2018 20:42:57|BOT|0,000000|-0,011722|-0,961172|0,000000|-0,068461|-5,622793|0,000000|-0,698694
1515267777|Samstag 06 Jänner 2018 20:42:57|BOT|-0,007814|-0,007814|-0,967033|-0,045640|-0,045640|-5,657190|-0,462971|-0,462971
1515267777|Samstag 06 Jänner 2018 20:42:57|BOT|0,001954|-0,005861|-0,986569|0,011410|-0,034230|-5,771861|0,113455|-0,340366
1515267778|Samstag 06 Jänner 2018 20:42:58|BOT|-0,007814|-0,003907|-0,967033|-0,045640|-0,022820|-5,657190|-0,462982|-0,231489
1515267778|Samstag 06 Jänner 2018 20:42:58|BOT|-0,001954|-0,007814|-0,959219|-0,011410|-0,045640|-5,611328|-0,116688|-0,466757
1515267778|Samstag 06 Jänner 2018 20:42:58|BOT|0,000000|0,000000|-0,965079|0,000000|0,000000|-5,645724|0,000000|0,000000
1515267778|Samstag 06 Jänner 2018 20:42:58|BOT|-0,005861|-0,005861|-0,957265|-0,034230|-0,034230|-5,599863|-0,350780|-0,350780
1515267778|Samstag 06 Jänner 2018 20:42:58|BOT|-0,003907|-0,003907|-0,965079|-0,022820|-0,022820|-5,645724|-0,231964|-0,231964
1515267778|Samstag 06 Jänner 2018 20:42:58|BOT|0,000000|-0,015629|-0,959219|0,000000|-0,091281|-5,611328|0,000000|-0,933454
1515267778|Samstag 06 Jänner 2018 20:42:58|BOT|-0,001954|-0,003907|-0,968987|-0,011410|-0,022820|-5,668656|-0,115515|-0,231030
1515267778|Samstag 06 Jänner 2018 20:42:58|BOT|-0,007814|0,000000|-0,965079|-0,045640|0,000000|-5,645724|-0,463923|0,000000
1515267778|Samstag 06 Jänner 2018 20:42:58|BOT|-0,011722|-0,003907|-0,967033|-0,068461|-0,022820|-5,657190|-0,694455|-0,231480
1515267778|Samstag 06 Jänner 2018 20:42:58|BOT|0,001954|-0,011722|-0,933822|0,011410|-0,068461|-5,462302|0,119856|-0,719155
1515267779|Samstag 06 Jänner 2018 20:42:59|BOT|0,000000|0,000000|-0,967033|0,000000|0,000000|-5,657190|0,000000|0,000000
