1515571168|Mittwoch 10 Jänner 2018 08:59:28|BOT|-0,537241|0,039072|-0,765812|-3,139350|0,228203|-4,477317|-35,015828|2,391711
1515571168|Mittwoch 10 Jänner 2018 08:59:28|BOT|-0,545055|0,041026|-0,775580|-3,185060|0,239613|-4,534545|-35,060780|2,478116
1515571168|Mittwoch 10 Jänner 2018 08:59:28|BOT|-0,547009|0,037118|-0,775580|-3,196488|0,216793|-4,534545|-35,164057|2,239704
1515571168|Mittwoch 10 Jänner 2018 08:59:28|BOT|-0,547009|0,033211|-0,763858|-3,196488|0,193972|-4,465872|-35,581319|2,024514
1515571168|Mittwoch 10 Jänner 2018 08:59:28|BOT|-0,547009|0,033211|-0,763858|-3,196488|0,193972|-4,465872|-35,581319|2,024514
1515571168|Mittwoch 10 Jänner 2018 08:59:28|BOT|-0,548962|0,031258|-0,769719|-3,207916|0,182562|-4,500208|-35,474076|1,893624
1515571168|Mittwoch 10 Jänner 2018 08:59:28|BOT|-0,543101|0,031258|-0,773626|-3,173632|0,182562|-4,523099|-35,047659|1,894016
1515571169|Mittwoch 10 Jänner 2018 08:59:29|BOT|-0,550916|0,027350|-0,748230|-3,219344|0,159742|-4,374319|-36,345673|1,686035
1515571169|Mittwoch 10 Jänner 2018 08:59:29|BOT|-0,545055|0,037118|-0,773626|-3,185060|0,216793|-4,523099|-35,135427|2,246140
1515571169|Mittwoch 10 Jänner 2018 08:59:29|BOT|-0,548962|0,031258|-0,763858|-3,207916|0,182562|-4,465872|-35,680960|1,903210
1515571169|Mittwoch 10 Jänner 2018 08:59:29|BOT|-0,547009|0,035165|-0,765812|-3,196488|0,205382|-4,477317|-35,509143|2,139879
1515571169|Mittwoch 10 Jänner 2018 08:59:29|BOT|-0,547009|0,035165|-0,769719|-3,196488|0,205382|-4,500208|-35,371683|2,132675
1515571169|Mittwoch 10 Jänner 2018 08:59:29|BOT|-0,535287|0,025397|-0,767766|-3,127923|0,148332|-4,488762|-34,869551|1,554334
1515571169|Mittwoch 10 Jänner 2018 08:59:29|BOT|-0,550916|0,039072|-0,767766|-3,219344|0,228203|-4,488762|-35,626514|2,367677
1515571169|Mittwoch 10 Jänner 2018 08:59:29|BOT|-0,543101|0,035165|-0,767766|-3,173632|0,205382|-4,488762|-35,246493|2,141406
1515571169|Mittwoch 10 Jänner 2018 08:59:29|BOT|-0,554823|0,039072|-0,757998|-3,242200|0,228203|-4,431539|-36,166366|2,381817
1515571169|Mittwoch 10 Jänner 2018 08:59:29|BOT|-0,541148|0,033211|-0,773626|-3,162205|0,193972|-4,523099|-34,947824|2,014685
1515571170|Mittwoch 10 Jänner 2018 08:59:30|BOT|-0,539194|0,031258|-0,757998|-3,150777|0,182562|-4,431539|-35,402785|1,924573
1515571170|Mittwoch 10 Jänner 2018 08:59:30|BOT|-0,543101|0,035165|-0,771673|-3,173632|0,205382|-4,511653|-35,109820|2,134167
1515571170|Mittwoch 10 Jänner 2018 08:59:30|BOT|-0,545055|0,031258|-0,767766|-3,185060|0,182562|-4,488762|-35,349452|1,901376
1515571170|Mittwoch 10 Jänner 2018 08:59:30|BOT|-0,548962|0,037118|-0,757998|-3,207916|0,216793|-4,431539|-35,880474|2,271185
1515571170|Mittwoch 10 Jänner 2018 08:59:30|BOT|-0,548962|0,033211|-0,777534|-3,207916|0,193972|-4,545991|-35,198645|1,998421
1515571170|Mittwoch 10 Jänner 2018 08:59:30|BOT|-0,535287|0,037118|-0,763858|-3,127923|0,216793|-4,465872|-34,989765|2,278876
1515571170|Mittwoch 10 Jänner 2018 08:59:30|BOT|-0,541148|0,035165|-0,765812|-3,162205|0,205382|-4,477317|-35,217842|2,147618
1515571170|Mittwoch 10 Jänner 2018 08:59:30|BOT|-0,548962|0,037118|-0,769719|-3,207916|0,216793|-4,500208|-35,464937|2,248343
1515571170|Mittwoch 10 Jänner 2018 08:59:30|BOT|-0,547009|0,039072|-0,756044|-3,196488|0,228203|-4,420094|-35,849992|2,397567
1515571170|Mittwoch 10 Jänner 2018 08:59:30|BOT|-0,550916|0,035165|-0,759951|-3,219344|0,205382|-4,442983|-35,910586|2,145516
1515571171|Mittwoch 10 Jänner 2018 08:59:31|BOT|-0,550916|0,041026|-0,756044|-3,219344|0,239613|-4,420094|-36,040075|2,511125
1515571171|Mittwoch 10 Jänner 2018 08:59:31|BOT|-0,547009|0,033211|-0,765812|-3,196488|0,193972|-4,477317|-35,512222|2,021099
1515571171|Mittwoch 10 Jänner 2018 08:59:31|BOT|-0,541148|0,031258|-0,769719|-3,162205|0,182562|-4,500208|-35,086764|1,902706
1515571171|Mittwoch 10 Jänner 2018 08:59:31|BOT|-0,547009|0,037118|-0,761905|-3,196488|0,216793|-4,454428|-35,644240|2,266283
1515571171|Mittwoch 10 Jänner 2018 08:59:31|BOT|-0,545055|0,027350|-0,785348|-3,185060|0,159742|-4,591777|-34,745539|1,638813
1515571171|Mittwoch 10 Jänner 2018 08:59:31|BOT|-0,552869|0,033211|-0,763858|-3,230772|0,193972|-4,465872|-35,870768|2,017168
1515571171|Mittwoch 10 Jänner 2018 08:59:31|BOT|-0,543101|0,035165|-0,759951|-3,173632|0,205382|-4,442983|-35,522628|2,155992
1515571171|Mittwoch 10 Jänner 2018 08:59:31|BOT|-0,548962|0,041026|-0,771673|-3,207916|0,239613|-4,511653|-35,389574|2,480558
1515571171|Mittwoch 10 Jänner 2018 08:59:31|BOT|-0,552869|0,035165|-0,769719|-3,230772|0,205382|-4,500208|-35,660412|2,125015
1515571171|Mittwoch 10 Jänner 2018 08:59:31|BOT|-0,554823|0,037118|-0,773626|-3,242200|0,216793|-4,523099|-35,615830|2,232801
1515571172|Mittwoch 10 Jänner 2018 08:59:32|BOT|-0,552869|0,037118|-0,765812|-3,230772|0,216793|-4,477317|-35,795081|2,250475
1515571172|Mittwoch 10 Jänner 2018 08:59:32|BOT|-0,556777|0,041026|-0,775580|-3,253629|0,239613|-4,534545|-35,636054|2,460519
1515571172|Mittwoch 10 Jänner 2018 08:59:32|BOT|-0,537241|0,033211|-0,763858|-3,139350|0,193972|-4,465872|-35,094217|2,036760
1515571172|Mittwoch 10 Jänner 2018 08:59:32|BOT|-0,550916|0,039072|-0,777534|-3,219344|0,228203|-4,545991|-35,285126|2,347938
1515571172|Mittwoch 10 Jänner 2018 08:59:32|BOT|-0,554823|0,029304|-0,748230|-3,242200|0,171152|-4,374319|-36,536460|1,801889
1515571172|Mittwoch 10 Jänner 2018 08:59:32|BOT|-0,541148|0,041026|-0,763858|-3,162205|0,239613|-4,465872|-35,276364|2,509393
1515571172|Mittwoch 10 Jänner 2018 08:59:32|BOT|-0,541148|0,039072|-0,773626|-3,162205|0,228203|-4,523099|-34,938324|2,369843
1515571172|Mittwoch 10 Jänner 2018 08:59:32|BOT|-0,543101|0,035165|-0,773626|-3,173632|0,205382|-4,523099|-35,041829|2,130562
1515571172|Mittwoch 10 Jänner 2018 08:59:32|BOT|-0,550916|0,031258|-0,775580|-3,219344|0,182562|-4,534545|-35,365276|1,881873
1515571172|Mittwoch 10 Jänner 2018 08:59:32|BOT|-0,543101|0,041026|-0,802930|-3,173632|0,239613|-4,694806|-34,039727|2,423452
1515571173|Mittwoch 10 Jänner 2018 08:59:33|BOT|-0,543101|0,037118|-0,765812|-3,173632|0,216793|-4,477317|-35,311930|2,264086
1515571173|Mittwoch 10 Jänner 2018 08:59:33|BOT|-0,547009|0,039072|-0,771673|-3,196488|0,228203|-4,511653|-35,296733|2,365396
1515571173|Mittwoch 10 Jänner 2018 08:59:33|BOT|-0,547009|0,041026|-0,767766|-3,196488|0,239613|-4,488762|-35,430071|2,491901
1515571173|Mittwoch 10 Jänner 2018 08:59:33|BOT|-0,554823|0,033211|-0,799023|-3,242200|0,193972|-4,671909|-34,752043|1,955385
1515571173|Mittwoch 10 Jänner 2018 08:59:33|BOT|-0,543101|0,033211|-0,748230|-3,173632|0,193972|-4,374319|-35,947167|2,057250
1515571173|Mittwoch 10 Jänner 2018 08:59:33|BOT|-0,547009|0,033211|-0,761905|-3,196488|0,193972|-4,454428|-35,650649|2,027938
1515571173|Mittwoch 10 Jänner 2018 08:59:33|BOT|-0,539194|0,037118|-0,773626|-3,150777|0,216793|-4,523099|-34,844433|2,254144
1515571173|Mittwoch 10 Jänner 2018 08:59:33|BOT|-0,554823|0,035165|-0,769719|-3,242200|0,205382|-4,500208|-35,756194|2,122461
1515571173|Mittwoch 10 Jänner 2018 08:59:33|BOT|-0,548962|0,037118|-0,787302|-3,207916|0,216793|-4,603224|-34,857089|2,214717
1515571173|Mittwoch 10 Jänner 2018 08:59:33|BOT|-0,548962|0,037118|-0,763858|-3,207916|0,216793|-4,465872|-35,671658|2,259721
1515571174|Mittwoch 10 Jänner 2018 08:59:34|BOT|-0,547009|0,033211|-0,767766|-3,196488|0,193972|-4,488762|-35,443358|2,017692
1515571174|Mittwoch 10 Jänner 2018 08:59:34|BOT|-0,548962|0,033211|-0,769719|-3,207916|0,193972|-4,500208|-35,471203|2,011881
1515571174|Mittwoch 10 Jänner 2018 08:59:34|BOT|-0,552869|0,039072|-0,757998|-3,230772|0,228203|-4,431539|-36,070133|2,384740
1515571174|Mittwoch 10 Jänner 2018 08:59:34|BOT|-0,560684|0,035165|-0,756044|-3,276486|0,205382|-4,420094|-36,531092|2,139538
1515571174|Mittwoch 10 Jänner 2018 08:59:34|BOT|-0,548962|0,039072|-0,771673|-3,207916|0,228203|-4,511653|-35,393118|2,362574
1515571174|Mittwoch 10 Jänner 2018 08:59:34|BOT|-0,547009|0,039072|-0,769719|-3,196488|0,228203|-4,500208|-35,365078|2,369382
1515571174|Mittwoch 10 Jänner 2018 08:59:34|BOT|-0,552869|0,039072|-0,765812|-3,230772|0,228203|-4,477317|-35,791640|2,368790
1515571174|Mittwoch 10 Jänner 2018 08:59:34|BOT|-0,539194|0,039072|-0,773626|-3,150777|0,228203|-4,523099|-34,841101|2,372651
1515571174|Mittwoch 10 Jänner 2018 08:59:34|BOT|-0,545055|0,037118|-0,785348|-3,185060|0,216793|-4,591777|-34,731866|2,223593
1515571174|Mittwoch 10 Jänner 2018 08:59:34|BOT|-0,545055|0,042979|-0,763858|-3,185060|0,251023|-4,465872|-35,467142|2,622391
1515571175|Mittwoch 10 Jänner 2018 08:59:35|BOT|-0,552869|0,035165|-0,769719|-3,230772|0,205382|-4,500208|-35,660412|2,125015
1515571175|Mittwoch 10 Jänner 2018 08:59:35|BOT|-0,548962|0,035165|-0,763858|-3,207916|0,205382|-4,465872|-35,674935|2,140903
1515571175|Mittwoch 10 Jänner 2018 08:59:35|BOT|-0,547009|0,035165|-0,750183|-3,196488|0,205382|-4,385763|-36,068356|2,169061
1515571175|Mittwoch 10 Jänner 2018 08:59:35|BOT|-0,554823|0,029304|-0,789255|-3,242200|0,171152|-4,614671|-35,087514|1,739800
1515571175|Mittwoch 10 Jänner 2018 08:59:35|BOT|-0,543101|0,033211|-0,769719|-3,173632|0,193972|-4,500208|-35,181077|2,019117
1515571175|Mittwoch 10 Jänner 2018 08:59:35|BOT|-0,545055|0,037118|-0,771673|-3,185060|0,216793|-4,511653|-35,203481|2,249932
1515571175|Mittwoch 10 Jänner 2018 08:59:35|BOT|-0,545055|0,027350|-0,767766|-3,185060|0,159742|-4,488762|-35,354696|1,663847
1515571175|Mittwoch 10 Jänner 2018 08:59:35|BOT|-0,550916|0,025397|-0,761905|-3,219344|0,148332|-4,454428|-35,854719|1,547279
1515571175|Mittwoch 10 Jänner 2018 08:59:35|BOT|-0,547009|0,029304|-0,761905|-3,196488|0,171152|-4,454428|-35,656349|1,789523
1515571175|Mittwoch 10 Jänner 2018 08:59:35|BOT|-0,547009|0,041026|-0,763858|-3,196488|0,239613|-4,465872|-35,567874|2,500323
1515571176|Mittwoch 10 Jänner 2018 08:59:36|BOT|-0,550916|0,033211|-0,775580|-3,219344|0,193972|-4,534545|-35,362450|1,999398
1515571176|Mittwoch 10 Jänner 2018 08:59:36|BOT|-0,547009|0,035165|-0,767766|-3,196488|0,205382|-4,488762|-35,440297|2,136272
1515571176|Mittwoch 10 Jänner 2018 08:59:36|BOT|-0,547009|0,027350|-0,767766|-3,196488|0,159742|-4,488762|-35,451495|1,661849
1515571176|Mittwoch 10 Jänner 2018 08:59:36|BOT|-0,568498|0,031258|-0,726740|-3,322202|0,182562|-4,248452|-38,008889|1,940264
1515571176|Mittwoch 10 Jänner 2018 08:59:36|BOT|-0,548962|0,037118|-0,763858|-3,207916|0,216793|-4,465872|-35,671658|2,259721
1515571176|Mittwoch 10 Jänner 2018 08:59:36|BOT|-0,550916|0,041026|-0,769719|-3,219344|0,239613|-4,500208|-35,554210|2,481751
1515571176|Mittwoch 10 Jänner 2018 08:59:36|BOT|-0,547009|0,037118|-0,763858|-3,196488|0,216793|-4,465872|-35,574948|2,262458
1515571176|Mittwoch 10 Jänner 2018 08:59:36|BOT|-0,547009|0,035165|-0,777534|-3,196488|0,205382|-4,545991|-35,099518|2,118374
1515571176|Mittwoch 10 Jänner 2018 08:59:36|BOT|-0,554823|0,031258|-0,752137|-3,242200|0,182562|-4,397206|-36,391186|1,915472
1515571176|Mittwoch 10 Jänner 2018 08:59:36|BOT|-0,552869|0,035165|-0,765812|-3,230772|0,205382|-4,477317|-35,798346|2,132141
1515571177|Mittwoch 10 Jänner 2018 08:59:37|BOT|-0,550916|0,041026|-0,769719|-3,219344|0,239613|-4,500208|-35,554210|2,481751
1515571177|Mittwoch 10 Jänner 2018 08:59:37|BOT|-0,541148|0,041026|-0,765812|-3,162205|0,239613|-4,477317|-35,207592|2,505131
1515571177|Mittwoch 10 Jänner 2018 08:59:37|BOT|-0,556777|0,039072|-0,742369|-3,253629|0,228203|-4,339990|-36,831866|2,411030
1515571177|Mittwoch 10 Jänner 2018 08:59:37|BOT|-0,547009|0,037118|-0,777534|-3,196488|0,216793|-4,545991|-35,096377|2,235945
1515571177|Mittwoch 10 Jänner 2018 08:59:37|BOT|-0,562637|0,027350|-0,779487|-3,287915|0,159742|-4,557437|-35,805195|1,629655
1515571177|Mittwoch 10 Jänner 2018 08:59:37|BOT|-0,556777|0,031258|-0,789255|-3,253629|0,182562|-4,614671|-35,179740|1,853549
1515571177|Mittwoch 10 Jänner 2018 08:59:37|BOT|-0,550916|0,039072|-0,761905|-3,219344|0,228203|-4,454428|-35,834105|2,379639
1515571177|Mittwoch 10 Jänner 2018 08:59:37|BOT|-0,547009|0,037118|-0,783394|-3,196488|0,216793|-4,580330|-34,894690|2,224725
1515571177|Mittwoch 10 Jänner 2018 08:59:37|BOT|-0,552869|0,035165|-0,757998|-3,230772|0,205382|-4,431539|-36,076999|2,146501
1515571177|Mittwoch 10 Jänner 2018 08:59:37|BOT|-0,550916|0,039072|-0,769719|-3,219344|0,228203|-4,500208|-35,557780|2,363709
1515571178|Mittwoch 10 Jänner 2018 08:59:38|BOT|-0,548962|0,037118|-0,769719|-3,207916|0,216793|-4,500208|-35,464937|2,248343
1515571178|Mittwoch 10 Jänner 2018 08:59:38|BOT|-0,550916|0,033211|-0,761905|-3,219344|0,193972|-4,454428|-35,844006|2,023016
1515571178|Mittwoch 10 Jänner 2018 08:59:38|BOT|-0,548962|0,041026|-0,785348|-3,207916|0,239613|-4,591777|-34,917089|2,451662
1515571178|Mittwoch 10 Jänner 2018 08:59:38|BOT|-0,539194|0,033211|-0,779487|-3,150777|0,193972|-4,557437|-34,648441|2,006836
1515571178|Mittwoch 10 Jänner 2018 08:59:38|BOT|-0,541148|0,035165|-0,771673|-3,162205|0,205382|-4,511653|-35,012735|2,136708
1515571178|Mittwoch 10 Jänner 2018 08:59:38|BOT|-0,554823|0,042979|-0,763858|-3,242200|0,251023|-4,465872|-35,949460|2,606560
1515571178|Mittwoch 10 Jänner 2018 08:59:38|BOT|-0,545055|0,039072|-0,767766|-3,185060|0,228203|-4,488762|-35,336875|2,376229
1515571178|Mittwoch 10 Jänner 2018 08:59:38|BOT|-0,545055|0,037118|-0,795116|-3,185060|0,216793|-4,649013|-34,401703|2,205064
1515571178|Mittwoch 10 Jänner 2018 08:59:38|BOT|-0,545055|0,037118|-0,771673|-3,185060|0,216793|-4,511653|-35,203481|2,249932
1515571178|Mittwoch 10 Jänner 2018 08:59:38|BOT|-0,543101|0,039072|-0,767766|-3,173632|0,228203|-4,488762|-35,239865|2,379080
1515571179|Mittwoch 10 Jänner 2018 08:59:39|BOT|-0,548962|0,035165|-0,769719|-3,207916|0,205382|-4,500208|-35,468157|2,130121
1515571179|Mittwoch 10 Jänner 2018 08:59:39|BOT|-0,548962|0,035165|-0,765812|-3,207916|0,205382|-4,477317|-35,605777|2,137300
1515571179|Mittwoch 10 Jänner 2018 08:59:39|BOT|-0,554823|0,041026|-0,756044|-3,242200|0,239613|-4,420094|-36,232921|2,504957
1515571179|Mittwoch 10 Jänner 2018 08:59:39|BOT|-0,552869|0,037118|-0,769719|-3,230772|0,216793|-4,500208|-35,657185|2,242954
1515571179|Mittwoch 10 Jänner 2018 08:59:39|BOT|-0,548962|0,031258|-0,765812|-3,207916|0,182562|-4,477317|-35,611767|1,900007
1515571179|Mittwoch 10 Jänner 2018 08:59:39|BOT|-0,548962|0,041026|-0,763858|-3,207916|0,239613|-4,465872|-35,664575|2,497300
1515571181|Mittwoch 10 Jänner 2018 08:59:41|BOT|-0,531380|0,035165|-0,773626|-3,105069|0,205382|-4,523099|-34,456364|2,145725
1515571181|Mittwoch 10 Jänner 2018 08:59:41|BOT|-0,541148|0,023443|-0,763858|-3,162205|0,136921|-4,465872|-35,302558|1,434557
1515571181|Mittwoch 10 Jänner 2018 08:59:41|BOT|-0,541148|0,027350|-0,759951|-3,162205|0,159742|-4,442983|-35,436474|1,679234
1515571181|Mittwoch 10 Jänner 2018 08:59:41|BOT|-0,535287|0,033211|-0,756044|-3,127923|0,193972|-4,420094|-35,272847|2,053260
1515571181|Mittwoch 10 Jänner 2018 08:59:41|BOT|-0,543101|0,031258|-0,736508|-3,173632|0,182562|-4,305662|-36,380461|1,956332
1515571181|Mittwoch 10 Jänner 2018 08:59:41|BOT|-0,547009|0,031258|-0,765812|-3,196488|0,182562|-4,477317|-35,515126|1,902300
1515571181|Mittwoch 10 Jänner 2018 08:59:41|BOT|-0,539194|0,035165|-0,761905|-3,150777|0,205382|-4,454428|-35,258009|2,157544
1515571182|Mittwoch 10 Jänner 2018 08:59:42|BOT|-0,545055|0,037118|-0,759951|-3,185060|0,216793|-4,442983|-35,616663|2,272883
1515571182|Mittwoch 10 Jänner 2018 08:59:42|BOT|-0,548962|0,031258|-0,756044|-3,207916|0,182562|-4,420094|-35,960075|1,916104
1515571182|Mittwoch 10 Jänner 2018 08:59:42|BOT|-0,554823|0,029304|-0,734554|-3,242200|0,171152|-4,294219|-37,042542|1,823306
1515571182|Mittwoch 10 Jänner 2018 08:59:42|BOT|-0,545055|0,039072|-0,761905|-3,185060|0,228203|-4,454428|-35,543751|2,388321
1515571182|Mittwoch 10 Jänner 2018 08:59:42|BOT|-0,543101|0,039072|-0,765812|-3,173632|0,228203|-4,477317|-35,308509|2,383115
1515571182|Mittwoch 10 Jänner 2018 08:59:42|BOT|-0,547009|0,031258|-0,767766|-3,196488|0,182562|-4,488762|-35,446245|1,899093
1515571213|Mittwoch 10 Jänner 2018 09:00:13|BOT|-0,550916|0,033211|-0,761905|-3,219344|0,193972|-4,454428|-35,844006|2,023016
1515571214|Mittwoch 10 Jänner 2018 09:00:14|BOT|-0,558730|0,035165|-0,763858|-3,265057|0,205382|-4,465872|-36,155000|2,127944
1515571214|Mittwoch 10 Jänner 2018 09:00:14|BOT|-0,552869|0,035165|-0,763858|-3,230772|0,205382|-4,465872|-35,867660|2,135718
1515571214|Mittwoch 10 Jänner 2018 09:00:14|BOT|-0,550916|0,035165|-0,763858|-3,219344|0,205382|-4,465872|-35,771414|2,138310
1515571214|Mittwoch 10 Jänner 2018 09:00:14|BOT|-0,556777|0,031258|-0,767766|-3,253629|0,182562|-4,488762|-35,926733|1,887685
1515571214|Mittwoch 10 Jänner 2018 09:00:14|BOT|-0,564591|0,039072|-0,750183|-3,299344|0,228203|-4,385763|-36,927991|2,382965
1515571214|Mittwoch 10 Jänner 2018 09:00:14|BOT|-0,543101|0,035165|-0,769719|-3,173632|0,205382|-4,500208|-35,178041|2,137782
1515571214|Mittwoch 10 Jänner 2018 09:00:14|BOT|-0,564591|0,037118|-0,763858|-3,299344|0,216793|-4,465872|-36,436943|2,237844
1515571214|Mittwoch 10 Jänner 2018 09:00:14|BOT|-0,558730|0,037118|-0,757998|-3,265057|0,216793|-4,431539|-36,361660|2,257301
1515571214|Mittwoch 10 Jänner 2018 09:00:14|BOT|-0,554823|0,033211|-0,759951|-3,242200|0,193972|-4,442983|-36,106299|2,021477
1515571214|Mittwoch 10 Jänner 2018 09:00:14|BOT|-0,547009|0,035165|-0,756044|-3,196488|0,205382|-4,420094|-35,856877|2,158049
1515571215|Mittwoch 10 Jänner 2018 09:00:15|BOT|-0,545055|0,001954|-0,779487|-3,185060|0,011410|-4,557437|-34,963013|0,117682
1515571215|Mittwoch 10 Jänner 2018 09:00:15|BOT|-0,556777|0,035165|-0,761905|-3,253629|0,205382|-4,454428|-36,129150|2,134094
1515571215|Mittwoch 10 Jänner 2018 09:00:15|BOT|-0,554823|0,037118|-0,759951|-3,242200|0,216793|-4,442983|-36,099823|2,259065
1515571215|Mittwoch 10 Jänner 2018 09:00:15|BOT|-0,556777|0,039072|-0,763858|-3,253629|0,228203|-4,465872|-36,052692|2,367005
1515571215|Mittwoch 10 Jänner 2018 09:00:15|BOT|-0,550916|0,039072|-0,761905|-3,219344|0,228203|-4,454428|-35,834105|2,379639
1515571215|Mittwoch 10 Jänner 2018 09:00:15|BOT|-0,554823|0,041026|-0,748230|-3,242200|0,239613|-4,374319|-36,516330|2,521846
1515571215|Mittwoch 10 Jänner 2018 09:00:15|BOT|-0,548962|0,035165|-0,765812|-3,207916|0,205382|-4,477317|-35,605777|2,137300
1515571215|Mittwoch 10 Jänner 2018 09:00:15|BOT|-0,552869|0,031258|-0,757998|-3,230772|0,182562|-4,431539|-36,083147|1,908189
1515571215|Mittwoch 10 Jänner 2018 09:00:15|BOT|-0,554823|0,041026|-0,752137|-3,242200|0,239613|-4,397206|-36,374151|2,513381
1515571215|Mittwoch 10 Jänner 2018 09:00:15|BOT|-0,552869|0,037118|-0,761905|-3,230772|0,216793|-4,454428|-35,933902|2,258034
1515571216|Mittwoch 10 Jänner 2018 09:00:16|BOT|-0,568498|0,035165|-0,724786|-3,322202|0,205382|-4,237010|-38,076748|2,186216
1515571216|Mittwoch 10 Jänner 2018 09:00:16|BOT|-0,554823|0,039072|-0,763858|-3,242200|0,228203|-4,465872|-35,956920|2,369884
1515571216|Mittwoch 10 Jänner 2018 09:00:16|BOT|-0,558730|0,031258|-0,756044|-3,265057|0,182562|-4,420094|-36,441689|1,904347
1515571216|Mittwoch 10 Jänner 2018 09:00:16|BOT|-0,556777|0,025397|-0,757998|-3,253629|0,148332|-4,431539|-36,283291|1,546795
1515571216|Mittwoch 10 Jänner 2018 09:00:16|BOT|-0,552869|0,039072|-0,754090|-3,230772|0,228203|-4,408650|-36,210785|2,392774
1515571216|Mittwoch 10 Jänner 2018 09:00:16|BOT|-0,556777|0,037118|-0,765812|-3,253629|0,216793|-4,477317|-35,986714|2,245032
1515571216|Mittwoch 10 Jänner 2018 09:00:16|BOT|-0,548962|0,037118|-0,765812|-3,207916|0,216793|-4,477317|-35,602519|2,255919
1515571216|Mittwoch 10 Jänner 2018 09:00:16|BOT|-0,552869|0,037118|-0,767766|-3,230772|0,216793|-4,488762|-35,726018|2,246710
1515571216|Mittwoch 10 Jänner 2018 09:00:16|BOT|-0,548962|0,037118|-0,763858|-3,207916|0,216793|-4,465872|-35,671658|2,259721
1515571216|Mittwoch 10 Jänner 2018 09:00:16|BOT|-0,554823|0,031258|-0,742369|-3,242200|0,182562|-4,339990|-36,748948|1,931669
1515571217|Mittwoch 10 Jänner 2018 09:00:17|BOT|-0,552869|0,025397|-0,763858|-3,230772|0,148332|-4,465872|-35,881430|1,542805
1515571217|Mittwoch 10 Jänner 2018 09:00:17|BOT|-0,548962|0,035165|-0,756044|-3,207916|0,205382|-4,420094|-35,953905|2,155404
1515571217|Mittwoch 10 Jänner 2018 09:00:17|BOT|-0,552869|0,033211|-0,767766|-3,230772|0,193972|-4,488762|-35,732336|2,010419
1515571217|Mittwoch 10 Jänner 2018 09:00:17|BOT|-0,552869|0,033211|-0,763858|-3,230772|0,193972|-4,465872|-35,870768|2,017168
1515571217|Mittwoch 10 Jänner 2018 09:00:17|BOT|-0,537241|0,033211|-0,738462|-3,139350|0,193972|-4,317104|-36,008852|2,082790
1515571217|Mittwoch 10 Jänner 2018 09:00:17|BOT|-0,550916|0,044933|-0,761905|-3,219344|0,262433|-4,454428|-35,822609|2,736077
1515571217|Mittwoch 10 Jänner 2018 09:00:17|BOT|-0,556777|0,037118|-0,757998|-3,253629|0,216793|-4,431539|-36,265894|2,260077
1515571217|Mittwoch 10 Jänner 2018 09:00:17|BOT|-0,556777|0,035165|-0,759951|-3,253629|0,205382|-4,442983|-36,199081|2,137662
1515571217|Mittwoch 10 Jänner 2018 09:00:17|BOT|-0,550916|0,029304|-0,759951|-3,219344|0,171152|-4,442983|-35,919474|1,788186
1515571217|Mittwoch 10 Jänner 2018 09:00:17|BOT|-0,552869|0,027350|-0,754090|-3,230772|0,159742|-4,408650|-36,229446|1,675439
1515571218|Mittwoch 10 Jänner 2018 09:00:18|BOT|-0,554823|0,035165|-0,771673|-3,242200|0,205382|-4,511653|-35,687494|2,118924
1515571218|Mittwoch 10 Jänner 2018 09:00:18|BOT|-0,556777|0,037118|-0,759951|-3,253629|0,216793|-4,442983|-36,195750|2,256302
1515571218|Mittwoch 10 Jänner 2018 09:00:18|BOT|-0,552869|0,037118|-0,763858|-3,230772|0,216793|-4,465872|-35,864376|2,254250
1515571218|Mittwoch 10 Jänner 2018 09:00:18|BOT|-0,552869|0,037118|-0,761905|-3,230772|0,216793|-4,454428|-35,933902|2,258034
1515571218|Mittwoch 10 Jänner 2018 09:00:18|BOT|-0,552869|0,031258|-0,750183|-3,230772|0,182562|-4,385763|-36,365712|1,921083
1515571218|Mittwoch 10 Jänner 2018 09:00:18|BOT|-0,548962|0,035165|-0,761905|-3,207916|0,205382|-4,454428|-35,744326|2,144514
1515571218|Mittwoch 10 Jänner 2018 09:00:18|BOT|-0,552869|0,037118|-0,767766|-3,230772|0,216793|-4,488762|-35,726018|2,246710
1515571218|Mittwoch 10 Jänner 2018 09:00:18|BOT|-0,550916|0,031258|-0,756044|-3,219344|0,182562|-4,420094|-36,056873|1,913752
1515571218|Mittwoch 10 Jänner 2018 09:00:18|BOT|-0,552869|0,033211|-0,757998|-3,230772|0,193972|-4,431539|-36,080163|2,027354
1515571218|Mittwoch 10 Jänner 2018 09:00:18|BOT|-0,539194|0,035165|-0,750183|-3,150777|0,205382|-4,385763|-35,676897|2,179810
1515571219|Mittwoch 10 Jänner 2018 09:00:19|BOT|-0,558730|0,039072|-0,763858|-3,265057|0,228203|-4,465872|-36,148232|2,364127
1515571219|Mittwoch 10 Jänner 2018 09:00:19|BOT|-0,552869|0,039072|-0,757998|-3,230772|0,228203|-4,431539|-36,070133|2,384740
1515571219|Mittwoch 10 Jänner 2018 09:00:19|BOT|-0,554823|0,041026|-0,767766|-3,242200|0,239613|-4,488762|-35,814850|2,479931
1515571219|Mittwoch 10 Jänner 2018 09:00:19|BOT|-0,558730|0,037118|-0,775580|-3,265057|0,216793|-4,534545|-35,738013|2,223778
1515571219|Mittwoch 10 Jänner 2018 09:00:19|BOT|-0,562637|0,031258|-0,769719|-3,287915|0,182562|-4,500208|-36,142991|1,877736
1515571219|Mittwoch 10 Jänner 2018 09:00:19|BOT|-0,554823|0,035165|-0,757998|-3,242200|0,205382|-4,431539|-36,173240|2,143870
1515571219|Mittwoch 10 Jänner 2018 09:00:19|BOT|-0,554823|0,039072|-0,754090|-3,242200|0,228203|-4,408650|-36,307168|2,389822
1515571219|Mittwoch 10 Jänner 2018 09:00:19|BOT|-0,554823|0,031258|-0,759951|-3,242200|0,182562|-4,442983|-36,109268|1,902657
1515571219|Mittwoch 10 Jänner 2018 09:00:19|BOT|-0,541148|0,021490|-0,761905|-3,162205|0,125511|-4,454428|-35,373764|1,317296
1515571220|Mittwoch 10 Jänner 2018 09:00:20|BOT|-0,545055|0,035165|-0,775580|-3,185060|0,205382|-4,534545|-35,070757|2,124451
1515571220|Mittwoch 10 Jänner 2018 09:00:20|BOT|-0,552869|0,035165|-0,757998|-3,230772|0,205382|-4,431539|-36,076999|2,146501
1515571220|Mittwoch 10 Jänner 2018 09:00:20|BOT|-0,556777|0,033211|-0,763858|-3,253629|0,193972|-4,465872|-36,062567|2,012272
1515571220|Mittwoch 10 Jänner 2018 09:00:20|BOT|-0,550916|0,041026|-0,767766|-3,219344|0,239613|-4,488762|-35,622924|2,485916
1515571220|Mittwoch 10 Jänner 2018 09:00:20|BOT|-0,580220|0,035165|-0,757998|-3,390781|0,205382|-4,431539|-37,403030|2,109718
1515571220|Mittwoch 10 Jänner 2018 09:00:20|BOT|-0,550916|0,027350|-0,759951|-3,219344|0,159742|-4,442983|-35,922078|1,669043
1515571220|Mittwoch 10 Jänner 2018 09:00:20|BOT|-0,556777|0,037118|-0,759951|-3,253629|0,216793|-4,442983|-36,195750|2,256302
1515571220|Mittwoch 10 Jänner 2018 09:00:20|BOT|-0,552869|0,035165|-0,761905|-3,230772|0,205382|-4,454428|-35,937206|2,139304
1515571220|Mittwoch 10 Jänner 2018 09:00:20|BOT|-0,556777|0,029304|-0,763858|-3,253629|0,171152|-4,465872|-36,068265|1,775696
1515571220|Mittwoch 10 Jänner 2018 09:00:20|BOT|-0,574359|0,037118|-0,738462|-3,356491|0,216793|-4,317104|-37,839957|2,272100
1515571221|Mittwoch 10 Jänner 2018 09:00:21|BOT|-0,552869|0,039072|-0,765812|-3,230772|0,228203|-4,477317|-35,791640|2,368790
1515571221|Mittwoch 10 Jänner 2018 09:00:21|BOT|-0,558730|0,035165|-0,761905|-3,265057|0,205382|-4,454428|-36,224772|2,131490
1515571221|Mittwoch 10 Jänner 2018 09:00:21|BOT|-0,556777|0,037118|-0,763858|-3,253629|0,216793|-4,465872|-36,056161|2,248780
1515571221|Mittwoch 10 Jänner 2018 09:00:21|BOT|-0,547009|0,033211|-0,775580|-3,196488|0,193972|-4,534545|-35,170207|2,004149
1515571221|Mittwoch 10 Jänner 2018 09:00:21|BOT|-0,550916|0,035165|-0,773626|-3,219344|0,205382|-4,523099|-35,427541|2,120451
1515571221|Mittwoch 10 Jänner 2018 09:00:21|BOT|-0,556777|0,039072|-0,759951|-3,253629|0,228203|-4,442983|-36,192240|2,374922
1515571221|Mittwoch 10 Jänner 2018 09:00:21|BOT|-0,554823|0,033211|-0,759951|-3,242200|0,193972|-4,442983|-36,106299|2,021477
1515571221|Mittwoch 10 Jänner 2018 09:00:21|BOT|-0,554823|0,037118|-0,769719|-3,242200|0,216793|-4,500208|-35,752964|2,240259
1515571221|Mittwoch 10 Jänner 2018 09:00:21|BOT|-0,543101|0,033211|-0,767766|-3,173632|0,193972|-4,488762|-35,249546|2,022540
1515571221|Mittwoch 10 Jänner 2018 09:00:21|BOT|-0,564591|0,029304|-0,754090|-3,299344|0,171152|-4,408650|-36,801632|1,781749
1515571222|Mittwoch 10 Jänner 2018 09:00:22|BOT|-0,556777|0,035165|-0,763858|-3,253629|0,205382|-4,465872|-36,059453|2,130535
1515571222|Mittwoch 10 Jänner 2018 09:00:22|BOT|-0,556777|0,033211|-0,759951|-3,253629|0,193972|-4,442983|-36,202232|2,019005
1515571222|Mittwoch 10 Jänner 2018 09:00:22|BOT|-0,548962|0,037118|-0,754090|-3,207916|0,216793|-4,408650|-36,020861|2,278876
1515571222|Mittwoch 10 Jänner 2018 09:00:22|BOT|-0,560684|0,029304|-0,767766|-3,276486|0,171152|-4,488762|-36,120044|1,765505
1515571222|Mittwoch 10 Jänner 2018 09:00:22|BOT|-0,558730|0,041026|-0,769719|-3,265057|0,239613|-4,500208|-35,936833|2,469843
1515571222|Mittwoch 10 Jänner 2018 09:00:22|BOT|-0,554823|0,039072|-0,759951|-3,242200|0,228203|-4,442983|-36,096317|2,377830
1515571222|Mittwoch 10 Jänner 2018 09:00:22|BOT|-0,550916|0,035165|-0,763858|-3,219344|0,205382|-4,465872|-35,771414|2,138310
1515571222|Mittwoch 10 Jänner 2018 09:00:22|BOT|-0,548962|0,037118|-0,765812|-3,207916|0,216793|-4,477317|-35,602519|2,255919
1515571222|Mittwoch 10 Jänner 2018 09:00:22|BOT|-0,562637|0,035165|-0,744322|-3,287915|0,205382|-4,351433|-37,055116|2,158352
1515571222|Mittwoch 10 Jänner 2018 09:00:22|BOT|-0,566545|0,037118|-0,738462|-3,310773|0,216793|-4,317104|-37,460362|2,283750
1515571223|Mittwoch 10 Jänner 2018 09:00:23|BOT|-0,548962|0,035165|-0,763858|-3,207916|0,205382|-4,465872|-35,674935|2,140903
1515571223|Mittwoch 10 Jänner 2018 09:00:23|BOT|-0,552869|0,039072|-0,765812|-3,230772|0,228203|-4,477317|-35,791640|2,368790
1515571223|Mittwoch 10 Jänner 2018 09:00:23|BOT|-0,554823|0,042979|-0,757998|-3,242200|0,251023|-4,431539|-36,158773|2,619682
1515571223|Mittwoch 10 Jänner 2018 09:00:23|BOT|-0,554823|0,042979|-0,759951|-3,242200|0,251023|-4,442983|-36,088769|2,615297
1515571223|Mittwoch 10 Jänner 2018 09:00:23|BOT|-0,547009|0,033211|-0,777534|-3,196488|0,193972|-4,545991|-35,102490|2,000785
1515571223|Mittwoch 10 Jänner 2018 09:00:23|BOT|-0,548962|0,037118|-0,761905|-3,207916|0,216793|-4,454428|-35,741029|2,263533
1515571223|Mittwoch 10 Jänner 2018 09:00:23|BOT|-0,560684|0,039072|-0,761905|-3,276486|0,228203|-4,454428|-36,313345|2,365174
1515571223|Mittwoch 10 Jänner 2018 09:00:23|BOT|-0,552869|0,033211|-0,756044|-3,230772|0,193972|-4,420094|-36,150431|2,030766
1515571223|Mittwoch 10 Jänner 2018 09:00:23|BOT|-0,556777|0,035165|-0,765812|-3,253629|0,205382|-4,477317|-35,989987|2,126984
1515571223|Mittwoch 10 Jänner 2018 09:00:23|BOT|-0,543101|0,031258|-0,718926|-3,173632|0,182562|-4,202687|-37,042650|1,986903
1515571224|Mittwoch 10 Jänner 2018 09:00:24|BOT|-0,554823|0,035165|-0,761905|-3,242200|0,205382|-4,454428|-36,033295|2,136699
1515571224|Mittwoch 10 Jänner 2018 09:00:24|BOT|-0,556777|0,035165|-0,759951|-3,253629|0,205382|-4,442983|-36,199081|2,137662
1515571224|Mittwoch 10 Jänner 2018 09:00:24|BOT|-0,554823|0,039072|-0,761905|-3,242200|0,228203|-4,454428|-36,026502|2,373852
1515571224|Mittwoch 10 Jänner 2018 09:00:24|BOT|-0,545055|0,031258|-0,765812|-3,185060|0,182562|-4,477317|-35,418252|1,904594
1515571224|Mittwoch 10 Jänner 2018 09:00:24|BOT|-0,556777|0,041026|-0,797070|-3,253629|0,239613|-4,660461|-34,899858|2,416190
1515571224|Mittwoch 10 Jänner 2018 09:00:24|BOT|-0,556777|0,039072|-0,759951|-3,253629|0,228203|-4,442983|-36,192240|2,374922
1515571224|Mittwoch 10 Jänner 2018 09:00:24|BOT|-0,558730|0,031258|-0,763858|-3,265057|0,182562|-4,465872|-36,161058|1,891688
1515571224|Mittwoch 10 Jänner 2018 09:00:24|BOT|-0,556777|0,041026|-0,763858|-3,253629|0,239613|-4,465872|-36,049047|2,485210
1515571224|Mittwoch 10 Jänner 2018 09:00:24|BOT|-0,558730|0,037118|-0,748230|-3,265057|0,216793|-4,374319|-36,716280|2,276244
1515571224|Mittwoch 10 Jänner 2018 09:00:24|BOT|-0,552869|0,037118|-0,781441|-3,230772|0,216793|-4,568883|-35,248971|2,220611
1515571225|Mittwoch 10 Jänner 2018 09:00:25|BOT|-0,558730|0,039072|-0,761905|-3,265057|0,228203|-4,454428|-36,217964|2,368066
1515571225|Mittwoch 10 Jänner 2018 09:00:25|BOT|-0,554823|0,033211|-0,767766|-3,242200|0,193972|-4,488762|-35,828198|2,007996
1515571225|Mittwoch 10 Jänner 2018 09:00:25|BOT|-0,558730|0,039072|-0,754090|-3,265057|0,228203|-4,408650|-36,499222|2,383919
1515571225|Mittwoch 10 Jänner 2018 09:00:25|BOT|-0,533333|0,033211|-0,752137|-3,116496|0,193972|-4,397206|-35,313782|2,062866
1515571225|Mittwoch 10 Jänner 2018 09:00:25|BOT|-0,562637|0,027350|-0,761905|-3,287915|0,159742|-4,454428|-36,426814|1,654076
1515571225|Mittwoch 10 Jänner 2018 09:00:25|BOT|-0,556777|0,031258|-0,759951|-3,253629|0,182562|-4,442983|-36,205205|1,900329
1515571225|Mittwoch 10 Jänner 2018 09:00:25|BOT|-0,556777|0,035165|-0,765812|-3,253629|0,205382|-4,477317|-35,989987|2,126984
1515571225|Mittwoch 10 Jänner 2018 09:00:25|BOT|-0,556777|0,029304|-0,757998|-3,253629|0,171152|-4,431539|-36,278214|1,784620
1515571225|Mittwoch 10 Jänner 2018 09:00:25|BOT|-0,558730|0,029304|-0,736508|-3,265057|0,171152|-4,305662|-37,162889|1,815588
1515571225|Mittwoch 10 Jänner 2018 09:00:25|BOT|-0,564591|0,037118|-0,761905|-3,299344|0,216793|-4,454428|-36,506913|2,241546
1515571226|Mittwoch 10 Jänner 2018 09:00:26|BOT|-0,550916|0,041026|-0,765812|-3,219344|0,239613|-4,477317|-35,691867|2,490091
1515571226|Mittwoch 10 Jänner 2018 09:00:26|BOT|-0,556777|0,039072|-0,757998|-3,253629|0,228203|-4,431539|-36,262363|2,378895
1515571226|Mittwoch 10 Jänner 2018 09:00:26|BOT|-0,554823|0,041026|-0,767766|-3,242200|0,239613|-4,488762|-35,814850|2,479931
